Pz5bW169tCiuca0iZqyvRVmHz+UkQV7k5jWwJxAMPiTMFfM+pdtDDhn2vHF0WeXl/NJBt2JAFq9vAJBryyuix8/CT6eCkiGrW2LMJjb5fQ==
0uw0dPJgrUVK/MJBEzvbtjh/PhK4I2L07B9dyWx5XoXxf5Ou1vjPsRkq1POZyju16PKOlM17GrYN7qafxEf5cg==
TSvzZJipkHAeavmUk7CQNcy6MFdqycHkAQIV16vjVnT9nhBwGR21Arp03+uEQF5Rt1OrM3kWpz3+D5zUsCvtiAIfUYvwMp2KjeO4QluPeQreEiz5Zw==
sk7/DDlabLGiobGWXazmyhoEduJws27G4P8CEITzLT0Uhd4BefMDOk5kbxWxhmRHIXb78iC+XsAVJ/rS5YJW6zw7+XY=
qkzmHUXSCopaG/FJ2U+tbRoEduJws27G4PsAHoTzLT0Uhd4BefMDOk5kbxWxhmRHIXb78iC+XsAVJ/rS5YJW6zw7+XY=
OabVDJzuPRJr3VFus5QfNR+zeuFcYXO7qSFU1IL+N7/lO0xsmzyBLc3zQTied6XLxxqBeuE7DOLP95Va4jo4+XM=
IZ2fo20DcfgVWldF2j5Oeaq8QfK3gQKuwwE0RA1gU2UQg7lYduc9S1+KKdpZi0QihyfNuorKQPkL
ZJHFABAV7PxxZbcpB+yJVjsWMbAbr7AOkb/ShCzLxXgcTS1gmyBkcPZ6qaFKcDHcjoHQTfkE
W26blDnotUaPO92gka1MrJq4SQRuvWa3D4NZMI6eOciT1JdANx42o7m7iJALVSKpkTx66rDT7magHwJwRFOt3VSl3iE5E4OajgRv9fEm5CfhVvvS4N7eYFXH+rIlItYLfBv5Vg==
ijxounEQH7B+d0oCguTR2lOSURZFufdvIoru8MTRANy614f5W2p4c/Lwr/2YdvpD7UqdjibCDfrG6l8ibkn+NoT+xhd2v2GkbXfq5wuQFBNn68X+y9Jrbz7yvSM/0gh+GvlR
b2FYQB4/frvTdPqCb6Nqa1OSURZFufdvIoru8MTRANyh14f5W2p4c/Lwr/2YdvpD7UqdjibCDfrG6l8ibkn+NoT+xhd2v2GkbXfq5wuQFBNn68X+y9Jrbz7yvSM/0gh+GvlR
hwKwXS6khftubyIUCop5Whzdj6AkHhOnoWC+MRQMPiL9W6kvq9YCZF38q2F4dKvt8ZtFtUJMAK9vAJBryyuoxs/CT6eCkiGrW2LMJjb5fQ==
2oVRDm7joGZ5Zo7WuVgLLnMkihrestfG7N+XeEcm1pvJg0goe+3CEeGE+lLAaw7e0KfCSDRrTeUknd4ZSStjov48r02BngSfke57bJdmP9glfzqKVRo2Mwwj+W4=
ZjdQwboT7zCdxMHmhXYCSdLRThyU0Px6yHA2sh9cGS9/OJ3UrAH1LFtqvTzHVvFNKpwp8L6NyEH5CA==
JMmfGJqt4jqRHEgAq5wyv1pbZdVPFoKOe3noTERq1ZwBq+WfoPelDz/A4IvbK77m/4Ofx3ISsQvropzGRvkN
M5cslKDloZCZLFQUlpFQ6w0ZNZoQXZKAOzz7V0JI1ZhziaDR5tunDz/A4IvbK7jh/4Sfx3ISsQvropzGRvkN
/riF0m6uVK0I3r6k0cXzsEIw+sV5QbnpEcppazMsPY0FO2bl92wn//bIYTAvWewpkjuzFzPw3KMPa2yJA/QTX+ayBbOncsAuMvl5
JEWM5txZ32LaVSYACJrnmVVV/HFKTCBvz4Awq+srzgevRC9n4pJBazvirOZW+R0=
MUvt9xFOndFS69ZEdjXnDaq8QfK3gQKuwwE0RA1gU2UQg7lYduc9S1iLKdxZi0QihyfNuorKQPkL
VedJLmaY9ocl2NB+3yBBojsWMbAbr7AOkb/ShCzLxXgcTS1gmydlcPB6qaFKcDHcjoHQTfkE
ixSsxNjR5XySGvDhhael2XR0dnVa7dnteHk40JrfOj4cbId70ThgAg+Sj8ruWlBd8Lx6SRlPublfAAuRJKEFGJwt7UCbByWQcJrpQUpQcXwOIRAt+WQ=
baafp1sKZsrsLIN/1QDLUOXH5OLn6pdnXGfA76xiakGWxLTKY9mx1txo1yT7GD4knIe4er4LWYHl86dWX2MU/+ki9MvJIrsqWbpo7N1TWm59ZgYnFC/5ag==
cYE8ADk+i5QOjTa+AH51KzK9mhWguSkKJp6khCpqJSK43J949y0GYafuu4MRDU9mzabsZFfAJLngxxCDc7lEfObDWdjWpx1LO0tJXPnLZCJnZ206Kgog+Ws=
U1v6qdM/s715mVuy5cXn67aXqA9WLIiOj3JymN2wxXnsQc36iYsTCUV258LOTCUU7vkqE2Ir0d3u7GxH21BkM3fr0R/7lLuPrnJNg08S2B4q+WE=
