zOFEUZvUT00J7iMxQh5eVFmHz+UkQV7k5jWwJxAMPiTMFfM+pdtDDhn2vHF0WeXl/NJBt2JAFq9vAJBryyuvwc/JTqeJkSGrW2LMJjb5fQ==
VZKDbTtJ5E9OV2w00nnkAjh/PhK4I2L07B9dyWx5XoXxf5Ou1vjPsRkq1POZyjuy7/KFlc1wGbYN7qafxEf5cg==
cS55XhaOecgaNHk15U7XbJq4SQRuvWa3D4NZMI6eOciT1JdANx42o7m7iJALVSKpkTx66rDT7magHwJwRFOt3VSl3iE5E4OajgRv9fEm5CfhVvvW597VYVXM+bIlItYLfBv5Vg==
BuIYtPs4Wxt0iKw2raeDhFOSURZFufdvIoru8MTRANy614f5W2p4c/Lwr/2YdvpD7UqdjibCDfrG6l8ibkn+NoT+xhd2v2GkbXfq5wuQFBNn68H5y9lqbzXxvSM/0gh+GvlR
858+sZyagiLi2cAsx8/50VOSURZFufdvIoru8MTRANyh14f5W2p4c/Lwr/2YdvpD7UqdjibCDfrG6l8ibkn+NoT+xhd2v2GkbXfq5wuQFBNn68H5y9lqbzXxvSM/0gh+GvlR
IIWAwbzXaz4TDXxEnmr+1xzdj6AkHhOnoWC+MRQMPiL9W6kvq9YCZF38q2F4dKvt8ZtFtUJMAK9vAJBryyujwc/JTqeJkSGrW2LMJjb5fQ==
p/FGPWJdGEidoP5a8AO1n2jhotZKJzzI8D0Nr8JAMB0YRWvJxdL/Vxjm2J+JCl+evAvCer4fXjG5mhSjebo7pMnCxUWtgJkmrV5mzyQ3+WI=
dZieqdeKEMCpoA1Rat7lvWjhotZKJzzI8D0Nr8JAMB0YRGvJxdL/Vxjm2J+JCl+evAvCer4fXjG5mhSjebo7o8nCxUWtgJkmrV5mzyQ3+WI=
zg79QxQEjVSbtX5yEPP9KkMAtvEMcDyX5clm4lDjRP+puRF8t5hULBDZTUgfQMDR+ixKTW4f1XA8hZ3YG5/RONRyufKJKKFUbskgNfl8
NGT5tnCghEcr0pvsVS+LAQYlujhnjOWE7bmWuUHfk41oDvinmQJfhowjooLu155pSfK0G+kyuzR9aiw8fcjZ/t22Rvc0P/l6
/iuGixY11Dxnnp/OdY9bxgYlujhnjOWE7bmWuUHek41oDvinmQJfhowjooLu155pSfK0G+kyuz18aiw8fcjZ/t22Rvc0P/l6
6ih+HWrzAtwlEVp+BMO1gAYlujhnjOWE7bmWuUHdk41oDvinmQJfhowjooLu155pSfK0G+kyuzt8aiw8fcjZ/t22Rvc0P/l6
Jte44xXiYAQMWZctHMsMxHMkihrestfG7N+XeEcm1pvJg0goe+3CEeGE+lLAaw7e0KfCSDRrTeUknd4ZSStjov48r02BngSfke57aJZmPNgldDmKVRo2Mwwj+W4=
l2pufdgS2Nmm8uIlycGAkCibhgbvrGDD3/8VCqoOL1IasUN3w7Aswx9reKgzsKP/XTGVE/eykM5C+Qk=
+OaRc7JNp6N4XxlB/fNQk2jhotZKJTvC8T0Nr8JAMB0YRWvJx9X1Vhjm2J+JCl+evAvCer4fXjG5mhSjebo7rc7CzEStgJkmrV5mzyQ3+WI=
gYLm+Mc9sNYMskKFgT8w0VgHMo0MXeGeczzsS1t/kYImnrPK/tGnDz/A4IvbK7vn/4Cfx3kRsQvropzGRvkN
t1wnCMUOfGvl07fMDKGukmjhotZKJTvC8T0Nr8JAMB0YRGvJx9X1Vhjm2J+JCl+evAvCer4fXjG5mhSjebo7psnCzEStgJkmrV5mzyQ3+WI=
4ZXS6O3YOX6N5Df4v1I0ZmaY23SGvl2Ax/ESi/yvY02nbDvQsZOJSy8NBkvsm+arsiVj/hn+uqC8eA3HwInwzcsEPR7UMU6jidUktiT8hUaJkjT7qRK7GziKrFy96NneHdbGF3Qf+Vo=
Rf7qdamG0rQcRxUrSIam3WaY23SGvlzbkusFgOa+Tk2ReQ6RxvDpAyMNTw6Qi/26/Gdy8wPJq7upe1mEyayklP8HPR7UMU6jidUktiT8hUaJkjT7qRK7Hj2KrVy96NneHdbGF3Qf+Vo=
gepf5dOxFYwXUbY9uZNKCl9Cv01iAHqF0ia31j4ss6NK3zlRnU+uyIU7FlZrha//16H00U1MICU6rTcjS53FaWGKzZa0gsPl1SCAew5lRWd82IBmdfAVELxlXbgbc5BYVZL5kokI4fTuaWAV+Vw=
syf7QDFd36IOfJROkTjGsrq1soOfC+Kzia8nH6JGKBUI272TsjFRbTbx9uvAm3fLllCZEFGGz7zUsgMoZUwY947p3QvMFFhKFdwNHIwJBXTbsso05R5hPumkOTjeBXgZ+VA=
SH3J933es0AUlcyVcz1LU+Pzo8be2KqMGzDejtfN4kXFxy09O3Yds53a6gcrcV8YaKfd3tS7gsdbhet/YccJ0WtGRCyPmo3qTL3OJwEptCJcUCWiIc5ET3Hee1l1tn6IhYS5+vXK9mNsE/le
loZAQxy6CTkT8khMg9/wHg0ZNZoQXZKAOzz7V0JI1ZhyiaDR5tunDz/A4IvbK7zn/4Sfx3kRsQvropzGRvkN
9fFdfOc5eq2f41AUVcYLFEIw+sV5QbnpEcppazMsPY0FO2bl92wn//bIYTAuWewpkjuzFzPw3KMPa2iPA/QTX+2xBbOncsAuMvl5
RXxbgwFi59XOpwOxL/NfA6+oi3NV1O31ZA8M4KuXdfIrFnaUU5CusQ91n4K4AigcLY/oXi7TRd8z8+OEUfakdwFm++cBjpiw9bx5QoVyFtscK/lm
zcaLOL2XSJ6jjdBKXtmK8yYc7x4Xj/aO4fCevQeBv75gRviwhRtowpZ3tZP7x4N4SfK0G+kyuzt8aik8fcjZ/t22Rvc0P/l6
+C8kpwBq2IJ+Flev9owi8Us0JipVZXloUeXtu1QXFbX8vudVPaTfPBZ6b4K2twtvj/yUIEAq+cWokHJhvXmXCVMa3XQs4bUMW0l4XEH2MWYpfGkQPi0IIflo
V7jPsBNe35Rb6QBEEWTdrgLEkLF+BBin6Gz+dVZGOT+1Uu49oNdBdkv8q3dySOW4oslQsXZbF69vAJBryyujws/FT6eJkSGrW2LMJjb5fQ==
890ywe6geHbVbOrd8m6Q4SmNl7kFDfWhngF2FGDJyKZng2sqMIH+Jx/KlYR1yyyIu4R8sY6NKKtJk7F4TleVy7T80b1Rm5dhP5dFGtIaKPlj
rpnXpZTCmI+k9p0vfqtWuWaG33mUvFmaxatC0LzqOhfTNnCHxp2LGn1ZHE/aye278zVn8lev9q6hEB7dx6G/nqAmeFDFO2ji1pc18zvng1iJkjT7qRK7Gz6KqVy96NneHdbGF3Qf+Vo=
5K2/vv9AI3ViJo44NtmbYSYc7x4Xj/aO4fCevQeBv75gRviwhRtowpZ3tZP7x4N4SfK0G+kyuzp5aik8fcjZ/t22Rvc0P/l6
7D8wtJiZMWrmnF7Z2nKiHK+oi3NV1O31ZA8M4KuXdfIrFnaUU5CusQ91n4K4AigcLY/oXi7TRd8z8+OEUfakdwFm++YBjpmw9bx5QoVyFtscK/lm
HGDa8fZlYGW8+V+5i3pBG6+3iSsCnfrkVl1J6Kmea/R/WzbSGZSusQ91n4K4AigcLY/oXi7TRd8z8+OEUfakdwFm++kBjpmw9bx5QoVyFtscK/lm
Jh4Sr4sjdCjRN23mNiMh3QLEkLF+BBin6Gz+dVZGOT+1Uu49oNdBdkv8q3dySOW4oslQsXZbF69vAJBryyurxs/FT6eJkSGrW2LMJjb5fQ==
70UIXrFzpqeBm/ESlJps2tPSxrPDZnjp7ItjtmL4rJ3ACX0MyhhSS1s/mtiKnI6lYjkOK6+ZUCb/0yPKCPHW57daDSQ9+9SIw7S0ERYdgOthY4kYhocNSyUvmZ6pq/+h1wfd+hpqEPlb
iq4f0m+o5gdfL0J4wlktJiYc7x4Xj/aO4fCevQeBv75gRviwhRtowpZ3tZP7x4N4SfK0G+kyuzV/aio8fcjZ/t22Rvc0P/l6
xPctWP/wL+DozxdDHbZpUtzBEEJvpDZrBX6S13nom2lTBxAWvRp7xo1aS+Q6KVVXQghjZfOQhaGr3IOU3Am75kEJj6pQQR4nfwp1BBULzIjbxJwx7s3IqynTUfguF3XLl79xP/Hbt2Ef1+WacloI+UM=
+6zzZGwHEFURMEdVPZ6RHQ0ZNZoQXZKAOzz7V0JI1ZhziaDR5tunDz/A4IvbK7zi/4efx3kRsQvropzGRvkN
vbcNWXC3VUIq6FXoBLh66UIw+sV5QbnpEcppazMsPY0FO2bl92wn//bIYTAvWewpkjuzFzPw3KMPa2iKA/cTX+2xBbOncsAuMvl5
YOVkJMcnz2uuRGPZBAOel0s0JipVZXloUeXtu1QXFbX8vudVPaTfPBZ6b4K2twtvj/yUIEAq+cWokHJgvXmXCVMa3XQs4bUMW0l4XEP2MWYpfGkQPi0IIflo
xi880jx/AnaxewiSG0c87SYc7x4Xj/aO4fCevQeBv75gRviwhRtowpZ2tZP7x4N4SfK0G+kyuz5+aiQ8fcjZ/t22Rvc0P/l6
O1hYD5XuqK2dw3WAsysKzEs0JipVZXloUeXtu1QXFbX8vudVPaTfPBZ6b4K2twtvj/yUIEAq+cWokHJgvXmXCVMa3XQs4bUMW0x6XEz2MWYpfGkQPi0IIflo
6Yx6HJ/kVoREJNe5g6vFstPSxrPDZnjp7ItjtmL4rJ3BCX0MyhhSS1s/mtiKnI6lYjkOK6+ZUCb/0yPKCPHW57daDSQ9+9SIw7S1ERYdgOthY4kYhocNSysrmZCpq/+h1wfd+hpqEPlb
4x3Vbo3TYkDLAelYuBv5uiYc7x4Xj/aO4fCevQeBv75gRviwhRtowpZ2tZP7x4N4SfK0G+kyuz14aiQ8fcjZ/t22Rvc0P/l6
67uMsjk/BRu9EzSmrQIzYa+oi3NV1O31ZA8M4KuXdfIrFnaUU5CusQ91n4K4AigcLY/oXi7SRd8z8+OEUfakdwFm++EAjpSw9bx5QoVyFtscK/lm
tzMYe398xIkLLqoZBZp8gNPSxrPDZnjp7ItjtmL4r53ACX0MyhhSS1s/mtiKnI6lYjkOK6+ZUCb/0yPKCPHW57daDSQ9+9SIw7S1ERYdgOthY4kYhocNSyUqmZCpq/+h1wfd+hpqEPlb
AvZDvxWb2b+lSBNNCOtRdD+Kk7lBAvfuggt2FGDJyKZng2sqMIH+Jx/KlYR1yyyIu4R9sY6NKKtJk7F4TleVy7b/0bFRm5dhP5dFGtIaKPlj
EhCGXRs/Qp2MtA3reZ/cBwLEkLF+BBin6Gz+dVZGOT+1Uu49oNdBdkv8q3dySOW4o8lQsXZbF69vAJBryyuvw8/JT6eJkSGrW2LMJjb5fQ==
Sj4l+cnbQw5GSPNzrDROZyYc7x4Xj/aO4fCevQeBv75gRviwhRtowpZ2tZP7x4N4SfK0G+kyuzt9aiU8fcjZ/t22Rvc0P/l6
5ObJqSmRIG+10l8BzlRwF0s0JipVZXloUeXtu1QXFbX8vudVPaTfPBZ6b4K2twtvj/yUIEAq+cWokHJgvXmXCVMa3XQs4bUMW0l5XE32MWYpfGkQPi0IIflo
b3OrW8m83VVjWMWZ7/3T3gLEkLF+BBin6Gz+dVZGOT+1Uu49oNdBdkv8q3dySOW4o8lQsXZbF69vAJBryyujw8/JT6eJkSGrW2LMJjb5fQ==
kNUuUMK1fE+sFVrTDLBuRyYc7x4Xj/aO4fCevQeBv75gRviwhRtowpZ2tZP7x4N4SfK0G+kyuzp/aiU8fcjZ/t22Rvc0P/l6
qgWSuFz4yv7GjmfDdu24Vryt55VUn8RzCDJzhRYqwgJyX7lo67Bl1CcCSPnJipcDSiAhNlZCaeKWyNgRx3Q2cFv8/mWX6f9GUA5YKNUzaPrm/lXL6y9DAPk6lAM5mjuEjWJM4e2hmQbt/uZvZBf5Qg==
oaifGC/QS0nkZrddxk4mVk5YLophuCeQv7peQ8mxLT8WmcpOCpAnah0nTxaxhmRHIXb78Se+XMUVLfnS5YJW6zw7+XY=
mQ+wHPyT91V6FC/Bai+nHgLkJ6MRMTHm/nsGgZawOqqrYH9Tm2PdB9vzQTied6XLxhyBeeQ7BuHP95Va4jo4+XM=
XxnKDEU18mfNgafsVlou1U5YLophuCeQv7peQ8mxLT8WmcpOCpAnah0mTxaxhmRHIXb7+SG+XcUVLfnS5YJW6zw7+XY=
vX4F0gTMAC6Lr8Gwu+XzHoDUJjorN3FhzClrF26c1FX79AJGOhPpXDNMi/UUbCnz55GIEUYkLlASOxwMeLH3Xr83cbSTMC7Rz5Wf4vjiqLxtr+h+bnPFP3OT42SRliTXwUb7w8YuHtU1XXkixZKWe1wL+UY=
StMgjrvVWWNdv00V81DKp9zBEEJvpDZrBX6S13nom2lTBxAWvRp7xo1aS+Q6KFVXQghjZfOQhaGr3IOU3Am75kEJj6pQQR4nfwp1BBULzIjbxJwx7s3IqynTUfguF3XLkbxxOvTbtmEf1+WacloI+UM=
zX/djt+EGNaOM59LMnLhc05YLophuCeQv7peQ8mxLT8WmcpOCpAnah0nTxaxhmRHIXb78CC+XsUVLfnS5YJW6zw7+XY=
HLaw8xFtoykZ/xdIc0/b9Us0JipVZXloUeXtu1QXFbX8vudVPaTfPBZ6b4K2twtvj/yUIEAq+cWokHJhvXmXCVMa3XQs4bUMW0l7XEfzMWcpfGkQPi0IIflo
Cb90pPBJADBkHy5bkcKc+iYc7x4Xj/aO4fCevQeBv75gRviwhRtowpZ3tZP7x4N4SfK0G+kyuzx+ai85fcnZ/t22Rvc0P/l6
KU1a/mXCf269LgqSDJCXqa+oi3NV1O31ZA8M4KuXdfIrFnaUU5CusQ91n4K4AigcLY/oXi7TRd8z8+OEUfakdwFm++AGjp+19b15QoVyFtscK/lm
WZ+gpfex/oVzAMnCenjp0yYc7x4Xj/aO4fCevQeBv75gRviwhRtowpZ3tZP7x4N4SfK0G+kyuz5+ai85fcnZ/t22Rvc0P/l6
hUUrZgtB1/cmhUMS0fBhR1445oxmVqjoXt07PX0iMoUENyXu92wn//bIYTAuWewpkjuzFzPw3KMPa26PA/MWX+yxBbOncsAuMvl5
b29t1fMA1Bx0c4pPXc2Sb3Me0b5aCk59ipTqQ7IMzmm/LV/aiNpIBB2X6EYeyyUHA6sj3OEuxO+x/nt8sRb/bUXluRq1qnbDLDP5fg==
0zE2Q96lNryLtdTUOYUQu1445oxmVqjoXt07PX0iMoUENyXu92wn//bIYTAuWewpkjuzFzPw3KMPa2qPA/MWX+yxBbOncsAuMvl5
ZrDMTAG59syyKClpap7pgHMe0b5aCk59ipTqQ7IMzmm/LV/aiNpIBB2X6EYeyyUHA6sj3OEuxO+x/nt+sRb/bUXluRq1qnbDLDP5fg==
Bb8595VX9Fpq5k+yJJpdFUs0JipVZXloUeXtu1QXFbX8vudVPaTfPBZ6b4K2twtvj/yUIEAq+cWokHJgvXmXCVMa3XQs4bUMW016XEDzMWcpfGkQPi0IIflo
JfndTmQiioxu3PHdf82Y4iYc7x4Xj/aO4fCevQeBv75gRviwhRtowpZ2tZP7x4N4SfK0G+kyuzl+aig5fcnZ/t22Rvc0P/l6
2TIM1yEmx0gplYA9VRIs0q+oi3NV1O31ZA8M4KuXdfIrFnaUU5CusQ91n4K4AigcLY/oXi7SRd8z8+OEUfakdwFm++UGjpi19b15QoVyFtscK/lm
HV76Ip1oXVYuF3bDs20iB05YLophuCeQv7peQ8mxLT8WmcpOCpAnah0nTxaxhmRHIXb79iG+WMUVLfnS5YJW6zw7+XY=
gthouXfGx/w5UXKQ3RsJ4F9Cv01iAHqF0ia31j4ss6NK3zlRnU+uyIU7FlZrha//16H00U1MICU6rTcjS53FaWGKzZa0gsPl1SCAew5hTHB72IBmdfAVELxlXbgbfJBYUZf5k4kI4fTuaWAV+Vw=
5kJzohIkuJUK/OCEIFFuC15Cv01iAHqF0ia31j4ss6NK3zlRnU+uyIU7FlZrha//16H00U1MICU6rTcjS53FaWGKzZa0gsPl1SCAew5lRWd82IBmdfAVELxlXbgbfpNYUZf5k4kI4fTuaWAV+Vw=
ja0mXZ9PI0u9hf8/B+3R2w0ZNZoQXZKAITr7S1pJ1Zhyk6bR+sOmDz/A4IvbK77m/4Wax3gRsQvropzGRvkN
wCrhL4muvitZbeIlLiw2Y0Iw+sV5QbnpEcppazMsPY0FO2bl7Won4+7JYTAuQ+opjiOyFzPw3KMPa2qOA/UWX+yxBbOncsAuMvl5
8EBJql9owIz+S6dYVuduVUg0JipVZXloUeXtu1QXFbX8vudVPaTfPBZ6b4K2twtvj/yUOkYq5d2pkHJhp3+XFUsb3XQs4bUMW0t8XEHzMWcpfGkQPi0IIflo
2WSuVLkl4sbqkjUJrPGi90s0JypVZXloUeXtu1QXFbX8vudVPaTfPBZ6b4K2twtvj/yUIEAq+cWokHJhvXmXCVMa3XQs4bUMW0t5XELzMWcpfGkQPi0IIflo
Xj+Z35ZL3F2BtCOUieEDDyYc7x4Xj/aO4fCevQeBv75gRviwhRtowpZ3tZP7x4N4SfK0G+kyuzR9aio5fcnZ/t22Rvc0P/l6
jOsfyPMSzi4Oq7Q2GrJn4ks0JipVZXloUeXtu1QXFbX8vudVPaTfPBZ6b4K2twtvj/yUIEAq+cWokHJhvXmXCVMa3XQs4bUMW0Z5XELzMWcpfGkQPi0IIflo
ksieGp488iq7P0bhBlvLel5Cv01iAHqF0ia31j4ss6NK3zlRnU+uyIU7FlZrha//16H00U1MICU6rTcjS53FaWGKzZa0gsPl1SCAew5hTHB72IBmdfAVELxlXbgbfpBYU5f5k4kI4fTuaWAV+Vw=
/WDc2/mcgz1YDhMLANAbhF9Cv01iAHqF0ia31j4ss6NK3zlRnU+uyIU7FlZrha//16H00U1MICU6rTcjS53FaWGKzZa0gsPl1SCAew5lRWd82IBmdfAVELxlXbgbepNYU5f5k4kI4fTuaWAV+Vw=
zjgrUUsWf/2BGJvgRbwAJSYc7x4Xj/aO4fCevQeBv75gRviwhRtowpZ2tZP7x4N4SfK0G+kyuzV+ais5fcnZ/t22Rvc0P/l6
fHZjIsEBRRtk7oQpjZAWiUs0JipVZXloUeXtu1QXFbX8vudVPaTfPBZ6b4K2twtvj/yUIEAq+cWokHJgvXmXCVMa3XQs4bUMW0d6XEPzMWcpfGkQPi0IIflo
q21OMidxjRpd7JvS8N+lFiYc7x4Xj/aO4fCevQeBv75gRviwhRtowpZ2tZP7x4N4SfK0G+kyuz95ais5fcnZ/t22Rvc0P/l6
zv8BHlMdtBAK3z90bRnzGa+oi3NV1O31ZA8M4KuXdfIrFnaUU5CusQ91n4K4AigcLY/oXi7SRd8z8+OEUfakdwFm++MBjpu19b15QoVyFtscK/lm
Wn4vtp1sya/ROOC0WR1y5SYc7x4Xj/aO4fCevQeBv75gRviwhRtowpZ2tZP7x4N4SfK0G+kyuzR5ais5fcnZ/t22Rvc0P/l6
gtwxQlVYrf5qWX9Jh0HKYEs0JipVZXloUeXtu1QXFbX8vudVPaTfPBZ6b4K2twtvj/yUIEAq+cWokHJgvXmXCVMa3XQs4bUMW0d9XEPzMWcpfGkQPi0IIflo
btphDT4AI0BJt2y8//zthiYc7x4Xj/aO4fCevQeBv75gRviwhRtowpZ2tZP7x4N4SfK0G+kyuz14ais5fcnZ/t22Rvc0P/l6
ei7nkV5ZHEPd4ndJLSaqs6+oi3NV1O31ZA8M4KuXdfIrFnaUU5CusQ91n4K4AigcLY/oXi7SRd8z8+OEUfakdwFm++EAjpu19b15QoVyFtscK/lm
PBO4UQvUdTXjkV5IpflhEBQ2v/WeT6Ihi0OfDeY5sfgUDI2Ev5weiaN0FZG23+fhgCPpmCbHLUtJb3kQDGveoffHvXr6KjD5ew==
cHNaW36PCkU9zC6IGVbQYyYc7x4Xj/aO4fCevQeBv75gRviwhRtowpZ3tZP7x4N4SfK0G+kyuz95aiQ5fcnZ/t22Rvc0P/l6
50b+zwL6XJmmo+uDZatWnk5YLophuCeQv7peQ8mxLT8WmcpOCpAnah0nTxaxhmRHIXb79ie+VcUVLfnS5YJW6zw7+XY=
OnjoDB+BncMHKZi6F1Sb2hFTOcvM3vmeNqQBOQ/J2ho8WcB8fGrtrCmLPc9qt21/x6AIG0OrJHdXKSJ3MNH527NC9DY++XU=
xXKcnJLE44LLEtUPaMWfwxQ2v/WeT6Ihi0OfDeY5sfgUDI2Ev5weiaN0FZG23+fhgCPpmCbHLUtEbXkYDWveoffHvXr6KjD5ew==
eKXrljgvq5NqfApvCtPpuRY3vr2GDf1mmVmHSugxtudXGq2knbs0iKN0FJG23eDrgSPpmCbHLUtOa3kaDWveoffHvXr6KjD5ew==
8D8ymxB7lsl1vXSBXyU/hRn83F50QMr9rXRYS98QG/nWtLU+1m+7J0805PhgUunNqJhiGZ2h58GTUm2sTFklhNvH7OSmqoGvaTSZSB7VGCn5YA==
KzCBq4ktkXlrlNyVQd8SBCYc7x4Xj/aO4fCevQeBv75gRviwhRtowpZ3tZP7x4N4SfK0G+kyuzh4ai44fcnZ/t22Rvc0P/l6
BdHejynFn/lEixc10xQW1jdYm6haXQZhz5D2DOMIzmm/LV/aiNpIBB2X6EYeyyUHA6sj3OEuxO+x/nt7tRb/bEXluRq1qnbDLDP5fg==
ep3YbY2SePJgh4vE7jyC9hY3vKiGDf1mmVmHSugxtudXGq2knbs0iKN0FJG23eDrgSPpmCbHLUtFbnkbDWveoffHvXr6KjD5ew==
FdazEu7iNTNssxzv5shPHeacvBMLN56SxmU9kpyjzS2qBoXnwYJaVUx37Z7fTD8P7sh5QDZ5xNna+3tH21BkM3fr0Bn7k7+PpHFNg08S2B4q+WE=
QRRG8VBJCl23O1dQvn4ojiYc7x4Xj/aO4fCevQeBv75gRviwhRtowpZ3tZP7x4N4SfK0G+kyuzx+ai84fcnZ/t22Rvc0P/l6
gfsr5yKxfS/MpWbYiwDv909/I2aZwHuCn1yM791F8lreDXD1+JzyxJOLhfrgEkN5PTgYwcfAGb5yzlt9naJSRSQ3BS5X7Mc/lsiBcE7ZTGmyO5NX03C8Y+9rSUqjdLefjLHl88fyYG4S+Vk=
6Z4l0tUut6/C/8Mn6UyPeRk4+rrIWeNmmVmHSugxtudXGq2knbs0iKN0FJG23eDrgSPpmCbHLUtEbXkcDWveoffHvXr6KjD5ew==
/TZxHkRgi3RaGGIxAuGW50gS965WOS7Dvssj9lauR+amswN7r6hcZBDOUVEoBNqF7T1fXXMO1XA8hZ3YG5/VONB2ufOJKKFUbskgNfl8
f8LpLdVDctZo9VaJRG4vSwa521VmDs+ytmUWH84XG6qW8v861m+7J0805PhgUunNqJhiGZ2h58GTUm2sTFklhNvB7OSgqoGvaTSZSB7VGCn5YA==
pmEbZc+AEFkNE+NzMh3x8od/cLAjUF6jJzKb+hhW/QwMPmNxtBdDHHZhJLwgO8L1nox33FAi+r9KVhnX9ZKI6/+jrpSjjKaHopmWPedkNoC7LD7VN3l/NjBeGBj1I2gKBi+Ve0u/w3CZatQzGYo7cmmyiVBNMRl2ja6mX0QH+bI=
hXG/lDXibMgiyhP02YFzCF5vfk+y2JCGmr5kBgqclObPKzal63dVvZmM78aIjIvx7FY7fFkfOTQc4l61JQaftdHSDv3A16G2K3xLtxJIBfjCSbDxFlv37w+AcCurK4mAb0br56iRAev74mxmFvld
mqIDVzQ7yEgtklQ/GgcQflqp+nzIJtcexmuzM2/grDww9kFZKAzKvc1lrxWzRmWoXH0NUJsaQkAyLgk7yeDRjE7xMD35dA==
VxhlM7Su/LHFiQJM3Z3J0xsGeoRzoG7B7+UfEtjyaCwNn+hODuMFL1NjYxSxhmRHIXb78SC+WsQVLfnS5YJW6zw7+XY=
AHHMwxxPkg5hEV+WMXwqS2Te7Pc3e/fUUB4xoSj0ulWtjf/N8541APzVvegbrPTokobZYwm4AeSumcBF+Qw=
UzS6Xi6gHzOoHd+pD1wkbBnq1lhuWsKxqntXGdtZT7uR8qx6kXGyIVN37/hgUunNqJhiGZ2h58GTUm2sTFklhNvD6uSsqoGvaTSZSB7VGCn5YA==
RlAN/+tb1iUbuCl9XoWZMRQ2v/WeT6Ihi0OfDeY5sfgUDI2Ev5weiaN0FZG23+fhgCPpmCbHLUtPb3kRDWveoffHvXr6KjD5ew==
oIUXTQL9ISKjxeVcwR1R20xGLopovziGu7JBUc7SSA4qtelODuIFL1FkaRWxhmRHIXb79Ce+VcQVLfnS5YJW6zw7+XY=
F4ACFSZKAiNdviSH1czFlBU2v/WeT6Ihi0OfDeY5sfgUDI2Ev5weiaN0FZG23+fhgCPpmCbHLUtObHkRDWveoffHvXr6KjD5ew==
eVYZLkglO+SrMvJV+eu2dRnq1lhuWsKxqntXGdtZT7uR8qx6kXGyIVN37/hgUunNqJhiGZ2h58GTUm2sTFklhNvG6uSkqYGvaTSZSB7VGCn5YA==
GJZui8oCykSuOT60ev98XDSzk1rz9jgJM4ClmCxvLTK5h8EkqWZMMLal4cYadAcy4fK1ZFXHLfr82lTEbaBzZfDDWdjWpx1LOE9JWf7LbiFnZ206Kgog+Ws=
CbhO3574keC1DT8tsOZuPTY8NRCkMWPm/Q8e2XMsXo/KPpT+2ubFpBkq1POZyjux7fKNk81xGbYN7qafxEf5cg==
SRM3B4Bjt76ZEhqSIPu0Caq8QfK3gQKuwwE0RA1gU2UQg7lYduc9S1iPKdlei04hhyfNuorKQPkL
PIU35/WQ1U0O8TGzbPv6PjsWMbAbr7AOkb/ShCzLxXgcTS1gmydhcPV9qatJcDHcjoHQTfkE
6GFR3UuZcEq+ZSkjDSZpIFVV/HFKTCBvz4Awq+srzQGvQShn6JFBazvirOZW+R0=
Uq1JCvTS3TbXaCLgbFNajqq8QfK3gQKuwwE0RA1gU2UQg7lYduc9S1uNKdlei04hhyfNuorKQPkL
CQAnK03Lscgdum6rj0Z53DsWMbAbr7AOkb/ShCzLxXgcTS1gmyRjcPV9qatJcDHcjoHQTfkE
LY4UNEp3nvWCW4WcL1hMP3R0dnVa7dnteHk40JrfOj4cbId70ThgAg+Sj8ruWlBd8Lx6SRlPublfAAuRJKEFGJwt7UCbBCOQdZ3pS0lQcXwOIRAt+WQ=
fUSq0ppKRCq4eF2ew+chzuXH5OLn6pdnXGfA76xiakGWxLTKY9mx1txo1yT7GD4knIe4er4LWYHl86dWX2MU/+ki9MvJIrsqX7pt691ZWW59ZgYnFC/5ag==
Nlir0F55RYPVikrUhooxVjK9mhWguSkKJp6khCpqJSK43J949y0GYafuu4MRDU9mzabsZFfAJLngxxCDc7lEfObDWdjWpx1LO01JWf7LbiFnZ206Kgog+Ws=
xytV7ttrehYI6Mgbww7FJbaXqA9WLIiOj3JymN2wxXnsQc36iYsTCUV258LOTCUU7vkqE2Ir0d3u7GxH21BkM3fr0Rn7kbyPpHFNg08S2B4q+WE=
