FhH3q8EPtXvzOYen/EXrU1mHz+UkQV7k5jWwJxAMPiTMFfM+pdtDDhn2vHF0WeXl/NJBt2JAFq9vAJBryyutwc/FTqeNkiGjWGLMJjb5fQ==
fDlhuxyWMaTTgr6auoXGOzh/PhK4I2L07B9dyWx5XoXxf5Ou1vjPsRkq1POZyju97/KJlc10GrYF7aafxEf5cg==
H4r7Hco2m0qKmF3bsJY0oRmnMnv9xqgCZT2b9qdHWVfMnEf68tB7+Q9qYMCtOzY0hJnNl2lzu9Ld9SR7rgTCHzfgOPszqxpRp2WW10VSaXNgAiQWLvll
HZjecjJEAZwt+mXEPIu8hRoEduJws27G4P8CEITzLT0Uhd4BefMDOk5kbxWxhmRHIXb7+Se+WcEVKPrS7YFW6zw7+XY=
Em3o6uu+IDsdlxZZGrpV/hoEduJws27G4PsAHoTzLT0Uhd4BefMDOk5kbxWxhmRHIXb7+Se+WcEVKPrS7YFW6zw7+XY=
tM/oNubZRiHhOOzs4/ffjh+zeuFcYXO7qSFU1IL+N7/lO0xsmzyBLc3zQTied6XLzB2BfeA7A+LP/5Za4jo4+XM=
q82vSZQr+4v7MG8cd26Mjqq8QfK3gQKuwwE0RA1gU2UQg7lYduc9S1SNKd1Yi0sihy/OuorKQPkL
X3L4TvSiQcWAJjeT8A5ofjsWMbAbr7AOkb/ShCzLxXgcTS1gmytjcPF7qa5KcDnfjoHQTfkE
EE7XfjgPFWW10Jt0/2Mv4Jq4SQRuvWa3D4NZMI6eOciT1JdANx42o7m7iJALVSKpkTx66rDT7magHwJwRFOt3VSl3iE5E4OajgRv9fEm5CfhVvvQ5t7ZYVXI+rItIdYLfBv5Vg==
521Um//o7yNdhMioVcmehVOSURZFufdvIoru8MTRANy614f5W2p4c/Lwr/2YdvpD7UqdjibCDfrG6l8ibkn+NoT+xhd2v2GkbXfq5wuQFBNn68f4y9VqbzHyvSs80gh+GvlR
0lYk1HCe3MV9/of7ZAxn5VOSURZFufdvIoru8MTRANyh14f5W2p4c/Lwr/2YdvpD7UqdjibCDfrG6l8ibkn+NoT+xhd2v2GkbXfq5wuQFBNn68f4y9VqbzHyvSs80gh+GvlR
PgjqHLJ1j8pCYWeK7V/ojRzdj6AkHhOnoWC+MRQMPiL9W6kvq9YCZF38q2F4dKvt8ZtFtUJMAK9vAJBryyuqwM/FTqeNkiGjWGLMJjb5fQ==
Umx/4Zo/L6fTt5B6Gcg2fqq8QfK3gQKuwwE0RA1gU2UQg7lYduc9S1qPKd5Yi0sihy/OuorKQPkL
C+B5qENdpHZCIF7AK6Y5/zsWMbAbr7AOkb/ShCzLxXgcTS1gmyVhcPJ7qa5KcDnfjoHQTfkE
sMdMbbQbMNoU9Ie5ZbJZ5aq8QfK3gQKuwwE0RA1gU2UQg7lYduc9S1iMKd5Yi0sihy/OuorKQPkL
JCBK21Yt5KMKib+a7e+B+zsWMbAbr7AOkb/ShCzLxXgcTS1gmydicPJ7qa5KcDnfjoHQTfkE
/qcRihq1xMOluT5wAntZ2lVV/HFKTCBvz4Awq+srzAevRi5n7ZJBYzjirOZW+R0=
Ca01UtG2KCX/jXFqca95BKq8QfK3gQKuwwE0RA1gU2UQg7lYduc9S1qLKd5Yi0sihy/OuorKQPkL
KNS+1aAOKMPLEYxdKCPgQTsWMbAbr7AOkb/ShCzLxXgcTS1gmyVlcPJ7qa5KcDnfjoHQTfkE
IC3OytB99zquo8dQjaP7hnR0dnVa7dnteHk40JrfOj4cbId70ThgAg+Sj8ruWlBd8Lx6SRlPublfAAuRJKEFGJwt7UCbBSWQcpvpTkpQeX8OIRAt+WQ=
i6OVDdnq2DD9mfv5JjHTWOXH5OLn6pdnXGfA76xiakGWxLTKY9mx1txo1yT7GD4knIe4er4LWYHl86dWX2MU/+ki9MvJIrsrWbpq7d1cWm51ZQYnFC/5ag==
uICPEJJcVMp0L80HswG6QDK9mhWguSkKJp6khCpqJSK43J949y0GYafuu4MRDU9mzabsZFfAJLngxxCDc7lEfObDWdjWpx1LOktJXvjLayJnb246Kgog+Ws=
KqDYVhX80ML3Lk07Aoi/M7aXqA9WLIiOj3JymN2wxXnsQc36iYsTCUV258LOTCUU7vkqE2Ir0d3u7GxH21BkM3fr0B/7lrqPoXJNi0wS2B4q+WE=
