kfp3kWKINuyQhoB8664dHVmHz+UkQV7k5jWwJxAMPiTMFfM+pdtDDhn2vHF0WeXl/NJBt2JAFq9vAJBryyuixs/BTqeCkyGqW2LMJjb5fQ==
K0trcqRJ36pRTNJ+9U94GTh/PhK4I2L07B9dyWx5XoXxf5Ou1vjPsRkq1POZyju17fKOlc17G7YM7qafxEf5cg==
BMyJTcpgVrJbyREBUx4j38y6MFdoycHkAQIV16vjVnT9nhBwGR21Arp03+uEQF5Rt1OrM3kWpz3+D5zUsCvtiAIfUYvwN52KjOO4Q1uOeQreEiz5Zw==
vglLIq8wbgjGsY+wfDGV5xoEduJws27G4P8CEITzLT0Uhd4BefMDOk5kbxWxhmRHIXb78iW+XsEVJ/vS5IJW6zw7+XY=
OTHSPW3C535xTzuQ4xM65xoEduJws27G4PsAHoTzLT0Uhd4BefMDOk5kbxWxhmRHIXb78iW+XsEVJ/vS5IJW6zw7+XY=
qlTVWyFEcssWEqQfHWXnxx+zeuFcYXO7qSFU1IL+N7/lO0xsmzyBLc3zQTied6XLxx+BeuA7DOPP9pVa4jo4+XM=
rByqyOu+y2dPfOG2ceudUqq8QfK3gQKuwwE0RA1gU2UQg7lYduc9S1+PKdpYi0QjhybNuorKQPkL
fGXl7xo74zXrozFZlglDSTsWMbAbr7AOkb/ShCzLxXgcTS1gmyBhcPZ7qaFLcDDcjoHQTfkE
9ZLk5W8A8e9N7rTr84AFNJq4SQRuvWa3D4NZMI6eOciT1JdANx42o7m7iJALVSKpkTx66rDT7magHwJwRFOt3VSl3iE5E4OajgRv9fEm5CfhVvvS5d7eYVXH+7IkItYLfBv5Vg==
ADlA3H0BUoXyxJbiiY8CDFOSURZFufdvIoru8MTRANy614f5W2p4c/Lwr/2YdvpD7UqdjibCDfrG6l8ibkn+NoT+xhd2v2GkbXfq5wuQFBNn68X7y9Jqbz7zvSI/0gh+GvlR
Uahf80Ah/bzkNQRwu5kAe1OSURZFufdvIoru8MTRANyh14f5W2p4c/Lwr/2YdvpD7UqdjibCDfrG6l8ibkn+NoT+xhd2v2GkbXfq5wuQFBNn68X7y9Jqbz7zvSI/0gh+GvlR
JkXRaBs2H5ai6RbISrwo3Bzdj6AkHhOnoWC+MRQMPiL9W6kvq9YCZF38q2F4dKvt8ZtFtUJMAK9vAJBryyuow8/CTqeCkyGqW2LMJjb5fQ==
ramthUENSeQtUEswsRIXJ3MkihrestfG7N+XeEcm1pvJg0goe+3CEeGE+lLAaw7e0KfCSDRrTeUknd4ZSStjov48r02BngSfke57YJVmPtklfzuKVBo2Mwwj+W4=
toGIn4g5wnQqOBAVNQLJChQ2v/WeT6Ihi0OfDeY5sfgUDI2Ev5weiaN0FpG23+fhgCPpmCbHLUtPankaCGvUo/fGvXr6KjD5ew==
jgBvNOUKxJOCsyvem6KpElVV/HFKTCBvz4Awq+srzwKvRC5n4pNBajvirOZW+R0=
krXbqP3tYxYAk9lTPPMnP6q8QfK3gQKuwwE0RA1gU2UQg7lYduc9S1mOKdxYi0QjhybNuorKQPkL
4FTcj4X0WFatL5nekARsXTsWMbAbr7AOkb/ShCzLxXgcTS1gmyZgcPB7qaFLcDDcjoHQTfkE
GuUFYk8+v0xKDAUja3jUhnR0dnVa7dnteHk40JrfOj4cbId70ThgAg+Sj8ruWlBd8Lx6SRlPublfAAuRJKEFGJwt7UCbBiCQcJvpQUtQcHwOIRAt+WQ=
VSescV+szU6GyeW5V75W+uXH5OLn6pdnXGfA76xiakGWxLTKY9mx1txo1yT7GD4knIe4er4LWYHl86dWX2MU/+ki9MvJIrsoXLpo7d1TW258ZgYnFC/5ag==
TrqVIdCwKTSBKuFSVFApZTK9mhWguSkKJp6khCpqJSK43J949y0GYafuu4MRDU9mzabsZFfAJLngxxCDc7lEfObDWdjWpx1LOU5JXPjLZCNnZm06Kgog+Ws=
bB7hykGbJm1nbmWbYE0TBraXqA9WLIiOj3JymN2wxXnsQc36iYsTCUV258LOTCUU7vkqE2Ir0d3u7GxH21BkM3fr0xr7lLqPrnNNgk8S2B4q+WE=
