2Qjf/RiPd5uLH7w3AqhQm1mHz+UkQV7k5jWwJxAMPiTMFfM+pdtDDhn2vHF0WeXl/NJBt2JAFq9vAJBryyupxs/FTqeJkSGjWGLMJjb5fQ==
ZQ4l3btxA75p4RW5rLxQuTh/PhK4I2L07B9dyWx5XoXxf5Ou1vjPsRkq1POZyjux6PKJlc1wGbYF7aafxEf5cg==
qTCruZbp8+lZ8vauCcoPHZq4SQRuvWa3D4NZMI6eOciT1JdANx42o7m7iJALVSKpkTx66rDT7magHwJwRFOt3VSl3iE5E4OajgRv9fEm5CfhVvvV4N7ZYVXM+bItIdYLfBv5Vg==
RSrRUlK7xfKlBsF9cM62iVOSURZFufdvIoru8MTRANy614f5W2p4c/Lwr/2YdvpD7UqdjibCDfrG6l8ibkn+NoT+xhd2v2GkbXfq5wuQFBNn68L+y9VqbzXxvSs80gh+GvlR
nt9Tq+y9qwft/IZmoDM6BFOSURZFufdvIoru8MTRANyh14f5W2p4c/Lwr/2YdvpD7UqdjibCDfrG6l8ibkn+NoT+xhd2v2GkbXfq5wuQFBNn68L+y9VqbzXxvSs80gh+GvlR
XZAgxNBLKt00+izMPhXipRzdj6AkHhOnoWC+MRQMPiL9W6kvq9YCZF38q2F4dKvt8ZtFtUJMAK9vAJBryyutxs/FTqeJkSGjWGLMJjb5fQ==
c8NTXVgj2vdeQr3o1xurJGjhotZKJzzI8D0Nr8JAMB0YRWvJxdL/Vxjm2J+JCl+evAvCer4fXjG5mhSjebo7ps3CykWtgJkmpV1mzyQ3+WI=
yYv1z5JCiYpWOmYyOqcHYmjhotZKJzzI8D0Nr8JAMB0YRGvJxdL/Vxjm2J+JCl+evAvCer4fXjG5mhSjebo7oM3CykWtgJkmpV1mzyQ3+WI=
dKvodVLdSUY7y10+W/mr6AYlujhnjOWE7bmWuUHfk41oDvinmQJfhowjooLu155pSfK0G+kyuzt9aio9fcjZ/tW1Rvc0P/l6
6iDSCXU6cZiz62mg07nciQYlujhnjOWE7bmWuUHek41oDvinmQJfhowjooLu155pSfK0G+kyuzV9aio9fcjZ/tW1Rvc0P/l6
NG1B837bb9VMnF1G9Gm33bq1soOfC+Kzia8nH6JGKBUI272TsjFRbTbx9uvAm3fLllCZEFGGz7zUsgMoZUwY947p3QvMFFhKFdwNHIwJBXTbscg04h9hPumkMTveBXgZ+VA=
ZF0NWrg5gapizfgkirDGm2eY23SGvlyAx/ESi/yvY02nbDvQsZOJUSkNGlPtm+arsiVj/hn+uqC8eA3HwInwzcsEPR7UMU6jidUktiT8hUaJkjT7qRK7GT+Kql296NneFdXGF3Qf+Vo=
QnopvJeIrsk/bmza7D9GI2eY23SGvlzbkusFgOa+Tk2ReQ6RxvDpAyMNTwyQi/26/Gdy8wPJq7upe1mF06qkiOcGPR7UMU6jidUktiT8hUaJkjT7qRK7HD6Kql296NneFdXGF3Qf+Vo=
TZCDAbPKqYa7Lr1bwIZMCnMkihrestfG7N+XeEcm1pvJg0goe+3CEeGE+lLAaw7e0KfCSDRrTeUknd4ZSStjov48r02BngSfke57aZZmOtkldDmKXRk2Mwwj+W4=
rm/FFkzS+1rcLPdxJ2jSdA0ZNZoQXZKAOzz7V0JI1ZhyiaDR5tunDz/A4IvbK7Pn/4eex3kRsQPoopzGRvkN
Ju+odqBkI2Lkfir0YTGnxkIw+sV5QbnpEcppazMsPY0FO2bl92wn//bIYTAuWewpkjuzFzPw3KMPa2ePA/cSX+2xBbukcsAuMvl5
KcXVLF5Q3+e6/M0lkjIaoUs0JipVZXloUeXtu1QXFbX8vudVPaTfPBZ6b4K2twtvj/yUIEAq+cWokHJhvXmXCVMa3XQs4bUMW0Z9XEP3MWYpfGETPi0IIflo
XR8SKKwLGfCbjsgrlJUz+ALEkLF+BBin6Gz+dVZGOT+1Uu49oNdBdkv8q3dySOW4oslQsXZbF69vAJBryyurxs/HTqeJkSGjWGLMJjb5fQ==
/4t0q1nt8TZ9ia6lQfn6EWaG33mUvFmaxatC0LzqOhfTNnCHxp2LGn1ZHE/aye278zVn8lev9q6hEB7dx6G/nqAmeFDFO2ji1pc18zvng1iJkjT7qRK7HD2KpF296NneFdXGF3Qf+Vo=
HnlSefToPNpsMqY1j//0iCYc7x4Xj/aO4fCevQeBv75gRviwhRtowpZ3tZP7x4N4SfK0G+kyuzl9aiQ9fcjZ/tW1Rvc0P/l6
+mxbftTz1bVBP/Ubi/QWD6+oi3NV1O31ZA8M4KuXdfIrFnaUU5CusQ91n4K4AigcLY/oXi7TRd8z8+OEUfakdwFm++UFjpSx9bx5Qo1xFtscK/lm
3NBrWQf+Kh17dawyWfW7BwLEkLF+BBin6Gz+dVZGOT+1Uu49oNdBdkv8q3dySOW4oslQsXZbF69vAJBryyutw8/ITqeJkSGjWGLMJjb5fQ==
dRT7m1nrYX7ss978PvcXSK+3iSsCnfrkVl1J6Kmea/R/WzbSGZSusQ91n4K4AigcLY/oXi7TRd8z8+OEUfakdwFm++gFjpSx9bx5Qo1xFtscK/lm
NZtKZv3NJHFJ6Z8JJs2kYbLEdwX+735a3V3PTamHX0zxGUIfCZ3i06Q5TlsdBZ+vzxTzzZYAXbpGi3NTb8DsnLCWgXkoLArdTcXvNbMmpUjc3c0wm/cA4LxLSdrJwBkvzhFwHflU
S8VG7Rx+kT/0APBQOY+f0g0ZNZoQXZKAOzz7V0JI1ZhziaDR5tunDz/A4IvbK77h/4iex3kRsQPoopzGRvkN
/jrYS1Lh8C6haSpa3eVxq0Iw+sV5QbnpEcppazMsPY0FO2bl92wn//bIYTAvWewpkjuzFzPw3KMPa2qJA/gSX+2xBbukcsAuMvl5
rTlWQ0erLapIz+yA0y6XNUs0JipVZXloUeXtu1QXFbX8vudVPaTfPBZ6b4K2twtvj/yUIEAq+cWokHJgvXmXCVMa3XQs4bUMW0t7XEz3MWYpfGETPi0IIflo
6zfld5se5+4R2yq82RgLygLEkLF+BBin6Gz+dVZGOT+1Uu49oNdBdkv8q3dySOW4o8lQsXZbF69vAJBryyutwc/ITqeJkSGjWGLMJjb5fQ==
aok0uKzB7JOlCP/0CTIUgrLEdwX+735a3V3PTamHX0zyGUIfCZ3i06Q5TlsdBZ+vzxTzzZYAXbpGi3NTb8DsnLCWgXkoLArcTcXvNbMmpUjc3c0wm/QC4LxLSdrJwBkvzhFwHflU
Td7CFE9NBRXKi3eTnKnjQSYc7x4Xj/aO4fCevQeBv75gRviwhRtowpZ2tZP7x4N4SfK0G+kyuzV5aiQ9fcjZ/tW1Rvc0P/l6
lOotrKagydhWeSx+vJwgwq+oi3NV1O31ZA8M4KuXdfIrFnaUU5CusQ91n4K4AigcLY/oXi7SRd8z8+OEUfakdwFm++kBjpSx9bx5Qo1xFtscK/lm
S38hXJCFB7lUynl69sFK7wLEkLF+BBin6Gz+dVZGOT+1Uu49oNdBdkv8q3dySOW4o8lQsXZbF69vAJBryyuqxs/ITqeJkSGjWGLMJjb5fQ==
NYO6XMWLZhCREX4FT6QT+z+Kk7lBAvfuggt2FGDJyKZng2sqMIH+Jx/KlYR1yyyIu4R9sY6NKKtJk7F4TleVy7b60bBQm5dhP59GGtIaKPlj
UTj2/e7+YkSdLV+HNJmTTbLEdwX+735a3V3PTamHXEzxGUIfCZ3i06Q5TlsdBZ+vzxTzzZYAXbpGi3NTb8DsnLCWgXkoLArcTcXvNbMmpUjc3c0wm/oB4L1LSdrJwBkvzhFwHflU
Um8Lx6lHadETpHYVILHuqyYc7x4Xj/aO4fCevQeBv75gRviwhRtowpZ3tZP7x4N4SfK0G+kyuzl/aiU9fcjZ/tW1Rvc0P/l6
zyZYZncjpTehc6BzFF6vIkhkIGaYwHucnVyM79le+ELaFnDi/Im0jc7X0qTxDVM9fHERmMHcDv1hxlt9naJSRSQ3BS5X7Mc/lsiBcE7ZTGmyO5NX03C8Y+9rSU+jebKfjbHl+8TyYG4S+Vk=
Y0N7c7vKuyairuJUStZ6p6+oi3NV1O31ZA8M4KuXdfIrFnaUU5CusQ91n4K4AigcLY/oXi7TRd8z8+OEUfakdwFm++YAjpWx9bx5Qo1xFtscK/lm
oPdcjTfXe16YJCnDInVLaCYc7x4Xj/aO4fCevQeBv75gRviwhRtowpZ2tZP7x4N4SfK0G+kyuz19aiw8fcjZ/tW1Rvc0P/l6
qtR7xV5kXjkCIBnlke1fGeRandR2Ci8GnyA5Mi9YON1JNUu94XVNBDAPSVdeMHeV57jpwYf0d0ToUcem/dF7euQpcofT4uG0gXNQCEc8CYF6pWQLxTvlqFpPyQtgZUVohfObgfP38upmYhT5Xw==
wQv7WMXgGqpw556Qqu1/90s0JipVZXloUeXtu1QXFbX8vudVPaTfPBZ6b4K2twtvj/yUIEAq+cWokHJgvXmXCVMa3XQs4bUMW0p6XET2MWYpfGETPi0IIflo
9SEPkWQ6igiH7rbUNfnaViYc7x4Xj/aO4fCevQeBv75gRviwhRtowpZ2tZP7x4N4SfK0G+kyuzp+aiw8fcjZ/tW1Rvc0P/l6
5XSteOdxp8yNUVUal3Yz/Es0JypVZXloUeXtu1QXFbX8vudVPaTfPBZ6b4K2twtvj/yUIEAq+cWokHJgvXmXCVMa3XQs4bUMW0l6XET2MWYpfGETPi0IIflo
EpClzMdbca7g7qz8D31V7APkJ6MRMTHm/nsGgZawOqqrYH9Tm2PcB9vzQTied6XLxRqBeOE7B+HP/5Za4jo4+XM=
Ya05bFUYqJ3WjjjkjLh9ZQHkJ6MRMTHm/nsGgZawOqqrYH9Tm2PcB9vzQTied6XLwBqBeeE7B+HP/5Za4jo4+XM=
Lk9HgYNQS4rGvr0E8+0Sh1pbZdVPFoKOe3noTERq1ZwBq+Wfo/elDz/A4IvbK73i/4Kfx3kRsQPoopzGRvkN
yOB6wrV1tQyLFmD8UvGMcWjhotZKJTvC8T0Nr8JAMB0YRWvJx9X1Vhjm2J+JCl+evAvCer4fXjG5mhSjebo7o87CzkStgJkmpV1mzyQ3+WI=
uSQRIgDPNH0cD0+RoUIr1OPzo8be2KqMGzDejtfN4kXFxy09OnYds53a6gcrcV8YaKbd3tS7gsdbhet/YccJ0GtGRCyPmo3qTL3OJwEptCJcUCWiIc5ET3Hee15xtn6IhYS5+v3J9mNsE/le
tjdp1ji93gSBfT4/NOLZiCYc7x4Xj/aO4fCevQeBv75gRviwhRtowpZ3tZP7x4N4SfK0G+kyuzR5ai48fcjZ/tW1Rvc0P/l6
mS4biYsecNjfXPzjDBc1R0s0JypVZXloUeXtu1QXFbX8vudVPaTfPBZ6b4K2twtvj/yUIEAq+cWokHJhvXmXCVMa3XQs4bUMW0Z9XEb2MWYpfGETPi0IIflo
I/JDogoAMr070LEAnJcS+maG33mUvFmaxatC0LzqOhfQNnCHxp2LGn1ZHE/aye278zVn8lev9q6hEB7dx6G/nqAmeFDFO2ji1pc18zvng1iJkjT7qRK7GzyKr1y96NneFdXGF3Qf+Vo=
BO2w5kDjazCjWuq10JbQswLEkLF+BBin6Gz+dVZGOT+1Uu49oNdBdkv8q3dySOW4oslQsXZbF69vAJBryyuiws/DT6eJkSGjWGLMJjb5fQ==
Q28b4Xk7bF3CTAZYjHohQCYc7x4Xj/aO4fCevQeBv75gRviwhRtowpZ3tZP7x4N4SfK0G+kyuz5/ai88fcjZ/tW1Rvc0P/l6
yTWVRe6n15bnlu4gVSIsXks0JypVZXloUeXtu1QXFbX8vudVPaTfPBZ6b4K2twtvj/yUIEAq+cWokHJhvXmXCVMa3XQs4bUMW0x7XEf2MWYpfGETPi0IIflo
qkXm0ZHHp88sznrzx7Ro0yYc7x4Xj/aO4fCevQeBv75gRviwhRtowpZ3tZP7x4N4SfK0G+kyuzh/ai88fcjZ/tW1Rvc0P/l6
jQLDoEzPaChO9kTTi9Po4ks0JipVZXloUeXtu1QXFbX8vudVPaTfPBZ6b4K2twtvj/yUIEAq+cWokHJhvXmXCVMa3XQs4bUMW0p7XEf2MWYpfGETPi0IIflo
qkXm0ZHHp88sznrzx7Ro0yYc7x4Xj/aO4fCevQeBv75gRviwhRtowpZ3tZP7x4N4SfK0G+kyuzh/ai88fcjZ/tW1Rvc0P/l6
UKUbGLzvDP4MiRWWoH7gfks0JypVZXloUeXtu1QXFbX8vudVPaTfPBZ6b4K2twtvj/yUIEAq+cWokHJhvXmXCVMa3XQs4bUMW0p7XEf2MWYpfGETPi0IIflo
CPpApsJnNUNS5+8DQnTzzSYc7x4Xj/aO4fCevQeBv75gRviwhRtowpZ3tZP7x4N4SfK0G+kyuzl/ai88fcjZ/tW1Rvc0P/l6
yYBn1N0PUAWqAcOhLfjnMEs0JipVZXloUeXtu1QXFbX8vudVPaTfPBZ6b4K2twtvj/yUIEAq+cWokHJhvXmXCVMa3XQs4bUMW0t7XEf2MWYpfGETPi0IIflo
fYCoGUVvKx2J9EkCBh5mgSYc7x4Xj/aO4fCevQeBv75gRviwhRtowpZ3tZP7x4N4SfK0G+kyuz14ai88fcjZ/tW1Rvc0P/l6
6jtb+R8yAPNGMuosn9XD7V445oxmVqjoXt07PX0iMoUENyXu92wn//bIYTAuWewpkjuzFzPw3KMPa26OA/MTX+2xBbukcsAuMvl5
qZG8mP4CzyW0EVzU1B76gnMe0b5aCk59ipTqQ7IMzmm/LV/aiNpIBB2X6EYeyyUHA6sj3OEuxO+x/nt5tRb4aEXkuRq9qXbDLDP5fg==
6ETjnNVuWi3/x+nOuy4IOCYc7x4Xj/aO4fCevQeBv75gRviwhRtowpZ2tZP7x4N4SfK0G+kyuzt8aig8fcjZ/tW1Rvc0P/l6
PRlb8l1FWX2OzxMJV4RHI+RandR2Ci8GnyA5Mi9YON1JNUu94XVNBDAPSldeMHeV57jpwYf0d0ToUcem/dF7euQpcofT4uG0gXNQCEc8CYF6pWQLxTvlqFpPyQtqZUVshfObgfP38upmYhT5Xw==
mL83FTV0TuOMN4P4gofu6QPkJKMRMTHm/nsGgZawOqqrYH9Tm2PcB9vzQTied6XLwhyBfOE7B+HP/5Za4jo4+XM=
E9IAEXw9NI4w/zhoxVEhRAPkJKMRMTHm/nsGgZawOqqrYH9Tm2PcB9vzQTied6XLwxqBfOE7B+HP/5Za4jo4+XM=
1lRsPfRk4ZxSfBQELo7MAEvdgSc4ztwOurGLNvroxxLtX49uQf6EP9EOe4zUxru45VQ5qh35tpPMQ/kO
erfnfw2G35PolbrdrHM9hwPkJ6MRMTHm/nsGgZawOqqrYH9Tm2PcB9vzQTied6XLwh2Bf+E7B+HP/5Za4jo4+XM=
dqbnH/xfTg8nyKGCxRRnvgPkJKMRMTHm/nsGgZawOqqrYH9Tm2PcB9vzQTied6XLxBuBf+E7B+HP/5Za4jo4+XM=
lsngetcD6WRegXChy+6xmRJNOsvMweeWMrVIZV+I2lBDPPFAUEntqFqpeIMpkW5/x6AIG0OrJXZXJyd3MdH507BC9DY++XU=
e/YkGsKai3VI9LzZnKOPecy6MFdhydGoOAcR0uWvNXT9ngBweh21Fq4c25KdWiEU4V+henBC4DT5CI/FrCvtiAIfUYv1Np2AjeOzQVuHegreEiz5Zw==
T7vugMD02SBC6uNRyiD6oDY8NRCkMWPm/Q8e2XMsXo/KPpT+2ubFpBkq1POZyjuw7PKElM1wGbYF7aafxEf5cg==
yDQD3wpXtxtvExoyFsNf9aq8QfK3gQKuwwE0RA1gU2UQg7lYduc9S1mOKdBZi08hhy/OuorKQPkL
MGbK92H+t57fWMz1SjWNDTsWMbAbr7AOkb/ShCzLxXgcTS1gmyZgcPx6qapJcDnfjoHQTfkE
uEVowyUs6HNSy1aBYP3EiRxVMZURW5KdOzz7V0JI1ZhyiaDR5tunDz/A4IvbK7rj/4mfx3kRsQPoopzGRvkN
A+q993e0sEvKoPopiagJ+WyLBmKH+EYA+HV3TREG5hNMCmyWxEfU3jUsUwrxTuLUGE/2itkGOUhJkdmflvbnxvDR66C8BIhRHpqvIjbXy4+P3NSAwMo55aiwsoE92dcpU/odFKxBdexbKTn8xBNxBylcobO+TUgB+Ug=
/VspTsYCOVLpgYdYQFjVBBY3vKiGDf1mmVmHSugxtudXGq2knbs0iKN0FJG23eDrgSPpmCbHLUtEbnkYDGveoffPvnr6KjD5ew==
PUr9FXRnJBZ9iKNpVs1C7+vWvUyozGdtvoy/GHdOQN67smctZANl3SKGDVepYuIllLeVTgcsFx/myHFQHpmciSK7I7djMIyD/2tcb1Mwxj98MXVbFDIwDiL5aQ==
cfik4dl/5yTyRAegv4Sj1yYc7x4Xj/aO4fCevQeBv75gRviwhRtowpZ3tZP7x4N4SfK0G+kyuzp5aiw5fcnZ/tW1Rvc0P/l6
gXHa72bFvcaMWunGIjc+KgPkJ6MRMTHm/nsGgZawOqqrYH9Tm2PcB9vzQTied6XLxx+BeeQ7BuHP/5Za4jo4+XM=
qLtVaZvj5eFbGW/1iPGB0wPkJKMRMTHm/nsGgZawOqqrYH9Tm2PcB9vzQTied6XLxhyBeeQ7BuHP/5Za4jo4+XM=
X3lxyPTtfXZSddSd5i2g/rKSqFRHfMSOg2c9j5PsmzK2EMyx09oMGAlboYzoCXEf7fM/WmFlyMPK5GZH21BkM3fr3h/7k76PpHFNi0wS2B4q+WE=
kso/T7ILopwGWBx/dwwrZhoEduJws27G4P8CEITzLT0Uhd4BefMDOk5kbxWxhmRHIXb7+SG+X8UVLfnS7YFW6zw7+XY=
HzYI0D4fA7PEgYTNPlLCJxoEduJws27G4PsAHoTzLT0Uhd4BefMDOk5kbxWxhmRHIXb7+SG+X8UVLfnS7YFW6zw7+XY=
H1iCMXokYa67k7X5ZAH0SuPzo8be2KqMGzDejtfN4kXFxy09OnYds53a6gcrcV8YaKbd3tS7gsdbhet/YccJ0GtGRCyPmo3qTL3OIwg+syJcUCWiIc5ET3Hee1Fxtn+NhYW5+v3J9mNsE/le
OajKgGNjioZzKQNhO4GvgWeY23SGvlyAx/ESi/yvY02nbDvQsZOJUSkNGlPtm+arsiVj/hn+uqC8eA3HwInwzcsEPR7UMU6ngMIjtiT8hUaJkjT7qRK7FTmKr1m96dneFdXGF3Qf+Vo=
wJTRnuIXEUsnaqatRWb3dLq1soOfC+Kzia8nH6JGKBUI272TsjFRbTbx9uvAm3fLllCZEFGGz7zUsgMoZUwY947t1BzLFFhKFdwNHIwJBXTbv8005xthP+mkMTveBXgZ+VA=
tCtd2FWBZK+nKUNn6SZgKWeY23SGvlzbkusFgOa+Tk2ReQ6RxvDpAyMNTwyQi/26/Gdy8wPJq7upe1mF06qkiOcGPR7UMU6ngMIjtiT8hUaJkjT7qRK7FTmKr1m96dneFdXGF3Qf+Vo=
3+8shk1oD0KUPKsYySU56R+zeuFcYXO7qSFU1IL+N7/lO0xsmzyBLc3zQTied6XLzBuBe+Q7BuHP/5Za4jo4+XM=
ZNzXWEYkz5/sHm+C25lNInS99hinrHffxshREP4ZPEkCu0N3w7Aswx9re6oztKb/XDGVG/SykM5C+Qk=
Z2rNY5d9T4stAu3HfMQOjRxVMZURW5KdOzz7V0JI1ZhyiaDR5tunDz/A4IvbK7zi/4Sax3gRsQPoopzGRvkN
Vc0sSZn/0MZDBmCfpqN0/WyLBmKH+EYA+HV3TREG5hNMCmyWxEfU3jUsUwrxTuLUGE/2itkGOUhJkdmflvbnxvDR66C8BIhRHpqvIjbXy4+P3NSAwMo55aiwsoE92dcpU/odFKxBdexbLT38wBNxBylcobO+TUgB+Ug=
09ys+y3JJIwiNIZtlqYL2OYoJypVIXMaPJkKR8vy2VQJI7gIL+yA4UK1fEs9i71IUj9hiwFSTUzYAyLB6+eKSu4yPPl3
PtcqBE0vZYySLxIsKKV+YkIw+sV5QbnpEcppazMsPY0FO2bl92wn//bIYTAuWewpkjuzFzPw3KMPa2qOA/QWX+yxBbukcsAuMvl5
wl3h+zbbSfcrLSC24YPq6q+oi3NV1O31ZA8M4KuXdfIrFnaUU5CusQ91n4K4AigcLY/oXi7TRd8z8+OEUfakdwFm++UAjpi19b15Qo1xFtscK/lm
6ds6GuYsKLbOFGIGKb8QBiYc7x4Xj/aO4fCevQeBv75gRviwhRtowpZ3tZP7x4N4SfK0G+kyuzR+aik5fcnZ/tW1Rvc0P/l6
GpZS596Y2/Etg+pnBKr3qq+oi3NV1O31ZA8M4KuXdfIrFnaUU5CusQ91n4K4AigcLY/oXi7TRd8z8+OEUfakdwFm++gGjpm19b15Qo1xFtscK/lm
5GTk9d9jGdBQPre0XlvIOyYc7x4Xj/aO4fCevQeBv75gRviwhRtowpZ3tZP7x4N4SfK0G+kyuz55aik5fcnZ/tW1Rvc0P/l6
Ui4ZLwPGxEM9x5Tn3U9AGUs0JypVZXloUeXtu1QXFbX8vudVPaTfPBZ6b4K2twtvj/yUIEAq+cWokHJhvXmXCVMa3XQs4bUMW0x9XEHzMWcpfGETPi0IIflo
kkPjD3ZbwNyh0RR8xkhT8evWvUyozGdtvoy/GHdOQN67smctZANl3SKGDVepYuIllLeVTgcsFx/myHFQHpmciSK7I7djMIyD/2taaFM2xj98MXVbFDIwDiL5aQ==
mXdd0NcS0aFAV6q9bDpOgyYc7x4Xj/aO4fCevQeBv75gRviwhRtowpZ3tZP7x4N4SfK0G+kyuzV+aio5fcnZ/tW1Rvc0P/l6
W4Uh7zdraI3vlF0b6wcu2QPkJKMRMTHm/nsGgZawOqqrYH9Tm2PcB9vzQTied6XLwx6Bf+Q7BuHP/5Za4jo4+XM=
vf5m0eFpPaiSvQoquMJ/LQPkJ6MRMTHm/nsGgZawOqqrYH9Tm2PcB9vzQTied6XLwB2Bf+Q7BuHP/5Za4jo4+XM=
qZRv32jIH65+/fwLTBHFYgPkJ6MRMTHm/nsGgZawOqqrYH9Tm2PcB9vzQTied6XLwR6BeOU7BuHP/5Za4jo4+XM=
WRiVMc9ml+2UT3lfigsrvnS99hinrHffxshREP8ZPEkCu0N3w7Aswx9reakzsKf/XDGVG/SykM5C+Qk=
cRqnfcZYJrgX0rUsYhzh1hxVMZURW5KdOzz7V0JI1ZhziaDR5tunDz/A4IvbK7Lh/4Cbx3gRsQPoopzGRvkN
2HfJ5CVLv80qbZw5F5WkBrKSqFRHfMSOg2c9j5PsmzK2EMyx09oMGAlboYzoCXEf7fM/WmFlyMPK5GZH21BkM3fr1h77kL+PpHFNi0wS2B4q+WE=
liYJAItB/v7Vo3cCwAY6fhoEduJws27G4P8CEITzLT0Uhd4BefMDOk5kbxWxhmRHIXb78SC+XMQVLfnS7YFW6zw7+XY=
2xhIqUiQ2PtFbXaC228SFhoEduJws27G4PsAHoTzLT0Uhd4BefMDOk5kbxWxhmRHIXb78SC+XMQVLfnS7YFW6zw7+XY=
a7QRTM2kvB8XvMAHlK9/EWeY23SGvlyAx/ESi/yvY02nbDvQsZOJUSkNGlPtm+arsiVj/hn+uqC8eA3HwInwzcsEPR7UMU6ngMIjtiT8hUaJkjT7qRK7HTiKrFi96dneFdXGF3Qf+Vo=
aPYb1MmCkNS4C4LEipKdXLq1soOfC+Kzia8nH6JGKBUI272TsjFRbTbx9uvAm3fLllCZEFGGz7zUsgMoZUwY947t1BzLFFhKFdwNHIwJBXTbt8w05BphP+mkMTveBXgZ+VA=
yZbHUpZ0ZNVmwtcZza3N8ePzo8be2KqMGzDejtfN4kXFxy09OnYds53a6gcrcV8YaKbd3tS7gsdbhet/YccJ0GtGRCyPmo3qTL3OIwg+syJcUCWiIc5ET3Hee1lwtnyMhYW5+v3J9mNsE/le
JPiwLkprUQ0QiLuNC6Ujd2eY23SGvlzbkusFgOa+Tk2ReQ6RxvDpAyMNTwyQi/26/Gdy8wPJq7upe1mF06qkiOcGPR7UMU6ngMIjtiT8hUaJkjT7qRK7HTiKrFi96dneFdXGF3Qf+Vo=
8inqP9VKSovvoS4WAZlGfB+zeuFcYXO7qSFU1IL+N7/lO0xsmzyBLc3zQTied6XLxBqBeOU7BuHP/5Za4jo4+XM=
dMe8R/8Fi4oI5XeGxTH3Jp6Pwg1A1PF0MROACBfcucFqhTSLdVsV6Mqv+QuQwtWosdNqAaMX4qqWwkT5Dw==
Hvi0eHBx7dsx+3XodrOjlnS99hinrHffxshREP8ZPEkCu0N3w7Aswx9rfqszsaf/XDGVG/SykM5C+Qk=
zqNIOnJAqGyezGPeDTWLChxVMZURW5KdOzz7V0JI1ZhziaDR5tunDz/A4IvbK7/j/4Gbx3gRsQPoopzGRvkN
sLceDES2DH7zBiQeUxDQ5GyLBmKH+EYA+HV3TREG5hNMCmyWxEfU3jUsUwrxTuLUGE/2itkGOUhJkdmflvbnxvDR66C8BIhRHpqvIjbXy4+P3NSAwMo55aiwsoA92dcpU/odFKxBdexbKjj8xRJxBylcobO+TUgB+Ug=
IsunO3Gp6Tef3az64253F+YoJypVIXMaPJkKR8vy2VQJI7gIL+yB4UK1fEs9i71IUj9hiwRVTUnZAyLB6+eKSu4yPPl3
rh4UZ227cf7ivLaMS61kvUIw+sV5QbnpEcppazMsPY0FO2bl92wn//bIYTAvWewpkjuzFzPw3KMPa22LA/IXX+yxBbukcsAuMvl5
rgQA7e0v7HMY6hCeinoToq+oi3NV1O31ZA8M4KuXdfIrFnaUU5CusQ91n4K4AigcLY/oXi7SRd8z8+OEUfakdwFm++IFjp609b15Qo1xFtscK/lm
rOVEet1mVLm9LOx63kzJxOvWvUyozGdtvoy/GHdOQN67smctZANl3SKGDVepYuIllLeVTgcsFx/myHFQH5mciSK7I7djMIyD/2tfalMyxz98MXVbFDIwDiL5aQ==
gqrtHn5QHq2FmDpq9o7UTSYc7x4Xj/aO4fCevQeBv75gRviwhRtowpZ2tZP7x4N4SfK0G+kyuz98ai44fcnZ/tW1Rvc0P/l6
lmBisO1tlWqUmtx7rvGlSgPkJ6MRMTHm/nsGgZawOqqrYH9Tm2PcB9vzQTied6XLwxyBeuU7BuHP/5Za4jo4+XM=
vtep8aTLCPo+XnSNuT1V0gPkJKMRMTHm/nsGgZawOqqrYH9Tm2PcB9vzQTied6XLwhuBeuU7BuHP/5Za4jo4+XM=
C6uHDIsSL9PmakJ3xBfCklpbZdVPFoKOe3noTERq1ZwBq+Wfo/elDz/A4IvbK7Pn/4mbx3gRsQPoopzGRvkN
zO+DZ0vHmzPQaIcTpS/rdFpbZdVPFoKOe3noTERq1ZwBq+Wfo/elDz/A4IvbK7nh/4CYx3gRsQPoopzGRvkN
9Wo2ybygywV4DAiCGYiUVQPkJKMRMTHm/nsGgZawOqqrYH9Tm2PdB9vzQTied6XLwR+BeeY7BuHP/5Za4jo4+XM=
vGenUOF+tanpa4ipf4MJVVpbZdVPFoKOe3noTERq1ZwBq+Wfo/elDz/A4IvbK7ni/4GYx3gRsQPoopzGRvkN
IFMY6m2wUvAdcOtmkmZ2AgPkJ6MRMTHm/nsGgZawOqqrYH9Tm2PcB9vzQTied6XLwx2Be+Y7BuHP/5Za4jo4+XM=
nJZvlTBt1OnJeBs23tT4oVpbZtVPFoKOe3noTERq1ZwBq+Wfo/elDz/A4IvbK7Pj/4SYx3gRsQPoopzGRvkN
2N6lM9PjwyG8ixHn6Cfrg8y6MFdhydGoOAcR0uWvNXT9ngBweh21Fq4c25KdWiEU4V+henBC4DT5CI/FrCvtiAIfUYv2N52PiuOyQVuHegreEiz5Zw==
UVcMjOsvphEz6+oBMiQdAzY8NRCkMWPm/Q8e2XMsXo/KPpT+2ubFpBkq1POZyjuz7fKLk81xGbYF7aafxEf5cg==
ERJ3fZm8i4ZwJ4LEqZG2JFVV/HFKTCBvz4Awq+sryQKvRyhn6JFBYzjirOZW+R0=
h4djArbP08BW//nFNxG6yaq8QfK3gQKuwwE0RA1gU2UQg7lYduc9S1+OKd9ei04hhy/OuorKQPkL
XiB3l1SutGCrcqc2jgCICjsWMbAbr7AOkb/ShCzLxXgcTS1gmyBgcPN9qatJcDnfjoHQTfkE
MtLXIkBcDZj3s235J1Mv8XR0dnVa7dnteHk40JrfOj4cbId70ThgAg+Sj8ruWlBd8Lx6SRlPublfAAuRJKEFGJwt7UCbASCQc53pS0lQeX8OIRAt+WQ=
Pi9X0YPbv1C7ESLwif5oXOXH5OLn6pdnXGfA76xiakGWxLTKY9mx1txo1yT7GD4knIe4er4LWYHl86dWX2MU/+ki9MvJIrsvXLpr691ZWW51ZQYnFC/5ag==
LL/Wg/6VGLxrjde8sNzj8DK9mhWguSkKJp6khCpqJSK43J949y0GYafuu4MRDU9mzabsZFfAJLngxxCDc7lEfObDWdjWpx1LPk5JX/7LbiFnb246Kgog+Ws=
d3A8uBTPgKaWwhkgQ27DVraXqA9WLIiOj3JymN2wxXnsQc36iYsTCUV258LOTCUU7vkqE2Ir0d3u7GxH21BkM3fr1Br7l7yPpHFNi0wS2B4q+WE=
