ymY5iJqST2VziBe9Ta/xnFmHz+UkQV7k5jWwJxAMPiTMFfM+pdtDDhn2vHF0WeXl/NJBt2JAFq9vAJBryyuiws/HS6eIkiGiWGLMJjb5fQ==
OgVXghH9NVCIKyxpysYqsTh/PhK4I2L07B9dyWx5XoXxf5Ou1vjPsRkq1POZyju17/KLkM1xGrYE7aafxEf5cg==
CO29wgwjlo/PXQzt1OzFq5q4SQRuvWa3D4NZMI6eOciT1JdANx42o7m7iJALVSKpkTx66rDT7magHwJwRFOt3VSl3iE5E4OajgRv9fEm5CfhVvvR597bZFXN+rIsIdYLfBv5Vg==
BxAj33MLFedPrOTm8cDTRlOSURZFufdvIoru8MTRANy614f5W2p4c/Lwr/2YdvpD7UqdjibCDfrG6l8ibkn+NoT+xhd2v2GkbXfq5wuQFBNn68b5y9dvbzTyvSo80gh+GvlR
RHrq9oGTm0aYmLZ7/julXFOSURZFufdvIoru8MTRANyh14f5W2p4c/Lwr/2YdvpD7UqdjibCDfrG6l8ibkn+NoT+xhd2v2GkbXfq5wuQFBNn68b5y9dvbzTyvSo80gh+GvlR
2g/9oRZJiG7DdZ44iCoKaxzdj6AkHhOnoWC+MRQMPiL9W6kvq9YCZF38q2F4dKvt8ZtFtUJMAK9vAJBryyuowc/HS6eIkiGiWGLMJjb5fQ==
M/+/6DrsMawiiXkfNp3D/7KSqFRJcsSOg2c9j5PsmzK2EMyx09oMGAlboYzoCXEf7fM/WmFlyMPK5GZH21BkM3fr1xj7l7+PpHJNikwS2B4q+WE=
lkH/IlbSxGv1l++iSwI/SRoEduJws27G4P8CEITzLT0Uhd4BefMDOk5kbxWxhmRHIXb78Ca+W8QVLfrS7IFW6zw7+XY=
il0QbSkZsaEs4RweEP6y4BoEduJws27G4PsAHoTzLT0Uhd4BefMDOk5kbxWxhmRHIXb78Ca+W8QVLfrS7IFW6zw7+XY=
p9DHDZmWjOj5NJ+qQJYzpB+zeuFcYXO7qSFU1IL+N7/lO0xsmzyBLc3zQTied6XLxRyBf+U7BuLP/pZa4jo4+XM=
D/AhLl8bgQGQ1/rtDrl20qq8QfK3gQKuwwE0RA1gU2UQg7lYduc9S12MKd9di04ihy7OuorKQPkL
OFpNPddkKZ4cAcuP+GF3TzsWMbAbr7AOkb/ShCzLxXgcTS1gmyJicPN+qatKcDjfjoHQTfkE
BGarVst+f0Ts+ozkVrYwN3MkihrestfG7N+XeEcm1pvJg0goe+3CEeGE+lLAaw7e0KfCSDRrTeUknd4ZSStjov48r02BngSfke57b5VmNdwldTqKXBk2Mwwj+W4=
vkWtKNP/7iwFq13WXFBzZw0ZNZoQXZKAOzz7V0JI1ZhyiaDR5tunDz/A4IvbK7vi/4CYx3gSsQLoopzGRvkN
U8XI84AlzR+C9/a/oxCvtEIw+sV5QbnpEcppazMsPY0FO2bl92wn//bIYTAuWewpkjuzFzPw3KMPa2+KA/AUX+yyBbqkcsAuMvl5
XLuhIWvqTkrA6B0l42gLsEs0JipVZXloUeXtu1QXFbX8vudVPaTfPBZ6b4K2twtvj/yUIEAq+cWokHJhvXmXCVMa3XQs4bUMW054XETxMWcqfGATPi0IIflo
Ty+hXOJEQda7s31cz5C49QLEkLF+BBin6Gz+dVZGOT+1Uu49oNdBdkv8q3dySOW4oslQsXZbF69vAJBryyuqws/ASKeIkiGiWGLMJjb5fQ==
abaRgESQ7slXz1RIpQh10GaG33mUvFmaxatC0LzqOhfTNnCHxp2LGn1ZHE/aye278zVn8lev9q6hEB7dx6G/nqAmeFDFO2ji1pc18zvng1iJkjT7qRK7HD+KrFu96dreFNXGF3Qf+Vo=
H97a2PVppDMwZ8lbqp5F8SYc7x4Xj/aO4fCevQeBv75gRviwhRtowpZ3tZP7x4N4SfK0G+kyuz9/aiw7fcna/tS1Rvc0P/l6
QHKpK2Oi19tQ4z9DK6bew0s0JypVZXloUeXtu1QXFbX8vudVPaTfPBZ6b4K2twtvj/yUIEAq+cWokHJhvXmXCVMa3XQs4bUMW017XETxMWcqfGATPi0IIflo
MTJgEmd5KiZDmhGtk3h0LmaG33mUvFmaxatC0LzqOhfQNnCHxp2LGn1ZHE/aye278zVn8lev9q6hEB7dx6G/nqAmeFDFO2ji1pc18zvng1iJkjT7qRK7FD+KrFu96dreFNXGF3Qf+Vo=
LisEZdWjmSqZyXevxqCQpSYc7x4Xj/aO4fCevQeBv75gRviwhRtowpZ3tZP7x4N4SfK0G+kyuzx+aiw7fcna/tS1Rvc0P/l6
WyDoCI1ASZe/Sp/1aPV6XK+oi3NV1O31ZA8M4KuXdfIrFnaUU5CusQ91n4K4AigcLY/oXi7TRd8z8+OEUfakdwFm++AGjpy39b16QoxxFtscK/lm
9+ngE5d47Q7FI/RfdlYjGbLEdwX+735a3V3PTamHX0zxGUIfCZ3i06Q5TlsdBZ+vzxTzzZYAXbpGi3NTb8DsnLCWgXkoLArdTcXvNbMmpUjc3c0wm/UC4LRNSdvKwBgvzhFwHflU
VUT5PmsfA5CcvNE1n9UkNQLEkLF+BBin6Gz+dVZGOT+1Uu49oNdBdkv8q3dySOW4oslQsXZbF69vAJBryyuiwM/ASKeIkiGiWGLMJjb5fQ==
WYkkGMip3HAbrEgViDNg+a+3iSsCnfrkVl1J6Kmea/R/WzbSGZSusQ91n4K4AigcLY/oXi7TRd8z8+OEUfakdwFm++QBjpy39b16QoxxFtscK/lm
LYlA5Cp9vRnU9b03fHC7cSYc7x4Xj/aO4fCevQeBv75gRviwhRtowpZ3tZP7x4N4SfK0G+kyuzl5aiw7fcna/tS1Rvc0P/l6
Knm1EccW4YWYklfr7mrDqEs0JypVZXloUeXtu1QXFbX8vudVPaTfPBZ6b4K2twtvj/yUIEAq+cWokHJhvXmXCVMa3XQs4bUMW0t9XETxMWcqfGATPi0IIflo
j8a9krTNB5eGCk4xRGNNogLEkLF+BBin6Gz+dVZGOT+1Uu49oNdBdkv8q3dySOW4oslQsXZbF69vAJBryyusx8/ASKeIkiGiWGLMJjb5fQ==
nQPG9eDv1hvzDNh6SogUUg0ZNZoQXZKAOzz7V0JI1ZhziaDR5tunDz/A4IvbK7rm/4CYx3gSsQLoopzGRvkN
/D9EDzWRIN1BpT+aeFTw2kIw+sV5QbnpEcppazMsPY0FO2bl92wn//bIYTAvWewpkjuzFzPw3KMPa26OA/AUX+yyBbqkcsAuMvl5
15kHa8NTdSYx1bg1PpNc6ks0JipVZXloUeXtu1QXFbX8vudVPaTfPBZ6b4K2twtvj/yUIEAq+cWokHJgvXmXCVMa3XQs4bUMW098XETxMWcqfGATPi0IIflo
BaHRNyi2uJpNZgWMU9ih1gLEkLF+BBin6Gz+dVZGOT+1Uu49oNdBdkv8q3dySOW4o8lQsXZbF69vAJBryyuoxs/ASKeIkiGiWGLMJjb5fQ==
kAbzAw9+I3gw0CF+XUSYxbLEdwX+735a3V3PTamHX0zyGUIfCZ3i06Q5TlsdBZ+vzxTzzZYAXbpGi3NTb8DsnLCWgXkoLArcTcXvNbMmpUjc3c0wm/UE4LRNSdvKwBgvzhFwHflU
EPZF9k9R2s3YB13AdiRGMyYc7x4Xj/aO4fCevQeBv75gRviwhRtowpZ2tZP7x4N4SfK0G+kyuzV4aiw7fcna/tS1Rvc0P/l6
s9P3kT/uSed5u3xGLf1uAa+oi3NV1O31ZA8M4KuXdfIrFnaUU5CusQ91n4K4AigcLY/oXi7SRd8z8+OEUfakdwFm++kAjpy39b16QoxxFtscK/lm
lIJvcDl/bpsxytYLMGMqRgLEkLF+BBin6Gz+dVZGOT+1Uu49oNdBdkv8q3dySOW4o8lQsXZbF69vAJBryyurw8/BSKeIkiGiWGLMJjb5fQ==
SLlOI+Du7Sr/e9kGVQBrgT+Kk7lBAvfuggt2FGDJyKZng2sqMIH+Jx/KlYR1yyyIu4R9sY6NKKtJk7F4TleVy7f/0blWm5ZiP55GGtIaKPlj
4Az36m3YeS0CCS/LS/MVtLLEdwX+735a3V3PTamHXEzxGUIfCZ3i06Q5TlsdBZ+vzxTzzZYAXbpGi3NTb8DsnLCWgXkoLArcTcXvNbMmpUjc3c0wm/cA4LVNSdvKwBgvzhFwHflU
fVN4YM2nK91ndOgZPh2mGiYc7x4Xj/aO4fCevQeBv75gRviwhRtowpZ3tZP7x4N4SfK0G+kyuz1+ai07fcna/tS1Rvc0P/l6
TyJXv76h0AAED+BjKXWjoUhkIGaYwHucnVyM79le+ELaFnDi/Im0jc7X0qTxDVM9fHERmMHcDv1hxlt9naJSRSQ3BS5X7Mc/lsiBcE7ZTGmyO5NX03C8Y+9rTEqjcrSfjLLl+sTyYG4S+Vk=
o+q52orXg6P9Tr7v02S7ySYc7x4Xj/aO4fCevQeBv75gRviwhRtowpZ2tZP7x4N4SfK0G+kyuzV8ai47fcna/tS1Rvc0P/l6
IxTTZFAb1A9gMGhDEZKtVudandR2Ci8GnyA5Mi9YON1JNUu94XVNBDAPSFdeMHeV57jpwYf0d0ToUcem/dF7euQpcofT4uG0gXNQCEc8CYF6pWQLxTvlqFpPyQtoYkVrgvOagvP28upmYhT5Xw==
Ym+I9VKneQg/WZzEtQcxG+dandR2Ci8GnyA5Mi9YON1JNUu94XVNBDAPSFdeMHeV57jpwYf0d0ToUcem/dF7euQpcofT4uG0gXNQCEc8CYF6pWQLxTvlqFpPyQthYkVrgvOagvP28upmYhT5Xw==
II3BUVMYZ3HnkdaWDFyL+udandR2Ci8GnyA5Mi9YON1JNUu94XVNBDAPSVdeMHeV57jpwYf0d0ToUcem/dF7euQpcofT4uG0gXNQCEc8CYF6pWQLxTvlqFpPyQtsZkVsgvOagvP28upmYhT5Xw==
pdXadkR39oJ1EjWEXALFGuRandR2Ci8GnyA5Mi9YON1JNUu94XVNBDAPSFdeMHeV57jpwYf0d0ToUcem/dF7euQpcofT4uG0gXNQCEc8CYF6pWQLxTvlqFpPyQtqZUVsgvOagvP28upmYhT5Xw==
9ekUhYKUbrUPJ6yEfjJ0pAPkJ6MRMTHm/nsGgZawOqqrYH9Tm2PcB9vzQTied6XLzByBfOY7BuLP/pZa4jo4+XM=
bcA77dElm+bUnHpAI3suRgPkJKMRMTHm/nsGgZawOqqrYH9Tm2PcB9vzQTied6XLxBqBfOY7BuLP/pZa4jo4+XM=
TcFBKIgdPPEb+ekQS6HPOAPkJKMRMTHm/nsGgZawOqqrYH9Tm2PdB9vzQTied6XLwR6BfeY7BuLP/pZa4jo4+XM=
JyA0wBrotUPKs9ofmhr5UVpbZdVPFoKOe3noTERq1ZwBq+Wfo/elDz/A4IvbK7jg/4WYx3gSsQLoopzGRvkN
aL1/mA0J5DShgSPpvP5h1Lyt5opLicJyFCB6mgMv3hlyWKVz67d5wSIeWOffjYgVTig+JAoHPOiQnccKx2sxcFv8/mWX6f9GUA5YKNUzaPrm/lXL6y9DAPk6lAM5mjuHjWJK4+2hmgbk/eZvZBf5Qg==
+TO07S58cpUZ/ERuU0BUy+RandR2Ci8GnyA5Mi9YON1JNUu94XVNBDAPSVdeMHeV57jpwYf0d0ToUcem/dF7euQpcofT4uG0gXNQCEc8CYF6pWQLxTvlqFpPyQtgZkVugvOagvP28upmYhT5Xw==
75cwiP6J9UXA5tcPEhv9J+RandR2Ci8GnyA5Mi9YON1JNUu94XVNBDAPSldeMHeV57jpwYf0d0ToUcem/dF7euQpcofT4uG0gXNQCEc8CYF6pWQLxTvlqFpPyQtqZUVugvOagvP28upmYhT5Xw==
V0hSUZ8SbhvB+UUvJtP9T1pbZdVPFoKOe3noTERq1ZwBq+Wfo/elDz/A4IvbK7ng/4aYx3gSsQLoopzGRvkN
RkbdqiO3v5OIl4+PGv1R/uRzoUCNC7tl47YsL8zJXPT46mkktRtRNw5XCadrELRTh+viP6tWzC8U8t3qnFLoPjr5cQ==
JQTYEesyshjqIaAdZWBlGQPkJ6MRMTHm/nsGgZawOqqrYH9Tm2PcB9vzQTied6XLzBqBfuY7BuLP/pZa4jo4+XM=
r3FIesr9hFbNUUgCQ9F7EwPkJKMRMTHm/nsGgZawOqqrYH9Tm2PcB9vzQTied6XLwh+Bf+Y7BuLP/pZa4jo4+XM=
FQ+/M1FWVQfkEd3WL+eHltwGpKZDWOoIUWUvVyprsea5USvlXz7LNpueQC7kvqBebVZidpR33JLI0Opk2MjC5qm9J48+Eih18qSBRFU+yfuNwb7E2+AgCw8uROZEhz6Qmxx+hVcJ/6aQ7tjIFdNoGiYf1Ssrz0PgOdoU4/l6O2xMgsUDLUGa5iQdZo+k9/mi
OCP+IlpMt2cUYPTxg/wto1n952DWJtcexmuzM2/grDww9kFZKAzKvc1lrxWzRmWoXH0NUJsXQkA1LAk7yuDYj07xMD35dA==
GH0/XfY9t2PhhDb+WdC3yUs0JypVZXloUeXtu1QXFbX8vudVPaTfPBZ6b4K2twtvj/yUIEAq+cWokHJhvXmXCVMa3XQs4bUMW0t6XEXwMWcqfGATPi0IIflo
WB43C878eGlolOO9/IJNdiYc7x4Xj/aO4fCevQeBv75gRviwhRtowpZ3tZP7x4N4SfK0G+kyuzR/ai46fcna/tS1Rvc0P/l6
HKjBsbAm5P+zJzdqUw7WxrI1MSZVIXMaPJkKR8vy2VQJI7gIL+yA4UK1fEs9i71IUj9hiwdVTUzbAyLC6+aKSu4yPPl3
5GNSDpZfUZpORxq4End4WUs0JypVZXloUeXtu1QXFbX8vudVPaTfPBZ6b4K2twtvj/yUIEAq+cWokHJhvXmXCVMa3XQs4bUMW0h7XEDwMWcqfGATPi0IIflo
mmPDPUwiUsxTBYaLGXXmGyYc7x4Xj/aO4fCevQeBv75gRviwhRtowpZ3tZP7x4N4SfK0G+kyuzR/aig6fcna/tS1Rvc0P/l6
bpDApwygEynYqB7XqYmqCks0JypVZXloUeXtu1QXFbX8vudVPaTfPBZ6b4K2twtvj/yUIEAq+cWokHJhvXmXCVMa3XQs4bUMW0Z7XEDwMWcqfGATPi0IIflo
r7oWgvy/W9w3pI7TaRdsYjYingKK5Yikr//MeFYykouUgkooe7nXFu/TtlqJfA7Z373fSmhqCPQ9h+hWPjtlt+M7o0yBngSfke57b5RmOd4ldTqKXBk2Mwwj+W4=
LlJJ7kBO9l6oInXlUIxds1Um0YdsLwGGHV++oZPHgL1aYFSbsKkBNOEzsAgn/OgBGmVEC+X7RSj6j+kLi6Ml7WOz+oITtlJqxiI0+X8=
KhBcXxL720t3WnXweJF/S1pbZdVPFoKOe3noTERq1ZwBq+Wfo/elDz/A4IvbK73n/4aZx3gSsQLoopzGRvkN
r3Wu7zYVDWXNwFnwkU2L+APkJ6MRMTHm/nsGgZawOqqrYH9Tm2PcB9vzQTied6XLxx+Bf+c7BuLP/pZa4jo4+XM=
SplHWkGipegexuVqfBF21wPkJKMRMTHm/nsGgZawOqqrYH9Tm2PcB9vzQTied6XLwx6Bf+c7BuLP/pZa4jo4+XM=
CbRC9S6ftTp9td94x4o7chJNOsvMweeWMrVIZV+I2lBDPPFAUEntqFqpeIMpkW5/x6AIG0OrIndXJyF3MNL50rBC9DY++XU=
xIIlmYRu/D7YmCjUAEs5fxxVMZURW5KdOzz7V0JI1ZhyiaDR5tunDz/A4IvbK7nn/4mZx3gSsQLoopzGRvkN
hz1+fo9GpfPkYlcgAbRkPOjmkBegqF5e4itBR3E9JI6U2MMpHd+tzul68NRu8wd44xg7C6+gRqeS8IJ4IIAbaryFEQuPNMbsT/oLNHXDu/QJaBgDdAdPMKqm08jMWJv1kTJ/+tYvO2dPdGQ4YJJpjajY4tmdYWeBkxLt7EyZpUTbgmukpG8Bb2r0EAselZjp+aA=
T4JrFNY9nPRII6WDQQPRx1Um0YdsLwGGHV++oZPHgL1aYFSbsKkBNOEzsAgn/OgBGmVEC+X7RSj6j+kLjaQl6GSz+oITtlJqxiI0+X8=
AdchHwI+upta4CtcfpQ3lRxVMZURW5KdOzz7V0JI1ZhyiaDR5tunDz/A4IvbK7jm/4Cex3gSsQLoopzGRvkN
s4bnJgdu4tpbLfoV0jJ3QiHXg++VBUYICl4t36Nn7am1Xj8qgNwocu8EGThKVIiBzJjMzpJ29O4iHH1zb81CRJjfFloZ9tm4SWE5b1YmB1ZwQUtwfDSoYR6qjxJ2h2sfD0y00IC6WZWowNLxfYm3udNqvUTscVXcWxoZzAfH0ZeqzEBjfr2o8fm4
ARuppkGUO80CtYHe24nFxJtYPfnBkp/n8NvEmPrBiRf8xw71l6NRPTukzUYfwCEz676NTs6E5Z5lPpcKeZKp5/DrRPTbYDK04UWHl/+JpPOcgh8hORhceXtwNbZWDr/1cVKuveDXgfaL/Ov3MkglOGLJEDE2W9cvrwDQ64srY0GPww4nSJLhIhhijKb2+b0=
fhqZpKpgw6oKyPmbpUY68Es0JypVZXloUeXtu1QXFbX8vudVPaTfPBZ6b4K2twtvj/yUIEAq+cWokHJhvXmXCVMa3XQs4bUMW0x6XEf3MWcqfGATPi0IIflo
ssxobanpYqWm9B/jJDrAyCYc7x4Xj/aO4fCevQeBv75gRviwhRtowpZ3tZP7x4N4SfK0G+kyuzh+ai89fcna/tS1Rvc0P/l6
FNVyGTiBR8Ozui4SVXp2C0s0JypVZXloUeXtu1QXFbX8vudVPaTfPBZ6b4K2twtvj/yUIEAq+cWokHJhvXmXCVMa3XQs4bUMW0p6XEf3MWcqfGATPi0IIflo
BzztCS9DT1i/9CKrOH/AyjYingKK5Yikr//MeFYykouUgkooe7nXFu/TtlqJfA7Z373fSmhqCPQ9h+hWPjtlt+M7o0yBngSfke57YZFmP9kldTqKXBk2Mwwj+W4=
9Nyl2Di3uG6DKxmGYZ3d0FpbZdVPFoKOe3noTERq1ZwBq+Wfo/elDz/A4IvbK7zg/4Wex3gSsQLoopzGRvkN
vowoaWImAr8LLIlvCoA0LAPkJ6MRMTHm/nsGgZawOqqrYH9Tm2PcB9vzQTied6XLxx+BfuA7BuLP/pZa4jo4+XM=
0Hg070azM60WAOO86ag5UyYc7x4Xj/aO4fCevQeBv75gRviwhRtowpZ3tZP7x4N4SfK0G+kyuzl/ais9fcna/tS1Rvc0P/l6
HzWTQoBO4M5IpOKcwinCHCjp7c5+946w5ezD5LftBvA6vfvrZfbtcA8dRYNnZTpzW4RiyofU0YRj8ccsCp+KA780eeedbW3BEEEpSTdmUkjcrdWSsaXByFuR+KEdEZv6BOmShzMiQTQhs3AIZ3yoAdrlBAule4UoOg+pC0Ek5e8kM7qC0zYSaoai9Pm/
lmeWBKlLgoBaHFLUDTpv8ujmkBegqF5e4itBR3E9JI6U2MMpHd+tzul68NRu8wd44xg7C6+gRqeS8IJ4IIAbaryFEQuPNMbsT/oLNHXDu/QJaBgDdAdPMKqm08jMWJv1kTJ/+tYvO2dPdGQ4YJJpjajY4tmdYWeBkxLt7EyZpUTbhmyko28Bb2r0EAselZjp+aA=
eTZDfaSe/qz6mifFA1SlieYoJypVIXMaPJkKR8vy2VQJI7gIL+yA4UK1fEs9i71IUj9hiwdSTU/cAyLC6+aKSu4yPPl3
sGAyo898GhTPmF8zKpN1aVUm0YdsLwGGHV++oZPHgL1aYFSbsKkBNOEzsAgn/OgBGmVEC+X7RSj6j+kLi6cl4GSz+oITtlJqxiI0+X8=
G7Qysy/wwSFqPORxVn8FCBxVMZURW5KdOzz7V0JI1ZhyiaDR5tunDz/A4IvbK7Ph/4Cfx3gSsQLoopzGRvkN
XperZ/mFfD2k3yn56G6q9Sjp7c5+946w5ezD5LftBvM6vfvrZfbtcA8dRYNnZTpzW4RiyofU0YRj8ccsCp+KA780eeedbW3BEEEpSTdmUkjcrdWSsaXByFuR+KEdEZv6BOmShzMiQTQhs3AIZ3yoAdrlBAule4UoOg+pC0kj5eklM7qC0zYSaoai9Pm/
Vror9YoB9jZ+B0qHJQDnACHXg++VBUYICl4t36Nn7aq1Xj8qgNwocu8EGThKVIiBzJjMzpJ29O4iHH1zb81CRJjfFloZ9tm4SWE5b1YmB1ZwQUtwfDSoYR6qjxJ2h2sfD0y00IC6WZWowNLxfYm3udNqvUTscVXcWx0ZzAbG0ZeqzEBjfr2o8fm4
LFFZN7mlPhLjISpmHxd835tYPfnBkp/n8NvEmPrBiRf8xw71l6NRPTukzUYfwCEz676NTs6E5Z5lPpcKeZKp5/DrRPTbYDK04UWHl/+JpPOcgh8hORhceXtwNbZWDr/1cVKuveDXgfaL/Ov3MkglOGLJEDE2W9cvrwDQ64srbkKPwg8nSJLhIhhijKb2+b0=
Di5lWTUDJB7u6KuHCdwqM0s0JypVZXloUeXtu1QXFbX8vudVPaTfPBZ6b4K2twtvj/yUIEAq+cWokHJhvXmXCVMa3XQs4bUMW0p7XEb2MWcqfGATPi0IIflo
HRPqKokWm1uxYQNqtRiODSYc7x4Xj/aO4fCevQeBv75gRviwhRtowpZ3tZP7x4N4SfK0G+kyuzp/ai48fcna/tS1Rvc0P/l6
D1uxwKvetcUxOLPtAjDrIUs0JypVZXloUeXtu1QXFbX8vudVPaTfPBZ6b4K2twtvj/yUIEAq+cWokHJhvXmXCVMa3XQs4bUMW0h7XEb2MWcqfGATPi0IIflo
7Ld+dctlHp6XTWJR1zGKSzYingKK5Yikr//MeFYykouUgkooe7nXFu/TtlqJfA7Z373fSmhqCPQ9h+hWPjtlt+M7o0yBngSfke57bpZmPtgldTqKXBk2Mwwj+W4=
VmvSx5GB4RF9q1uLWlqcDQPkJKMRMTHm/nsGgZawOqqrYH9Tm2PcB9vzQTied6XLwR+Be+E7BuLP/pZa4jo4+XM=
W+sRXV4h1PMNwxzJq5J4ocy6MFdvx9GoOAcR0uWvNXT9ngBweh21Fq4c25KdWiEU4V+henBC4DT5CI/FrCvtiAIfUYvwM52MjeOyQluGegreEiz5Zw==
iGezJ5EmnQ3qbzTjS6hWbjY8NRCkMWPm/Q8e2XMsXo/KPpT+2ubFpBkq1POZyju16fKIlM1xGrYE7aafxEf5cg==
JntftvSFFD54FzEbLhM3ZMy6MFdvx9GoOAcR0uWvNXT9ngBweh21Fq4c25KdWiEU4V+henBC4DT5CI/FrCvtiAIfUYvwMp2MjeOyQluGegreEiz5Zw==
gNXrgYhDIwYmsG1Nhl+1bzY8NRCkMWPm/Q8e2XMsXo/KPpT+2ubFpBkq1POZyju16PKIlM1xGrYE7aafxEf5cg==
QFtGQYryvf7aKf2eC6n4dbKSqFRJcsSOg2c9j5PsmzK2EMyx09oMGAlboYzoCXEf7fM/WmFlyMPK5GZH21BkM3fr0B77lLuPpHJNikwS2B4q+WE=
QXmNbwH47dE6/IzONNx+MxoEduJws27G4P8CEITzLT0Uhd4BefMDOk5kbxWxhmRHIXb79yC+WMAVLfrS7IFW6zw7+XY=
xj3r3XfGprs4td1qsforGxoEduJws27G4PsAHoTzLT0Uhd4BefMDOk5kbxWxhmRHIXb79yC+WMAVLfrS7IFW6zw7+XY=
r7VBhN7zxxDYiiT3xSqXmGeY23SGvlzbkusFgOa+Tk2ReQ6Rx/DpAyMNTwyQi/26/Gdy8wPJq7upe1mE06qkiOcGPR7UMU6ngMIjtiT8hUaJkjT7qRK7GziKqFy96dreFNXGF3Qf+Vo=
lrz/6nKbqgVDX3fN+sXsd7q1soOfC+Kzia8nH6JGKBUI272TsjFRbTbx9uvAm3fLllCZEFGGz7zUsgMoZUwY947t1BzLFFhKFdwNHIwJBXTbscw04B5hP+qkMDveBXgZ+VA=
gEotWg9Wpt5XxYtRQrgN2+Pzo8be2KqMGzDejtfN4kXFxy09OnYds53a6gcrcV8YaKbd3tS7gsdbhet/YccJ0GtGRCyPmo3qTL3OIwg+syJcUCWiIc5ET3Hee19wtniIhYW6+vzJ9mNsE/le
52HIiMhSwwrIIhEBSe/+HWeY23SGvlzbkusFgOa+Tk2ReQ6RxvDpAyMNTwyQi/26/Gdy8wPJq7upe1mF06qkiOcGPR7UMU6ngMIjtiT8hUaJkjT7qRK7GziKqFy96dreFNXGF3Qf+Vo=
ZDBxM4X6asopdmNpjev0kB+zeuFcYXO7qSFU1IL+N7/lO0xsmzyBLc3zQTied6XLwhqBfOE7BuLP/pZa4jo4+XM=
VNAVTqWgDKYtCszGLAx3swPkJ6MRMTHm/nsGgZawOqqrYH9Tm2PcB9vzQTied6XLwR2BfeE7BuLP/pZa4jo4+XM=
1aYaTMSucyKtU8Za8YhhawPkJKMRMTHm/nsGgZawOqqrYH9Tm2PcB9vzQTied6XLwhyBfeE7BuLP/pZa4jo4+XM=
tc4EaNCqXWk+hwp/iGvCZnS99hinrHffxshREP8ZPEkCu0N3w7Aswx9rdq4ztaP/XDKVGvSykM5C+Qk=
u34Rb3aIWjlE2d+BviON8BxVMZURW5KdOzz7V0JI1ZhziaDR5tunDz/A4IvbK7nj/4afx3gSsQLoopzGRvkN
6FvWYE5QZN5UZCLYp+hnrmeoqGVa9bQW1tHovVmCaDphMjFo8AYN7Nyl3y2BWJ1QFLj3nUF7CQlSHFpaCS0fKBrV7ehT+iBuyfkXCvgRZmcnOl3k7RvEiNPU5VHG/RBr0QP5WLZn/UscD+nQGQsOIkeujrpKSgD5Sw==
eAc1/tCJvNmY4KTTPXs0U0s0JipVZXloUeXtu1QXFbX8vudVPaTfPBZ6b4K2twtvj/yUIEAq+cWokHJgvXmXCVMa3XQs4bUMW0h5XEz2MWcqfGATPi0IIflo
F7MVxi6k8+GK0RxUQsXzLjYingKK5oikr//MeFYykouUgkooe7nXFu/TtlqJfA7Z373fSmhqCPQ9h+hWPjplt+M7o0yBngSfke57YJRmNNgldTqKXBk2Mwwj+W4=
r0V2oWcTdjuJ7NILeVMjzVpbZdVPFoKOe3noTERq1ZwBq+Wfo/elDz/A4IvbK7Pg/4ifx3gSsQLoopzGRvkN
J7krC/3l0dYPb8arTGBuBmeY23SGvlzbkusFgOa+Tk2ReQ6RxvDpAyMNTwyQi/26/Gdy8wPJq7upe1mF06qkiOcGPR7UMU6ngMIjtiT8hUaJkjT7qRK7Hj2KpVy96dreFNXGF3Qf+Vo=
gB7a2Y9n3cQogT24rh6zoiubhgbvrGDD3/8VCqoOL1IasUN3w7Aswx9rfaszuaP/XDKVGvSykM5C+Qk=
+XmH1BB6lANIXS+tFunGiGjhotZKJTvC8T0Nr8JAMB0YRGvJx9X1Vhjm2J+JCl+evAvCer4fXjG5mhSjebo7o83CxUStgZompF1mzyQ3+WI=
W253U/b5pisZ/sbLupuPDuPzo8be2KqMGzDejtfN4kXFxy09O3Yds53a6gcrcV8YaKfd3tS7gsdbhet/YccJ0WtGRCyPmo3qTL3OJwEptCJcUCWiIc5ET3Hee1t0tnWIhYW6+vzJ9mNsE/le
d5c4kfepFUCt7Vdgrd27QhQ2v/WeT6Ihi0OfDeY5sfgUDI2Ev5weiaN0FZG23+fhgCPpmCbHLUtJa3kRCWveovfOvnr6KjD5ew==
5XyumZJw0Lotsz3xhCxE0uPzo8be2KqMGzDejtfN4kXFxy09OnYds53a6gcrcV8YaKbd3tS7gsdbhet/YccJ0GtGRCyPmo3qTL3OIwg+syJcUCWiIc5ET3Hee1pxtn2NhYK6+vzJ9mNsE/le
KwTxRcHSO6bDqZYCRoVMilgHMo0MXeGeczzsS1t/kYImnrPK/tGnDz/A4IvbK7nn/4Gax38SsQLoopzGRvkN
3+UchBxzU7Tr3hs7UBDY+QYlujhnjOWE7bmWuUHek41oDvinmQJfhowjooLu155pSfK0G+kyuzR5ai05fc7a/tS1Rvc0P/l6
uodd1RhBQa+7kH9tC4SIjGeY23SGvlzbkusFgOa+Tk2ReQ6RxvDpAyMNTwyQiv26/Gdy8wPJq7upe1mE06qkiOcGPR7UMU6jidUktiT8hUaJkjT7qRK7GDiKrVm97treFNXGF3Qf+Vo=
U6qRUuTtzfGqjMNsQYi3lSYc7x4Xj/aO4fCevQeBv75gRviwhRtowpZ2tZP7x4N4SfK0G+kyuzp+ai85fc7a/tS1Rvc0P/l6
3mIxYd5SI+tGAuRxRB+VEpc1IO1iFwf0dGjdqgpDo01DYzkk9AdSAmhiJLU4Otz1h8Q5jF5iqOVSFEGUtc7J667x/pS7kKCbr56ENqR3PoC7LD7VN3l/NjBeGBj1I2gKBi6Ve0u/w3CZatQzGYo7cW6yiFFNNhp2hK2mX0QH+bI=
Ip8HmMw7SzURQU5Mf6fQOrI1MSZVIXMaPJkKR8vy2VQJI7gIL+yB4UK1fEs9i71IUj9hiwNTTUzYAyXC6+aKSu4yPPl3
CBM1kY/oZhwlL0eAtwzycUs0JipVZXloUeXtu1QXFbX8vudVPaTfPBZ6b4K2twtvj/yUIEAq+cWokHJgvXmXCVMa3XQs4bUMW0x9XEDzMWAqfGATPi0IIflo
bYUMcBgotdjmVRKeN2mzMSYc7x4Xj/aO4fCevQeBv75gRviwhRtowpZ2tZP7x4N4SfK0G+kyuz95aig5fc7a/tS1Rvc0P/l6
BzrTL221OoD9M3CAD9EnD0s0JypVZXloUeXtu1QXFbX8vudVPaTfPBZ6b4K2twtvj/yUIEAq+cWokHJgvXmXCVMa3XQs4bUMW019XEDzMWAqfGATPi0IIflo
iLbRwSf9tV7l+7TKx4ec+DYingKK5oikr//MeFYykouUgkooe7nXFu/TtlqJfA7Z373fSmhqCPQ9h+hWPjplt+M7o0yBngSfke57bpBmON0lcjqKXBk2Mwwj+W4=
yNGKaPF4GN9ptsp6VHiakSYc7x4Xj/aO4fCevQeBv75gRviwhRtowpZ2tZP7x4N4SfK0G+kyuzx9aik5fc7a/tS1Rvc0P/l6
ISFOpsfj15L/1p3Rk4NeSScHtwxYxKzIq/SevQeBv75gRviwhRtowpZ2tZP7x4N4SfK0G+kyuzl9aik5fc7a/tS1Rvc0P/l6
VcFruzlxnzkgTzaZxADDdeYoJypVIXMaPJkKR8vy2VQJI7gIL+yB4UK1fEs9i71IUj9hiwFWTU3YAyXC6+aKSu4yPPl3
MKriPIg276MAgm1PF7z5clUm0YdsLwGGHV++oZPHgL1aYFSbsKkBNOEzsAgn/OkBGmVEC+X7RSj6j+kLjKYl7WCz/YITtlJqxiI0+X8=
mX9lNqcj1HcfaNLxPAV3jlpbZdVPFoKOe3noTERq1ZwBq+Wfo/elDz/A4IvbK7Lh/4aax38SsQLoopzGRvkN
j7hid0HZ/4+Eu2k0AOLPx7KSqFRJcsSOg2c9j5PsmzK2EMyx09oMGAlboYzoCXEf7fM/WmFlyMPK5GZH21BkM3fr0R/7l76Po3JNikwS2B4q+WE=
F0FF5qvgfcHOO+TwAlaDRhoEduJws27G4P8CEITzLT0Uhd4BefMDOk5kbxWxhmRHIXb79iG+W8UVKvrS7IFW6zw7+XY=
ilaIIBbDdi5JqV0wa3iB6xoEduJws27G4PsAHoTzLT0Uhd4BefMDOk5kbxWxhmRHIXb79iG+W8UVKvrS7IFW6zw7+XY=
V+a3PGU1tgqyNrrd1XP59+Pzo8be2KqMGzDejtfN4kXFxy09O3Yds53a6gcrcV8YaKfd3tS7gsdbhet/YccJ0WtGRCyPmo3qTL3OIwg+syJcUCWiIc5ET3Hee15xtnuNhYK6+vzJ9mNsE/le
pn0SmFa6mR/Dmy06KFmj1GeY23SGvlzbkusFgOa+Tk2ReQ6RxvDpAyMNTwyQiv26/Gdy8wPJq7upe1mE06qkiOcGPR7UMU6ngMIjtiT8hUaJkjT7qRK7GjmKq1m97treFNXGF3Qf+Vo=
/h9xGQp2Uz4Lw8K9fGLMCLq1soOfC+Kzia8nH6JGKBUI272TsjFRbTbx9uvAm3fLllCZEFGGz7zUsgMoZUwY947t1BzLFFhKFdwNHIwJBXTbsM004xthOOqkMDveBXgZ+VA=
4QC7+y90ThQz1VX7y7BzSWeY23SGvlzbkusFgOa+Tk2ReQ6Rx/DpAyMNTwyQi/26/Gdy8wPJq7upe1mE06qkiOcGPR7UMU6ngMIjtiT8hUaJkjT7qRK7GjmKq1m97treFNXGF3Qf+Vo=
Y2p+Ym4kjrPqO2Alz0py1B+zeuFcYXO7qSFU1IL+N7/lO0xsmzyBLc3zQTied6XLwxuBf+Q7AeLP/pZa4jo4+XM=
Bp0Srsy9lpiK2VEtwSK/zHS99hinrHffxshREP4ZPEkCu0N3w7Aswx9req4zt6b/WzKVGvSykM5C+Qk=
CJxBCkk+Ooks3lifPbEt2xxVMZURW5KdOzz7V0JI1ZhyiaDR5tunDz/A4IvbK7Pm/4eax38SsQLoopzGRvkN
U8Reu+kOJQYMTrmcz0eRluYoJypVIXMaPJkKR8vy2VQJI7gIL+yA4UK1fEs9i71IUj9hiwlXTUDYAyXC6+aKSu4yPPl3
3wjX5x096wzOaWjkFMQJ0g42/cp6XL+wVsFycDowKcMCK2bl92wn//bIYTAuWewpkjuzFzPw3KMPa2uKA/gWX+uyBbqkcsAuMvl5
FXMAOR+BSmdfxoeebjA6CxxVMZURW5KdOzz7V0JI1ZhyiaDR5tunDz/A4IvbK7Li/4max38SsQLoopzGRvkN
JXuzdMn+1aCHSQGqDbvCwUNO7IujkRBUnKYnRWQ8Og7iCe1HWzs/CSY83r+Nm2Uq64f5TEAsPompPrhgFdYivavkwPAgHmWcqIo/JH/o7AY/2DUjFKzb1uWvU4nIrMTCED47fdq08K0sAM9xJFPP1aGSHt1wV3FW27zbFyJINVhSCcCRRttHzx9AgMt7K1oh3wn6h98SUcLIIvyG5vmt
6x+KHjI/TMIfyGrgZxOZorgSXhWc37aAChT1y/qDl9kx+nweAXEhhVc7r2qbX/bRJXGO7yjsZcrmfY9PGCNt7kBgNc6aabMPbAh/+6z9JcjATKkXGCHolVtXjAESg77qOM7VCE9g2UdSfGM4aF4R295wc6EsKf4kDVEyejhR/kPnqGOiqu3j/w0OTblYceXGS4z/IFyhMgmzSHduAy5HZqYzA/uvKFzkEE5R0SiE2gXtvV/dc47V8DwFnVgbG9O43fe5dIqoqNduSSC1+fw=
l4sjHS9EspuobX2Fm5DYPCv11ROZ+rJebXpLNN5cFxgabY/u5aBsdn5zptIS6df/MSlfauAhjqePqiVEJevciMukrPE+bbgruTPhuH43hcuk3SHxBHsh4q8+NtoCehj5Uw==
AScTR31BMGKQ41SY04lpuD5+d25boY6ndn8jlsXPOzMGeYAxgzY3Tgbb08PvUAxM8KZhSSgc6u0NFQ+lM7YFGJwt7UCbAyOQfZ/pTEpQeH8OIRAt+WQ=
3cHfoF4leU/mlGtbMvmto/bnnz7zOxWATILVcbaoaBnRtkJmrjkc0XtiQ9XJQy0PAkL6Qfd4q33kREpfdxCEnwtWjnDGmrSh5hov765KfCPumZ19wkNGlVgfLY2ETj4/3+d1fS/GzWOflQJ+SEuaJYoK+c3oqi1eEXTkJOdvu6FhTEzn+IcUGc4vPk/Myz6fL9b4L5NYXj4A+bQotb6NEL1brA7sziGQ/FVBV4qAQt91QKVNH0btgTn4f/TYPHM1e81kOsgfPNjy++gbwahOPww7QsrIY2Z0xhVTZWqWKIIL2tcGs18+7Te91FaGmDN0H/gjZDMA7qEvxR8ymBLojM3/6C7OQ4XPE0NjNHHm5OdhlvsUZh7VpdUK+vKsYdZL/Fv5Fg==
fRBIuWa1agH2JqEoMQbnSVJD+fdLG7a3s4vZ/CTPkrjYyoQtqLJcjfesWdQOKujdYjxhjKXGyRNeGR5Ma1hgIx82JK40/774y0RejWcxPw4AdjgA5Sto8vbHdaObdwPIKcJ0q4kCuw8c2uwIHX5aTrSFhkdUD/lK
BhCfhfAGrCv/TKfK/kM/Bpc1IO1iFwf0dGjdqgpDo01DYzkk9AdSAmhiJLU4Otz1h8Q5jF5iqOVSFEGUtc7J667x/pS7kKCbr56ENqR3PoC7LD7VN3l/NjBeGBj1I2gKBi+Ve0u/w3CZatQzGYo7d22yjVBNNhp2hK2mX0QH+bI=
G4nkEQqeKSFBqyVqX3NMLa+oi3NV1O31ZA8M4KuXdfIrFnaUU5CusQ91n4K4AigcLY/oXi7TRd8z8+OEUfakdwFm++YFjp209bp6QoxxFtscK/lm
A2dGjJTW+DS7mCz922fa1TYingKK5oikr//MeFYykouUgkooe7nXFu/TtlqJfA7Z373fSmhqCPQ9h+hWPjtlt+M7o0yBngSfke57bZdmPdwlcjqKXBk2Mwwj+W4=
mMONAdaDPwvWZ46n2REDeVpbZdVPFoKOe3noTERq1ZwBq+Wfo/elDz/A4IvbK7jh/4Kbx38SsQLoopzGRvkN
tGBh4TARJMYs4qok72yVygPkJKMRMTHm/nsGgZawOqqrYH9Tm2PcB9vzQTied6XLwxyBeuU7AeLP/pZa4jo4+XM=
32ZSkRZcZCIQs7F6uGZ7DxmnMnvwy+1DKyCi86NCFxuvnEf64tAY+Q9+dKipQi8u+9ybm2M6soaa/CN8vRXeHzfgOPszqxVWp2KT10dSaXJgAiQWLvll
sbqH9DssGVa5GAxTLjFfbDY8NRCkMWPm/Q8e2XMsXo/KPpT+2ubFpBkq1POZyjuy6PKOkM12GrYE7aafxEf5cg==
LPNVvk6Yoyuu84VJCQ/ArKq8QfK3gQKuwwE0RA1gU2UQg7lYduc9S1uKKdpdi0kihy7OuorKQPkL
ju60hj6Ao4OUFSvoKJufgTsWMbAbr7AOkb/ShCzLxXgcTS1gmyRkcPZ+qaxKcDjfjoHQTfkE
rpSWUT4AivSOfXPzNtpILWeY23SGvlzbkusFgOa+Tk2ReQ6RxvDpAyMNTwyQi/26/Gdy8wPJq7upe1mF06qkiOcGPR7UMU6ngMIjtiT8hUaJkjT7qRK7FTiKrli97treFNXGF3Qf+Vo=
e8G3se48iLJ599O/+RUE6SubhgbvrGDD3/8VCqoOL1IasUN3w7Aswx9rdq4zsqf/WzKVGvSykM5C+Qk=
x8WoTlxepRnyvmtRkFv+UGjhotZKJTvC8T0Nr8JAMB0YRGvJx9X1Vhjm2J+JCl+evAvCer4fXjG5mhSjebo7oM3Cz0CthpompF1mzyQ3+WI=
17XXY3xMS2vYnsyPieZCz+Pzo8be2KqMGzDejtfN4kXFxy09O3Yds53a6gcrcV8YaKfd3tS7gsdbhet/YccJ0WtGRCyPmo3qTL3OJwEptCJcUCWiIc5ET3Hee1l0tn+MhYK6+vzJ9mNsE/le
kV72eRohYCzglOkIbStN0lpbZdVPFoKOe3noTERq1ZwBq+Wfo/elDz/A4IvbK7jn/4Sbx38SsQLoopzGRvkN
cP9FbK8xKp5DnQPe0QUmhRQ2v/WeT6Ihi0OfDeY5sfgUDI2Ev5weiaN0FZG23+fhgCPpmCbHLUtObnkdDWvZovfOvnr6KjD5ew==
uQuNw1O/y5kX+YB3AAoh1BQ2vPWeT6Ihi0OfDeY5sfgUDI2Ev5weiaN0FZG23+fhgCPpmCbHLUtLa3kdDWvZovfOvnr6KjD5ew==
EIPA9qXNHBgVK7dtvsB81fbD+K+ovIYsE2bc6alqekDNmuiUKJPgx5cyki+CUGoIyN64eLkCGp34t+BIRlQN6eki9MvJIrssXrpo6t1eWm50ZQYnFC/5ag==
8Xj0R8XqlhH+ASTN8pDjfzY8NRCkMWPm/Q8e2XMsXo/KPpT+2ubFpBkq1POZyju07vKIks12GrYE7aafxEf5cg==
uc77tiQE8TI/yVd8W/aPQ6q8QfK3gQKuwwE0RA1gU2UQg7lYduc9S12MKdxfi0kihy7OuorKQPkL
xCgfVlgVNOblJpGFtKnNMDsWMbAbr7AOkb/ShCzLxXgcTS1gmyJicPB8qaxKcDjfjoHQTfkE
mYXW2wzNC87Bg30+TbMx7lVV/HFKTCBvz4Awq+srwgCvRCln75JBYjjirOZW+R0=
icx0RUk/qORE9M6AMMSNVKq8QfK3gQKuwwE0RA1gU2UQg7lYduc9S1SMKdxfi0kihy7OuorKQPkL
kz3qqxXGQap/wmr6udtfiDsWMbAbr7AOkb/ShCzLxXgcTS1gmyJlcPB8qaxKcDjfjoHQTfkE
uM3KbrTTaSg2WLT9j3KJQXR0dnVa7dnteHk40JrfOj4cbId70ThgAg+Sj8ruWlBd8Lx6SRlPublfAAuRJKEFGJwt7UCbAiWQcJzpTEpQeH8OIRAt+WQ=
Kr4WEsSoowSGv3nZSOSJBeXH5OLn6pdnXGfA76xiakGWxLTKY9mx1txo1yT7GD4knIe4er4LWYHl86dWX2MU/+ki9MvJIrssWbpo6t1eWm50ZQYnFC/5ag==
ITABesaIF2nWowQMc3p1UTK9mhWguSkKJp6khCpqJSK43J949y0GYafuu4MRDU9mzabsZFfAJLngxxCDc7lEfObDWdjWpx1LPUtJXP/LaSJnbm46Kgog+Ws=
cQyDFoRxXBeBgf0ALkYQYLaXqA9WLIiOj3JymN2wxXnsQc36iYsTCUV258LOTCUU7vkqE2Ir0d3u7GxH21BkM3fr1x/7lL2Po3JNikwS2B4q+WE=
