VUKBVNQfk3M/B/BKi0reM1mHz+UkQV7k5jWwJxAMPiTMFfM+pdtDDhn2vHF0WeXl/NJBt2JAFq9vAJBryyupw8/FS6eOkiGrW2LMJjb5fQ==
QFcGpSyzUribwzYJ06zj0jh/PhK4I2L07B9dyWx5XoXxf5Ou1vjPsRkq1POZyjux7fKJkM13GrYN7qafxEf5cg==
JpAWUHl0+/txJhIhHQcEoMy6MFdtycHkAQIV16vjVnT9nhBwGR21Arp03+uEQF5Rt1OrM3kWpz3+D5zUsCvtiAIfUYv0N52NieO0QluPeQreEiz5Zw==
1wEsIoz770YWIG18IKCTlhoEduJws27G4P8CEITzLT0Uhd4BefMDOk5kbxWxhmRHIXb79SW+WcQVK/rS5YJW6zw7+XY=
UeXZDlMSSTkc1y4X84R9ABoEduJws27G4PsAHoTzLT0Uhd4BefMDOk5kbxWxhmRHIXb79SW+WcQVK/rS5YJW6zw7+XY=
Zi6gesqg6sZ/8CYJMC5JCh+zeuFcYXO7qSFU1IL+N7/lO0xsmzyBLc3zQTied6XLwB+BfeU7AOLP95Va4jo4+XM=
olVinsjiAT2IEVprpMvaCqq8QfK3gQKuwwE0RA1gU2UQg7lYduc9S1iPKd1di0gihyfNuorKQPkL
pNXlwzpSpONMqtmBT47+IDsWMbAbr7AOkb/ShCzLxXgcTS1gmydhcPF+qa1KcDHcjoHQTfkE
p9lox3nnhAzADPyQc63M5Jq4SQRuvWa3D4NZMI6eOciT1JdANx42o7m7iJALVSKpkTx66rDT7magHwJwRFOt3VSl3iE5E4OajgRv9fEm5CfhVvvV5d7ZZFXL+rIlItYLfBv5Vg==
jHgUvtvAsUeLo17oY+rPUVOSURZFufdvIoru8MTRANy614f5W2p4c/Lwr/2YdvpD7UqdjibCDfrG6l8ibkn+NoT+xhd2v2GkbXfq5wuQFBNn68L7y9VvbzLyvSM/0gh+GvlR
oregdG09A5betVv743jgkVOSURZFufdvIoru8MTRANyh14f5W2p4c/Lwr/2YdvpD7UqdjibCDfrG6l8ibkn+NoT+xhd2v2GkbXfq5wuQFBNn68L7y9VvbzLyvSM/0gh+GvlR
WfpCw7LvuI1HXfdwSmm0hhzdj6AkHhOnoWC+MRQMPiL9W6kvq9YCZF38q2F4dKvt8ZtFtUJMAK9vAJBryyutw8/FS6eOkiGrW2LMJjb5fQ==
0pjBIFbdMz2O8C/PUsYl7A0ZNZoQXZKAOzz7V0JI1ZhyiaDR5tunDz/A4IvbK7jn/4Wbx34SsQvropzGRvkN
93ZAbokoJke8R+W3dB4DvUIw+sV5QbnpEcppazMsPY0FO2bl92wn//bIYTAuWewpkjuzFzPw3KMPa2yPA/UXX+qyBbOncsAuMvl5
aNqcBP89PmeWmHVXsdUAfUs0JipVZXloUeXtu1QXFbX8vudVPaTfPBZ6b4K2twtvj/yUIEAq+cWokHJhvXmXCVMa3XQs4bUMW019XEHyMWEqfGkQPi0IIflo
O9XAraWak55xFiiKoYebtWaG33mUvFmaxatC0LzqORfWNnCHxp2LGn1ZHE/aye278zVn8lev9q6hEB7dx6G/nqAmeFDFO2ji1pc18zvng1iJkjT7qRK7GTiKqVi979reHdbGF3Qf+Vo=
yp2z1l8j4Sg4IlkQ5ZuSMyYc7x4Xj/aO4fCevQeBv75gRviwhRtowpZ3tZP7x4N4SfK0G+kyuz98ai07fc/a/t22Rvc0P/l6
tTW4GuTCEXo5RT1HrcMKQUhkIGaYwHucnVyM79le+ELaFnDi/Im0jc7X0qTxDVM9fHERmMHcDv1hxlt9naJSRSQ3BS5X7Mc/lsiBcE7ZTGmyO5NX03C8Y+9rSE+jcrSfirLl88fyYG4S+Vk=
MEXFIb8Zcu8+M+0Akv7A73S99hinrHffxshREP8ZPEkCu0N3w7Aswx9reK4zsqT/WjKVE/eykM5C+Qk=
CPRVdoYuOoY6+oBej4HavBxVMZURW5KdOzz7V0JI1ZhziaDR5tunDz/A4IvbK7nj/4OYx34SsQvropzGRvkN
66bcgosAlU9eCkp2kp5H5eRandR2Ci8GnyA5Mi9YON1JNUu94XVNBDAPS1deMHeV57jpwYf0d0ToUcem/dF7euQpcofT4uG0gXNQCEc8CYF6pWQLxTvlqFpPyQtpZUVsgvOcgvP/8epmYhT5Xw==
lqUQJeW57kfILwnjBIVFyOYoJypVIXMaPJkKR8vy2VQJI7gIL+yB4UK1fEs9i71IUj9hiwBTTUzaAyTC6++JSu4yPPl3
L9IFBxi/ZNbf4Vfly8d3RQoHbYQg4Cnf5uMDUdPyaCwNn+hODuIFL1NjYxSxhmRHIXb79SC+WMcVK/rS5YJW6zw7+XY=
VpMtbvSPT9IsNkvhqWltM3MkihrestfG7N+XeEcm1pvJg0goe+3CEeGE+lLAaw7e0KfCSDRrTeUknd4ZSStjov48r02BngSfke57YZRmOd8lczqKVRo2Mwwj+W4=
MHD7t+9KUUCs7A2HrQGrHhQ2vfWeT6Ihi0OfDeY5sfgUDI2Ev5weiaN0FpG23+fhgCPpmCbHLUtFbHkdDmvYovfHvXr6KjD5ew==
m4kEaKsyQ9h5sI6Cxdr2FkIw+sV5QbnpEcppazMsPY0FO2bl92wn//bIYTAvWewpkjuzFzPw3KMPa2iKA/YUX+qyBbOncsAuMvl5
bBHgvJKhFuHWs19ZV34P2xQ2v/WeT6Ihi0OfDeY5sfgUDI2Ev5weiaN0FpG23+fhgCPpmCbHLUtIankeDmvYovfHvXr6KjD5ew==
3FKjSQJXWr3QltMrNJFajBU2vfWeT6Ihi0OfDeY5sfgUDI2Ev5weiaN0FpG23+fhgCPpmCbHLUtMbnkfDmvYovfHvXr6KjD5ew==
hXb3nFg7DBMO5we0JpOgygPkJaMRMTHm/nsGgZawOqqrYH9Tm2PZB9vzQTied6XLwBuBf+Y7AOLP95Va4jo4+XM=
JzME9CLI9TL39iOcByx8LVpbZdVPFoKOe3noTERq1ZwBq+WfoPelDz/A4IvbK7vh/4mYx34SsQvropzGRvkN
6V2/8pyhQl6yyDxwtaZlZOYoJypVIXMaPJkKR8vy2VQJI7gIL+yA4UK1fEs9i71IUj9hiwBTTUHaAyTC6++JSu4yPPl3
HuKdE73h9VtnWXUZb3KSaAoHbYQg4Cnf5uMDUdPyaCwNn+hODuMFL1NjYxSxhmRHIXb7+CG+VccVK/rS5YJW6zw7+XY=
x7xUV0bFFC9eAUKxfsdyuEIw+sV5QbnpEcppazMsPY0FO2bl92wn//bIYTAuWewpkjuzFzPw3KMPa2qPA/EVX+qyBbOncsAuMvl5
I5pFxlGUk2tcW7ijyStAtBmnMnv2xuNNKyCi86NCFxuvnEf64tAY+Q9+dKipQi8u+9ybm2M6soaa/CN8vRXeHzfgOPszqxRSp2OR10ZSaXtjAiQWLvll
cmmmNH3b7pokp6QbtgC6MzY8NRCkMWPm/Q8e2XMsXo/KPpT+2ubFpBkq1POZyjuz7PKPks13GrYN7qafxEf5cg==
1+wjd1jT3Mnt1RI9cdbDr6q8QfK3gQKuwwE0RA1gU2UQg7lYduc9S1qOKdtfi0gihyfNuorKQPkL
R/6D1vJ5O/wCU5sgee2wkTsWMbAbr7AOkb/ShCzLxXgcTS1gmyVgcPd8qa1KcDHcjoHQTfkE
0qi+e9qkKNU14WKDkM4uBhY3vr2GDf1mmVmHSugxtudXGq2knbs0iKN0FJG23eDrgSPpmCbHLUtMa3kbD2vYovfHvXr6KjD5ew==
fMY8VFwIc340diRCmwYjyhn83F50QMr9rXRYS98QG/nWtLU+1m+7J0805PhgUunNqJhiGZ2h58GTUm2sTFklhNvC7OSnqIGpajSZSB7VGCn5YA==
3k/XUGyVqLyfO8C+LrKEcCYc7x4Xj/aO4fCevQeBv75gRviwhRtowpZ3tZP7x4N4SfK0G+kyuzp4ai86fc/a/t22Rvc0P/l6
jdD/Pp27kUxdnt94rtuCWhY3vKiGDf1mmVmHSugxtudXGq2knbs0iKN0FJG23eDrgSPpmCbHLUtNbnkcD2vYovfHvXr6KjD5ew==
HenbhbUAZr7g4oaHk4J71eacvBMLN56SxmU9kpyjzS2qBoXnwYJaVUx37Z7fTD8P7sh5QDZ5xNna+3tH21BkM3fr0hr7lL2PonJNg08S2B4q+WE=
aD4D3DyMpcAoIF2ZoxtxCyYc7x4Xj/aO4fCevQeBv75gRviwhRtowpZ3tZP7x4N4SfK0G+kyuzt8aig6fc/a/t22Rvc0P/l6
NChchDcbXg0K71BvciHOVahYnoXblbt4gCprNjJgiwom0vZoZatB1dMCfo/BfPv+lIyXyfimL1R1f1UcKDKqbRlG4+1lAvoVbHfN3r/M30+OyJmAVvkkGfr7W4d70MTzV+u12RsX3c9Cci3D75J4Xgr5QQ==
u8hT3pdt6ajQs8XJt7uc8hsGeoRzoG7B7+UfEtjyaCwNn+hODuMFL1NjYxSxhmRHIXb78ia+W8YVK/rS5YJW6zw7+XY=
0Qa9Z41bHEmX4Z0fI20gxxnq1lhuWsKxqntXGdtZT7uR8qx6kXGyIVN37/hgUunNqJhiGZ2h58GTUm2sTFklhNvP7eSjqIGpajSZSB7VGCn5YA==
omuTtgy170j6hfMZ+0xMohQ2vfWeT6Ihi0OfDeY5sfgUDI2Ev5weiaN0FpG23+fhgCPpmCbHLUtObXkYCGvYovfHvXr6KjD5ew==
5K9qdqX5dshvLajP44ATixNNOsvMweeWMrVIZV+I2lBDPPFAUEntqFipeIMpkW5/x6AIG0OrIHZXISZ3NtL527NC9DY++XU=
WC1d32ZeluDX6WRMTjOFcxxVMZURW5KdOzz7V0JI1ZhyiaDR5tunDz/A4IvbK7vi/4Sex34SsQvropzGRvkN
AW8nDQbqCg1TySAYJX0zXh1/pIMkVfzpX8Y7PX0iMoUENyXu92wn//bIYTAuWewpkjuzFzPw3KMPa2aKA/USX+qyBbOncsAuMvl5
MPBZKLqJUmXph1ObRQOiaZi0JBAtmJf7KRAegbr5Kmjrx0YtMFGnWuw5mse7UmkU+UOoCD8M8CHyFYzLrSvtiAIfUYvzNJ2NjOO0QluPeQreEiz5Zw==
PzXwDDM+/X5XkjyeP9iQv1o47Mk0EPX7WM1ubXkiMoUENyXu92wn//bIYTAuWewpkjuzFzPw3KMPa2mIA/USX+qyBbOncsAuMvl5
CidNffeyOHP5xXENOBqzgeRjfWsuwAbZkNDA2KEgUlK9u9GyTtcRhU8S0tWwNjhXTNaLt+Lqio63nFZ/TvdbypYSP1pWj3tHTxQkWODyKe2ouKK5HQEn4ZMyrUzMOeVk26KrBCLPwUlqFNnonnVYCflA
ft/AJnNBj4BDrWCtLl4TbeYoJypVIXMaPJkKR8vy2VQJI7gIL+yA4UK1fEs9i71IUj9hiwZVTU7cAyTC6++JSu4yPPl3
cj1GqiGWsHfaaQ0FQIWtuhnq1lhuWsKxqntXGdtZT7uR8qx6kXGyIVN37/hgUunNqJhiGZ2h58GTUm2sTFklhNvC7eSir4GpajSZSB7VGCn5YA==
hj5z14XPq92rmkJvV4ftxRQ2vfWeT6Ihi0OfDeY5sfgUDI2Ev5weiaN0FpG23+fhgCPpmCbHLUtMb3kfCGvYovfHvXr6KjD5ew==
tMQ6vl7Q2TBJodc6uc64oxxVMZURW5KdOzz7V0JI1ZhyiaDR5tunDz/A4IvbK7Pg/4Kfx34SsQvropzGRvkN
/nAYCubb1M3Wj6CD2z9nqUhkIGaYwHucnVyM79le+ELaFnDi/Im0jc7X0qTxDVM9fHERmMHcDv1hxlt9naJSRSQ3BS5X7Mc/lsiBcE7ZTGmyO5NX03C8Y+9rTEijc7OfirLl88fyYG4S+Vk=
dRXmwhypnApSr9a/IiykYHS99hinrHffxshREP8ZPEkCu0N3w7Aswx9reKsztKP/WjKVE/eykM5C+Qk=
Sy9VBK20Yye96CimUQgkOhxVMZURW5KdOzz7V0JI1ZhziaDR5tunDz/A4IvbK77i/4Sfx34SsQvropzGRvkN
xFRjDDrVqed6MppjRDe/0ORandR2Ci8GnyA5Mi9YON1JNUu94XVNBDAPSVdeMHeV57jpwYf0d0ToUcem/dF7euQpcofT4uG0gXNQCEc8CYF6pWQLxTvlqFpPyQttYkVshfOcgvP/8epmYhT5Xw==
8HLwiy7cOqTyF6lQ+fXR4hJNOsvMweeWMrVIZV+I2lBDPPFAUEntqFupeIMpkW5/x6AIG0OrIHFXJSd3NtL527NC9DY++XU=
Gj2tDyu128ff9OgoqKQ4TORandR2Ci8GnyA5Mi9YON1JNUu94XVNBDAPSldeMHeV57jpwYf0d0ToUcem/dF7euQpcofT4uG0gXNQCEc8CYF6pWQLxTvlqFpPyQtpZ0VuhfOcgvP/8epmYhT5Xw==
BLiA71SqNg7FNIZmNCluQ+RandR2Ci8GnyA5Mi9YON1JNUu94XVNBDAPS1deMHeV57jpwYf0d0ToUcem/dF7euQpcofT4uG0gXNQCEc8CYF6pWQLxTvlqFpPyQtqZEVuhfOcgvP/8epmYhT5Xw==
NiSCTErYDj3bQcWMT9HvQeYoJypVIXMaPJkKR8vy2VQJI7gIL+yB4UK1fEs9i71IUj9hiwdUTU7dAyTC6++JSu4yPPl3
jbcpqdIGTwZfGgI1dVibygoHbYQg4Cnf5uMDUdPyaCwNn+hODuIFL1NjYxSxhmRHIXb79iG+WsAVK/rS5YJW6zw7+XY=
4jbEHyabKkO/x+x3Y/+tEFpbZdVPFoKOe3noTERq1ZwBq+WfoPelDz/A4IvbK7vj/4ifx34SsQvropzGRvkN
QQLgJPoZO2zXgHFbFJYuQxJNO8vMweeWMrVIZV+I2lBDPPFAUEntqFupeIMpkW5/x6AIG0OrIHFXKCd3NtL527NC9DY++XU=
TlWImt0Dx7vO5e9N15V8DBJNOsvMweeWMrVIZV+I2lBDPPFAUEntqFupeIMpkW5/x6AIG0OrJXNXKSd3NtL527NC9DY++XU=
zXcN7rHef/IOePKMqX2na1pbZNVPFoKOe3noTERq1ZwBq+Wfo/elDz/A4IvbK7Pn/4mfx34SsQvropzGRvkN
ld+53BZbLrfilvXQkw7qGFpbZdVPFoKOe3noTERq1ZwBq+Wfo/elDz/A4IvbK7rj/4Cax30SsQvropzGRvkN
Jlfy/1De7eWBTuvt/uV0nc+BnUZS07IxIgiGKhfYy+Mvy3Wnd1sV6Mqv+QuQx9WpsNNvAqMf4aqWwkT5Dw==
8h1ybwzZf6y75npFZCeN+APkJ6MRMTHm/nsGgZawOqqrYH9Tm2PZB9vzQTied6XLxB2BeeQ7A+LP95Va4jo4+XM=
9JzkL6RyPr1cO/TaoxuJBwPkJaMRMTHm/nsGgZawOqqrYH9Tm2PZB9vzQTied6XLxhyBeeQ7A+LP95Va4jo4+XM=
1Dc/58cK9v2kyKKW46gWQQPkJKMRMTHm/nsGgZawOqqrYH9Tm2PZB9vzQTied6XLwRuBeeQ7A+LP95Va4jo4+XM=
ChfpSzg2zVSLkdtopmPm4xmnMnv3xuNNKyCi86NCFxuvnEf64tAY+Q9+dKipQi8u+9ybm2M6soaa/CN8vRXeHzfgOPszqxNRp2KS10VSaXtjAiQWLvll
IKzxAZGJ39rLPYdjNTS9uTY8NRCkMWPm/Q8e2XMsXo/KPpT+2ubFpBkq1POZyju07/KOkc10GrYN7qafxEf5cg==
tZtOv6TRd7S43VlhZPh/z6q8QfK3gQKuwwE0RA1gU2UQg7lYduc9S12NKdpci0sihyfNuorKQPkL
4D/oSlEZw6v0uCeJZl5RUTsWMbAbr7AOkb/ShCzLxXgcTS1gmyJjcPZ/qa5KcDHcjoHQTfkE
iNBeETt7HmdWm+xLjdjawHS99hinrHffxshREP4ZPEkCu0N3w7Aswx9re6sztKb/WTKVE/eykM5C+Qk=
AL48ZEuyW8KW7oSfr3TYDRxVMZURW5KdOzz7V0JI1ZhyiaDR5tunDz/A4IvbK7Pj/4Sax30SsQvropzGRvkN
6eTi9wFEWdVclFroSAFJDRY3vr2GDf1mmVmHSugxtudXGq2knbs0iKN0FJG23eDrgSPpmCbHLUtJbnkcDGvbovfHvXr6KjD5ew==
geMN1RztHOlhsW57YgzGOxn83F50QMr9rXRYS98QG/nWtLU+1m+7J0805PhgUunNqJhiGZ2h58GTUm2sTFklhNvO6+Sgq4GqajSZSB7VGCn5YA==
YtToXXvJ1MAVPnnqcV18ByYc7x4Xj/aO4fCevQeBv75gRviwhRtowpZ3tZP7x4N4SfK0G+kyuzx+aig5fcza/t22Rvc0P/l6
ND1R9BUj5KsqDcavjrpfehY3vKiGDf1mmVmHSugxtudXGq2knbs0iKN0FJG23eDrgSPpmCbHLUtIbHkcDGvbovfHvXr6KjD5ew==
IoZDFwNRGBEed1o/NBndEOacvBMLN56SxmU9kpyjzS2qBoXnwYJaVUx37Z7fTD8P7sh5QDZ5xNna+3tH21BkM3fr1B/7lL6PoXJNg08S2B4q+WE=
UqcDPbupsxfz+kQmvC3blSYc7x4Xj/aO4fCevQeBv75gRviwhRtowpZ3tZP7x4N4SfK0G+kyuzp5aig5fcza/t22Rvc0P/l6
F3jSVwOc9CCDUSW5x1LKmU9/I2aZwHuCn1yM795F8lreDXD1+JzyxJOLhfrgEkN5PTgYwcfAGb5yzlt9naJSRSQ3BS5X7Mc/lsiBcE7ZTGmyO5NX03C8Y+9rSE6jeLafibLl88fyYG4S+Vk=
+x+jmarNZy8Ig6UjJ8nuU/QBcGaRCQa31CJgg1BXL3BkuUgfWWSfxFPV1y0EfWqBLJHnJmqRgdQAM0gQE0ADFyUNJw4iAAYKpHH3pg0xq7pUSQIHQ0IxdHGTQAhXXHjBKgX0izXbVegKL7kLWEaVq3FTLwJjn6GqVkIE+U8=
g0jLlXf8Ln1dHGAZgWqvGM6LQRwt7mUsRGzCgz+t2XwKWlFTqBl1h8sBB/RxehYMFU1yLqXAx++niIKawAm75kEJj6pQQR4nfwp1BBULzIjbxJwx7s3IqynTUfguF3XLk79xPvXbs2If1+WacloI+UM=
J23p3L5y5BNHhQwKDEgdrBsGeoRzoG7B7+UfEtjyaCwNn+hODuMFL1NjYxSxhmRHIXb78SS+WsQVKPrS5YJW6zw7+XY=
8LQSqS9A6P6LjtviqlQRthnq1lhuWsKxqntXGdtZT7uR8qx6kXGyIVN37/hgUunNqJhiGZ2h58GTUm2sTFklhNvH7OSjqoGqajSZSB7VGCn5YA==
sv3xN4kIjMSbnuhnwmhjlFpbZdVPFoKOe3noTERq1ZwBq+WfoPelDz/A4IvbK77i/4ibx30SsQvropzGRvkN
Ie/Gj8gLhmdcXnJ45lGQGRnq1lhuWsKxqntXGdtZT7uR8qx6kXGyIVN37/hgUunNqJhiGZ2h58GTUm2sTFklhNvC6uSsqoGqajSZSB7VGCn5YA==
vuuh/nP54H6mgdgdkf9rtl5Cv01iAH6F0ia31j4ss6NK3zlRnU+v0oM7Ck5qha//16b00U1MICU6rTcjS53FaWGKzZa0gsPl1SCAew5lRWd82IBmdfAVELxlXbgbepBYUZX5looI4fTuaWAV+Vw=
Xbkr3v+JFqYsBLhs3GJ2k3S99hi9qnfD3slREP4DOkkeo0J3w7Aswx9rfakztaT/WTKVE/eykM5C+Qk=
BB5vYLq+Kx2x45IYSfXvVxxVMZURW5KdITr7S1pJ1Zhyk6bR+sOmDz/A4IvbK73h/4WYx30SsQvropzGRvkN
O6Pb/khzi3+IeLMU3GUwgBI3vr2GDf1mmVmHSugxtudXGreinacsiaN0FIuw3fzzgCPpmCbHLUtObHkdDmvbovfHvXr6KjD5ew==
uDthbS0ZY5yo7ClER9AD7FtweCtCfytoXf7F71MEPOXxvvJaOLKLcVY8JYa2twtvj/yUOkYq5d2pkHJhp3+XFUsb3XQs4bUMW0p9XEHxMWIqfGkQPi0IIflo
VxIAc+XX6xvGnh9MKdR5pSYc7x4Xj/aO4fCevQeBv75gXP6wmQNpwpZ3r5X725t5SfK0G+kyuzV/aio7fcza/t22Rvc0P/l6
SlQcqf9WupizpalfmgaEjeYoJypVIXMaPJkKR8vyw1IJP6AJL+yA+0S1YFM8i71IUj9hiwVTTU7aAyfC6++JSu4yPPl3
H69eUp4xktAPIAKvWqgmUVUm0YdsLwGGHV++oZPHgL1aYFSbsKkbMuEvqAkn/OgbHGVYE+T7RSj6j+kLjKIl7mKz/4ITv1FqxiI0+X8=
NJD5+HuFgn7g690fk2WK/hxVMZURW5KdITr7S1pJ1Zhyk6bR+sOmDz/A4IvbK7Lg/4eYx30SsQvropzGRvkN
Mf2eNI4eUwQSaK7pQDHX0PLZ9VpLbNubxnQ7kt2hhHnnRsOtxYJaVUx37Z7FSj8T9sl5QDZjwtnG43pH21BkM3fr0B77l7yPoXJNg08S2B4q+WE=
LBkQycvQBQrL545X5GgA5kd2ufhMRusU1q/FufP51ls0Aju9+LDpNGsoEF3mRnImMYi+tXdZf9bw5J54qRtp6saPDx0Lg9uRWcpUU1mqO5asEgQzDRQalk0OJj8EJ/lS
moO9s+yR6uYcYAWid/pHOQNb46QZaifSuMti9BLoDeKmswN7r6hcfhbOTUkpBNqF9ztfQWsP1XA8hZ3YG5nTONx1ufaKKKFUbskgNfl8
/bY6U6I1S38NMReLQCWIuXDvNYILrtId9Y0oZa+duw88FkrHztyHGlEtrtQ1HI9V4ZJeXTBXMdaBupuLekn12JITBhGaw4ZP30BAS7srnKAfCDgHHRKRSwsiPAYm+W0=
uskQEYIiD/iWDObCm7FfYU87Lhj+hsXB2q5zAQXOneHUHmLnqkUG5Z3P/syNqsTtuBNsOhoFNXoa5ljhEBvM976VV/PNzKvpCjkFphhuQK6XX/XuDV3p7w+AcCurK46Gb0jo562SAev74mxmFvld
+TMU6Pa38Yo+ZvekzckJ915Cv01iAHOF0ia31j4ss6NK3zlRnU+v0oM7Ck5qha//16H00U1MICU6rTcjS53FaWGKzZa0gsPl1SCAew5lRWd82IBmdfAVELxlXbgbe5FYXZX5looI4fTuaWAV+Vw=
edELqWNYik/qxhL2VeDZcHS99hi9qnfD3slREP8DOkkeo0J3w7Aswx9reKszuaT/WTKVE/eykM5C+Qk=
WiXKZVQX5hmtIYOLnQVDqBxVMZURW5KdITr7S1pJ1Zhzk6bR+sOmDz/A4IvbK7vi/4mYx30SsQvropzGRvkN
8/43GQU/iBE04KOcuIOKcq+2mTIUhLCgUQ8M5KSQdbcrFnaUU5CusQ91n4K4GC4cMZfpXi7SX9kz7/uFUfakdwFm++gHjpW39bh6QoVyFtscK/lm
q1nIxgiXeqTCV7rw0YwMckd2ufhMRusU1q/FufP51ls0Aju9+LDpNGsoEF3mRnImMYi+tXdZf9bw5J54qRtp6saODx0Lg9uRWcpUU1mqO5OuEgUzDRQalk0OJj8EJ/lS
iD5lU2F6oLumv/MI9LAI6wNb46QZaifSuMti9BLoDeKmswN7r6hcfhbOTUkpBNqE9ztfQWsP1XA8hZ3YG5nVON11ufaKKKFUbskgNfl8
EXg4ows3aynKN4zXfJdgPXDvNYILrtId9Y0oZa+duw88FkrHztyHGlEtrtQ1HI9V4ZJeXTBXMdaBupuLekn12JMTBhGaw4ZP30BAS7srn6YfCTgHHRKRSwsiPAYm+W0=
uke4NgHkoJIKNZ76FFfOf+YoJypVIXMaPJkKR8vyw1IJP6AJL+yB+0S1YFM8i71IUj9hiwZSTUHaAyfC6++JSu4yPPl3
jlxvgyHBa9CFWkkT+Xcs4APkJ6MRMTHm/nsGgZawOqqrYH9Tm2PfB9vzQTied6XLxR2BeOc7A+LP95Va4jo4+XM=
EW3zRarUwVaSQQ3t9QfTywPkJaMRMTHm/nsGgZawOqqrYH9Tm2PfB9vzQTied6XLxhqBeOc7A+LP95Va4jo4+XM=
2nEyt1V7OLcBW8f5yMgnd1pbZdVPFoKOe3noTERq1ZwBq+WfofelDz/A4IvbK7jj/4GZx30SsQvropzGRvkN
Q01NIG/X2KKXTA8xHki8S1pbZNVPFoKOe3noTERq1ZwBq+WfofelDz/A4IvbK7zi/4GZx30SsQvropzGRvkN
R8gLx+d10xszUcBAxGmfUQPkJKMRMTHm/nsGgZawOqqrYH9Tm2PZB9vzQTied6XLwxyBeec7A+LP95Va4jo4+XM=
NWY0vUn7/gctPMolz2GQwRQ2vPWeT6Ihi0OfDeY5sfgUDI2Ev5weiaN0FZG23+fhgCPpmCbHLUtKb3kaD2vbovfHvXr6KjD5ew==
Zr8NIpsDi0I8wEKvqwDeaxJNOsvMweeWMrVIZV+I2lBDPPFAUEntqFupeIMpkW5/x6AIG0OrI3FXIiF3NdL527NC9DY++XU=
CjEsdYpeGBPppu8FOz/9tQLkJ6MRMTHm/nsGgZawOqqrYH9Tm2PeB9vzQTied6XLwh+Be+c7A+LP95Va4jo4+XM=
Fib2jQNrZjixeSB9trxsIV5Cv01iAHOF0ia31j4ss6NK3zlRnU+v0oM7Ck5qha//16H00U1MICU6rTcjS53FaWGKzZa0gsPl1SCAew5hTHB72IBmdfAVELxlXbgbc5JYV5T5looI4fTuaWAV+Vw=
3/a/1NlxMZWUIzEAInrxMwLkJ6MRMTHm/nsGgZawOqqrYH9Tm2PfB9vzQTied6XLxRqBe+c7A+LP95Va4jo4+XM=
8toOcYbVScXqjLcdsiU/mMy6MFdrycHkcgIV16vjJXT9nhBwah21Arp03+v3QF5Rt1OrM3kWpz3+D5zUsCvtiAIfUYvxNZ2Mi+O3QluPeQreEiz5Zw==
jq+Vr1GU4lNl/XYNUbDM5BoEduJws27G4P8CEITzLT0Uhd4BefMDOk5kbxWxhmRHIXb78Se+WMYVKPrS5YJW6zw7+XY=
v6qrI5abyUPoKAW/2e3a5xoEduJws27G4PsAHoTzLT0Uhd4BefMDOk5kbxWxhmRHIXb78Se+WMYVKPrS5YJW6zw7+XY=
51W9H+zgpPtnPyGSwPdO0WaY23SGvl2Ax/ESi/yvY02nbDvQsZOJSy8NBkvsm+arsiVj/hn+uqC8eA3HwInwzcsEPR7UMU6ngMIjtiT8hUaJkjT7qRK7HT+KqFq97NreHdbGF3Qf+Vo=
tC3wUcrstcmVu+9ugA9GVmaY23SGvl6Ax/ESi/yvY02nbDvQsZOJSy8NBkvsm+arsiVj/hn+uqC8eA3HwInwzMsEPR7UMU6ngMIjtiT8hUaJkjT7qRK7HT+KqFq97NreHdbGF3Qf+Vo=
ABwS4GEnUyWKRH0NfLh9XV5Cv01iAH6F0ia31j4ss6NK3zlRnU+v0oM7Ck5qha//16b00U1MICU6rTcjS53FaWGKzZa0gsPl1SCAew5hTHB72IBmdfAVELxlXbgbe5NYUJT5looI4fTuaWAV+Vw=
NjAbo1jKIO0HfZmMHyrUwWeY23SGvlyAxvESi/yvY02nbDvQsZOIUSkNGlPtm+arsiVj/hn+uqC8eA3HwInwycsEPR7UMU6ngMIjtiT8hUaJkjT7qRK7HT+KqFq97NreHdbGF3Qf+Vo=
vODwCDTjKUMzqS27cLEWw+Pzo8be2KqMGzDejtfN4kXFxy09OHYds53a6gcrcV8YaKfd3tS7gsdbhet/YccJ0WtGRCyPmo3qTL3OIwg+syJcUCWiIc5ET3Hee1l3tniOhYC6+vXK9mNsE/le
4OKUCVJZ+7jOQIHEo1cppGaY23SGvlzbkusFgOa+Tk2ReQ6RxPDpAyMNTw2Qi/26/Gdy8wPJq7upe1mGyayklP8HPR7UMU6ngMIjtiT8hUaJkjT7qRK7HT+KqFq97NreHdbGF3Qf+Vo=
gOR+xWLyPbGnLKQ2DNGLYWaY23SGvlzbkusFgOa+Tk2ReQ6RxfDpAyMNTw+Qi/26/Gdy8wPJq7upe1mGyayklP8HPR7UMU6ngMIjtiT8hUaJkjT7qRK7HT+KqFq97NreHdbGF3Qf+Vo=
nI9/rEN4o947o6mMLa/f6E87Lhj+hsXfxepiChnZkP3lL2X1jSMWppDY/8qo2Yv27AdtOhoFNXoa5ljhEBvM976VVvPNzKvpCjkFphhuQK6XX/XuDV3p7w+AcCurK4qBb0Tp562SAev74mxmFvld
07RHwdZvxs6H5PN5xLbdtOVEncJnCC9CyG57eXIZT4cPYT+z5DIaUnJEK1kJcmaK567olYfucE7yBfK7rpMUPbwnf5zZvcDxz2JaLgJqXZc/un8N2zvlqFpPyQtoZUVsg/OfgvP/8epmYhT5Xw==
bwYmrO3UZT7xrhufZZbaEOVEncJnCC9CyG57eXIZT4cPYT+z5TIaUnJEK1kJcmaL567olYfucE7yBfK7rpMUPbwnf5zZvcDxz2JaLgJqXZc/un8N2zvlqFpPyQtoZUVsg/OfgvP/8epmYhT5Xw==
5vCewQlsABJpz/YKASzub087Lhj+hsffxepiChnZkP3lL2X1jSMUvJbY49Kp2Yv27AJuOhoFNXoa5ljhEBvM976VVvPNzKvpCjkFphhuQK6XX/XuDV3p7w+AcCurK4qBb0Tp562SAev74mxmFvld
TBf/jxaOp8LVAc8x8g++jrq1soOfC+Kzia8nH6JGKBUI272TsjFRbTbx9uvAm3fLllCZEFGGz7zUsgMoZUwY947t1BzLFFhKFdwNHIwJBXTbt8s04BhhOuqkOTjeBXgZ+VA=
gjJKrgNhU7gek74w+yt2oR+zeuFcYXO7qSFU1IL+N7/lO0xsmzyBLc3zQTied6XLxB2BfOc7A+LP95Va4jo4+XM=
nTdkKbPDqpo6jWOJcmaowXS99hinrHffxshREP4ZPEkCu0N3w7Aswx9rd6sztaX/WTKVE/eykM5C+Qk=
SOdO9nAOjUwUeTK2IQUzzRnq1lhuWsKxqntXGdtZT7uR8qx6kXGyIVN37/hgUunNqJhiGZ2h58GTUm2sTFklhNvB6OShqIGqajSZSB7VGCn5YA==
M2ak07cjmEEIUIqPtZ8Nh3S99hinrHffxshREP8ZPEkCu0N3w7Aswx9reKkztaX/WTKVE/eykM5C+Qk=
5U/gPbb3Zj2Whb92ifDfxBnq1lhuWsKxqntXGdtZT7uR8qx6kXGyIVN37/hgUunNqJhiGJ2h58GTUm2sTFklhNvF6uShqIGqajSZSB7VGCn5YA==
zCX/UgQ2LVHZHiAJT/abYgPkJ6MRMTHm/nsGgZawOqqrYH9Tm2PZB9vzQTied6XLxh2BcOc7A+LP95Va4jo4+XM=
oTIlYzSqzQRdD1FfiMCYLAPkJaMRMTHm/nsGgZawOqqrYH9Tm2PZB9vzQTied6XLzByBcOc7A+LP95Va4jo4+XM=
IH5JDsJPvSY/qa94qEtwnAPkJKMRMTHm/nsGgZawOqqrYH9Tm2PZB9vzQTied6XLwhqBcOc7A+LP95Va4jo4+XM=
+iSoTXI6e4wxRCaj1dxfpxQ2vfWeT6Ihi0OfDeY5sfgUDI2Ev5weiaN0FpG23+fhgCPpmCbHLUtKbHkYCGvbovfHvXr6KjD5ew==
PcVxHxGgg0WluJIOji4g1QoHbYQg4Cnf5uMDUdPyaCwNn+hODuIFL1NjYxSxhmRHIXb79iW+XsEVKPrS5YJW6zw7+XY=
QhBO7/H8opDKgGyXc8hBIgoHbYQg4Cnf5uMDUdPyaCwNn+hODuMFL1NjYxSxhmRHIXb79Ce+XsEVKPrS5YJW6zw7+XY=
AtohDjTyUDjTqiDPvBSjVMy6MFdqycHkcgIV16vjJXT9nhBwah21Arp03+v3QF5Rt1OrM3kWpz3+D5zUsCvtiAIfUYvxMp2KjOO3QluPeQreEiz5Zw==
jR+tjLAm4xXZM+mkpYfu5hoEduJws27G4P8CEITzLT0Uhd4BefMDOk5kbxWxhmRHIXb78CC+XsEVKPrS5YJW6zw7+XY=
ppaZGyUCEPbmYPsfVjJ0ghoEduJws27G4PsAHoTzLT0Uhd4BefMDOk5kbxWxhmRHIXb78CC+XsEVKPrS5YJW6zw7+XY=
NqyRxHYy7RY9uIvmUWuLMOVEncJnCC9CyG57eXIZT4cPYT+z5TIaUnJEK1kJcmaL567olYfucE7yBfK7rpMUPbwnf5zZvcDxz2JaLgJqXZc/un8N2zvlqFpPyQtpYkVqhPOfgvP/8epmYhT5Xw==
/JG+ylF60Fais3wlsAWdo2aY23SGvl6Ax/ESi/yvY02nbDvQsZOJSy8NBkvsm+arsiVj/hn+uqC8eA3HwInwzMsEPR7UMU6ngMIjtiT8hUaJkjT7qRK7HDiKrl297NreHdbGF3Qf+Vo=
YM1xR4tDjD3wDb7pmNo0k2aY23SGvl2Ax/ESi/yvY02nbDvQsZOJSy8NBkvsm+arsiVj/hn+uqC8eA3HwInwzcsEPR7UMU6ngMIjtiT8hUaJkjT7qRK7HDiKrl297NreHdbGF3Qf+Vo=
YX8qM1lJng2upQGVdIASBrq1soOfC+Kzia8nH6JGKBUI272TsjFRbTbx9uvAm3fLllCZEFGGz7zUsgMoZUwY947t1BzLFFhKFdwNHIwJBXTbtsw05h9hOuqkOTjeBXgZ+VA=
5n6iZnJTcl8dsEomUJl3nGeY23SGvlyAxvESi/yvY02nbDvQsZOIUSkNGlPtm+arsiVj/hn+uqC8eA3HwInwycsEPR7UMU6ngMIjtiT8hUaJkjT7qRK7HDiKrl297NreHdbGF3Qf+Vo=
nyOIuubmaMeKRYhwaP3wvOPzo8be2KqMGzDejtfN4kXFxy09OHYds53a6gcrcV8YaKfd3tS7gsdbhet/YccJ0WtGRCyPmo3qTL3OIwg+syJcUCWiIc5ET3Hee1hwtn6JhYC6+vXK9mNsE/le
gZh1rleeBUOuYXkCAYKlt087Lhj+hsXfxepiChnZkP3lL2X1jSMWppDY/8qo2Yv27AdtOhoFNXoa5ljhEBvM976VVvPNzKvpCjkFphhuQK6XX/XuDV3p7w+AcCurK4uGb0Lu562SAev74mxmFvld
CMRzo9O7eHXbiBzh9Tn+s2aY23SGvlzbkusFgOa+Tk2ReQ6RxfDpAyMNTw+Qi/26/Gdy8wPJq7upe1mGyayklP8HPR7UMU6ngMIjtiT8hUaJkjT7qRK7HDiKrl297NreHdbGF3Qf+Vo=
MZ34jvI8h4OnPEhVc9lA5U87Lhj+hsXB2q5zAQXOneHUHmLnqkUG5Z3P/syNqsTtuBNsOhoFNXoa5ljhEBvM976VV/PNzKvpCjkFphhuQK6XX/XuDV3p7w+AcCurK4uGb0Lu562SAev74mxmFvld
ByD+rCMQsc5N5lNM3jk05U87Lhj+hsffxepiChnZkP3lL2X1jSMUvJbY49Kp2Yv27AJuOhoFNXoa5ljhEBvM976VVvPNzKvpCjkFphhuQK6XX/XuDV3p7w+AcCurK4uGb0Lu562SAev74mxmFvld
1bkYS6mgxyBZe5IhFnnF+2aY23SGvlzbkusFgOa+Tk2ReQ6RxPDpAyMNTw2Qi/26/Gdy8wPJq7upe1mGyayklP8HPR7UMU6ngMIjtiT8hUaJkjT7qRK7HDiKrl297NreHdbGF3Qf+Vo=
Vd3etBv/1iKnd/1B2G4u8+VEncJnCC9CyG57eXIZT4cPYT+z5DIaUnJEK1kJcmaK567olYfucE7yBfK7rpMUPbwnf5zZvcDxz2JaLgJqXZc/un8N2zvlqFpPyQtpYkVqhPOfgvP/8epmYhT5Xw==
zSgtr+K0gdrn/e3RCL/YBR+zeuFcYXO7qSFU1IL+N7/lO0xsmzyBLc3zQTied6XLxRqBeuA7A+LP95Va4jo4+XM=
6rcP05YtRK9R5DoM3Y8GjQPkJaMRMTHm/nsGgZawOqqrYH9Tm2PZB9vzQTied6XLwhyBe+A7A+LP95Va4jo4+XM=
Uany+fI5HBxG5NfML/5jagPkJ6MRMTHm/nsGgZawOqqrYH9Tm2PZB9vzQTied6XLwxqBe+A7A+LP95Va4jo4+XM=
rWy0BII5Pw0Nej4y7Mz7lA0ZNZoQXZKAOzz7V0JI1ZhyiaDR5tunDz/A4IvbK7nm/4Sex30SsQvropzGRvkN
8d9TAAfEdRf8xoEnPjbFyUIw+sV5QbnpEcppazMsPY0FO2bl92wn//bIYTAuWewpkjuzFzPw3KMPa22OA/QSX+myBbOncsAuMvl5
g+UyyAbua7ujMfNSzjlcPg0ZNZoQXZKAOzz7V0JI1ZhziaDR5tunDz/A4IvbK7zh/4Wex30SsQvropzGRvkN
8bdTY+y4s5IORuririFA70Iw+sV5QbnpEcppazMsPY0FO2bl92wn//bIYTAvWewpkjuzFzPw3KMPa2iJA/USX+myBbOncsAuMvl5
FaRM1e1fwtoK036dZJ9jbeRandR2Ci8GnyA5Mi9YON1JNUu94XVNBDAPSVdeMHeV57jpwYf0d0ToUcem/dF7euQpcofT4uG0gXNQCEc8CYF6pWQLxTvlqFpPyQthYkVthPOfgvP/8epmYhT5Xw==
4fthYGrkMOjjF47GJ1JkvuRandR2Ci8GnyA5Mi9YON1JNUu94XVNBDAPSldeMHeV57jpwYf0d0ToUcem/dF7euQpcofT4uG0gXNQCEc8CYF6pWQLxTvlqFpPyQtuZ0VuhPOfgvP/8epmYhT5Xw==
hg1pr7VAebOJEx0TyLXk7QLkJ6MRMTHm/nsGgZawOqqrYH9Tm2PZB9vzQTied6XLxh2BfuA7A+LP95Va4jo4+XM=
s7/gtyjFNHzStoR6IzydFBJNOsvMweeWMrVIZV+I2lBDPPFAUEntqFupeIMpkW5/x6AIG0OrInFXJyZ3NdL527NC9DY++XU=
rpNNUAmJ23atTO7zwwPWKVpbZNVPFoKOe3noTERq1ZwBq+WfoPelDz/A4IvbK7zn/4eex30SsQvropzGRvkN
Ps7BxuTxWIPLlWWkbFzTPBmnMnv0xuNNKyCi86NCFxuvnEf64tAY+Q9+dKipQi8u+9ybm2M6soaa/CN8vRXeHzfgOPszqxdSp2iW10VSaXtjAiQWLvll
6aTGbRMJEarRQdN9PfU8zTY8NRCkMWPm/Q8e2XMsXo/KPpT+2ubFpBkq1POZyjuw7PKElc10GrYN7qafxEf5cg==
ryXveMJn/p8mbpvoGer3Eqq8QfK3gQKuwwE0RA1gU2UQg7lYduc9S1mOKdBYi0sihyfNuorKQPkL
ZzBIQsUHbxL9PZbi1UoFrDsWMbAbr7AOkb/ShCzLxXgcTS1gmyZgcPx7qa5KcDHcjoHQTfkE
p7XGna7kDKqsnXOqOZySrBsGeoRzoG7B7+UfEtjyaCwNn+hODuMFL1NjYxSxhmRHIXb7+CW+VcEVKPrS5YJW6zw7+XY=
5QUIOJ5OBYz5iLus/IcJNxnq1lhuWsKxqntXGdtZT7uR8qx6kXGyIVN37/hgUunNqJhiGZ2h58GTUm2sTFklhNvH6+SkroGqajSZSB7VGCn5YA==
IPDpeZlhSlKCo8XZzTs0JxsGeoRzoG7B7+UfEtjyaCwNn+hODuIFL1NjYxSxhmRHIXb79Ca+XMAVKPrS5YJW6zw7+XY=
YxPEENUEYiYQ6VFFryefXLI1PiFVcjNdIpAMW4j52VQJI7gIL+yB4UK1fEs9i71IUj9hiwFTTUjdAyfC6++JSu4yPPl3
TsgOd8cl0ak1wv4DDFqArBnq1lhuWsKxqntXGdtZT7uR8qx6kXGyIVN37/hgUunNqJhiGJ2h58GTUm2sTFklhNvA7eSkroGqajSZSB7VGCn5YA==
e/dWPnZteW1sko/UOMor6xxVMZURW5KdOzz7V0JI1ZhyiaDR5tunDz/A4IvbK7vg/4Wfx30SsQvropzGRvkN
Z/fFDQp3YXXYbfJWbsHsEhY3vr2GDf1mmVmHSugxtudXGq2knbs0iKN0FJG23eDrgSPpmCbHLUtKbHkdCWvbovfHvXr6KjD5ew==
ajjR/wyB8tBsjaE4+cKGMhn83F50QMr9rXRYS98QG/nWtLU+1m+7J0805PhgUunNqJhiGZ2h58GTUm2sTFklhNvD7eShroGqajSZSB7VGCn5YA==
qSS5SFd1Z8EiDcsUmsGNcyYc7x4Xj/aO4fCevQeBv75gRviwhRtowpZ3tZP7x4N4SfK0G+kyuzV5aik8fcza/t22Rvc0P/l6
pXA8TBqCtdh37fFGGTnUnBY3vKiGDf1mmVmHSugxtudXGq2knbs0iKN0FJG23eDrgSPpmCbHLUtIankdCWvbovfHvXr6KjD5ew==
Lu0hKgkHkQQc14xL7Hty0+acvBMLN56SxmU9kpyjzS2qBoXnwYJaVUx37Z7fTD8P7sh5QDZ5xNna+3tH21BkM3fr1Rv7lruPoXJNg08S2B4q+WE=
QP/J4b5QqW5Zch832GNckCYc7x4Xj/aO4fCevQeBv75gRviwhRtowpZ3tZP7x4N4SfK0G+kyuzh9aio8fcza/t22Rvc0P/l6
npGZTl/adHhBf3V/0oE23U9/I2aZwHuCn1yM791F8lreDXD1+JzyxJOLhfrgEkN5PTgYwcfAGb5yzlt9naJSRSQ3BS5X7Mc/lsiBcE7ZTGmyO5NX03C8Y+9rSU+jd7OfibLl88fyYG4S+Vk=
sWSOwfUDiqsRzRmYsW8l5SIerjrSEkEXCAuMZALtT4rsokKFwNmY4lV9Vwkd3tjktILGBa2GF8VJcuYteJf5hsOcc6caSA3o+inYwc6bT79nIOjbI6sHN/epR7fV0tkb08IUdh75VQ==
T+C5SEWoET+2JRlr5SnVb0NNoN7XdBX1oViRjrD7uGvrp/WNl44qoq5SfQ8MG6gsTo3DAghShr3c2YTakY2zgZG+lKyQksIdkcZrXc3iAuW0t/WO56y3X4bIkZC+GfzJwrsD9wOwbEPfaz0q87BmfxgyVZO3slBOAvlJ
p2uOkkU80yDw1zLbYPdSZBjcWB5ru7Itd5fp9d28C96EjIfpCGZ/NOX/pbyYcvpN6UbTjTXCCvXc911+bwzvL57IiWBmuXS5anvr5wuQFBNn68f6y9FubzDyvSM/0gh+GvlR
pcxQ2msTYOodtYNkMUisXWmInjzH/EzDmOoHxb/qf0qLdGjUlMHMTD9ZCljWyOe2smF29Vf8tujrFB7dx6G/nqAmeFDFO2ji1pc18zvng1iJkjT7qRK7GjiKrVm97dreHdbGF3Qf+Vo=
By45V23OkJKo6COaTW8vFq3ntssW1Zc0SSA+xFd0zFsoAud976I/kntcSKyEycxUDzFqYAYAJ+7CydYNx3Q2cFv8/mWX6f9GUA5YKNUzaPrm/1XL6y9DAPk6lAM5mjuHjWJO4e2lmgbt/uZvZBf5Qg==
yD4VkRHqEhBF+ApJN5aDUeYoJypVIXMaPJkKR8vy2VQJI7gIL+yA4UK1fEs9i71IUj9hiwdXTUrYAybC6++JSu4yPPl3
3fDh8t5sBERCJTFt6a9tlxnq1lhuWsKxqntXGdtZT7uR8qx6kXGyIVN37/hgUunNqJhiGZ2h58GTUm2sTFklhNvG6+Smq4GrajSZSB7VGCn5YA==
h79K2u6ycnsiT0+IfhwcJxnq1lhuWsKxqntXGdtZT7uR8qx6kXGyIVN37/hgUunNqJhiGZ2h58GTUm2sTFklhNvG6uSnq4GrajSZSB7VGCn5YA==
D0nnd/e6D8BlCK93VRmiqwPkJ6MRMTHm/nsGgZawOqqrYH9Tm2PZB9vzQTied6XLwBuBe+Q7AuLP95Va4jo4+XM=
XK1qA4kWm8XjxdoxNsWvTx9hrZ40CbD4VcB2PmY3PpcfNxTmv2ww4+//JSp6Tv08giaiFzPw3KMPa22KA/AWX+eyBbOncsAuMvl5
KDIYnT9922w0xZooAJoTP1oHMo8LV+CeczzsS1t/kYImnrPK/tGnDz/A4IvbK7Ph/4Cax3MSsQvropzGRvkN
6TFqE7yDCFfTn2mNDRs+n3S99hinrHffxshREP4ZPEkCu0N3w7Aswx9reKgzsaf/VzKVE/eykM5C+Qk=
uEogtWj17mInoWMUstAlKxxVMZURW5KdOzz7V0JI1ZhyiaDR5tunDz/A4IvbK7vn/4Gbx3MSsQvropzGRvkN
TZqrrh6DYGdbTH9F5grU7RY3vr2GDf1mmVmHSugxtudXGq2knbs0iKN0FJG23eDrgSPpmCbHLUtOankZDWvVovfHvXr6KjD5ew==
8SNBoQxcuUVwf2QDDD9TSxn83F50QMr9rXRYS98QG/nWtLU+1m+7J0805PhgUunNqJhiGZ2h58GTUm2sTFklhNvG6eSmqoGkajSZSB7VGCn5YA==
8qhE9BL/DlPtSF4c6rB7uyYc7x4Xj/aO4fCevQeBv75gRviwhRtowpZ3tZP7x4N4SfK0G+kyuz99ai44fcLa/t22Rvc0P/l6
R89Qq6w6egt2Z6GqwX/I8RY3vKiGDf1mmVmHSugxtudXGq2knbs0iKN0FJG23eDrgSPpmCbHLUtFb3kaDWvVovfHvXr6KjD5ew==
R9zXkPZOMEQwRKp+O1PkO+acvBMLN56SxmU9kpyjzS2qBoXnwYJaVUx37Z7fTD8P7sh5QDZ5xNna+3tH21BkM3fr0Br7kr+Pr3JNg08S2B4q+WE=
1xYlO1kK78nNs3qaBl2IwyYc7x4Xj/aO4fCevQeBv75gRviwhRtowpZ3tZP7x4N4SfK0G+kyuzx/ai44fcLa/t22Rvc0P/l6
JN2ZVdG7ckJcIaXCUZZFYkYS77JQJSPErMBg5V6uR+amswN7r6hcZBDOUVEoBNqF7T1fXXMO1XA8hZ3YG5rRONd2ufiKKKFUbskgNfl8
i9wwSvjrQiP5rFJoRcOnHE9/I2aZwHuCn1yM791F8lreDXD1+JzyxJOLhfrgEkN5PTgYwcfAGb5yzlt9naJSRSQ3BS5X7Mc/lsiBcE7ZTGmyO5NX03C8Y+9rSkqjdLefh7Ll88fyYG4S+Vk=
OB8sHDZKyHeyJ/M55qpF+kNNoN7XdBX1oViRjrD7uGvrp/WNl44voq1SfQ8MG6gsS43AAghShr3c2YTakY2zgZG+lKyQksIdkcZrXc3iAuW0t/WO56y3X4bIkZC+GfzJwrsD9wOwbEPfazcq87BkfxcyVZO3slBOAvlJ
iKsmWdsLJWUIitjFXxjDYK3ntssW1Zc0SSA+xFd0zFsoAud976I/kntcSKyEycxUDzFqYAYAJ+7CydYNx3Q2cFv8/mWX6f9GUA5YKNUzaPrm/1XL6y9DAPk6lAM5mjuFjWJN4+2qmgbt/uZvZBf5Qg==
cFqWS//L58auj2YUnGgZXeYoJypVIXMaPJkKR8vy2VQJI7gIL+yA4UK1fEs9i71IUj9hiwRXTUnaAynC6++JSu4yPPl3
WNI3fi5g2XwfqaP33BC8jBnq1lhuWsKxqntXGdtZT7uR8qx6kXGyIVN37/hgUunNqJhiGZ2h58GTUm2sTFklhNvD6uSlqYGkajSZSB7VGCn5YA==
leREyT9o3cnOMLh0TQDu3Bnq1lhuWsKxqntXGdtZT7uR8qx6kXGyIVN37/hgUunNqJhiGZ2h58GTUm2sTFklhNvP7OSmqYGkajSZSB7VGCn5YA==
4X4DzuvYvEn+LRBjuu2F6UIw+sV5QbnpEcppazMsPY0FO2bl92wn//bIYTAuWewpkjuzFzPw3KMPa26KA/MUX+eyBbOncsAuMvl5
WlQ8xTeFZJrRoekh5vJJ9LDEcx7973tf3VPKVquJXkzwF0MfCYPg3edqTl0MDoyvzxTzgdFGF75Gi3NTb8DsnLCWgXkoLArdTcXvNbMmpUjc3c0wm/UA4LdNSdDKwBEszhFwHflU
TLjEVd1t+kD405kTPzuY8g0ZNZoQXZKAOzz7V0JI1ZhziaDR5tunDz/A4IvbK7jh/4OYx3MSsQvropzGRvkN
XEWQSrJGxNEwHXZLhZg4BUIw+sV5QbnpEcppazMsPY0FO2bl92wn//bIYTAvWewpkjuzFzPw3KMPa2yJA/MUX+eyBbOncsAuMvl5
MMJyEg4hen2a9LflhtpPSLyt5opLicJyFCB6mgMv3hlyWKVz67d5wSIeWOffjYgVTig+JAoHPOiQnccKx2sxcFv8/mWX6f9GUA5YKNUzaPrm/lXL6y9DAPk6lAM5mjuMj2JP4+2qmgbt/uZvZBf5Qg==
lwvmNczei0ZsDULUN8h8CeYoJypVIXMaPJkKR8vy2VQJI7gIL+yA4UK1fEs9i71IUj9hiwFTTUvaAynC6++JSu4yPPl3
ORIP7VbVW1Vycs0rFkjkohnq1lhuWsKxqntXGdtZT7uR8qx6kXGyIVN37/hgUunNqJhiGZ2h58GTUm2sTFklhNvH7OSnqYGkajSZSB7VGCn5YA==
dndP1GWIfMjBktVJfB5WVwLkJ6MRMTHm/nsGgZawOqqrYH9Tm2PZB9vzQTied6XLxRqBfOY7DeLP95Va4jo4+XM=
EVT2hlXyevOoZtKzcEoEjlpbZdVPFoKOe3noTERq1ZwBq+WfoPelDz/A4IvbK7ng/4WYx3MSsQvropzGRvkN
NDVA1CGGvPvj0w0Yth0CoRQ2vfWeT6Ihi0OfDeY5sfgUDI2Ev5weiaN0FpG23+fhgCPpmCbHLUtJa3keDmvVovfHvXr6KjD5ew==
/tU49fnxwlGuCMpXUpMAJxU2v/WeT6Ihi0OfDeY5sfgUDI2Ev5weiaN0FpG23+fhgCPpmCbHLUtJankeDmvVovfHvXr6KjD5ew==
5WucObzwNszspMpK34vCgxQ2vPWeT6Ihi0OfDeY5sfgUDI2Ev5weiaN0FpG23+fhgCPpmCbHLUtLb3kfDmvVovfHvXr6KjD5ew==
l9BtEBI1EDZnMPotFRDV9lVV/HFKTCBvz4Awq+srzAGvSShn45JBazvirOZW+R0=
7EufIVqJZvHZZ9g4bfjhr6q8QfK3gQKuwwE0RA1gU2UQg7lYduc9S1qNKdFei0UihyfNuorKQPkL
4WpnLNd73QrPp/K4GrRPBTsWMbAbr7AOkb/ShCzLxXgcTS1gmyVjcP19qaBKcDHcjoHQTfkE
RYOBwb6bWwz7s4aI6v7g+3R0dnVa7dnteHk40JrfOj4cbId70ThgAg+Sj8ruWlBd8Lx6SRlPublfAAuRJKEFGJwt7UCbBSOQfZ3pQEpQcXwOIRAt+WQ=
1T4JK3LD8QtJURbhFQe9buXH5OLn6pdnXGfA76xiakGWxLTKY9mx1txo1yT7GD4knIe4er4LWYHl86dWX2MU/+ki9MvJIrsrX7pl691SWm59ZgYnFC/5ag==
aXYT98z6uaJfiIDVYcW2BDK9mhWguSkKJp6khCpqJSK43J949y0GYafuu4MRDU9mzabsZFfAJLngxxCDc7lEfObDWdjWpx1LOk1JUf7LZSJnZ206Kgog+Ws=
NNA4ZS9IDW1pqMFhcfI+mraXqA9WLIiOj3JymN2wxXnsQc36iYsTCUV258LOTCUU7vkqE2Ir0d3u7GxH21BkM3fr0Bn7mbyPr3JNg08S2B4q+WE=
