W2+5cNPJiB0JQiEJBUTeZlmHz+UkQV7k5jWwJxAMPiTMFfM+pdtDDhn2vHF0WeXl/NJBt2JAFq9vAJBryyutws/GT6eKkyGrW2LMJjb5fQ==
vqqbmXMg+9JN5xFiOMIKrTh/PhK4I2L07B9dyWx5XoXxf5Ou1vjPsRkq1POZyju97PKKlM1zG7YN7qafxEf5cg==
lxOifox/FRmmTsD59T6dOevsyTELgqDMREof4rmtOKhgRyDoT4b250Iws72qNW1SPYzTGDSEWdMp4/yZUfakdwFm++kEjpqw9b97QoVyFtscK/lm
cOuxqckqfVIZQymJrKWqohoEduJws27G4P8CEITzLT0Uhd4BefMDOk5kbxWxhmRHIXb7+SS+WsAVL/vS5YJW6zw7+XY=
/O8SzuF/JkhVa9Vt2oED+xoEduJws27G4PsAHoTzLT0Uhd4BefMDOk5kbxWxhmRHIXb7+SS+WsAVL/vS5YJW6zw7+XY=
kTgJTSS/wqqWB2cp1k7a1x+zeuFcYXO7qSFU1IL+N7/lO0xsmzyBLc3zQTied6XLzB6BfuE7BOPP95Va4jo4+XM=
osCOTti2NQopQl6JUzV/BKq8QfK3gQKuwwE0RA1gU2UQg7lYduc9S1SOKd5Zi0wjhyfNuorKQPkL
eVuH2LdF56i+058vYkuwsTsWMbAbr7AOkb/ShCzLxXgcTS1gmytgcPJ6qalLcDHcjoHQTfkE
teNBtb4nLV9lhlM+T8/KVZq4SQRuvWa3D4NZMI6eOciT1JdANx42o7m7iJALVSKpkTx66rDT7magHwJwRFOt3VSl3iE5E4OajgRv9fEm5CfhVvvZ5N7aYFXP+7IlItYLfBv5Vg==
Q15r11ZHfSOO0oLin0t2KlOSURZFufdvIoru8MTRANy614f5W2p4c/Lwr/2YdvpD7UqdjibCDfrG6l8ibkn+NoT+xhd2v2GkbXfq5wuQFBNn6876y9ZrbzbzvSM/0gh+GvlR
aXS7pAMXOJLsaT7tXMM7K1OSURZFufdvIoru8MTRANyh14f5W2p4c/Lwr/2YdvpD7UqdjibCDfrG6l8ibkn+NoT+xhd2v2GkbXfq5wuQFBNn6876y9ZrbzbzvSM/0gh+GvlR
J7W7iAQNM1oD84SJpmUOERzdj6AkHhOnoWC+MRQMPiL9W6kvq9YCZF38q2F4dKvt8ZtFtUJMAK9vAJBryyurwc/GT6eKkyGrW2LMJjb5fQ==
wbcktEZ4rBXOU9qWNuQEHXMkihrestfG7N+XeEcm1pvJg0goe+3CEeGE+lLAaw7e0KfCSDRrTeUknd4ZSStjov48r02BngSfke57aZBmPN0ldDuKVRo2Mwwj+W4=
aLXg/qWd+ab9qDo5RWQFQFVV/HFKTCBvz4Awq+sryAOvQipn6ZNBazvirOZW+R0=
1G8ihN5Nu/b37eIHYmqKgKq8QfK3gQKuwwE0RA1gU2UQg7lYduc9S16PKdpci08jhyfNuorKQPkL
DBdamEFdywVOHGEKre0qZTsWMbAbr7AOkb/ShCzLxXgcTS1gmyFhcPZ/qapLcDHcjoHQTfkE
ajDmN5xJBx3staccEVFg6HR0dnVa7dnteHk40JrfOj4cbId70ThgAg+Sj8ruWlBd8Lx6SRlPublfAAuRJKEFGJwt7UCbASGQdp/pSktQcXwOIRAt+WQ=
H1h4GM7SNfyAuGoB0VhCrOXH5OLn6pdnXGfA76xiakGWxLTKY9mx1txo1yT7GD4knIe4er4LWYHl86dWX2MU/+ki9MvJIrsvXbpu6d1YW259ZgYnFC/5ag==
NbxmvJRjSLa4oYPdRssSijK9mhWguSkKJp6khCpqJSK43J949y0GYafuu4MRDU9mzabsZFfAJLngxxCDc7lEfObDWdjWpx1LPk9JWvzLbyNnZ206Kgog+Ws=
kgyfuQohQBhqeughZ+qQN7aXqA9WLIiOj3JymN2wxXnsQc36iYsTCUV258LOTCUU7vkqE2Ir0d3u7GxH21BkM3fr1Bv7kr6PpXNNg08S2B4q+WE=
