cs0QQpvTVzHimERfWrbfaVmHz+UkQV7k5jWwJxAMPiTMFfM+pdtDDhn2vHF0WeXl/NJBt2JAFq9vAJBryyuqx8/CS6eKkSGiWGLMJjb5fQ==
ElF5nGiTt6EGDZOfgjmKnjh/PhK4I2L07B9dyWx5XoXxf5Ou1vjPsRkq1POZyjuw6fKOkM1zGbYE7aafxEf5cg==
NbSQZOpzVdV8reH+drH8wZq9XE0GoWSxAtEUauXbZ5LAn4oea1JgnOS6n5IZfXj4gHcg2K/WtjfiQDNNCmWtgl280yhUVJmDiRN86fEm5CfhVvvU4d7eZFXP+bIsIdYLfBv5Vg==
tJ2QN5GAy1dc5uGHu79xtBoEduJws27G4P8CEITzLT0Uhd4BefMDOk5kbxWxhmRHIXb79CG+XsQVL/nS7IFW6zw7+XY=
gYs+TgXB50mJVVWv9XSKfBoEduJws27G4PsAHoTzLT0Uhd4BefMDOk5kbxWxhmRHIXb79CG+XsQVL/nS7IFW6zw7+XY=
VKmqRdjyIBP4OdB59dh7nR+zeuFcYXO7qSFU1IL+N7/lO0xsmzyBLc3zQTied6XLwRuBeuU7BOHP/pZa4jo4+XM=
tSGIaSxnWcitGUpP+jUYw6q8QfK3gQKuwwE0RA1gU2UQg7lYduc9S1mLKdpdi0whhy7OuorKQPkL
J+ZMo7BM8sp6amwYpZqQxzsWMbAbr7AOkb/ShCzLxXgcTS1gmyZlcPZ+qalJcDjfjoHQTfkE
OKy85i3uBhwQXkz3RajoPJq4SQRuvWa3D4NZMI6eOciT1JdANx42o7m7iJALVSKpkTx66rDT7magHwJwRFOt3VSl3iE5E4OajgRv9fEm5CfhVvvU4d7eZFXP+bIsIdYLfBv5Vg==
woRE9jFnF+XT0oDFk8vyilOSURZFufdvIoru8MTRANy614f5W2p4c/Lwr/2YdvpD7UqdjibCDfrG6l8ibkn+NoT+xhd2v2GkbXfq5wuQFBNn68P/y9JvbzbxvSo80gh+GvlR
RVMhFuN2G/nJcwVseZJXdVOSURZFufdvIoru8MTRANyh14f5W2p4c/Lwr/2YdvpD7UqdjibCDfrG6l8ibkn+NoT+xhd2v2GkbXfq5wuQFBNn68P/y9JvbzbxvSo80gh+GvlR
Pk3lje4aEGtbk6Fkr8czixzdj6AkHhOnoWC+MRQMPiL9W6kvq9YCZF38q2F4dKvt8ZtFtUJMAK9vAJBryyutx8/CS6eKkSGiWGLMJjb5fQ==
SvGCa612uXUxNsHohpR1iXMkihrestfG7N+XeEcm1pvJg0goe+3CEeGE+lLAaw7e0KfCSDRrTeUknd4ZSStjov48r02BngSfke57YJFmP9wldzmKXBk2Mwwj+W4=
89K7xhV6K0wVGXlqZaYeZdLRThyU0Px6yHA2sh9cGS9/OJ3UrAH1LFttujzAUvFFKZwg876NyEH5CA==
E9VXPW7zE/9wCniwVzD3XVpbZdVPFoKOe3noTERq1ZwBq+WfoPelDz/A4IvbK7nn/4Sbx3oRsQLoopzGRvkN
6EantFDzoAo40vcE7h962gPkJaMRMTHm/nsGgZawOqqrYH9Tm2PdB9vzQTied6XLxB2BfeU7BOHP/pZa4jo4+XM=
76EMLW7FF1Maa8lp1FI3ARQ2vfWeT6Ihi0OfDeY5sfgUDI2Ev5weiaN0FpG23+fhgCPpmCbHLUtJankdDWvcoffOvnr6KjD5ew==
rGET7zK+7iCeKpf5dBp6ixQ2v/WeT6Ihi0OfDeY5sfgUDI2Ev5weiaN0FpG23+fhgCPpmCbHLUtJbXkeDWvcoffOvnr6KjD5ew==
0b41uHmWrsNS98rm7KG2rhNNOcvMweeWMrVIZV+I2lBDPPFAUEntqFipeIMpkW5/x6AIG0OrKnZXJiN3MtH50rBC9DY++XU=
d0Bh0W4i51zvik0swD1w2HS99hinrHffxshREPwZPEkCu0N3w7Aswx9rfqozt6f/XjGVGvSykM5C+Qk=
AZWxbBXvUYeOuhxvjsIXNw42/cp6XL+wVsFycDowKcMCK2bl92wn//bIYTAsWewpkjuzFzPw3KMPa2iKA/cXX+6xBbqkcsAuMvl5
Jp2WoQSC6hVnSmNpon2qyhzC4ctGJyjL0XNWsdMEKxFWVWnFkc/jJRuu2IiVE2japl3Va6sPQyC5mhSjebo7oMjCy0Ctg5kmpF1mzyQ3+WI=
I1PhMN32pEZW7gfKUSuv+VVV/HFKTCBvz4Awq+srzQKvSStn6pFBYjjirOZW+R0=
1YVytmEGW40VL3CxbA1BJKq8QfK3gQKuwwE0RA1gU2UQg7lYduc9S1uOKdFdi0whhy7OuorKQPkL
+ZOiKxedf/57qEXa+e37hzsWMbAbr7AOkb/ShCzLxXgcTS1gmyRgcP1+qalJcDjfjoHQTfkE
j4VWrXIRUMwUIRhgPKk/tHR0dnVa7dnteHk40JrfOj4cbId70ThgAg+Sj8ruWlBd8Lx6SRlPublfAAuRJKEFGJwt7UCbBCCQfZ7pSUlQeH8OIRAt+WQ=
fiW2XmabnemalRPdaZg0+eXH5OLn6pdnXGfA76xiakGWxLTKY9mx1txo1yT7GD4knIe4er4LWYHl86dWX2MU/+ki9MvJIrsqXLpl6N1bWW50ZQYnFC/5ag==
tR28/U8dL48sBDZDTRI87zK9mhWguSkKJp6khCpqJSK43J949y0GYafuu4MRDU9mzabsZFfAJLngxxCDc7lEfObDWdjWpx1LO05JUf3LbCFnbm46Kgog+Ws=
82/9zS+v+Px7o+/5BuRj7baXqA9WLIiOj3JymN2wxXnsQc36iYsTCUV258LOTCUU7vkqE2Ir0d3u7GxH21BkM3fr0Rr7mb+PpnFNikwS2B4q+WE=
