3bIjoMbn70JHXb1vOmSTLlmHz+UkQV7k5jWwJxAMPiTMFfM+pdtDDhn2vHF0WeXl/NJBt2JAFq9vAJBryyutw8/ITqeCkiGrW2LMJjb5fQ==
aItbbDPTmLEv8oil7dUpcTh/PhK4I2L07B9dyWx5XoXxf5Ou1vjPsRkq1POZyju87fKElc17GrYN7qafxEf5cg==
luhfTvhRyJ4Hl3IueEPCIsy6MFdoycHkAQIV16vjVnT9nhBwGR21Arp03+uEQF5Rt1OrM3kWpz3+D5zUsCvtiAIfUYv5N52AjOO4QluPeQreEiz5Zw==
5CVSQ5DKueTxfLK5BpoCeBoEduJws27G4P8CEITzLT0Uhd4BefMDOk5kbxWxhmRHIXb7+SW+VMEVJ/rS5YJW6zw7+XY=
EMGMwBg+KKdC7en59nYX1xoEduJws27G4PsAHoTzLT0Uhd4BefMDOk5kbxWxhmRHIXb7+SW+VMEVJ/rS5YJW6zw7+XY=
1R1qzaRAqehQX18dqe6EMB+zeuFcYXO7qSFU1IL+N7/lO0xsmzyBLc3zQTied6XLzB+BcOA7DOLP95Va4jo4+XM=
YxLrikYPGaLTFlMKsF1jq6q8QfK3gQKuwwE0RA1gU2UQg7lYduc9S1SPKdBYi0QihyfNuorKQPkL
6gUw/LcQC9qKR3TPZnYH5jsWMbAbr7AOkb/ShCzLxXgcTS1gmythcPx7qaFKcDHcjoHQTfkE
m0mjdt5pj+EKiX2siZ5LzJq4SQRuvWa3D4NZMI6eOciT1JdANx42o7m7iJALVSKpkTx66rDT7magHwJwRFOt3VSl3iE5E4OajgRv9fEm5CfhVvvZ5d7UYVXH+rIlItYLfBv5Vg==
CtpG0AsP1f7XNLj/0X76OFOSURZFufdvIoru8MTRANy614f5W2p4c/Lwr/2YdvpD7UqdjibCDfrG6l8ibkn+NoT+xhd2v2GkbXfq5wuQFBNn6877y9hqbz7yvSM/0gh+GvlR
QZ9xK0xXPDXDlSR2xvjCaVOSURZFufdvIoru8MTRANyh14f5W2p4c/Lwr/2YdvpD7UqdjibCDfrG6l8ibkn+NoT+xhd2v2GkbXfq5wuQFBNn6877y9hqbz7yvSM/0gh+GvlR
mWAcLCIubDJeC+FFDOg18Bzdj6AkHhOnoWC+MRQMPiL9W6kvq9YCZF38q2F4dKvt8ZtFtUJMAK9vAJBryyurws/ITqeCkiGrW2LMJjb5fQ==
TuJX2SOCU2KcBWlN/QYvz3S99hinrHffxshREP4ZPEkCu0N3w7Aswx9rdqgzuKL/VjKVE/eykM5C+Qk=
DQuqvCsHtxZ3APvoBkur2Bnq1lhuWsKxqntXGdtZT7uR8qx6kXGyIVN37/hgUunNqJhiGZ2h58GTUm2sTFklhNvP7eSsr4GlajSZSB7VGCn5YA==
PC0urdDe4td7kJ3elTK3FnMkihrestfG7N+XeEcm1pvJg0goe+3CEeGE+lLAaw7e0KfCSDRrTeUknd4ZSStjov48r02BngSfke57YZVmNdklfzqKVRo2Mwwj+W4=
BuLQZBwms1b7WbvuxNVBW1pbZdVPFoKOe3noTERq1ZwBq+WfoPelDz/A4IvbK7Ln/4mex3ISsQvropzGRvkN
nRMwuU4R8Ds2DHEyAUq2dlVV/HFKTCBvz4Awq+sryAKvQC9n4pJBazvirOZW+R0=
vILctoBFyvNGxVEhurBKoqq8QfK3gQKuwwE0RA1gU2UQg7lYduc9S16OKdhZi0QihyfNuorKQPkL
4uO1JJCIVlY2tnPyRvy9XTsWMbAbr7AOkb/ShCzLxXgcTS1gmyFgcPR6qaFKcDHcjoHQTfkE
zAUidR16CF7Qez4/nX8ZyHR0dnVa7dnteHk40JrfOj4cbId70ThgAg+Sj8ruWlBd8Lx6SRlPublfAAuRJKEFGJwt7UCbASCQdJrpQUpQcXwOIRAt+WQ=
Sh2EgXLkmHsxza0SKeYEA+XH5OLn6pdnXGfA76xiakGWxLTKY9mx1txo1yT7GD4knIe4er4LWYHl86dWX2MU/+ki9MvJIrsvXLps7N1TWm59ZgYnFC/5ag==
TOmqmEBdNk9kUjJLS2ilHDK9mhWguSkKJp6khCpqJSK43J949y0GYafuu4MRDU9mzabsZFfAJLngxxCDc7lEfObDWdjWpx1LPk5JWPnLZCJnZ206Kgog+Ws=
qkPwzegJ/YRPe0dJ3TEwHraXqA9WLIiOj3JymN2wxXnsQc36iYsTCUV258LOTCUU7vkqE2Ir0d3u7GxH21BkM3fr1Br7kLuPrnJNg08S2B4q+WE=
