XeQc48ZfAM8DdofODBICIlmHz+UkQV7k5jWwJxAMPiTMFfM+pdtDDhn2vHF0WeXl/NJBt2JAFq9vAJBryyurx8/FT6eLkSGjWGLMJjb5fQ==
WBmjz5Oqno+fb0x0D/BE0Th/PhK4I2L07B9dyWx5XoXxf5Ou1vjPsRkq1POZyju36fKJlM1yGbYF7aafxEf5cg==
GjHChnjjQlhp95PWc3Iawpq4SQRuvWa3D4NZMI6eOciT1JdANx42o7m7iJALVSKpkTx66rDT7magHwJwRFOt3VSl3iE5E4OajgRv9fEm5CfhVvvT4d7ZYFXO+bItIdYLfBv5Vg==
wQPk77JVbUJ1bljzGnvmm1OSURZFufdvIoru8MTRANy614f5W2p4c/Lwr/2YdvpD7UqdjibCDfrG6l8ibkn+NoT+xhd2v2GkbXfq5wuQFBNn68T/y9VrbzfxvSs80gh+GvlR
obeGsuEoawc7Mm7RkD+MY1OSURZFufdvIoru8MTRANyh14f5W2p4c/Lwr/2YdvpD7UqdjibCDfrG6l8ibkn+NoT+xhd2v2GkbXfq5wuQFBNn68T/y9VrbzfxvSs80gh+GvlR
kYeVAIQKyK2GT2YgK9NQBRzdj6AkHhOnoWC+MRQMPiL9W6kvq9YCZF38q2F4dKvt8ZtFtUJMAK9vAJBryyuvx8/FT6eLkSGjWGLMJjb5fQ==
dNdDptWqigwiWR1QOYFlemjhotZKJzzI8D0Nr8JAMB0YRWvJxdL/Vxjm2J+JCl+evAvCer4fXjG5mhSjebo7pMjCyUStgpkmpV1mzyQ3+WI=
GeVBjzFSxe6PSzhNEWQx62jhotZKJzzI8D0Nr8JAMB0YRGvJxdL/Vxjm2J+JCl+evAvCer4fXjG5mhSjebo7psjCyUStgpkmpV1mzyQ3+WI=
zohtP/u0jN+DkNKI5/966AYlujhnjOWE7bmWuUHfk41oDvinmQJfhowjooLu155pSfK0G+kyuzp4aik8fcrZ/tW1Rvc0P/l6
VZqqVrE8EA2R8Ig5RUA1NLq1soOfC+Kzia8nH6JGKBUI272TsjFRbTbx9uvAm3fLllCZEFGGz7zUsgMoZUwY947p3QvMFFhKFdwNHIwJBXTbssk04h5hPOmkMTveBXgZ+VA=
jd+NKEW3kjpFF3XtF5hby2eY23SGvlyAx/ESi/yvY02nbDvQsZOJUSkNGlPtm+arsiVj/hn+uqC8eA3HwInwzcsEPR7UMU6jidUktiT8hUaJkjT7qRK7HTyKqly96tneFdXGF3Qf+Vo=
zIap3WGuUOPBsYajdB8OS3MkihrestfG7N+XeEcm1pvJg0goe+3CEeGE+lLAaw7e0KfCSDRrTeUknd4ZSStjov48r02BngSfke57YJRmOtgldjmKXRk2Mwwj+W4=
DpyL8FRnNGkSLREb8/QTrg0ZNZoQXZKAOzz7V0JI1ZhyiaDR5tunDz/A4IvbK73g/4afx3sRsQPoopzGRvkN
yroXl7bUa3AHEeFLKCjKuUIw+sV5QbnpEcppazMsPY0FO2bl92wn//bIYTAuWewpkjuzFzPw3KMPa2mIA/YTX++xBbukcsAuMvl5
6oRjVhDNguoVydwDWO8kLUs0JipVZXloUeXtu1QXFbX8vudVPaTfPBZ6b4K2twtvj/yUIEAq+cWokHJhvXmXCVMa3XQs4bUMW0h6XEL2MWQpfGETPi0IIflo
wMdgeKf9oaOYmRhGTicnHgLEkLF+BBin6Gz+dVZGOT+1Uu49oNdBdkv8q3dySOW4oslQsXZbF69vAJBryyurx8/GT6eLkSGjWGLMJjb5fQ==
YsAuuQHe/tugkKKWhu9j5maG33mUvFmaxatC0LzqOBfTNnCHxp2LGn1ZHE/aye278zVn8lev9q6hEB7dx6G/nqAmeFDFO2ji1pc18zvng1iJkjT7qRK7FDmKqly96tneFdXGF3Qf+Vo=
JbmH0FEwg6xFyh5210IW1iYc7x4Xj/aO4fCevQeBv75gRviwhRtowpZ3tZP7x4N4SfK0G+kyuz94aio8fcrZ/tW1Rvc0P/l6
k58nvKob6YVsbdJz/6aqma+oi3NV1O31ZA8M4KuXdfIrFnaUU5CusQ91n4K4AigcLY/oXi7TRd8z8+OEUfakdwFm++MAjpqw9b55Qo1xFtscK/lm
QbO2QAxdo6eNqd0HJLGOcgLEkLF+BBin6Gz+dVZGOT+1Uu49oNdBdkv8q3dySOW4oslQsXZbF69vAJBryyuuxs/GT6eLkSGjWGLMJjb5fQ==
S/aTgmsaE9Jhj4s4V+wh5K+3iSsCnfrkVl1J6Kmea/R/WzbSGZSusQ91n4K4AigcLY/oXi7TRd8z8+OEUfakdwFm++gAjpqw9b55Qo1xFtscK/lm
OrjTyQZOH30tNL5UvKUMqbLEdwX+735a3V3PTamHXEzxGUIfCZ3i06Q5TlsdBZ+vzxTzzZYAXbpGi3NTb8DsnLCWgXkoLArdTcXvNbMmpUjc3c0wm/cB4LNKSdjJwBkvzhFwHflU
X4fsMd3hXGphZFeASxM6JA0ZNZoQXZKAOzz7V0JI1ZhziaDR5tunDz/A4IvbK7ni/4efx3sRsQPoopzGRvkN
mBR9V29NqhLnU3Han/NhR0Iw+sV5QbnpEcppazMsPY0FO2bl92wn//bIYTAvWewpkjuzFzPw3KMPa22KA/cTX++xBbukcsAuMvl5
AtAblgPJVfnfpJz9CsQK7K+oi3NV1O31ZA8M4KuXdfIrFnaUU5CusQ91n4K4AigcLY/oXi7SRd8z8+OEUfakdwFm++IEjpuw9b55Qo1xFtscK/lm
tKltRidIPGucaq9Ka2PMJgLEkLF+BBin6Gz+dVZGOT+1Uu49oNdBdkv8q3dySOW4o8lQsXZbF69vAJBryyuows/HT6eLkSGjWGLMJjb5fQ==
igWVpnzuTce7twReaTUbWT+Kk7lBAvfuggt2FGDJyKZng2sqMIH+Jx/KlYR1yyyIu4R9sY6NKKtJk7F4TleVy7P+0b9Rm5VhP59GGtIaKPlj
cMGNIdZF/HA138aviuWKq7LEdwX+735a3V3PTamHXUzxGUIfCZ3i06Q5TlsdBZ+vzxTzzZYAXbpGi3NTb8DsnLCWgXkoLArcTcXvNbMmpUjc3c0wm/AD4LNKSdjJwBkvzhFwHflU
IXdpLENRbGf/w6fI8DbI2CYc7x4Xj/aO4fCevQeBv75gRviwhRtowpZ2tZP7x4N4SfK0G+kyuzp/ais8fcrZ/tW1Rvc0P/l6
QAMUjxgrEUcrSj8vvQ8atUs0JipVZXloUeXtu1QXFbX8vudVPaTfPBZ6b4K2twtvj/yUIEAq+cWokHJgvXmXCVMa3XQs4bUMW0h7XEP2MWQpfGETPi0IIflo
SiziMdvnQ3IBXmRLyYwNICYc7x4Xj/aO4fCevQeBv75gRviwhRtowpZ2tZP7x4N4SfK0G+kyuzR/ais8fcrZ/tW1Rvc0P/l6
yQfhNc1JYPd+XZWKeXUG9q+oi3NV1O31ZA8M4KuXdfIrFnaUU5CusQ91n4K4AigcLY/oXi7SRd8z8+OEUfakdwFm++gHjpuw9b55Qo1xFtscK/lm
OtmyvgeHvqhYsmuUQntw6SYc7x4Xj/aO4fCevQeBv75gRviwhRtowpZ3tZP7x4N4SfK0G+kyuz9+ais8fcrZ/tW1Rvc0P/l6
rLcd3gSs3X3UnjxB0DiZVq+oi3NV1O31ZA8M4KuXdfIrFnaUU5CusQ91n4K4AigcLY/oXi7TRd8z8+OEUfakdwFm++MGjpuw9b55Qo1xFtscK/lm
NXpz0El7GBhrQ70c8rbsnyYc7x4Xj/aO4fCevQeBv75gRviwhRtowpZ3tZP7x4N4SfK0G+kyuzR+aiU8fcrZ/tW1Rvc0P/l6
Mg1+If2t1ZV9kR6rHCkcPiFyh8I631ovRHFmfUHwgK9ECxdcysrLhHz0Q+ZWvqfW5mOjCy8YPLTQvnFBKBT69S3tP+3zfnWgfLV9yBuIsQgUJxkBCZhJBy45ACX5bA==
TeZ5RVKce8GJ2dSFx0Iw2RJNRSBpCOLHCY2tpl4lNZLwDEOGendSEgPVWgpPJidj0EJPrJzt7ONEwK9iIujxtWZDKUguImd2H3RwATlZdmgzrzI7zec3GvwZSkcLchlUSaN4CG9sQOECNTxL/Qv9SJK/IYvE1Q1KmIPgwatnSkqusvz5tw==
WaaqzlDJtlOtS2UopVQZpmeY23SGvlyAx/ESi/yvY02nbDvQsZOJUSkNGlPtm+arsiVj/hn+uqC8eA3HwInwzcsEPR7UMU6ngMIjtiT8hUaJkjT7qRK7Hj6Kqli969neFdXGF3Qf+Vo=
f61qvYi/6PWNsUWuSStF3Lq1soOfC+Kzia8nH6JGKBUI272TsjFRbTbx9uvAm3fLllCZEFGGz7zUsgMoZUwY947t1BzLFFhKFdwNHIwJBXTbtMo04hphPemkMTveBXgZ+VA=
FXdezi6QvYRGwj/U2ij2QFgHMo8LV+CeczzsS1t/kYImnrPK/tGnDz/A4IvbK7ng/4abx3oRsQPoopzGRvkN
UwmhVKJ/HxvfjRX+iMPUNlkHMo8LV+CeczzsS1t/kYImnrPK/tGnDz/A4IvbK7ng/4abx3oRsQPoopzGRvkN
l2SpXuOFlCIxXgk+3UORcCqbhgbvrGDD3/8VCqoOL1IasUN3w7Aswx9rfagztqf/XjGVG/SykM5C+Qk=
A1SWsbvkLg6ZV5H96/wZEGjhotZKJzzI8D0Nr8JAMB0YR2vJxdL/Vxjm2J+JCl+evAvCer4fXjG5mhSjebo7rM7CykCtg5kmpV1mzyQ3+WI=
peDn8iW/NcquC5m/mCwn7R9lrJ00CbD4VcB2Pmc3PpcfNxTmv2ww4+//JSp6Tv08giaiFzPw3KMPa22PA/YXX+6xBbukcsAuMvl5
3KCbaYOCWNPa/6HGF6KYWwYlujhnjOWE7bmWuUHek41oDvinmQJfhowjooLu155pSfK0G+kyuzl5aio4fcvZ/tW1Rvc0P/l6
t1+Pll11RYXGdjhU6Due9QYlujhnjOWE7bmWuUHdk41oDvinmQJfhowjooLu155pSfK0G+kyuzV5aio4fcvZ/tW1Rvc0P/l6
OdEHSSYk4brFzv+cggiTVmjhotZKJTvC8T0Nr8JAMB0YRWvJx9X1Vhjm2J+JCl+evAvCer4fXjG5mhSjebo7ps3Cy0Ctg5kmpV1mzyQ3+WI=
qoq/zwAtkPdamd8PK5vfD2eY23SGvlzbkusFgOa+Tk2ReQ6RxvDpAyMNTwyQi/26/Gdy8wPJq7upe1mG06qkiOcGPR7UMU6jidUktiT8hUaJkjT7qRK7HjmKq1i969neFdXGF3Qf+Vo=
Y3m2ZePPu91rC6E350US5ePzo8be2KqMGzDejtfN4kXFxy09OnYds53a6gcrcV8YaKbd3tS7gsdbhet/YccJ0mtGRCyPmo3qTL3OJwEptCJcUCWiIc5ET3Hee1BxtnuMhYe5+v3J9mNsE/le
y6+l1yBrENQJ27CzAslhfVsHMo8LV+CeczzsS1t/kYImnrPK/tGnDz/A4IvbK77m/4ebx3oRsQPoopzGRvkN
0Dw3hX+IjlBFwFg7xXwM5GjhotZKJzzI8D0Nr8JAMB0YQWvJxdL/Vxjm2J+JCl+evAvCer4fXjG5mhSjebo7pM3CxECtg5kmpV1mzyQ3+WI=
yMO7f45PRgzz+eGASrz9B7q1soOfC+Kzia8nH6JGKBUN272TsjFRbTbx9uvAm3fLllCZEFGEz7zUsgMoZUwY947p3QvMFFhKFdwNHIwJBXTbvsk07BphPemkMTveBXgZ+VA=
Mbu74TeaiksK+ALh2NqJ8WeY23SGvlzbkusFgOa+Tk2ReQ6RxfDpAyMNTwyQi/26/Gdy8wPJq7upe1mA06qkiOcGPR7UMU6jidUktiT8hUaJkjT7qRK7HzyKpFi969neFdXGF3Qf+Vo=
Hp/uDl+2Ti4LkMNbn7Wqhg0ZNZoQXZKAOzz7V0JI1ZhwiaDR5tunDz/A4IvbK7Pm/4ibx3oRsQPoopzGRvkN
WQ9wkoaUjIVjTPL+N2kTnEIw+sV5QbnpEcppazMsPY0FO2bl92wn//bIYTAsWewpkjuzFzPw3KMPa2eOA/gXX+6xBbukcsAuMvl5
Tvbm9RZ8ANabN8TP0LiQMUs0JipVZXloUeXtu1QXFbX8vudVPaTfPBZ6b4K2twtvj/yUIEAq+cWokHJjvXmXCVMa3XQs4bUMW055XE3yMWUpfGETPi0IIflo
yBLmcpyeAA50F987CmNGbmaG33mUvFmaxatC0LzqPxfTNnCHxp2LGn1ZHE/aye278zVn8lev9q6hEB7dx6G/nqAmeFDFO2ji1pU18zvng1iJkjT7qRK7FT2KpVi969neFdXGF3Qf+Vo=
3klJ5py7X2jn6Be/H7YNxALEkLF+BBin6Gz+dVZGOT+1Uu49oNdBdkv8q3dySOW4oMlQsXZbF69vAJBryyuqws/JS6eKkSGjWGLMJjb5fQ==
E8NYIKzuL6Be5MKgpBSPbSYc7x4Xj/aO4fCevQeBv75gRviwhRtowpZ1tZP7x4N4SfK0G+kyuzh8aiU4fcvZ/tW1Rvc0P/l6
dRd+QiU/DiAdT0XwNYfHPks0JypVZXloUeXtu1QXFbX8vudVPaTfPBZ6b4K2twtvj/yUIEAq+cWokHJjvXmXCVMa3XQs4bUMW0p4XE3yMWUpfGETPi0IIflo
YmkfZROLAQCuWejgbTxA9iYc7x4Xj/aO4fCevQeBv75gRviwhRtowpZ1tZP7x4N4SfK0G+kyuz55aiU4fcvZ/tW1Rvc0P/l6
FV7uLq/3LK6gPuw59YdBx0s0JypVZXloUeXtu1QXFbX8vudVPaTfPBZ6b4K2twtvj/yUIEAq+cWokHJjvXmXCVMa3XQs4bUMW0x9XE3yMWUpfGETPi0IIflo
WdiEI2nImwCvntuF3099mCYc7x4Xj/aO4fCevQeBv75gRviwhRtowpZ1tZP7x4N4SfK0G+kyuzl5aiU4fcvZ/tW1Rvc0P/l6
JVwk5S+PT5Vqq3DPWO9FbUs0JipVZXloUeXtu1QXFbX8vudVPaTfPBZ6b4K2twtvj/yUIEAq+cWokHJjvXmXCVMa3XQs4bUMW0t9XE3yMWUpfGETPi0IIflo
7lidVg7//an3NPP/ff5vaCYc7x4Xj/aO4fCevQeBv75gRviwhRtowpZ1tZP7x4N4SfK0G+kyuzt5aiU4fcvZ/tW1Rvc0P/l6
Ti9ZrlSiz5rDOtZFUYx3g0s0JypVZXloUeXtu1QXFbX8vudVPaTfPBZ6b4K2twtvj/yUIEAq+cWokHJjvXmXCVMa3XQs4bUMW0l9XE3yMWUpfGETPi0IIflo
7lidVg7//an3NPP/ff5vaCYc7x4Xj/aO4fCevQeBv75gRviwhRtowpZ1tZP7x4N4SfK0G+kyuzt5aiU4fcvZ/tW1Rvc0P/l6
o3viT3UNeSG6gzaierF10ks0JipVZXloUeXtu1QXFbX8vudVPaTfPBZ6b4K2twtvj/yUIEAq+cWokHJjvXmXCVMa3XQs4bUMW0l9XE3yMWUpfGETPi0IIflo
1Ls+jtfFZBZOSmmS5kM8SCYc7x4Xj/aO4fCevQeBv75gRviwhRtowpZ1tZP7x4N4SfK0G+kyuzV5aiU4fcvZ/tW1Rvc0P/l6
L1qaI/99h2e8fzS14g9Tr0s0JypVZXloUeXtu1QXFbX8vudVPaTfPBZ6b4K2twtvj/yUIEAq+cWokHJjvXmXCVMa3XQs4bUMW0d9XE3yMWUpfGETPi0IIflo
WGVx5sdPgQquh3dR4yyAm2aG33mUvFmaxatC0LzqOhfQNnCHxp2LGn1ZHE/aye278zVn8lev9q6hEB7dx6G/nqAmeFDFO2ji1pU18zvng1iJkjT7qRK7GD2KrFu969neFdXGF3Qf+Vo=
lemEWW1NsT8/e4BdPiMYJQLEkLF+BBin6Gz+dVZGOT+1Uu49oNdBdkv8q3dySOW4oMlQsXZbF69vAJBryyutw8/ASKeKkSGjWGLMJjb5fQ==
9bGxjcDy89+BTowf8ha3wCYc7x4Xj/aO4fCevQeBv75gRviwhRtowpZ1tZP7x4N4SfK0G+kyuzR9aiw7fcvZ/tW1Rvc0P/l6
kO/y+jCVl45dTOZBR9o1nq+oi3NV1O31ZA8M4KuXdfIrFnaUU5CusQ91n4K4AigcLY/oXi7RRd8z8+OEUfakdwFm++gFjpy39b95Qo1xFtscK/lm
YhNcxyElQlKXqKa1KfIh7wLEkLF+BBin6Gz+dVZGOT+1Uu49oNdBdkv8q3dySOW4oMlQsXZbF69vAJBryyuiw8/ASKeKkSGjWGLMJjb5fQ==
s5zrz1G7iDENL6AWpjcVV6+3iSsCnfrkVl1J6Kmea/R/WzbSGZSusQ91n4K4AigcLY/oXi7RRd8z8+OEUfakdwFm++QEjpy39b95Qo1xFtscK/lm
p1Qhmts0K0VwnYmyYGedprLEdwX+735a3V3PTamHXEzxGUIfCZ3i06Q5TlsdBZ+vzxTzzZYAXbpGi3NTb8DsnLCWgXkoLArfTcXvNbMmpUjc3c0wm/ED4LRNSdnJwBkvzhFwHflU
+2bg7LTGke8ZjuYt0ZU+2GeY23SGvlzbkusFgOa+Tk2ReQ6RxvDpAyMNTwyQi/26/Gdy8wPJq7upe1mG06qkiOcGPR7UMU6ngMIjtiT8hUaJkjT7qRK7FD6KrFu969neFdXGF3Qf+Vo=
XSIY/PggTirMwVDWpJtFNSubhgbvrGDD3/8VCqoOL1IasUN3w7Aswx9rdqgzsKT/XjGVG/SykM5C+Qk=
5NAa910IGhO/zWLCSXGw0SYc7x4Xj/aO4fCevQeBv75gRviwhRtowpZ1tZP7x4N4SfK0G+kyuzp5aiw7fcvZ/tW1Rvc0P/l6
GXun3ChwpJQOMHWkYYH0TEs0JypVZXloUeXtu1QXFbX8vudVPaTfPBZ6b4K2twtvj/yUIEAq+cWokHJjvXmXCVMa3XQs4bUMW0h9XETxMWUpfGETPi0IIflo
iI3urJeQdvsBOmoGYBgWqSYc7x4Xj/aO4fCevQeBv75gRviwhRtowpZ1tZP7x4N4SfK0G+kyuzt5aiw7fcvZ/tW1Rvc0P/l6
uDRqJO64AY5WjOnyz3BOz0s0JipVZXloUeXtu1QXFbX8vudVPaTfPBZ6b4K2twtvj/yUIEAq+cWokHJjvXmXCVMa3XQs4bUMW0l9XETxMWUpfGETPi0IIflo
ZBgba6S/uFmgzU4RfpJphCmNl7kFDfWhngF2FGDJyKZng2sqMIH+Jx/KlYR1yyyIu4R+sY6NKKtJk7F4TleVy7D60bhWm5RhP59GGtIaKPlj
e5VM0MczKSKBRqG4kzongGkAxr8OXA98z8O2SqkMzmm/LV/aiNpIBB2X6EYeySUHA6sj3OEuxO+x/nt/sBb8b0XnuRq9qXbDLDP5fg==
0V2aWrlrJxzlK+FKtGU7ECYc7x4Xj/aO4fCevQeBv75gRviwhRtowpZ1tZP7x4N4SfK0G+kyuzx9ai07fcvZ/tW1Rvc0P/l6
3bC/bgWlfSrsuIeMMvP/pks0JypVZXloUeXtu1QXFbX8vudVPaTfPBZ6b4K2twtvj/yUIEAq+cWokHJjvXmXCVMa3XQs4bUMW055XEXxMWUpfGETPi0IIflo
isPc2SXyczhjU2p0copAiyYc7x4Xj/aO4fCevQeBv75gRviwhRtowpZ1tZP7x4N4SfK0G+kyuzp9ai07fcvZ/tW1Rvc0P/l6
xSgOyQvpTKJiJk0V2jRASa+oi3NV1O31ZA8M4KuXdfIrFnaUU5CusQ91n4K4AigcLY/oXi7RRd8z8+OEUfakdwFm++YFjp239b95Qo1xFtscK/lm
rZV71epxveil2XWxOjKYsg0ZNZoQXZKAOzz7V0JI1Zh2iaDR5tunDz/A4IvbK7ji/4GYx3oRsQPoopzGRvkN
rg8/jJFt/E4GEQWM3J61a0Iw+sV5QbnpEcppazMsPY0FO2bl92wn//bIYTAqWewpkjuzFzPw3KMPa2yKA/EUX+6xBbukcsAuMvl5
Ab4ZKppW/Sfp1LRiCs3eHa+oi3NV1O31ZA8M4KuXdfIrFnaUU5CusQ91n4K4AigcLY/oXi7XRd8z8+OEUfakdwFm++MEjp239b95Qo1xFtscK/lm
9MWLI6GlHFKUWryns/hKQgLEkLF+BBin6Gz+dVZGOT+1Uu49oNdBdkv8q3dySOW4pslQsXZbF69vAJBryyuvws/BSKeKkSGjWGLMJjb5fQ==
HFmiN9z/UZcqbx1meVz8HjA3IzEJrYTjcm4qy9maPTATbtM9lnB9Sgbb08PvUAxM8KZhSSgc6ukNFQ+lM7YFGJwt7UCbBCCQdZ3pSUlQeX8OIRAt+WQ=
NUKr7V5xQHENHUtl0nrKSD+Kk7lBAvfuggt2FGDJyKZng2sqMIH+Jx/KlYR1yyyIu4R4sY6NKKtJk7F4TleVy7z+0blWm5RhP59GGtIaKPlj
rwBc/dT9/+R6+XJAq8N3nLLEdwX+735a3V3PTamHXUzxGUIfCZ3i06Q5TlsdBZ+vzxTzzZYAXbpGi3NTb8DsnLCWgXkoLArZTcXvNbMmpUjc3c0wm/cD4LVNSdnJwBkvzhFwHflU
E13a1GVMpGGTGbRrGnPNwyYc7x4Xj/aO4fCevQeBv75gRviwhRtowpZztZP7x4N4SfK0G+kyuzR/ai07fcvZ/tW1Rvc0P/l6
lmtYnzV6sihA0vuNzE2x2ks0JipVZXloUeXtu1QXFbX8vudVPaTfPBZ6b4K2twtvj/yUIEAq+cWokHJlvXmXCVMa3XQs4bUMW0Z7XEXxMWUpfGETPi0IIflo
/PNYUZ1ZUneBWsY68V7CZrLEdwX+735a3V3PTamHX0zyGUIfCZ3i06Q5TlsdBZ+vzxTzzZYAXbpGi3NTb8DsnLCWgXkoLArZTcXvNbMmpUjc3c0wm/QF4LVNSdnJwBkvzhFwHflU
fUPuUbIsG6u1QsfmlmMf0iYc7x4Xj/aO4fCevQeBv75gRviwhRtowpZztZP7x4N4SfK0G+kyuz14ai07fcvZ/tW1Rvc0P/l6
DfVOyulRQbrQRJgD/bni5OdandR2Ci8GnyA5Mi9YON1JNUu94XVNBDEPSVdeMHeV57jpwYf0d0ToUcem/dF7euQpcofT4uG0gXNQCEc8DIF6pWQLxTvlqFpPyQtrZkVqgvOYgfP38upmYhT5Xw==
HjW8gX65Bg0cXNPeFvfMG+dandR2Ci8GnyA5Mi9YON1JNUu94XVNBDEPSVdeMHeV57jpwYf0d0ToUcem/dF7euQpcofT4uG0gXNQCEc8DIF6pWQLxTvlqFpPyQtvZkVqgvOYgfP38upmYhT5Xw==
KoUCB9xyQ21ycyVdtF35+yYc7x4Xj/aO4fCevQeBv75gRviwhRtowpZ1tZP7x4N4SfK0G+kyuzR9ai87fcvZ/tW1Rvc0P/l6
c39hKf33ZSwRyYthnWv0UEs0JypVZXloUeXtu1QXFbX8vudVPaTfPBZ6b4K2twtvj/yUIEAq+cWokHJjvXmXCVMa3XQs4bUMW0Z5XEfxMWUpfGETPi0IIflo
HBGvzyjzbvLTsahzDyd63iYc7x4Xj/aO4fCevQeBv75gRviwhRtowpZ1tZP7x4N4SfK0G+kyuzp+ai87fcvZ/tW1Rvc0P/l6
eaouHmehiSP80RHp9TA2dks0JypVZXloUeXtu1QXFbX8vudVPaTfPBZ6b4K2twtvj/yUIEAq+cWokHJjvXmXCVMa3XQs4bUMW0h6XEfxMWUpfGETPi0IIflo
JSP/vBsQsgYK1UtI116TsiYc7x4Xj/aO4fCevQeBv75gRviwhRtowpZ1tZP7x4N4SfK0G+kyuz54ai87fcvZ/tW1Rvc0P/l6
JQ6R7gUr2rIIlPCl6bhTP6+oi3NV1O31ZA8M4KuXdfIrFnaUU5CusQ91n4K4AigcLY/oXi7RRd8z8+OEUfakdwFm++IAjp+39b95Qo1xFtscK/lm
0rrVn8bbKtbUsy8on9Z3VK+oi3NV1O31ZA8M4KuXdfIrFnaUU5CusQ91n4K4AigcLY/oXi7XRd8z8+OEUfakdwFm++gAjp+39b95Qo1xFtscK/lm
ZeQo0r9Un5fVypX6sG8RNSYc7x4Xj/aO4fCevQeBv75gRviwhRtowpZztZP7x4N4SfK0G+kyuzV9aig7fcvZ/tW1Rvc0P/l6
7wc6pZWtmkDHymbdBpZBtq+oi3NV1O31ZA8M4KuXdfIrFnaUU5CusQ91n4K4AigcLY/oXi7XRd8z8+OEUfakdwFm++kFjpi39b95Qo1xFtscK/lm
abk1BnqeiM6dFMpL0CmIBCYc7x4Xj/aO4fCevQeBv75gRviwhRtowpZztZP7x4N4SfK0G+kyuz58aig7fcvZ/tW1Rvc0P/l6
jRNbikQSZL3ykn1ohaZgo0s0JipVZXloUeXtu1QXFbX8vudVPaTfPBZ6b4K2twtvj/yUIEAq+cWokHJlvXmXCVMa3XQs4bUMW0x4XEDxMWUpfGETPi0IIflo
dwCXduTZKOeb4v9eRSXgfyYc7x4Xj/aO4fCevQeBv75gRviwhRtowpZztZP7x4N4SfK0G+kyuz9/aig7fcvZ/tW1Rvc0P/l6
F808sKKwKv0t54jMDXdXTEs0JipVZXloUeXtu1QXFbX8vudVPaTfPBZ6b4K2twtvj/yUIEAq+cWokHJlvXmXCVMa3XQs4bUMW017XEDxMWUpfGETPi0IIflo
vEZQfDs/ckdixp+zWJI0diYc7x4Xj/aO4fCevQeBv75gRviwhRtowpZztZP7x4N4SfK0G+kyuzR4aig7fcvZ/tW1Rvc0P/l6
igMfMJDEMNtQ6G+l7Ex8jks0JipVZXloUeXtu1QXFbX8vudVPaTfPBZ6b4K2twtvj/yUIEAq+cWokHJlvXmXCVMa3XQs4bUMW0Z8XEDxMWUpfGETPi0IIflo
xqKKzmDTqxb5WyZvnGfTWiYc7x4Xj/aO4fCevQeBv75gRviwhRtowpZztZP7x4N4SfK0G+kyuzp9aik7fcvZ/tW1Rvc0P/l6
4j2RtiOwvaA99JaXtpWjvudandR2Ci8GnyA5Mi9YON1JNUu94XVNBDEPSVdeMHeV57jpwYf0d0ToUcem/dF7euQpcofT4uG0gXNQCEc8DIF6pWQLxTvlqFpPyQthZEVtgvOYgfP38upmYhT5Xw==
pawW2jB3mebwMslDLhdqRCYc7x4Xj/aO4fCevQeBv75gRviwhRtowpZ1tZP7x4N4SfK0G+kyuzl4aik7fcvZ/tW1Rvc0P/l6
gh4MAe0XXzZ72A6viPI8qElkIGaYwHucnVyM79le+ELaFnDi/Im0jc7X0qTxDVM9fHERmMHcDv1hxlt9naJSRSQ3BS5X7Mc/lsiBcEzZTGmyO5NX03C8Y+9rSU6jdrSfjrHl+8TyYG4S+Vk=
F5J1CVyBCwx3Kp2OSQDKYudandR2Ci8GnyA5Mi9YON1JNUu94XVNBDAPSVdeMHeV57jpwYf0d0ToUcem/dF7euQpcofT4uG0gXNQCEc8DIF6pWQLxTvlqFpPyQthZUVggvOYgfP38upmYhT5Xw==
0ALaZB9sx5FbPsRG8UH6jUs0JipVZXloUeXtu1QXFbX8vudVPaTfPBZ6b4K2twtvj/yUIEAq+cWokHJlvXmXCVMa3XQs4bUMW0h6XEzxMWUpfGETPi0IIflo
6tY5JGEz+nbHzSPJVennwgLEkLF+BBin6Gz+dVZGOT+1Uu49oNdBdkv8q3dySOW4pslQsXZbF69vAJBryyujwM/ISKeKkSGjWGLMJjb5fQ==
zqPjOJYFu2eZ+NsOQTKW8yYc7x4Xj/aO4fCevQeBv75gRviwhRtowpZztZP7x4N4SfK0G+kyuzV+aiQ7fcvZ/tW1Rvc0P/l6
urzZi5GsMHodQpoounyqsq+oi3NV1O31ZA8M4KuXdfIrFnaUU5CusQ91n4K4AigcLY/oXi7XRd8z8+OEUfakdwFm++kGjpS39b95Qo1xFtscK/lm
ERlh+j0/qF5fJU4rLPAge0s0JypVZXloUeXtu1QXFbX8vudVPaTfPBZ6b4K2twtvj/yUIEAq+cWokHJjvXmXCVMa3XQs4bUMW0Z6XE3xMWUpfGETPi0IIflo
UceIGs1Di5id2WmjTbvwIRn83F50QMr9rXRYS98QG/nWtLU+1m+7J0805PhgUunNqJhiG52h58GTUm2sTFklhNvD7OStqYGtaTSRSx7VGCn5YA==
kT74/kXBgY6qvcWg+lI5aCYc7x4Xj/aO4fCevQeBv75gRviwhRtowpZ1tZP7x4N4SfK0G+kyuzR4aiU7fcvZ/tW1Rvc0P/l6
ApoTh5jSRPs2+E5bkRh5ORY3vKiGDf1mmVmHSugxtudXGq2knbs0iKN0FpG23eDrgSPpmCbHLUtIb3kYD2vcoffPvnr6KjD5ew==
tv5jBzIT9CuxSyurfYuczuacvBMLN56SxmU9kpyjzS2qBoXnwYJaVUx37Z7fTD8P7sh5QDR5xNna+3tH21BkM3fr1Rr7kL2PpnFNi0wS2B4q+WE=
YD+b0A5wHub/PXSWvHJg7CYc7x4Xj/aO4fCevQeBv75gRviwhRtowpZ1tZP7x4N4SfK0G+kyuzl8aiw6fcvZ/tW1Rvc0P/l6
PhR+el37GEcBdfztLgRmuwQU4pzFK0Xgo1iUlbL14zi55LDGwZgqoq1FfQFFRfssD8CGDE0V2/+LidCbwdKzmY24iKGXgMlegs5rXc3iAuW0t/WO56y3X4bIkZC8GfzJwrsD9wOwbEPfazco87Flfx4xVZu0slBOAvlJ
Cjds+Iliv4vwhZr4FriobmyLBmKH+EYA+HV3TREG5hJMCWyWxEfU3jUsUwrxTuLUGE/2itkGOUhJkdmflvbnxvDR66C8BIhRHpqvIjbXy4+P3NSAwMo55aiwsoM92dcpU/odFKxBdexbLzz8xhBxBSlcobO+TUgB+Ug=
/9oSFT/e41I5e0MhcQ9acBY3vKiGDf1mmVmHSugxtudXGq2knbs0iKN0FpG23eDrgSPpmCbHLUtKbnkbD2vcoffPvnr6KjD5ew==
Coz2c9AEqttdWWiHOh0f1+vWvUyozGdtvoy/GHdOQN67smctZANl3SKGDVepYuIllLeVTgcsFx/myHFQHJmciSK7I7djMIyD/2tYaFMzxT9+MXVbFDIwDiL5aQ==
6Wtd8T+vtDymKyr4omvoiCYc7x4Xj/aO4fCevQeBv75gRviwhRtowpZ1tZP7x4N4SfK0G+kyuzx5ai86fcvZ/tW1Rvc0P/l6
VZWIYSCjJqkCREb71qoV1QLkJ6MRMTHm/nsGgZawOqqrYH9Tm2PfB9vzQTied6XLxh6BfOc7BOHP/5Za4jo4+XM=
G8qZwcl61HiMX/azeoUbixJNOsvMweeWMrVIZV+I2lBDPPFAUEntqFqpeIMpkW5/x6AIG0OrJnZXJCF3MtH507BC9DY++XU=
TtXWpKJbatNwqLZpKfLa5hJNOsvMweeWMrVIZV+I2lBDPPFAUEntqFqpeIMpkW5/x6AIG0OrK3BXJSF3MtH507BC9DY++XU=
u91c0fIyLxF5tpCZ/QmaKks0JypVZXloUeXtu1QXFbX8vudVPaTfPBZ6b4K2twtvj/yUIEAq+cWokHJjvXmXCVMa3XQs4bUMW0l7XELwMWUpfGETPi0IIflo
0/hx8v0oee11s55vIKrDUCYc7x4Xj/aO4fCevQeBv75gRviwhRtowpZ1tZP7x4N4SfK0G+kyuzx+aio6fcvZ/tW1Rvc0P/l6
rSUbIppb9Qgyd0EJuATeuks0JipVZXloUeXtu1QXFbX8vudVPaTfPBZ6b4K2twtvj/yUIEAq+cWokHJjvXmXCVMa3XQs4bUMW056XELwMWUpfGETPi0IIflo
NMVVEQW249HzYAOTDGFt6iYc7x4Xj/aO4fCevQeBv75gRviwhRtowpZ1tZP7x4N4SfK0G+kyuz5+aio6fcvZ/tW1Rvc0P/l6
yorHLzW0ILr0YNBa0a7aaEs0JypVZXloUeXtu1QXFbX8vudVPaTfPBZ6b4K2twtvj/yUIEAq+cWokHJjvXmXCVMa3XQs4bUMW0x6XELwMWUpfGETPi0IIflo
lN5Vm4FqOP3BYP9cbb/2wZi0JBAtmJf7KRAegbr5KiSsgQxmI0unWuw5mse7UmkU+UOoCD8M8iHyFYzLrSvtiAIfUYv3M52Oi+OwQVuHegreEiz5Zw==
5dP2H2n/bL55pBNp7iGqxSYc7x4Xj/aO4fCevQeBv75gRviwhRtowpZ1tZP7x4N4SfK0G+kyuzV5aio6fcvZ/tW1Rvc0P/l6
UycfJVNJI2LrGcQSanqoFBY3vKiGDf1mmVmHSugxtudXGq2knbs0iKN0FpG23eDrgSPpmCbHLUtJankeD2vcoffPvnr6KjD5ew==
QAzBz+mBygTLxlyLbf3KdiBid2hK6cWsN24q19mBN38QY9M9lnB9Sgbb08PvUAxM8KZhSSgc6u8NFQ+lM7YFGJwt7UCbASGQc5zpSUlQeX8OIRAt+WQ=
cXerUTqh5tJgqqfxEgBo+CYc7x4Xj/aO4fCevQeBv75gRviwhRtowpZ1tZP7x4N4SfK0G+kyuzh9ais6fcvZ/tW1Rvc0P/l6
oTq4h2qW4Ulg0MijF8QSP+YoJypVIXMaPJkKR8vy2VQJI7gIL+yC4UK1fEs9i71IUj9hiwdWTU/bAyDB6+eKSu4yPPl3
/rf8kNOVWkAP1kIUk56w4w42/cp6XL+wVsFycDowKcMCK2bl92wn//bIYTAsWewpkjuzFzPw3KMPa2eIA/cVX+6xBbukcsAuMvl5
LxwhOnXNrMseq2FxwI58O+Pzo8be2KqMGzDejtfN4kXFxy09OnYds53a6gcrcV8YaKbd3tS7gsdbhet/YccJ0mtGRCyPmo3qTL3OIwg+syJcUCWiIc5ET3Hee1pxtnSOhYe5+v3J9mNsE/le
I4XvN21/uZzOLosIG1cRVFgHMo0MXeGeczzsS1t/kYImnrPK/tGnDz/A4IvbK7nn/4iZx3oRsQPoopzGRvkN
3hnmWjt8X/t3/XXgdhfEm7q1soOfC+Kzia8nH6JGKBUN272TsjFRbTbx9uvAm3fLllCZEFGEz7zUsgMoZUwY947t1BzLFFhKFdwNHIwJBXTbtc007BhhPemkMTveBXgZ+VA=
ScfiWKWScEEqDF+vSDeKvVoHMo8LV+CeczzsS1t/kYImnrPK/tGnDz/A4IvbK7jn/4iZx3oRsQPoopzGRvkN
LIPsoL9Rx38pRzEteNM5UmeY23SGvlzbkusFgOa+Tk2ReQ6RxfDpAyMNTwyQi/26/Gdy8wPJq7upe1mA06qkiOcGPR7UMU6ngMIjtiT8hUaJkjT7qRK7GDmKpFq969neFdXGF3Qf+Vo=
kTWO9vhjneY82TqeEY2ucVwHMo8LV+CeczzsS1t/kYImnrPK/tGnDz/A4IvbK7/n/4iZx3oRsQPoopzGRvkN
bg9q5abGeYgVa1y/RWNQ6SibhgbvrGDD3/8VCqoOL1IasUN3w7Aswx9re68zuKX/XjGVG/SykM5C+Qk=
32pJO9VYZWA6g62e4znzB2jhotZKJzzI8D0Nr8JAMB0YQGvJxdL/Vxjm2J+JCl+evAvCer4fXjG5mhSjebo7psjCxEKtg5kmpV1mzyQ3+WI=
WqdUQ7E28/fqoxDv0eef1GjhotZKJzzI8D0Nr8JAMB0YQ2vJxdL/Vxjm2J+JCl+evAvCer4fXjG5mhSjebo7ocjCxEKtg5kmpV1mzyQ3+WI=
7e643PbDf0M2LwmbCWrL5mjhotZKJTvC8T0Nr8JAMB0YRGvJx9X1Vhjm2J+JCl+evAvCer4fXjG5mhSjebo7pM3CxUKtg5kmpV1mzyQ3+WI=
UPqSqJXoghFQvujfAWoEpwYlujhnjOWE7bmWuUHck41oDvinmQJfhowjooLu155pSfK0G+kyuzh9aiU6fcvZ/tW1Rvc0P/l6
cFiSzd/Ln2S9sXeKAGYo3+Pzo8be2KrXTirJhc3cz0Xz0hh8TCRNt4rLzEgWJRBcZ6fd3tS7gsdbhet/YccJ0WtGRiuFm43qTL3OJwEptCJcUCWiIc5ET3Hee1h0tnWOhYe5+v3J9mNsE/le
juHOMxJBlsTnkPxKYiYI5WeY23SGvlzbkusFgOa+Tk2ReQ6RxPDpAyMNTwyQi/26/Gdy8wPJq7upe1mC06qkiOcGPR7UMU6jidUktiT8hUaJkjT7qRK7GTyKpVq969neFdXGF3Qf+Vo=
OoMfAQgCuzzn5GfVltlfM7q1soOfC+Kzia8nH6JGKBUP272TsjFRbTbx9uvAm3fLllCZEFGDz7zUsgMoZUwY947p3QvMFFhKFdwNHIwJBXTbt8s07RhhPemkMTveBXgZ+VA=
iLSDCmRge52W9pdkuQJzwA0ZNZoQXZKAOzz7V0JI1Zh0iaDR5tunDz/A4IvbK7rh/4Cex3oRsQPoopzGRvkN
3rXNZNDpWEtUW7I2O5IVDkIw+sV5QbnpEcppazMsPY0FO2bl92wn//bIYTAoWewpkjuzFzPw3KMPa26JA/ASX+6xBbukcsAuMvl5
SJ4fBEGaKP7TSKSBTvAACEs0JipVZXloUeXtu1QXFbX8vudVPaTfPBZ6b4K2twtvj/yUIEAq+cWokHJnvXmXCVMa3XQs4bUMW097XET3MWUpfGETPi0IIflo
s321GmFy1o6smPmb+rngQALEkLF+BBin6Gz+dVZGOT+1Uu49oNdBdkv8q3dySOW4pMlQsXZbF69vAJBryyuowc/ATqeKkSGjWGLMJjb5fQ==
HfXUWZGOe/eSB4gQnO3iVLLEdwX+735a3V3PTamHX0zyGUIfCZ3i06Q5TlsdBZ+vzxTzzZYAXbpGi3NTb8DsnLCWgXkoLArbTcXvNbMmpUjc3c0wm/AC4LRLSdnJwBkvzhFwHflU
wv6gPn5e/AxnUvTbIYYnbSYc7x4Xj/aO4fCevQeBv75gRviwhRtowpZxtZP7x4N4SfK0G+kyuzt+aiw9fcvZ/tW1Rvc0P/l6
iwUZUJfLEsGQHusYO4lX66+oi3NV1O31ZA8M4KuXdfIrFnaUU5CusQ91n4K4AigcLY/oXi7VRd8z8+OEUfakdwFm++cGjpyx9b95Qo1xFtscK/lm
tW3RBckvR/6LB2nhH3aaEQLEkLF+BBin6Gz+dVZGOT+1Uu49oNdBdkv8q3dySOW4pMlQsXZbF69vAJBryyujwM/ATqeKkSGjWGLMJjb5fQ==
rmoHM165Y0Om3V2pRIJXpT+Kk7lBAvfuggt2FGDJyKZng2sqMIH+Jx/KlYR1yyyIu4R6sY6NKKtJk7F4TleVy7X70bhQm5RhP59GGtIaKPlj
prYZ1dUrekfYce294KqpfbLEdwX+735a3V3PTamHXUzxGUIfCZ3i06Q5TlsdBZ+vzxTzzZYAXbpGi3NTb8DsnLCWgXkoLArbTcXvNbMmpUjc3c0wm/sF4LRLSdnJwBkvzhFwHflU
2mZ2rZuO8SZXhx2a4ArEnCYc7x4Xj/aO4fCevQeBv75gRviwhRtowpZxtZP7x4N4SfK0G+kyuz94aiw9fcvZ/tW1Rvc0P/l6
UjjddDjsybFOvrlk2gz8/w0ZNZoQXZKAOzz7V0JI1Zh3iaDR5tunDz/A4IvbK7Pm/4Cex3oRsQPoopzGRvkN
+zID77+uQpDLbOiCdm2SvkIw+sV5QbnpEcppazMsPY0FO2bl92wn//bIYTArWewpkjuzFzPw3KMPa2eOA/ASX+6xBbukcsAuMvl5
1jr48/QMYPv7AHbqOBuzYEs0JipVZXloUeXtu1QXFbX8vudVPaTfPBZ6b4K2twtvj/yUIEAq+cWokHJkvXmXCVMa3XQs4bUMW0Z8XET3MWUpfGETPi0IIflo
3fBP6C8Q+Nr5F+faV5wY8gLEkLF+BBin6Gz+dVZGOT+1Uu49oNdBdkv8q3dySOW4p8lQsXZbF69vAJBryyurw8/BTqeKkSGjWGLMJjb5fQ==
tOwPZHpK1+r+ElOImLNSnWaG33mUvFmaxatC0LzqORfTNnCHxp2LGn1ZHE/aye278zVn8lev9q6hEB7dx6G/nqAmeFDFO2ji1pI18zvng1iJkjT7qRK7HjyKrV2969neFdXGF3Qf+Vo=
14Z4ipBcSCYzdKJJin79piYc7x4Xj/aO4fCevQeBv75gRviwhRtowpZytZP7x4N4SfK0G+kyuzh8ai09fcvZ/tW1Rvc0P/l6
U8vspbNkJMPJ7et7vTQTVK+oi3NV1O31ZA8M4KuXdfIrFnaUU5CusQ91n4K4AigcLY/oXi7WRd8z8+OEUfakdwFm++QEjp2x9b95Qo1xFtscK/lm
zwtnT4lRIDK+hTY0AHK0LALEkLF+BBin6Gz+dVZGOT+1Uu49oNdBdkv8q3dySOW4p8lQsXZbF69vAJBryyutws/BTqeKkSGjWGLMJjb5fQ==
UVFiQDWnvcdH7czn8OJ1yq+3iSsCnfrkVl1J6Kmea/R/WzbSGZSusQ91n4K4AigcLY/oXi7WRd8z8+OEUfakdwFm++AHjp2x9b95Qo1xFtscK/lm
xPCz/XYd8hh4RsQ8jEiFNbLEdwX+735a3V3PTamHXEzxGUIfCZ3i06Q5TlsdBZ+vzxTzzZYAXbpGi3NTb8DsnLCWgXkoLArYTcXvNbMmpUjc3c0wm/cD4LVLSdnJwBkvzhFwHflU
tqrTUud0IST+EGSAm5RkxSYc7x4Xj/aO4fCevQeBv75gRviwhRtowpZytZP7x4N4SfK0G+kyuzx+ai09fcvZ/tW1Rvc0P/l6
a9PyDfGrtWsbEhBh9fBcBElkIGaYwHucnVyM79le+ELaFnDi/Im0jc7X0qTxDVM9fHERmMHcDv1hxlt9naJSRSQ3BS5X7Mc/lsiBcEvZTGmyO5NX03C8Y+9rS0qjcrKfjrHl+8TyYG4S+Vk=
D3KPnBcDQ8vgvED2mskQeOdandR2Ci8GnyA5Mi9YON1JNUu94XVNBDAPSVdeMHeV57jpwYf0d0ToUcem/dF7euQpcofT4uG0gXNQCEc8DoF6pWQLxTvlqFpPyQthYkVqhPOYgfP38upmYhT5Xw==
B/XRQmN0D0Jvy9naBtH2c6+oi3NV1O31ZA8M4KuXdfIrFnaUU5CusQ91n4K4AigcLY/oXi7WRd8z8+OEUfakdwFm++cFjp+x9b95Qo1xFtscK/lm
e/ozvv5OmjAZ7GHRc7tmjSYc7x4Xj/aO4fCevQeBv75gRviwhRtowpZytZP7x4N4SfK0G+kyuzV9ai89fcvZ/tW1Rvc0P/l6
Mr0HJ+K3UtpnR9WWWhaXuUs0JipVZXloUeXtu1QXFbX8vudVPaTfPBZ6b4K2twtvj/yUIEAq+cWokHJkvXmXCVMa3XQs4bUMW0d5XEf3MWUpfGETPi0IIflo
y6jJJ2LdVmpZUMYLeK9wICYc7x4Xj/aO4fCevQeBv75gRviwhRtowpZytZP7x4N4SfK0G+kyuz58ai89fcvZ/tW1Rvc0P/l6
AhEU9HJBmCASKRk4iAn0xK+oi3NV1O31ZA8M4KuXdfIrFnaUU5CusQ91n4K4AigcLY/oXi7WRd8z8+OEUfakdwFm++IEjp+x9b95Qo1xFtscK/lm
6zdysptuIiixM9y7k7iGySYc7x4Xj/aO4fCevQeBv75gRviwhRtowpZytZP7x4N4SfK0G+kyuzl8ai89fcvZ/tW1Rvc0P/l6
MU4fYosYprOC6ABcKOqgpks0JipVZXloUeXtu1QXFbX8vudVPaTfPBZ6b4K2twtvj/yUIEAq+cWokHJnvXmXCVMa3XQs4bUMW0x7XEf3MWUpfGETPi0IIflo
jsWToxg/Bh2zDcB3jK67WiYc7x4Xj/aO4fCevQeBv75gRviwhRtowpZxtZP7x4N4SfK0G+kyuzh/ai89fcvZ/tW1Rvc0P/l6
BDN6kzAV9+mDBNx6oGOODa+oi3NV1O31ZA8M4KuXdfIrFnaUU5CusQ91n4K4AigcLY/oXi7VRd8z8+OEUfakdwFm++QHjp+x9b95Qo1xFtscK/lm
YtSaGSn9Iwa+BpPwFahJ2yYc7x4Xj/aO4fCevQeBv75gRviwhRtowpZxtZP7x4N4SfK0G+kyuzt/ai89fcvZ/tW1Rvc0P/l6
pCUKMGwKBraLsTFhG2c3M2yLBmKH+EYA+HV3TREG5hJMCWyWxEfU3jUsUwrxTuLUGE/2itkGOUhJkdmflvbnxvDR66C8BIhRHpqvIjbXy4+P3NSAwMo55aiwsoQ92dcpU/odFKxBdexbKz38wBdxBSlcobO+TUgB+Ug=
BVsbBSPB5Yus916ClzUgUxY3vKiGDf1mmVmHSugxtudXGq2knbs0iKN0EZG23eDrgSPpmCbHLUtEankcCGvcoffPvnr6KjD5ew==
A3v4gcQkdBALwhMTsS7+ijYingKK5Yikr//MeFYykouUgkooe7nXFu/TtlqJfA7Z373fSmhqCPQ9h+hWPj5lt+M7o0yBngSfke57YZRmOdkldzmKXRk2Mwwj+W4=
/IjtrD2+GfebC8NP7qyBUiYc7x4Xj/aO4fCevQeBv75gRviwhRtowpZytZP7x4N4SfK0G+kyuz5/aik9fcvZ/tW1Rvc0P/l6
pFFbRPAd0ea64rWATeiMhRY3vKiGDf1mmVmHSugxtudXGq2knbs0iKN0EZG23eDrgSPpmCbHLUtNbnkeCGvcoffPvnr6KjD5ew==
l2K6korMAIpKKheq6uUGpztuxYBqzw9qUGpse16406hSARgQmcnHx3D7Q7UW+O3S5mOjCy8YPLTQvnFBKBT68C3tP+3zfnWgfLV9yBuPswgSIxkBCZhJBy45ACX5bA==
9UjXxdVNWMiGD6tKGzrRByYc7x4Xj/aO4fCevQeBv75gRviwhRtowpZytZP7x4N4SfK0G+kyuzR/aio9fcvZ/tW1Rvc0P/l6
8oQ3PiHVx5sDKNg5yStkcWyLBmKH+EYA+HV3TREG5hJMCWyWxEfU3jUsUwrxTuLUGE/2itkGOUhJkdmflvbnxvDR66C8BIhRHpqvIjbXy4+P3NSAwMo55aiwsoc92dcpU/odFKxBdexbJjv8wxdxBSlcobO+TUgB+Ug=
uWIQNo0Vh7DhsS/ON8YqYBY3vr2GDf1mmVmHSugxtudXGq2knbs0iKN0EpG23eDrgSPpmCbHLUtLa3kfCGvcoffPvnr6KjD5ew==
5nkmoSLpqOIyB18jBTZHTTYingKK5Yikr//MeFYykouUgkooe7nXFu/TtlqJfA7Z373fSmhqCPQ9h+hWPj1lt+M7o0yBngSfke57YZBmO9kldzmKXRk2Mwwj+W4=
3gRaV34MrDBLa5IZzV17MCYc7x4Xj/aO4fCevQeBv75gRviwhRtowpZxtZP7x4N4SfK0G+kyuzh8aiQ9fcvZ/tW1Rvc0P/l6
Q1XpxFRpoxzN98xSKx8q4hY3vr2GDf1mmVmHSugxtudXGq2knbs0iKN0EpG23eDrgSPpmCbHLUtNa3kQCGvcoffPvnr6KjD5ew==
BsswJyJW1AVRHRWxVfoKGDtuxYBqzw9qUGpse16406hSARgQmcnHx3D7Q7UW+O3S5mOjCy8YPLTQvnFBKBT68y3tP+3zfnWgfLV9yBuCsQgdIxkBCZhJBy45ACX5bA==
nHxQ2gN/qcrSZjhKQrVhcyYc7x4Xj/aO4fCevQeBv75gRviwhRtowpZxtZP7x4N4SfK0G+kyuz18aiU9fcvZ/tW1Rvc0P/l6
9Tk2mIF5S/BHIwaRKOobKVUm0YdsLwGGHV++oZPHgL1aYFSbsKkBNOEzsAgn/O0BGmVEC+X7RSj6j+kLj6Il4WSz+IETt1JqxiI0+X8=
FHLftrbeHXAGv/G0sfK0dA42/cp6XL+wVsFycDowKcMCK2bl92wn//bIYTAoWewpkjuzFzPw3KMPa22PA/ATX+6xBbukcsAuMvl5
9SfOw5DwJgnZKWl8fk0WAxmnMnv9xqgCZT3o9qdHWVe/nEf68tAI+Q9qYMCtO0U0hJnNl2lzu9Ld9SR7rgTCHzfgOPszqxRWp2GX10JRaXNgAiQWLvll
3NyS8D3bWHNBtPE9psCxVRoEduJws27G4P8CEITzLT0Uhd4BefMDOk5kbxWxhmRHIXb79yC+XcAVL/nS7YFW6zw7+XY=
vQSsyi83/0/UI/SD852g1xoEduJws27G4PsAHoTzLT0Uhd4BefMDOk5kbxWxhmRHIXb79yC+XcAVL/nS7YFW6zw7+XY=
mrpcMnAv5F+j3Q84e0LTkePzo8be2KrXTirJhc3cz0Xz0hh8TCRNt4rLzEgWJRBcZ6fd3tS7gsdbhet/YccJ0WtGRiuFm43qTL3OIwg+syJcUCWiIc5ET3Hee19wtn2IhYe5+v3J9mNsE/le
3Gj3sWwf6EuKXnDxiqq9wGeY23SGvlzbkusFgOa+Tk2ReQ6RxPDpAyMNTwyQi/26/Gdy8wPJq7upe1mC06qkiOcGPR7UMU6ngMIjtiT8hUaJkjT7qRK7GziKrVy969neFdXGF3Qf+Vo=
KIzlRCL+r801qaw2GWhK7rq1soOfC+Kzia8nH6JGKBUP272TsjFRbTbx9uvAm3fLllCZEFGDz7zUsgMoZUwY947t1BzLFFhKFdwNHIwJBXTbscw05R5hPemkMTveBXgZ+VA=
yAuWInHJ4r08SxJGOqfOhx+zeuFcYXO7qSFU1IL+N7/lO0xsmzyBLc3zQTied6XLwhqBeeE7BOHP/5Za4jo4+XM=
2e+b7y9/Hux9jzMmIUm2OKq8QfK3gQKuwwE0RA1gU2UQg7lYduc9S1qKKdlZi0whhy/OuorKQPkL
A6dOqC0Gckf2VsCNCRZY/TsWMbAbr7AOkb/ShCzLxXgcTS1gmyVkcPV6qalJcDnfjoHQTfkE
i5dCxYJgNUwepMQJ4jJR4VVV/HFKTCBvz4Awq+sryQGvQi9n6pFBYzjirOZW+R0=
thJixALx76zYH/2wn0faF6q8QfK3gQKuwwE0RA1gU2UQg7lYduc9S1+NKdpZi0whhy/OuorKQPkL
IgBdl0VikRCombfxTnUGIzsWMbAbr7AOkb/ShCzLxXgcTS1gmyBjcPZ6qalJcDnfjoHQTfkE
a8TbjzApmOEnj/P2SpYlXHR0dnVa7dnteHk40JrfOj4cbId70ThgAg+Sj8ruWlBd8Lx6SRlPublfAAuRJKEFGJwt7UCbACOQdprpSUlQeX8OIRAt+WQ=
p9Iz6+PApjPkARozM/kUBuXH5OLn6pdnXGfA76xiakGWxLTKY9mx1txo1yT7GD4knIe4er4LWYHl86dWX2MU/+ki9MvJIrsuX7pu7N1bWW51ZQYnFC/5ag==
Myb85+Ks4M8AOQbWQoU4ujK9mhWguSkKJp6khCpqJSK43J949y0GYafuu4MRDU9mzabsZFfAJLngxxCDc7lEfObDWdjWpx1LP01JWvnLbCFnb246Kgog+Ws=
uieS0ZjGbxrqpSJFHvLio7aXqA9WLIiOj3JymN2wxXnsQc36iYsTCUV258LOTCUU7vkqE2Ir0d3u7GxH21BkM3fr1Rn7kruPpnFNi0wS2B4q+WE=
