I6gRdab+kGHKW5p6F73o+1mHz+UkQV7k5jWwJxAMPiTMFfM+pdtDDhn2vHF0WeXl/NJBt2JAFq9vAJBryyuvws/FSaeIkSGkW2LMJjb5fQ==
4OyjIkoq5mra58Wb3Ynw7Th/PhK4I2L07B9dyWx5XoXxf5Ou1vjPsRkq1POZyjuz7PKJks1xGbYC7qafxEf5cg==
DMDL80oBvCxVvZCKkz/x5pq4SQRuvWa3D4NZMI6eOciT1JdANx42o7m7iJALVSKpkTx66rDT7magHwJwRFOt3VSl3iE5E4OajgRv9fEm5CfhVvvX5N7ZZlXN+bIqItYLfBv5Vg==
7k+V0KlK597VsREXjhZ0f1OSURZFufdvIoru8MTRANy614f5W2p4c/Lwr/2YdvpD7UqdjibCDfrG6l8ibkn+NoT+xhd2v2GkbXfq5wuQFBNn68D6y9VtbzTxvSw/0gh+GvlR
NQccoMykuagGl56jqDkfUFOSURZFufdvIoru8MTRANyh14f5W2p4c/Lwr/2YdvpD7UqdjibCDfrG6l8ibkn+NoT+xhd2v2GkbXfq5wuQFBNn68D6y9VtbzTxvSw/0gh+GvlR
c9vUtnuAH+POOXr5Ga65SBzdj6AkHhOnoWC+MRQMPiL9W6kvq9YCZF38q2F4dKvt8ZtFtUJMAK9vAJBryyuiws/FSaeIkSGkW2LMJjb5fQ==
ZAyHEQ2INWGURP3SgfeNbkMAtvEMcDyX5clm4lDjRP+puRF8t5hULBDZTUgfQMDR+ixKTW4f1XA8hZ3YG5vQON10ufOJKK5UbskgNfl8
FXtpQZKd6rfXauBNR40462jlu5YCY3+ekD0Nr8JAMB0YRHHPxc7nVhjm2J+JCl+evAvCer4fXjG5mhSjebo7ps/CxUKtgZkmol5mzyQ3+WI=
RhDAP9ABmJvhOeX85tRs1kMAtvEMcDyX5clm4lDjRP2puRF8t5hULBDZTUgfQMDR+ixKTW4f1XA8hZ3YG5nQONRzufOJKK5UbskgNfl8
4x9SYaWlZKlcofUU0j248x9grJ40CbD4VcB2PmQ3PpcfNxTmv2ww4+//JSp6Tv08giaiFzPw3KMPa2iPA/ASX+yxBbyncsAuMvl5
xZ3W2hhBE2y9Phdp3t18Mh9grJ40CbD4VcB2PmU3PpcfNxTmv2ww4+//JSp6Tv08giaiFzPw3KMPa22OA/ASX+yxBbyncsAuMvl5
VrCoFtZLT+Kld6676mqy1gYlujhnjOWE7bmWuUHfk41oDvinmQJfhowjooLu155pSfK0G+kyuzV+ai09fcnZ/tK2Rvc0P/l6
Bubg56GBQhiS/tewTTMJTQYlujhnjOWE7bmWuUHek41oDvinmQJfhowjooLu155pSfK0G+kyuz55ai09fcnZ/tK2Rvc0P/l6
Nvm1xDDWuJOy4zIILBSYVQYlujhnjOWE7bmWuUHdk41oDvinmQJfhowjooLu155pSfK0G+kyuzp5ai09fcnZ/tK2Rvc0P/l6
iGZw2Cm6JtXhA1e5f1xXxQYlujhnjOWE7bmWuUHck41oDvinmQJfhowjooLu155pSfK0G+kyuzV5ai09fcnZ/tK2Rvc0P/l6
bvLII0kUlCoGkfVdrYG+vmjhotZKJTvC8T0Nr8JAMB0YRWvJx9X1Vhjm2J+JCl+evAvCer4fXjG5mhSjebo7p83CzkWtgZkmol5mzyQ3+WI=
PcugNXGUtPKRtmQK9pM6m2jhotZKJTvC8T0Nr8JAMB0YRGvJx9X1Vhjm2J+JCl+evAvCer4fXjG5mhSjebo7oM/CzkWtgZkmol5mzyQ3+WI=
+iM1vRZE7wG221Dp2npQ6mjhotZKJTvC8T0Nr8JAMB0YR2vJx9X1Vhjm2J+JCl+evAvCer4fXjG5mhSjebo7rcjCzkWtgZkmol5mzyQ3+WI=
wzeSVQVFdLWhjUmSwfJwCgYlujhnjOWE7bmWuUHbk41oDvinmQJfhowjooLu155pSfK0G+kyuzl8ai89fcnZ/tK2Rvc0P/l6
6p6JPTPUMPNg6lW70BAXVGaY23SGvl2Ax/ESi/yvY02nbDvQsZOJSy8NBkvsm+arsiVj/hn+uqC8eA3HwInwzcsEPR7UMU6jidUktiT8hUaJkjT7qRK7Hj2KqF296dneEtbGF3Qf+Vo=
8FVS9+nrF03E870I42H5bGaY23SGvl6Ax/ESi/yvY02nbDvQsZOJSy8NBkvsm+arsiVj/hn+uqC8eA3HwInwzMsEPR7UMU6jidUktiT8hUaJkjT7qRK7FD2KqF296dneEtbGF3Qf+Vo=
NyneV4zcm3C4+tRuRSlwLV9Cv01iAHmF0ia31j4ss6NK3zlRnU+v0oM7Ck5qha//16H00U1MICU6rTcjS53FaWGKzZa0gsPl1SCAew5lRWd82IBmdfAVELxlXbgbf5NYUJP5k4kI7vTuaWAV+Vw=
pQwl4ap5UmpE7ysZhOkJ/19Cv01iAHuF0ia31j4ss6NK3zlRnU+v0oM7Ck5qha//16L00U1MICU6rTcjS53FaWGK15C0ntvk1SCAew5lRWd82IBmdfAVELxlXbgbfZJYUpP5k4kI7vTuaWAV+Vw=
lrlW6mb9XMCRnQv8os/elV9Cv01iAHiF0ia31j4ss6NK3zlRnU+s0oM7Ck5qha//16D00U1MICU6rTcjS53FaWGLzZa0gsPl1SCAew5lRWd82IBmdfAVELxlXbgbfJVYUpP5k4kI7vTuaWAV+Vw=
8bGu3jKwJPz+mD2/xlYEQ2aY23SGvlzbkusFgOa+Tk2ReQ6RxPDpAyMNTw2Qi/26/Gdy8wPJq7upe1mGyayklP8HPR7UMU6jidUktiT8hUaJkjT7qRK7HTmKq1296dneEtbGF3Qf+Vo=
8IdeIEVYn9/ZnQPB39XaT2aY23SGvlzbkusFgOa+Tk2ReQ6RxfDpAyMNTw+Qi/26/Gdy8wPJq7upe1mGyayklP8HPR7UMU6jidUktiT8hUaJkjT7qRK7FDiKq1296dneEtbGF3Qf+Vo=
2iHSUd46m6qUCg3WM/WZR15Cv01iAHqF0ia31j4ss6NK3zlRnU+vyIU7FlZrha//16P00U1MICU6rTcjS53FaWGK15C0ntvk1SCAew5lRWd82IBmdfAVELxlXbgbc5NYXZP5k4kI7vTuaWAV+Vw=
pCmKGtGidtkIWXHXILqf5uPzo8be2KqMGzDejtfN4kXFxy09OHYds53a6gcrcV8ZaKfd3tS7gsdbhet/YccJ0WtGRCyPmo3qTL3OJwEptCJcUCWiIc5ET3Hee1l0tnyIhYW5+vrK9mNsE/le
NwOl0Y/N0TcU+oIb0iOtROPzo8be2KqMGzDejtfN4kXFxy09OHYds53a6gcrcV8ZaKfd3tS7gsdbhet/YccJ0WtGRCyPmo3qTL3OIwg+syJcUCWiIc5ET3Hee153tn6IhYW5+vrK9mNsE/le
gMgVbbHfLfqV54CxUmGimePzo8be2KqMGzDejtfN4kXFxy09OHYds53a6gcrcV8ZaKfd3tS7gsdbhet/YccJ0WtGRCyPmo3qTL3OJwEptCJcUCWiIc5ET3Hee112tn6IhYW5+vrK9mNsE/le
G1LPuT0VljEmfJRPRgObe3MkihrestfG7N+XeEcm1pvJg0goe+3CEeGE+lLAaw7e0KfCSDRrTeUknd4ZSStjov48r02BngSfke57bpVmOtgldTmKWho2Mwwj+W4=
VlvQJiqWYZbedUD+s1Ee0eLzo8be2KqMGzDejtfN4kXFxy09OnYds53a6gcrcV8caKfd3tS7gsdbhet/YccJ0XFARDCXm43qTL3OJwEptCJcUCWiIc5ET3Hee1pwtnSIhYW5+vrK9mNsE/le
tmDFeoHA5gkBuw2shW4oU+Lzo8be2KqMGzDejtfN4kXFxy09O3Yds53a6gcrcV8daKfd3tS7gsdbhet/YccJ0XFARDCXm43qTL3OJwEptCJcUCWiIc5ET3Hee1FwtnSIhYW5+vrK9mNsE/le
O0UQ78lgJL5D9QsfrkcVAnS99hi9qnfD3slREP8DOkkeo0J3w7Aswx9re64zuaP/XDGVHPeykM5C+Qk=
ldhyYNhPvTmoyCMVRe4DRxxVMZURW5KdITr7S1pJ1Zhzk6bR+sOmDz/A4IvbK7Pm/4mfx3gRsQTropzGRvkN
13Y4LlCSxcqHomvGulbe2WJEtxVWwKnIq/SevQeBv75gXP6wmQNpwpZ2r5X725t5SfK0G+kyuz99ai05fcrb/t22Rvc0P/l6
d12mORszh4SdBqH7APa4HW0EnqYvsmIsHiZaVnbH698PDDSKhnrFzamAUjBnzzfly6s9BOwx1RxbWZkMBQNR1KsMyaB+/Sgx+Xg=
8Juiy/4h9YJiZ+8EQpOZcV9Cv01iAHuF0ia31j4ss6NK3zlRnU+v0oM7Ck5qha//16L00U1MICU6rTcjS53FaWGK15C0ntvk1SCAew5hTHB72IBmdfAVELxlXbgbepFYVpf5kIsI4fTuaWAV+Vw=
z8f6QP3UpS5R0MKjlhSn9E47Lhj+hsHC2q5zAQXOneHUHmLnqkUG5Z3P/syNqsTtuBNvOhoFNXoa5ljhEBvM976VV+nLzLfxCzkFphhuRKeAWPXuDV3p7w+AcCurK4KAb0Lq56uTAev74mxmFvld
ePaVzfAJVAoHFN0joHEBPF9Cv01iAHmF0ia31j4ss6NK3zlRnU+v0oM7Ck5qha//16H00U1MICU6rTcjS53FaWGKzZa0gsPl1SCAew5hTHB72IBmdfAVELxlXbgbe5RYVpf5kIsI4fTuaWAV+Vw=
GPvSqBz6A8KopekeTdjRA047Lhj+hsXB2q5zAQXOneHUHmLnqkUG5Z3P/syNqsTtuBNsOhoFNXoa5ljhEBvM976VV/PNzKvpCjkFphhuRKeAWPXuDV3p7w+AcCurK4mCb0Pq56uTAev74mxmFvld
Fclz8osyJF6bIqv0VZ3r5l9Cv01iAHiF0ia31j4ss6NK3zlRnU+s0oM7Ck5qha//16D00U1MICU6rTcjS53FaWGLzZa0gsPl1SCAew5hTHB72IBmdfAVELxlXbgbf5VYV5f5kIsI4fTuaWAV+Vw=
kSMje79tg4Mu3BbwOpQnmE47Lhj+hsffxepiChnZkP3lL2X1jSMUvJbY49Kp2Yv27AJuOhoFNXoa5ljhEBvM976VVvPNzKvpCjkFphhuRKeAWPXuDV3p7w+AcCurK42Db0Tq56uTAev74mxmFvld
fOzHjKFPCCVtpABqVu85uOLzo8be2KqMGzDejtfN4kXFxy09OnYds53a6gcrcV8caKfd3tS7gsdbhet/YccJ0XFARDCXm43qTL3OIwg+syJcUCWiIc5ET3Hee1FxtniNhYa7+vXK9mNsE/le
TjQz+pa6mh5/iZDs3/nnV+Lzo8be2KqMGzDejtfN4kXFxy09O3Yds53a6gcrcV8daKfd3tS7gsdbhet/YccJ0XFARDCXm43qTL3OIwg+syJcUCWiIc5ET3Hee1FxtniNhYa7+vXK9mNsE/le
P/dqm238geFd5VGnWl3RmuVEncJnCC9CyG57eXIZT4cPYT+z5DIaUnJEK1kJcmaK567olYfucE7yBfK7rpMUPbwnf5zZvcDxz2JaLgZjSpA/un8N2zvlqFpPyQtvYkVsgPOZg/P/8epmYhT5Xw==
H4Z6p1rXrD+Le2KfT4Ig7eVEncJnCC9CyG57eXIZT4cPYT+z5TIaUnJEK1kJcmaL567olYfucE7yBfK7rpMUPbwnf5zZvcDxz2JaLgZjSpA/un8N2zvlqFpPyQtsZ0VtgPOZg/P/8epmYhT5Xw==
EMFse8YC9k9U3Aqe43rdFGJHtxVWwKnIq/SevQeBv75gXP6wmQNpwpZ2r5X725t5SfK0G+kyuzR4aik5fcrb/t22Rvc0P/l6
I7efmIiuHGoZPkGxRYYV5G0EnqYvsmIsHiZaVnbH698PDDSKhnrFzamAUjBnzzfly6s9BOwx1RxbX5kMAgNR1KsMyaB+/Sgx+Xg=
5QlVMnNfRl8YjxAupKvysmJGtxVWwKnIq/SevQeBv75gXP6wmQNpwpZ2r5X725t5SfK0G+kyuzl9aio5fcrb/t22Rvc0P/l6
qnY8MxVL+qjy+MFAGO3JMm0EnqYvsmIsHiZaVnbH698PDDSKhnrFzamAUjBnzzfly6s9BOwx1RxbVpkMAgNR1KsMyaB+/Sgx+Xg=
RvhzZyz7kMHCLDkJiH7EV7KZpbC4s98zSS7B7a0rbAyTw6XOY9K22Isk3m2nET8uwIy+YLkTadK2pu9FW0sb6eki9MvJIrskXbpr6d1aW259ZgYnFC/5ag==
7frwd4bkltuXpo6mGSNi/RfNFB9lp+Q8JJD//9L9TsmElpjyS3dyKuWx77WJdPoM6wKVxzHCCvXc911+dQrvM4bJiWBno3K5dmPq5wuQFBNn68P5y9dubzfzvSM/0gh+GvlR
phSGTTo+YzLara4UTFCkkANb46QZaifSuMti9BLoDeKmswN7r6hcfhbOTUkpBNqE9ztfQWsP1XA8hZ3YG53TONN3ufCLKKFUbskgNfl8
zUBzGvBpm/tLAM+SkTahvP/I9UtJbNubxnQ7kt2hhHnnRsOtxYJaVUx37Z7FSj8T9sl5QDdjwtnG43pH21BkM3fr0R77l76Pp3NNg08S2B4q+WE=
WsbPkHydBe9c9zOE+ilq4RfOFB9lp+Q8JJD//9L9TsmElpjyS3dyKuWx77WJdPoM6wKVxzHCCvXc911+dQrvM4bJiWBno3K5dmPq5wuQFBNn68H6y9hubzfzvSM/0gh+GvlR
U13HJfXQbvCeiaELpNb+GgNb46QZaifSuMti9BLoDeKmswN7r6hcfhbOTUkpBNqE9ztfQWsP1XA8hZ3YG5PQONx3ufCLKKFUbskgNfl8
WD8hVHbs0Gi8DlT0fKmskvXL9UpKbNubxnQ7kt2hhHnnRsOtxYJaVUx37Z7FSj8T9sl5QDdjwtnG43pH21BkM3fr1B/7mL6Pp3NNg08S2B4q+WE=
MIgdaDHsx8xO9dyjtrn2hxfPFB9lp+Q8JJD//9L9TsmElpjyS3dyKuWx77WJdPoM6wKVxzHCCvXc911+dQrvM4bJiWBno3K5dmPq5wuQFBNn68H+y9hubzfzvSM/0gh+GvlR
jcTDACoR/WgnVq9TLp7YaQNb46QZaifSuMti9BLoDeKmswN7r6hcfhbOTUkpBNqE9ztfQWsP1XA8hZ3YG5PUONx3ufCLKKFUbskgNfl8
LpIACol6ZAGiY/2HxkGnJOYoJypVIXMaPJkKR8vyw1IJP6AJL+yB+0S1YFM8i71IUj9hiwVXTUHYAyHD6++JSu4yPPl3
psXM1PyPw/QALJ7IpSZkDFUm0YdsLwGGHV++oZPHgL1aYFSbsKkbMuEvqAkn/OkbHGVYE+T7RSj6j+kLjKYl4WCz+YMTv1FqxiI0+X8=
9C+rVh85bWDOtTkXaatIjHS99gW9qnfD3slREP8DOkkeo0J3w7Aswx9rfagzsKf/XzOVE/eykM5C+Qk=
na7bOP8uolobUsrYX30fyxxVMZURW5KdITr7S1pJ1Zhzk6bR+sOmDz/A4IvbK7Pg/4Cbx3sTsQvropzGRvkN
sTw+c047puOMD0oKJGq+Ty1fyfNpsT8sFmoPUnbH698PDDSKhnrFzamAUjBnzzfly6s9BOwx1RxbXJwMBAJR1KsMyaB+/Sgx+Xg=
YVdo4ZIe55DnirbMilqLGltweCtCfytoXf7F71MEPOXxvvJaOLKLcVY8JYa2twtvj/yUOkYq5d2pkHJgp3+XFUsb3XQs4bUMW095XEXyMWQrfGkQPi0IIflo
wSKEerodmygm2wI5ZxkE9iYc7x4Xj/aO4fCevQeBv75gXP6wmQNpwpZ2r5X725t5SfK0G+kyuzl9ai04fcrb/t22Rvc0P/l6
PvIDF1zSIw5jDkydwWGXRXS99hinrHffxshREP4ZPEkCu0N3w7Aswx9rfK8zsaf/XzOVE/eykM5C+Qk=
nTWxeUtpmD6X0OCZZfwpzxxVMZURW5KdOzz7V0JI1ZhyiaDR5tunDz/A4IvbK7zn/4Gbx3sTsQvropzGRvkN
eEZW9xRnNEPqLN/QWXoWyxY3vr2GDf1mmVmHSugxtudXGq2knbs0iKN0FJG23eDrgSPpmCbHLUtNbnkaDWvdo/fHvXr6KjD5ew==
KwsrFIrJqxQW22F5djeFHVok/N80XLK9EoZ9d3kiMoUENyXu92wn//bIYTAuWewpkjuzFzPw3KMPa2qKA/IXX++zBbOncsAuMvl5
GyDmx7ebBQtOvPTuR1GOtiYc7x4Xj/aO4fCevQeBv75gRviwhRtowpZ3tZP7x4N4SfK0G+kyuz5/ai44fcrb/t22Rvc0P/l6
oDItgdqpG8oUcrBvWJ73OBY3vr2GDf1mmVmHSugxtudXGq2knbs0iKN0FJG23eDrgSPpmCbHLUtKbHkaDWvdo/fHvXr6KjD5ew==
qP0r/nTW4LkJELyDY3LqRC8LrTrWCUIXDQ6Magb2TITsokeH3MzboxohRVdS1cyl4JPBBf7GUY9NcuYteJf5hsOcc6caSA3o+inYwc6bT79nIOjbI6sCMfekQ7fT09kb08IUdh75VQ==
28/i87bcBgOV4O0eF846lCYc7x4Xj/aO4fCevQeBv75gRviwhRtowpZ3tZP7x4N4SfK0G+kyuzh/aig4fcrb/t22Rvc0P/l6
88SG2sC44OrynN6/VYX4IBc3vr2GDf1mmVmHSugxtudXGq2knbs0iKN0FJG23eDrgSPpmCbHLUtIbHkcDWvdo/fHvXr6KjD5ew==
7Fobidf3cDsiyn2Pa1LUFlok/N80XLK9EoZ9d3kiMoUENyXu92wn//bIYTAuWewpkjuzFzPw3KMPa22PA/QXX++zBbOncsAuMvl5
OkCNPnxGpoBaVsuqT8nox0Ycqu4JLy7DscwjpRboDeKmswN7r6hcZBDOUVEoBNqF7T1fXXMO1XA8hZ3YG53VONF2ufCLKKFUbskgNfl8
SkkBZmor4kW2oiyDyVXMz8YbraddUOBHRH8zVDEq9OS5VTTvFHSCdZjYAHCsoasKIRojN5oUp4+opfczmJuA9+nsZ84iXGYspr6NREA6y53Ig+6Q/L5kRh59FKpBjT3Fyxh+hVcJ/6aQ7tjIFdNoGiYf1Ssrz0PgOdoU4/l6O2FPgsoALUKb5i0eZo+k9/mi
7mF/3j9FlzhJCh/pTvU1qzobhiQ+0dhvj5fzo9Hl/HsWaKnlENdDFNFGOYDHP9RCoMDm3o6vTWFgb2oKm6LnM2oaPZjSEVmatUlteQA3ax83F1aiw8S78sPTtljnD8LtNBkrKvABPidfStWEtUvsiPsEPLFODeirCRPxeI7XVctwfZG+FRtVY/8XBRqSmuj5ow==
J17nVnnYm46miQKBlRwny3Z6D+KYTH4dMX8gNkj05lRLK3HfSjmL9Cxjet6ck87KP4zhs4UaWbV2ZJbumLhS9pjnBxC+15lAXT7f6uuWkrPU4oTVv0lE5gnJ/RkzzM4pP21fGggaSESdV+iGnoslx4NrI5xhbsQvMb57PTfW+izFprvaNWp2g6zz+b4=
zKBTLbTeA2weMs+PZiXfMyT1I5AO98UR8sE1MeqXuwtoA0bH2YKFEBhg6dMsDdoF5ZJeXTBXMdabvJuXYkj12JIJABGG24dP30BAS7srmqcfBzsHGxORSwsiPAYm+W0=
qtjzWwyo16tai4nqK9zz2ZxRyUIVlGAA8K8nECKH+o7WUUkCHIXyyIN3zq24oQ86NIniB2MCUfTRU6AINxzYQcrF1ItVm7Voqm/ZC3+FdSDREwkDg18BKjYCJPlv
yDcAc1guWvJw4MnukN9nQy0QqiHREkUMChWLcQHjT4rsokqDw9feqwUzEwETkdit4MCBQ7SNQpVNcuYteJf5hsOcc6caSA3o+inYwc6bT79nIOjbI6sAM/epQ7fT09kb08IUdh75VQ==
RCMRyfgKw01CdZFqoBUZYlo47Mk0EPX7WM1ubXkiMoUENyXu92wn//bIYTAuWewpkjuzFzPw3KMPa2mLA/kXX++zBbOncsAuMvl5
/VasLGQUqmYVUlYQKC6r2Rc3vr2GDf1mmVmHSugxtudXGq2knbs0iKN0FJG23eDrgSPpmCbHLUtKbXkRDWvdo/fHvXr6KjD5ew==
NvRvHjYKhKzCln+sOgaRa0Ucqu4JLy7DscwjpRboDeKmswN7r6hcZBDOUVEoBNqF7T1fXXMO1XA8hZ3YG5LUON12ufCLKKFUbskgNfl8
drP1dhAaNqQL5Kp3+d02oyL+Lpca5sIR8sE1MeqXuwtoA0bH2YKFEBhg6dMsDdoF5ZJeXTBXMdabvJuXYkj12JIJABGG24dP30BAS7srnqEfADgHGxORSwsiPAYm+W0=
E3FQlKx16qmxl3wxAUhfmJxSyUIVlGAA8K8nECKH+o7WUUkCHIXyyIN3zq24oQ86NIniB2MCUfTRU6AINxzYQcrF1ItVm7Voqm/ZC3+EdSjSEwkDg18BKjYCJPlv
arJIDv0F/MLZdzQsL5o8FS0QqiHREkUMChWLcQHjT4rvokqDw9feqwUzEwETkdit4MCBQ7SNQpVNcuYteJf5hsOcc6caSA3o+inYwc6bT79nIOjbI6sKNvegQLfT09kb08IUdh75VQ==
ImFllUzlrw/8+rxRjRgJk2nQw+RRD7T1gAF2WCePgu10mWsqMIH+Jx/KlYR1yyyIu4R8sY6NKKtJk7F4TleVy7z/0blWm5VjP5dFGtIaKPlj
MsxnlENmDuq3++1ZY8kEc2MhngvPo5X6+6/XeE0hz5GVhFoufrmEVqmZ/UmTfA7Z373fSmhqCPQ9h+hWPjtlt+M7o0yBngSfke57aZFmPd8ldjuKVRo2Mwwj+W4=
W6k2QJLOty/TPZ7jBR7BsZxTyUIVlGAA8K8nECKH+o7WUUkCHIXyyIN3zq24oQ86NIniB2MCUfTRU6AINxzYQcrF1ItVm7Voqm/ZC3CDdSnSEwkDg18BKjYCJPlv
xQ9FUa8jc81kEaCnHO6sZi0QqiHREkUMChWLcQHjT4ruokqDw9feqwUzEwETkdit4MCBQ7SNQpVNcuYteJf5hsOcc6caSA3o+inYwc6bT79nIOjbI6sAMveiQLfT09kb08IUdh75VQ==
w0b3++5UnP7uL9nt0po4llo47Mk0EPX7WM1ubXkiMoUENyXu92wn//bIYTAuWewpkjuzFzPw3KMPa2mKA/IUX++zBbOncsAuMvl5
1asCznElSECaAHFfrrApHBsGeoRzoG7B7+UfEtjyaCwNn+hODuMFL1NjYxSxhmRHIXb7+CS+XscVLvvS5YJW6zw7+XY=
0CYFUHaruQGIIxIhuWzUQVUm0YdsLwGGHV++oZPHgL1aYFSbsKkBNOEzsAgn/OgBGmVEC+X7RSj6j+kLjKUl6mKz+YMTv1FqxiI0+X8=
bYvkNDh+d4BbAu25DjkU2nS99hinrHffxshREP8ZPEkCu0N3w7Aswx9reKsztaT/XzOVE/eykM5C+Qk=
TKh2BJJ89wn5x58db+zoXRxVMZURW5KdOzz7V0JI1ZhziaDR5tunDz/A4IvbK7vi/4WYx3sTsQvropzGRvkN
yxZSrwBX9Rwxx+YBEQvWS+Pzo8be2KqMGzDejtfN4kXFxy09OHYds53a6gcrcV8ZaKfd3tS7gsdbhet/YccJ0WtGRCyPmo3qTL3OIwg+syJcUCWiIc5ET3Hee19wtnmPhYa7+vXK9mNsE/le
WTdY3mrS4QKfioxLh5F2/+Pzo8be2KqMGzDejtfN4kXFxy09OHYds53a6gcrcV8ZaKfd3tS7gsdbhet/YccJ0WtGRCyPmo3qTL3OJwEptCJcUCWiIc5ET3Hee1F1tnqPhYa7+vXK9mNsE/le
SB7Ssg/jmfZimgqA/LhhluPzo8be2KqMGzDejtfN4kXFxy09OHYds53a6gcrcV8ZaKfd3tS7gsdbhet/YccJ0WtGRCyPmo3qTL3OIwg+syJcUCWiIc5ET3Hee111tnqOhYa7+vXK9mNsE/le
gHNpT057BRqiA1e5ZVPsQePzo8be2KqMGzDejtfN4kXFxy09OHYds53a6gcrcV8ZaKfd3tS7gsdbhet/YccJ0WtGRCyPmo3qTL3OJwEptCJcUCWiIc5ET3Hee190tnqOhYa7+vXK9mNsE/le
YBmK/+GM3KRtWVMlr40PPh9grZ40CbD4VcB2PmY3PpcfNxTmv2ww4+//JSp6Tv08giaiFzPw3KMPa2+PA/cVX++zBbOncsAuMvl5
aGKGmDB/PpSM6EkU9h9HAVoHMo8LV+CeczzsS1t/kYImnrPK/tGnDz/A4IvbK7zj/4iZx3sTsQvropzGRvkN
2RxbadhglHAkZHZT60JpiGjhotZKJzzI8D0Nr8JAMB0YRmvJxdL/Vxjm2J+JCl+evAvCer4fXjG5mhSjebo7pM/CxEKtgpsmrV5mzyQ3+WI=
LHKuie9VM4sdArCGeaV0SlsHMo8LV+CeczzsS1t/kYImnrPK/tGnDz/A4IvbK7ri/4mZx3sTsQvropzGRvkN
WrVwp+5PtGVJu0YnNaaB0nS99hinrHffxshREP8ZPEkCu0N3w7Aswx9rfqszsKL/XzOVE/eykM5C+Qk=
8SIjDsbL8uG7gkHBq4PtthxVMZURW5KdOzz7V0JI1ZhziaDR5tunDz/A4IvbK77j/4Cex3sTsQvropzGRvkN
wqR9daquXD4bVUmQy3i2whY3vr2GDf1mmVmHSugxtudXGq2knbs0iKN0FZG23eDrgSPpmCbHLUtObnkYCGvdo/fHvXr6KjD5ew==
ddkn/v5/6Y4H7bur2LzvDikNrTrWCUIXDQ6Magb2TITsokeG3MzboxohRVdS1cyl4JPBBf7GUY9NcuYteJf5hsOcc6caSA3o+ynYwc6bT79nIOjbI6sDMvehRrfT09kb08IUdh75VQ==
kBnwa6oeMwRwvR76OH4rvSYc7x4Xj/aO4fCevQeBv75gRviwhRtowpZ2tZP7x4N4SfK0G+kyuzh5ai09fcrb/t22Rvc0P/l6
t1zwgD8vKA7MQl4KqG1SThY3vr2GDf1mmVmHSugxtudXGq2knbs0iKN0FZG23eDrgSPpmCbHLUtKb3kaCGvdo/fHvXr6KjD5ew==
4HadgcVpGP0vcgwMGKeSBS8LrTrWCUIXDQ6Magb2TITsokeH3MzboxohRVdS1cyl4JPBBf7GUY9NcuYteJf5hsOcc6caSA3o+ynYwc6bT79nIOjbI6sKMPeiRrfT09kb08IUdh75VQ==
OFu1J5o54+XX2WcEkz+bXyYc7x4Xj/aO4fCevQeBv75gRviwhRtowpZ2tZP7x4N4SfK0G+kyuzt5ai49fcrb/t22Rvc0P/l6
WVKe8SKI+A16cWPsyakKphY3vr2GDf1mmVmHSugxtudXGq2knbs0iKN0FZG23eDrgSPpmCbHLUtKankaCGvdo/fHvXr6KjD5ew==
a4/Sw3Wx5EABxSfN55WFKiYc7x4Xj/aO4fCevQeBv75gRviwhRtowpZ2tZP7x4N4SfK0G+kyuzp9ai89fcrb/t22Rvc0P/l6
gwaxxXDGMTCxdSGi1lh60hc3vr2GDf1mmVmHSugxtudXGq2knbs0iKN0FZG23eDrgSPpmCbHLUtMbnkbCGvdo/fHvXr6KjD5ew==
bBEXj/oES/aVa/slendJeikNrTrWCUIXDQ6Magb2TITsokeG3MzboxohRVdS1cyl4JPBBf7GUY9NcuYteJf5hsOcc6caSA3o+ynYwc6bT79nIOjbI6sHMPejRrfT09kb08IUdh75VQ==
CLWqyRxitoK6C+zCMUV1XikNrTrWCUIXDQ6Magb2TITsokeB3MzboxohRVdS1cyl4JPBBf7GUY9NcuYteJf5hsOcc6caSA3o+ynYwc6bT79nIOjbI6sANvenRrfT09kb08IUdh75VQ==
vjw/Kzs/bUorECn2M+e7nQGVLZeqqfbAKCq272WUucLE9B9Vxe0KALJxCett1SioqFGVxLLXyK6G68hWrQCzpR7REEoun506dh9W7ygupp1C+7Xypo9nUTRsGCJ34hB6i2fXUEc4alqgdTCBNGbtjag2h9TV9M/8zH4w6Iq1q9ZI0nZXvDQO2ITiRlnLOhmNzbiEOLkCrQiKFaBwuYEnSuEsRsVmcpKm00Z5JA27+2U+b76XgaSAD92K516gDAfkIHrtPCZfsXCxcU9zWauBYjy9ouBE9CWx5dIrns2YvJyg6ixJCvPoI+DWtzoXyMnQQJdcMNOPqlRSYE5YfS2qC8vl2HtHoPJBa5+Nd0uht85fSzbCOaRuwe/lHxLY8mgsDZ/oTg7iBS9TY2MUsYZkRyF2+/UmvlvAFS770uWCVus8O/l2
3VCn7XgFnDaKYNFrLdRaG0hzIGac23mCmkmO79le+ELaFnDs+5K/lM/X17vuEVE/bjUQjZTDFf0yhh03maJSRSQ3BS5X7Mc/lsiBcE/ZTGmyO5NX03C8Y+9rTUqjeLOfj7Pl88fyYG4S+Vk=
ATFLN/Yqxy/J+GugIzkGYi8HrjrWCUIXDQ6Magb2TITvokuMw9fboxohRVdS1cyl4JPBBf7GUY9NcuYteJf5hsOcc6caSA3o+ynYwc6bT79nIOjbI6sFMPeoR7fT09kb08IUdh75VQ==
YC2Y4BhO7wyISfbI+S8mqiYc7x4Xj/aO4fCevQeBv75gRviwhRtowpZ2tZP7x4N4SfK0G+kyuz95aiQ8fcrb/t22Rvc0P/l6
NLb0ODzHX6IzBFngAZVbkuYoJypVIXMaPJkKR8vy2VQJI7gIL+yB4UK1fEs9i71IUj9hiwNWTUjYAyDD6++JSu4yPPl3
GePveM4fXVkRxWvp0STQGRxVMZURW5KdOzz7V0JI1ZhziaDR5tunDz/A4IvbK7Li/4Cax3oTsQvropzGRvkN
YxEt0tCGKbENJnvUNPCPZxc3vr2GDf1mmVmHSugxtudXGq2knbs0iKN0FZG23eDrgSPpmCbHLUtIbXkYDGvco/fHvXr6KjD5ew==
uWvwWbrMAEKFNM14cd7aNlok/N80XLK9EoZ9d3kiMoUENyXu92wn//bIYTAvWewpkjuzFzPw3KMPa2+IA/AWX+6zBbOncsAuMvl5
nxVC6YqWSnQlhS2/QQMy3iYc7x4Xj/aO4fCevQeBv75gRviwhRtowpZ2tZP7x4N4SfK0G+kyuz95aiw5fcvb/t22Rvc0P/l6
/Za6BXKnCNYFfI6fMP2QNRY3vr2GDf1mmVmHSugxtudXGq2knbs0iKN0FZG23eDrgSPpmCbHLUtEa3kYDGvco/fHvXr6KjD5ew==
cCU+4s9reMR27akSkwOEAVok/N80XLK9EoZ9d3kiMoUENyXu92wn//bIYTAvWewpkjuzFzPw3KMPa2qLA/EWX+6zBbOncsAuMvl5
01QOV3u55ENx3RAQKSGpAUQNbcXexrHPLfJGbViXmUZjHNNnekjtqFupeIEum29/x6AIG0OrK3NXISJ3MtP527NC9DY++XU=
3AZiXsAFrCndffIjPqp72A0ZNZoQXZKAOzz7V0JI1ZhziaDR5tunDz/A4IvbK7vh/4abx3oTsQvropzGRvkN
hrOYFSDtV+oPJ22hKnYHekIw+sV5QbnpEcppazMsPY0FO2bl92wn//bIYTAvWewpkjuzFzPw3KMPa2+JA/YXX+6zBbOncsAuMvl5
azY4yIL1EV38zC5EASdAGnS99hinrHffxshREP4ZPEkCu0N3w7Aswx9rd64ztqf/XjOVE/eykM5C+Qk=
mEjg0Seg9cxsxKidZkOSmVUm0YdsLwGGHV++oZPHgL1aYFSbsKkBNOEzsAgn/OgBGmVEC+X7RSj6j+kLjqcl72Gz+IMTv1FqxiI0+X8=
blunmE9Nl/3cEO9+MV2jRBxVMZURW5KdOzz7V0JI1ZhyiaDR5tunDz/A4IvbK7Pm/4ibx3oTsQvropzGRvkN
V9PFjbCP6kOcOReIb9bZ8xc3vr2GDf1mmVmHSugxtudXGq2knbs0iKN0FJG23eDrgSPpmCbHLUtJb3kRDWvco/fHvXr6KjD5ew==
MYMgYRBdQf8hllQRsCKHDy8LrTrWCUIXDQ6Magb2TITsokeH3MzboxohRVdS1cyl4JPBBf7GUY9NcuYteJf5hsOcc6caSA3o+inYwc6bT79nIOjbI6sLMfehQLfS09kb08IUdh75VQ==
N8PmefunqEA9qR3RzIvbMCkNrTrWCUIXDQ6Magb2TITsokeG3MzboxohRVdS1cyl4JPBBf7GUY9NcuYteJf5hsOcc6caSA3o+inYwc6bT79nIOjbI6sLMveiQLfS09kb08IUdh75VQ==
+NBLKGvYTpWFagPe5RYdMN74GVYd/zLsVMAeYOjMaYPLmYEZZUNt+ab/jZcLATeun2s24vnE7mGvBR9yGFLozE2/6G5OA4WPkwNj9PEm5CfhVvvX5d7YZ1XP+7IlItYLfBv5Vg==
ezhPsqfID83Ph2iBHgIpiiYc7x4Xj/aO4fCevQeBv75gRviwhRtowpZ3tZP7x4N4SfK0G+kyuz58aig7fcvb/t22Rvc0P/l6
IONpYpC4lVwv4121jo9ZzBsGeoRzoG7B7+UfEtjyaCwNn+hODuMFL1NjYxSxhmRHIXb79CS+WMcVL/vS5YJW6zw7+XY=
orD80Gn8JjeRXWfN+b44JIrAxBtAyfF0MROACBfcuMFqhTSLdVsV6Mqv+QuRxtWsstNoA6Mf4aqWwkT5Dw==
ye4n81n0OlvDrZ57SS3mb1Um0YdsLwGGHV++oZPHgL1aYFSbsKkBNOEzsAgn/OgBGmVEC+X7RSj6j+kLjaUl7GKz+IMTv1FqxiI0+X8=
JFdsoc7mPTjoDz+Gt/TI908lKw7mnMTex6c2RFuSzbySdSOh+S0T4ceMuovK19y0/R1tLBtRNWAd7EK1JQaftdHSDv3A16G2K3xLtxJIBfjDSbDxFlv37w+AcCurK42Cb0bo56qTAev74mxmFvld
uJgrEBtUmOSGfvk7HGUhOUIw+sV5QbnpEcppazMsPY0FO2bl92wn//bIYTAuWewpkjuzFzPw3KMPa2uLA/EVX+6zBbOncsAuMvl5
59Zr3g4zEYsfqKjHczO0/Uo0JipVZXloUeXtu1QXFbX8vudVPaTfPBZ6b4K2twtvj/yUIEAq+cWokHJhvXmXCVMa3XQs4bUMW0p5XEXwMWUrfGkQPi0IIflo
uPfbpFg7WnBD98ay/FXN5yYc7x4Xj/aO4fCevQeBv75gRviwhRtowpZ3tZP7x4N4SfK0G+kyuzt8ai06fcvb/t22Rvc0P/l6
qAiA5cFcORrFjkI3fElNgks0JipVZXloUeXtu1QXFbX8vudVPaTfPBZ6b4K2twtvj/yUIEAq+cWokHJhvXmXCVMa3XQs4bUMW0l4XEXwMWUrfGkQPi0IIflo
oNdlSIhDJfkazEBKQ1i0OSYc7x4Xj/aO4fCevQeBv75gRviwhRtowpZ3tZP7x4N4SfK0G+kyuz1/ai06fcvb/t22Rvc0P/l6
3dX0nrCioafxjpVc9Heo50s0JipVZXloUeXtu1QXFbX8vudVPaTfPBZ6b4K2twtvj/yUIEAq+cWokHJhvXmXCVMa3XQs4bUMW097XEXwMWUrfGkQPi0IIflo
Hr4qh+T9Iag8wuIuWpNh7yYc7x4Xj/aO4fCevQeBv75gRviwhRtowpZ3tZP7x4N4SfK0G+kyuzV+ai06fcvb/t22Rvc0P/l6
Nl+RV8MFL7YSXUbNSZT6luYoJypVIXMaPJkKR8vy2VQJI7gIL+yA4UK1fEs9i71IUj9hiwhUTUnbAyDD6++JSu4yPPl3
TFVyWE1wupfR6DHpu+CIN1qu8mzecpVTgWy0MXajpzww9kFZKAzKvc1lrxWzRmWoXH0NUJsbQkA1LAk5y+DRjE7xMD35dA==
zTmBnVJyjEM3MDC5kor20M1G6wucBqo9s/RoPo+MT+/+yGkgxjkUeUp7C6drELRTh+vuP6tRzS8W893jn1LoPjr5cQ==
L9ArsjjkrjCrgxGGTHHj+EIw+sV5QbnpEcppazMsPY0FO2bl92wn//bIYTAuWewpkjuzFzPw3KMPa2aPA/EVX+6zBbOncsAuMvl5
1cNjLvwggQKwA1ZwLGr8XF445oxmVqjoXt07PX0iMoUENyXu92wn//bIYTAuWewpkjuzFzPw3KMPa2uLA/IVX+6zBbOncsAuMvl5
iNzCDFj7+1ZJdxFdVZeT9nMe0b5aCk59ipTqQ7IMzmm/LV/aiNpIBB2X6EYeyyUHA6sj3OEuxO+x/nt9tBb+bkXnuxq1qnbDLDP5fg==
1KsDTDnGjUcNDtGFK1f/Xks0JipVZXloUeXtu1QXFbX8vudVPaTfPBZ6b4K2twtvj/yUIEAq+cWokHJhvXmXCVMa3XQs4bUMW0t4XEbwMWUrfGkQPi0IIflo
Xu/NRJeqZow1zrB1iT/nJyYc7x4Xj/aO4fCevQeBv75gRviwhRtowpZ3tZP7x4N4SfK0G+kyuz1/ai46fcvb/t22Rvc0P/l6
9j/qMxFDiIPMXQkGNYMUZEs0JipVZXloUeXtu1QXFbX8vudVPaTfPBZ6b4K2twtvj/yUIEAq+cWokHJhvXmXCVMa3XQs4bUMW097XEbwMWUrfGkQPi0IIflo
tiYLHXDhkV5Camj81K7XKiYc7x4Xj/aO4fCevQeBv75gRviwhRtowpZ3tZP7x4N4SfK0G+kyuz1+ai86fcvb/t22Rvc0P/l6
OBB6L8XjTIrj+oBgp8QqzxsGeoRzoG7B7+UfEtjyaCwNn+hODuIFL1NjYxSxhmRHIXb79CC+X8YVL/vS5YJW6zw7+XY=
XxMC3JTQuyU/xiRe90YctVUm0YdsLwGGHV++oZPHgL1aYFSbsKkBNOEzsAgn/OkBGmVEC+X7RSj6j+kLiqcl7GOz+IMTv1FqxiI0+X8=
3gfNY3iNL992pH1pOLFlvbyt4pZUksVzCDV/hhYqwgJyX7lo67Bl1CcCSPnJi5cDSiAhNlZCaeKWyNgRx3Q2cFv8/mWX6f9GUA5YKNUzaPrm/1XL6y9DAPk6lAM5mjuCjmJJ4u2jmwbt/uZvZBf5Qg==
/EX/Tr82i8x4/ycSpd56CkIw+sV5QbnpEcppazMsPY0FO2bl92wn//bIYTAvWewpkjuzFzPw3KMPa22LA/YVX+6zBbOncsAuMvl5
9MsQM2L+c1fJcOmNAY9VWALkJ6MRMTHm/nsGgZawOqqrYH9Tm2PdB9vzQTied6XLzRuBeOA7BOPP95Va4jo4+XM=
hnSRZ5cZ/AOoeHgoBQWUXwHkJ6MRMTHm/nsGgZawOqqrYH9Tm2PdB9vzQTied6XLxx6BeeA7BOPP95Va4jo4+XM=
s+LC8trRzSwvt7Dj4M5QAgPkJ6MRMTHm/nsGgZawOqqrYH9Tm2PcB9vzQTied6XLxB+BeuA7BOPP95Va4jo4+XM=
Nf8U5TuNVLsPfj/gxU/ZFAPkJKMRMTHm/nsGgZawOqqrYH9Tm2PcB9vzQTied6XLwB6BeuA7BOPP95Va4jo4+XM=
JBFxh3yg1FAnAjkWpCuHAALkJKMRMTHm/nsGgZawOqqrYH9Tm2PeB9vzQTied6XLxhqBeuA7BOPP95Va4jo4+XM=
qb5N8D6y0S5lDrJUvlB8pAHkJKMRMTHm/nsGgZawOqqrYH9Tm2PeB9vzQTied6XLwR+Be+A7BOPP95Va4jo4+XM=
UylkQbMYrdadeG2o0Jxv63RsYy8Goo/sZH892IreYWBAMswxgCkrWEqZ9oK6dgQE8L59QFpTpP0YHhKmPbcFGJwt7UCbAiGQcJrpSUtQcXwOIRAt+WQ=
bFr1h+TMsYiuB3lng7tgpjY8NRCkMWPm/Q8e2XMsXo/KPpT+2ubFpBkq1POZyju07fKIlM1zG7YN7qafxEf5cg==
An5bcLI1rjQw3sa+VG5Yp6q8QfK3gQKuwwE0RA1gU2UQg7lYduc9S12PKdxZi0wjhyfNuorKQPkL
d4b1xoqpXG1iaN8R3WD+czsWMbAbr7AOkb/ShCzLxXgcTS1gmyJhcPB6qalLcDHcjoHQTfkE
SLN9cEQ5n3B2IuFzri1tv3RsYy8Goo/sZH892IreYWBAMswxgCkrWEqZ9oK6dgQE8L59QFpTpP0YHhKmPbcFGJwt7UCbBCCQcJrpSUtQcXwOIRAt+WQ=
MJpbZRF2z3XaC1oh70/gGjY8NRCkMWPm/Q8e2XMsXo/KPpT+2ubFpBkq1POZyjuy7PKIlM1zG7YN7qafxEf5cg==
/Ieb2/zfySn7PEfhft8gZnRsYy8Goo/sZH892IreYWBAMswxgCkrWEqZ9oK6dgQE8L59QFpTpP0YHhKmPbcFGJwt7UCbACOQcJrpSUtQcXwOIRAt+WQ=
t2bMpq3r+aDRBZuK1cm/tjY8NRCkMWPm/Q8e2XMsXo/KPpT+2ubFpBkq1POZyju27/KIlM1zG7YN7qafxEf5cg==
+6EvlsYAwa1g/iR5uyyZInRsYy8Goo/sZH892IreYWBAMswxgCkrWEqZ9oK6dgQE8L59QFpTpP0YHhKmPbcFGJwt7UCbACGQcprpSUtQcXwOIRAt+WQ=
01bNAQn7gyu8JHGzRQGMNjY8NRCkMWPm/Q8e2XMsXo/KPpT+2ubFpBkq1POZyju27fKKlM1zG7YN7qafxEf5cg==
rXHdsKOhe33wTP6gPytXFlVV/HFKTCBvz4Awq+srzAOvRi9n6pNBazvirOZW+R0=
6+h7WnsS/eLJMe0Bflkm0Kq8QfK3gQKuwwE0RA1gU2UQg7lYduc9S1qPKd5Zi0wjhyfNuorKQPkL
omc07mkcfZkxfscbtFkBqDsWMbAbr7AOkb/ShCzLxXgcTS1gmyVhcPJ6qalLcDHcjoHQTfkE
frXeNwBfLXpYN/hgabV/q3R0dnVa7dnteHk40JrfOj4cbId70ThgAg+Sj8ruWlBd8Lx6SRlPublfAAuRJKEFGJwt7UCbBSGQcprpSUtQcXwOIRAt+WQ=
wmhrvOvCY7SYJ6n41QHiZeXH5OLn6pdnXGfA76xiakGWxLTKY9mx1txo1yT7GD4knIe4er4LWYHl86dWX2MU/+ki9MvJIrsrXbpq7N1bW259ZgYnFC/5ag==
7iUp9DUF2Rd9rwviRxHlIzK9mhWguSkKJp6khCpqJSK43J949y0GYafuu4MRDU9mzabsZFfAJLngxxCDc7lEfObDWdjWpx1LOk9JXvnLbCNnZ206Kgog+Ws=
x2f35lT6c7OaXAFZnTQd4raXqA9WLIiOj3JymN2wxXnsQc36iYsTCUV258LOTCUU7vkqE2Ir0d3u7GxH21BkM3fr0Bv7lruPpnNNg08S2B4q+WE=
