R4QpsfH/E9QDbEhCxr0uDVmHz+UkQV7k5jWwJxAMPiTMFfM+pdtDDhn2vHF0WeXl/NJBt2JAFq9vAJBryyuux8/FSKeIkiGrW2LMJjb5fQ==
zmoCnlBCL6Ycdazb9YmH/zh/PhK4I2L07B9dyWx5XoXxf5Ou1vjPsRkq1POZyju86fKJk81xGrYN7qafxEf5cg==
x8p0uu2ehcxJHFBoka6rgcy6MFdtycHkAQIV16vjVnT9nhBwGR21Arp03+uEQF5Rt1OrM3kWpz3+D5zUsCvtiAIfUYv5M52NiuOyQluPeQreEiz5Zw==
ZBv1gUaKdU7gKphJ31QcDRoEduJws27G4P8CEITzLT0Uhd4BefMDOk5kbxWxhmRHIXb7+CG+WccVLfrS5YJW6zw7+XY=
93PwfKluoFVy+q2xoiLMmBoEduJws27G4PsAHoTzLT0Uhd4BefMDOk5kbxWxhmRHIXb7+CG+WccVLfrS5YJW6zw7+XY=
kE9nZ4v4+IcPUbv6wsmrWB+zeuFcYXO7qSFU1IL+N7/lO0xsmzyBLc3zQTied6XLzRuBfeY7BuLP95Va4jo4+XM=
dWZuKkCMOx4fnUhB98fPpaq8QfK3gQKuwwE0RA1gU2UQg7lYduc9S1WLKd1ei04ihyfNuorKQPkL
PtxkEc7R4ffQhNKQNQ1wODsWMbAbr7AOkb/ShCzLxXgcTS1gmyplcPF9qatKcDHcjoHQTfkE
G6WXVBzdNjyItChjleM9SJq4SQRuvWa3D4NZMI6eOciT1JdANx42o7m7iJALVSKpkTx66rDT7magHwJwRFOt3VSl3iE5E4OajgRv9fEm5CfhVvvY4d7ZZ1XN+rIlItYLfBv5Vg==
hJl+aRB8MuD27+0EdCYL/1OSURZFufdvIoru8MTRANy614f5W2p4c/Lwr/2YdvpD7UqdjibCDfrG6l8ibkn+NoT+xhd2v2GkbXfq5wuQFBNn68//y9VsbzTyvSM/0gh+GvlR
acQrUyl2OsrDyOxP6/IEk1OSURZFufdvIoru8MTRANyh14f5W2p4c/Lwr/2YdvpD7UqdjibCDfrG6l8ibkn+NoT+xhd2v2GkbXfq5wuQFBNn68//y9VsbzTyvSM/0gh+GvlR
X1g+ORXf22MjF+tPBdylQBzdj6AkHhOnoWC+MRQMPiL9W6kvq9YCZF38q2F4dKvt8ZtFtUJMAK9vAJBryyurxs/FSKeIkiGrW2LMJjb5fQ==
MYI2DCFrycGp6E1LlAlIZTggNR6wOXW1ph4Y2HVjaMqGb5W7y//DsBkq1POZyju17vKKk81xGrYN7qafxEf5cg==
FQEgCKsnL+wc10anVrQBc0SlZK1eaGi77GFFxIWrPIirZAxx3i2YK9nzQTied6XLzRuBfuY7BuLP95Va4jo4+XM=
3f0tjHODTCWPLP0uyLSvNRxVMZURW5KdOzz7V0JI1ZhyiaDR5tunDz/A4IvbK7Pm/4aYx3gSsQvropzGRvkN
PLIXpMoYUqF5WhXzYRv1Q1N3/PvRFvt8mVmHSugxtudXGq2knbs0iKN0FJG23eDrgSPpmCbHLUtIb3kfDmveovfHvXr6KjD5ew==
DjPKs/YvMr73SVW2px1jbeYoJypVIXMaPJkKR8vy2VQJI7gIL+yA4UK1fEs9i71IUj9hiwVWTU/aAyLC6++JSu4yPPl3
Sbv2NrEBf/x8dN8hLJdlywoHbYQg4Cnf5uMDUdPyaCwNn+hODuMFL1NjYxSxhmRHIXb78ie+W8cVLfrS5YJW6zw7+XY=
nY7jd1ppxott8psX8/iRRXS99hinrHffxshREP8ZPEkCu0N3w7Aswx9rdq8zt6T/XDKVE/eykM5C+Qk=
fRgVxw6dxghFypyQKfBVngoHbYQg4Cnf5uMDUdPyaCwNn+hODuIFL1NjYxSxhmRHIXb79yC+W8cVLfrS5YJW6zw7+XY=
+vbG2/KFG/79F4abJJ30DXMkihrestfG7N+XeEcm1pvJg0goe+3CEeGE+lLAaw7e0KfCSDRrTeUknd4ZSStjov48r02BngSfke57a5BmNN8ldTqKVRo2Mwwj+W4=
rIN2hlg9u2xAhU8wz6BElQHkJaMRMTHm/nsGgZawOqqrYH9Tm2PZB9vzQTied6XLxh+BceY7BuLP95Va4jo4+XM=
IiRQRhZooILEpoJbFdGQugPkJaMRMTHm/nsGgZawOqqrYH9Tm2PZB9vzQTied6XLzB6BceY7BuLP95Va4jo4+XM=
b7AwKjSWh9vzoY+NU/4wCFVV/HFKTCBvz4Awq+srzgCvSShn6JJBazvirOZW+R0=
1JtAxOfJqvV2OTUG7hD7iqq8QfK3gQKuwwE0RA1gU2UQg7lYduc9S1iMKdFei04ihyfNuorKQPkL
gGWx/H8ycO3TfplKgEeZrTsWMbAbr7AOkb/ShCzLxXgcTS1gmydicP19qatKcDHcjoHQTfkE
+UsxmKXWaXrlzTSJbS7oMXR0dnVa7dnteHk40JrfOj4cbId70ThgAg+Sj8ruWlBd8Lx6SRlPublfAAuRJKEFGJwt7UCbByKQfZ3pS0pQcXwOIRAt+WQ=
qUMaNALdFUYAqVM2kihetOXH5OLn6pdnXGfA76xiakGWxLTKY9mx1txo1yT7GD4knIe4er4LWYHl86dWX2MU/+ki9MvJIrspXrpl691ZWm59ZgYnFC/5ag==
nPsw01ggs15gIW3YmLurdzK9mhWguSkKJp6khCpqJSK43J949y0GYafuu4MRDU9mzabsZFfAJLngxxCDc7lEfObDWdjWpx1LOExJUf7LbiJnZ206Kgog+Ws=
uak6ZYkddZscZJORpumz1raXqA9WLIiOj3JymN2wxXnsQc36iYsTCUV258LOTCUU7vkqE2Ir0d3u7GxH21BkM3fr0hj7mbyPpHJNg08S2B4q+WE=
