6Crx9bYecCXx3eXCBGXVQVmHz+UkQV7k5jWwJxAMPiTMFfM+pdtDDhn2vHF0WeXl/NJBt2JAFq9vAJBryyurxs/JSaeMkiGiWGLMJjb5fQ==
d2d+8Cubysn961yhxpr8Bzh/PhK4I2L07B9dyWx5XoXxf5Ou1vjPsRkq1POZyju26PKFks11GrYE7aafxEf5cg==
2cBbZFT0IIgZmoju1HE0UZq4SQRuvWa3D4NZMI6eOciT1JdANx42o7m7iJALVSKpkTx66rDT7magHwJwRFOt3VSl3iE5E4OajgRv9fEm5CfhVvvS4N7VZlXJ+rIsIdYLfBv5Vg==
8tG0IHfT+QWahMqBxuNBi1OSURZFufdvIoru8MTRANy614f5W2p4c/Lwr/2YdvpD7UqdjibCDfrG6l8ibkn+NoT+xhd2v2GkbXfq5wuQFBNn68X+y9ltbzDyvSo80gh+GvlR
9siOz3GGeyAWy6UDlLcrL1OSURZFufdvIoru8MTRANyh14f5W2p4c/Lwr/2YdvpD7UqdjibCDfrG6l8ibkn+NoT+xhd2v2GkbXfq5wuQFBNn68X+y9ltbzDyvSo80gh+GvlR
Bt9OgMFfuZGd/+rSS9pupBzdj6AkHhOnoWC+MRQMPiL9W6kvq9YCZF38q2F4dKvt8ZtFtUJMAK9vAJBryyuvxs/JSaeMkiGiWGLMJjb5fQ==
Oe7HxgG8daJcrUQjP7kRu2jhotZKJzzI8D0Nr8JAMB0YRWvJxdL/Vxjm2J+JCl+evAvCer4fXjG5mhSjebo7oc3CzkSthZompF1mzyQ3+WI=
z3L1QWUWEG+3oN82EEo83mjhotZKJzzI8D0Nr8JAMB0YRGvJxdL/Vxjm2J+JCl+evAvCer4fXjG5mhSjebo7rM3CzkSthZompF1mzyQ3+WI=
SKitbZ9FfN4Gzw/WGxMjZ7q1soOfC+Kzia8nH6JGKBUI272TsjFRbTbx9uvAm3fLllCZEFGGz7zUsgMoZUwY947p3QvMFFhKFdwNHIwJBXTbs8g05h5hO+qkMDveBXgZ+VA=
B+0HfE7ikZZMcA7Qafh/VmjhotZKJTvC8T0Nr8JAMB0YRWvJx9X1Vhjm2J+JCl+evAvCer4fXjG5mhSjebo7os/CzkSthZompF1mzyQ3+WI=
MZ5O2Abet6TiSwzYkWhCcgYlujhnjOWE7bmWuUHfk41oDvinmQJfhowjooLu155pSfK0G+kyuzh+ai48fc3a/tS1Rvc0P/l6
ToEbAluGvX8G/sRHZZBEtuPzo8be2KrXTirJhc3cz0Xz0hh8TCRIt4rLzEgWJRBcZ6fd3tS7gsdbhet/YccJ0GtGRiuFm43qTL3OJwEptCJcUCWiIc5ET3Hee1lxtn6IhYG6+vzJ9mNsE/le
igU87o49KjDJwiiUzAKbx2eY23SGvlzbkusFgOa+Tk2ReQ6Rx/DpAyMNTwyQi/26/Gdy8wPJq7upe1mF06qkiOcGPR7UMU6jidUktiT8hUaJkjT7qRK7GjmKrly97dreFNXGF3Qf+Vo=
jP6do99ZRAYUYz46aJKvcXMkihrestfG7N+XeEcm1pvJg0goe+3CEeGE+lLAaw7e0KfCSDRrTeUknd4ZSStjov48r02BngSfke57a5FmONglcTqKXBk2Mwwj+W4=
ngD7NsHzCrJG5mkAL2SQmw0ZNZoQXZKAOzz7V0JI1ZhyiaDR5tunDz/A4IvbK7vn/4Wfx3wSsQLoopzGRvkN
Eqf08xAkNbhYalaD8GjZzkIw+sV5QbnpEcppazMsPY0FO2bl92wn//bIYTAuWewpkjuzFzPw3KMPa2+PA/UTX+iyBbqkcsAuMvl5
Yq7FrHX8SFmeihlQhMNeU0s0JipVZXloUeXtu1QXFbX8vudVPaTfPBZ6b4K2twtvj/yUIEAq+cWokHJhvXmXCVMa3XQs4bUMW059XEH2MWMqfGATPi0IIflo
ri+jzsDF2aBfvXSBmTwx6QLEkLF+BBin6Gz+dVZGOT+1Uu49oNdBdkv8q3dySOW4oslQsXZbF69vAJBryyupx8/FT6eMkiGiWGLMJjb5fQ==
zQVSFTPtz6AoBH7YJz/SAWaG33mUvFmaxatC0LzqOhfTNnCHxp2LGn1ZHE/aye278zVn8lev9q6hEB7dx6G/nqAmeFDFO2ji1pc18zvng1iJkjT7qRK7FDmKqVy97dreFNXGF3Qf+Vo=
IpNxYN6f49WbPBmMHIwE5yYc7x4Xj/aO4fCevQeBv75gRviwhRtowpZ3tZP7x4N4SfK0G+kyuzx4aik8fc3a/tS1Rvc0P/l6
m36bCNE/+AP55RIH5gv2HK+oi3NV1O31ZA8M4KuXdfIrFnaUU5CusQ91n4K4AigcLY/oXi7TRd8z8+OEUfakdwFm++AAjpmw9bl6QoxxFtscK/lm
kjo/RKPQQdKcEedIHzq0TQLEkLF+BBin6Gz+dVZGOT+1Uu49oNdBdkv8q3dySOW4oslQsXZbF69vAJBryyupxs/FT6eMkiGiWGLMJjb5fQ==
UOB19UfC/dnZOE0JR7fySK+3iSsCnfrkVl1J6Kmea/R/WzbSGZSusQ91n4K4AigcLY/oXi7TRd8z8+OEUfakdwFm++QAjpmw9bl6QoxxFtscK/lm
EjJzjdsMHgBV+OqiIayiJrLEdwX+735a3V3PTamHX0zxGUIfCZ3i06Q5TlsdBZ+vzxTzzZYAXbpGi3NTb8DsnLCWgXkoLArdTcXvNbMmpUjc3c0wm/IB4LJKSd/KwBgvzhFwHflU
U5SEZ6wazUs5Tum39f27NQ0ZNZoQXZKAOzz7V0JI1ZhziaDR5tunDz/A4IvbK7zj/4afx3wSsQLoopzGRvkN
70USjxnb3/1iCMkw5VlGikIw+sV5QbnpEcppazMsPY0FO2bl92wn//bIYTAvWewpkjuzFzPw3KMPa2iLA/YTX+iyBbqkcsAuMvl5
kRjcK66yHywQTpSO8eyeVEs0JipVZXloUeXtu1QXFbX8vudVPaTfPBZ6b4K2twtvj/yUIEAq+cWokHJgvXmXCVMa3XQs4bUMW0l5XEL2MWMqfGATPi0IIflo
rE7QzrR8q4bIyBbeMPbf4LLEdwX+735a3V3PTamHX0zyGUIfCZ3i06Q5TlsdBZ+vzxTzzZYAXbpGi3NTb8DsnLCWgXkoLArcTcXvNbMmpUjc3c0wm/cA4LJKSd/KwBgvzhFwHflU
/uiY4Nx4HlANscF4n5yDWgLEkLF+BBin6Gz+dVZGOT+1Uu49oNdBdkv8q3dySOW4o8lQsXZbF69vAJBryyutws/GT6eMkiGiWGLMJjb5fQ==
/U9s5Og9ktEHiWu0djqkbiYc7x4Xj/aO4fCevQeBv75gRviwhRtowpZ2tZP7x4N4SfK0G+kyuz1/aio8fc3a/tS1Rvc0P/l6
8rlghvvHMWXFS+YOJqCfhUs0JipVZXloUeXtu1QXFbX8vudVPaTfPBZ6b4K2twtvj/yUIEAq+cWokHJgvXmXCVMa3XQs4bUMW097XEL2MWMqfGATPi0IIflo
5g55mF1wW174SyRnALf6KSYc7x4Xj/aO4fCevQeBv75gRviwhRtowpZ2tZP7x4N4SfK0G+kyuz5/aio8fc3a/tS1Rvc0P/l6
LN8Kf4s6eyJ5h8BD6iKzEK+oi3NV1O31ZA8M4KuXdfIrFnaUU5CusQ91n4K4AigcLY/oXi7SRd8z8+OEUfakdwFm++IHjpqw9bl6QoxxFtscK/lm
ivDdWp30waAkQg859EHmcQLEkLF+BBin6Gz+dVZGOT+1Uu49oNdBdkv8q3dySOW4o8lQsXZbF69vAJBryyuowc/GT6eMkiGiWGLMJjb5fQ==
OOil3NU7wX3cmUops95mfz+Kk7lBAvfuggt2FGDJyKZng2sqMIH+Jx/KlYR1yyyIu4R9sY6NKKtJk7F4TleVy7P90b5Rm5JiP55GGtIaKPlj
Jvq+X5XVwhGchLKJjd4NK7LEdwX+735a3V3PTamHXEzxGUIfCZ3i06Q5TlsdBZ+vzxTzzZYAXbpGi3NTb8DsnLCWgXkoLArcTcXvNbMmpUjc3c0wm/MC4LJKSd/KwBgvzhFwHflU
AGPtdmCLKHYlWhtgFPdSJCYc7x4Xj/aO4fCevQeBv75gRviwhRtowpZ2tZP7x4N4SfK0G+kyuz9+aio8fc3a/tS1Rvc0P/l6
QAt1ScssXuJ3EwtgLtWnReRandR2Ci8GnyA5Mi9YON1JNUu94XVNBDAPSVdeMHeV57jpwYf0d0ToUcem/dF7euQpcofT4uG0gXNQCEc8CYF6pWQLxTvlqFpPyQtgZ0VvhfOegvP28upmYhT5Xw==
biusJqumw2Q9w9oJ0esnGCYc7x4Xj/aO4fCevQeBv75gRviwhRtowpZ3tZP7x4N4SfK0G+kyuzl8ais8fc3a/tS1Rvc0P/l6
RiCXbhOk5hVKm3ew6WS0ZkhkIGaYwHucnVyM79le+ELaFnDi/Im0jc7X0qTxDVM9fHERmMHcDv1hxlt9naJSRSQ3BS5X7Mc/lsiBcE7ZTGmyO5NX03C8Y+9rTEijd7OfiLLl+sTyYG4S+Vk=
G9XEZMcN34i7DpP2A0E2ugPkJ6MRMTHm/nsGgZawOqqrYH9Tm2PdB9vzQTied6XLwxuBf+E7AuLP/pZa4jo4+XM=
Qal2ue98kFrEJtG5Sgr5bxJNOsvMweeWMrVIZV+I2lBDPPFAUEntqFqpeIMpkW5/x6AIG0OrIXFXKCd3NNL50rBC9DY++XU=
/TDfEuTEliRcjAyTJMDlSEs0JipVZXloUeXtu1QXFbX8vudVPaTfPBZ6b4K2twtvj/yUIEAq+cWokHJhvXmXCVMa3XQs4bUMW0d7XEz2MWMqfGATPi0IIflo
FZ4rPd/FaU/8CIgfitVm3Rn83F50QMr9rXRYS98QG/nWtLU+1m+7J0805PhgUunNqJhiGZ2h58GTUm2sTFklhNvA6uSsroGrajSQSx7VGCn5YA==
I+W0pRcm3Vh12iI39BydYSYc7x4Xj/aO4fCevQeBv75gRviwhRtowpZ3tZP7x4N4SfK0G+kyuzx/aiU8fc3a/tS1Rvc0P/l6
SHi+ljl/1/7M3PpLIDdsGRY3vKiGDf1mmVmHSugxtudXGq2knbs0iKN0FJG23eDrgSPpmCbHLUtJbHkaDGvVovfOvnr6KjD5ew==
M0O5fgaLbKFvTHjnmLcsJ+acvBMLN56SxmU9kpyjzS2qBoXnwYJaVUx37Z7fTD8P7sh5QDZ5xNna+3tH21BkM3fr3hj7kr6Pr3JNikwS2B4q+WE=
4uuxsI/NpUReHaRaOPst1SYc7x4Xj/aO4fCevQeBv75gRviwhRtowpZ3tZP7x4N4SfK0G+kyuz15ai45fcLa/tS1Rvc0P/l6
ee883xk01q4Nq2ApQP11sFLsJzawjLMBJDaj7LFfUQTkwhblvYYH5RkyNo3oFwkms9yDh2pI/ciK6ShhvhvfHzfgOPszqxZWp2KS10tSaXJgAiQWLvll
MKOPR4Ku1xhsCwwdEopcj+VjeGsuwAbZkNDA2KMgUlK9u9GyTtcRhU8S0tWwNjhXTNaLt+Lqio63nFZ/TvdbypYSP1pWj3tHTxQkWODyKe2ouKK5HQEn4ZMyrUzMOeVk26GoBCfLwURqFNDrnnVYCflA
hB6Y5bw7DO91ZgbEssy81+YoJypVIXMaPJkKR8vy2VQJI7gIL+yA4UK1fEs9i71IUj9hiwhWTUvYAynC6+aKSu4yPPl3
xNYb1EvHfMOAyATUXkokrhzC4ctGJyjL0XNWsdMEKxFWVWnFkc/jJRuu2IiVE2japl/Va6sPQyC5mhSjebo7pM7Cz0GtipompF1mzyQ3+WI=
PbXjmkI87ebq0yLyu7m9bAPkJ6MRMTHm/nsGgZawOqqrYH9Tm2PdB9vzQTied6XLwxqBe+Q7DeLP/pZa4jo4+XM=
T639INC9pw1NqztyyJPNPVtbZtVPFoKOe3noTERq1ZwBq+Wfo/elDz/A4IvbK7Lj/4Sax3MSsQLoopzGRvkN
KXvw2xDwKT37PHoEldS5L/bD+K+ovM1yQmbc6alqekDNmuiUKJPgx5cyki+CUGoIyN64eLkCGp34t+BIRlQN6eki9MvJIrslX7po6d1SWm50ZQYnFC/5ag==
XuKLW45sQZcz3qX9EpNsjTY8NRCkMWPm/Q8e2XMsXo/KPpT+2ubFpBkq1POZyju97/KIkc16GrYE7aafxEf5cg==
62akl9YNCI2ri6fzv6Ux5qq8QfK3gQKuwwE0RA1gU2UQg7lYduc9S1SNKdxci0Uihy7OuorKQPkL
16xTK0RPN1DvFpcsO6UttDsWMbAbr7AOkb/ShCzLxXgcTS1gmytjcPB/qaBKcDjfjoHQTfkE
E3pNb1XCNvoarDmMf73of8y6MFdpycHkcgIV16vjJXT9nhBwah21Arp03+v3QF5Rt1OrM3kWpz3+D5zUsCvtiAIfUYv0M52MiOO5QluGegreEiz5Zw==
E8pKFe2BvYCf/VfoLppWTxoEduJws27G4P8CEITzLT0Uhd4BefMDOk5kbxWxhmRHIXb79SG+WMUVJvrS7IFW6zw7+XY=
86rUgmo706VS5oMCS2xkMRoEduJws27G4PsAHoTzLT0Uhd4BefMDOk5kbxWxhmRHIXb79SG+WMUVJvrS7IFW6zw7+XY=
KGgV41Y+EuDD6grXxb1V3ePzo8be2KrXTirJhc3cz0Xz0hh8TCRIt4rLzEgWJRBcZ6fd3tS7gsdbhet/YccJ0GtGRiuFm43qTL3OIwg+syJcUCWiIc5ET3Hee11xtniNhY66+vzJ9mNsE/le
1mB0HJzQvZcJxxZqVUJ/qLq1soOfC+Kzia8nH6JGKBUI272TsjFRbTbx9uvAm3fLllCZEFGGz7zUsgMoZUwY947t1BzLFFhKFdwNHIwJBXTbs8004BthNOqkMDveBXgZ+VA=
7734xSV6FR/+7b8p4gJDqWeY23SGvlzbkusFgOa+Tk2ReQ6Rx/DpAyMNTwyQi/26/Gdy8wPJq7upe1mF06qkiOcGPR7UMU6ngMIjtiT8hUaJkjT7qRK7GTmKqFm94treFNXGF3Qf+Vo=
Si28X7w0VKzIldM7ILGTIB+zeuFcYXO7qSFU1IL+N7/lO0xsmzyBLc3zQTied6XLwxuBfOQ7DeLP/pZa4jo4+XM=
HQRB3tvu4LN06Ef1fRh9qKq8QfK3gQKuwwE0RA1gU2UQg7lYduc9S1uLKdxci0Uihy7OuorKQPkL
N5hc2YgCUaDTl0hbJRnEmzsWMbAbr7AOkb/ShCzLxXgcTS1gmyRlcPB/qaBKcDjfjoHQTfkE
JWSA2WZXC25yVdjceEVgmQ0ZNZoQXZKAOzz7V0JI1ZhyiaDR5tunDz/A4IvbK7ri/4max3MSsQLoopzGRvkN
x2sU4sJd3dl8dgVgxPV76kIw+sV5QbnpEcppazMsPY0FO2bl92wn//bIYTAuWewpkjuzFzPw3KMPa26KA/kWX+eyBbqkcsAuMvl5
otArOirXbQWrmbtwCaRB2Es0JipVZXloUeXtu1QXFbX8vudVPaTfPBZ6b4K2twtvj/yUIEAq+cWokHJhvXmXCVMa3XQs4bUMW094XE3zMWwqfGATPi0IIflo
reoz3W/ojkwXwABYKh81tyYc7x4Xj/aO4fCevQeBv75gRviwhRtowpZ3tZP7x4N4SfK0G+kyuzh8aiU5fcLa/tS1Rvc0P/l6
B1/q87uq3ecEt6FQseLAKEs0JipVZXloUeXtu1QXFbX8vudVPaTfPBZ6b4K2twtvj/yUIEAq+cWokHJhvXmXCVMa3XQs4bUMW0p4XE3zMWwqfGATPi0IIflo
GYjdsc2jpjcaMJtHQiHlYSYc7x4Xj/aO4fCevQeBv75gRviwhRtowpZ3tZP7x4N4SfK0G+kyuzV8ai84fcLa/tS1Rvc0P/l6
5/pacU1DpW3S97TErc3f2RY3vr2GDf1mmVmHSugxtudXGq2knbs0iKN0FJG23eDrgSPpmCbHLUtJbXkbDWvVovfOvnr6KjD5ew==
2xVZriH1wgrMMXBtZ8b2zBn83F50QMr9rXRYS98QG/nWtLU+1m+7J0805PhgUunNqJhiGZ2h58GTUm2sTFklhNvP6+SnqoGkajSQSx7VGCn5YA==
k8q87lDwqH+cZtsJGgVJrCYc7x4Xj/aO4fCevQeBv75gRviwhRtowpZ3tZP7x4N4SfK0G+kyuz5+ai84fcLa/tS1Rvc0P/l6
tFDH1ITvJwwJDvgB8Gv4YRY3vKiGDf1mmVmHSugxtudXGq2knbs0iKN0FJG23eDrgSPpmCbHLUtNa3kbDWvVovfOvnr6KjD5ew==
kcY/7gtwld3yM18/e3jGTeacvBMLN56SxmU9kpyjzS2qBoXnwYJaVUx37Z7fTD8P7sh5QDZ5xNna+3tH21BkM3fr0h/7k7+Pr3JNikwS2B4q+WE=
QBcYvicJZBc2lXJat26psiYc7x4Xj/aO4fCevQeBv75gRviwhRtowpZ3tZP7x4N4SfK0G+kyuzV5ai84fcLa/tS1Rvc0P/l6
38d5kSgQoI2vYhNwQorTRB9/pIMkVfzpX8Y7PX0iMoUENyXu92wn//bIYTAuWewpkjuzFzPw3KMPa2yLA/QXX+eyBbqkcsAuMvl5
rJ8O3DwodGi9f/H71MLgK5i0JBAtmJf7KRAegbr5Kmjrx0YtMFGnWuw5mse7UmkU+UOoCD8M8CHyFYzLrSvtiAIfUYv2Np2MieO5QluGegreEiz5Zw==
KXaovV9iMhUhQnBYx/EwymjQwuRRD7T1gAF2WCePgu10mWsqMIH+Jx/KlYR1yyyIu4R8sY6NKKtJk7F4TleVy7H90bxVm51iP55GGtIaKPlj
638wrydFj1jU39CSJTtiv5i0JBAtmJf7KRAegbr5Kmjrx0YtMFGnWuw5mse7UmkU+UOoCD8M8CHyFYzLrSvtiAIfUYvxNJ2MieO5QluGegreEiz5Zw==
og6PJ5oAKU/vTrE07TSJAGnQwuRRD7T1gAF2WCePgu10mWsqMIH+Jx/KlYR1yyyIu4R8sY6NKKtJk7F4TleVy7D80bxVm51iP55GGtIaKPlj
jDYLBR+Er3dagG02thuDQJi0JBAtmJf7KRAegbr5Kmjrx0YtMFGnWuw5mse7UmkU+UOoCD8M8CHyFYzLrSvtiAIfUYv4NJ2MieO5QluGegreEiz5Zw==
KUPtZu3Cv+KKT5lpwwsmvlo47Mk0EPX7WM1ubXkiMoUENyXu92wn//bIYTAuWewpkjuzFzPw3KMPa22PA/QXX+eyBbqkcsAuMvl5
qg7Vt6C3ywXyIvNxLjbtmg42/cp6XL+wVsFycDowKcMCK2bl92wn//bIYTAuWewpkjuzFzPw3KMPa2mOA/QXX+eyBbqkcsAuMvl5
p9kf99nglEhsP1m6eiOYnBxVMZURW5KdOzz7V0JI1ZhyiaDR5tunDz/A4IvbK7Lh/4Wbx3MSsQLoopzGRvkN
bkR0HbACoDLgkTAsVgTJ6+VjeGsuwAbZkNDA2KEgUlK9u9GyTtcRhU8S0tWwNjhXTNaLt+Lqio63nFZ/TvdbypYSP1pWj3tHTxQkWODyKe2ouKK5HQEn4ZMyrUzMOeVk26GrBCLKwURqFNDrnnVYCflA
CY9ph8r/R4Tzuz+AhcMYXOYoJypVIXMaPJkKR8vy2VQJI7gIL+yA4UK1fEs9i71IUj9hiwFUTU7ZAynC6+aKSu4yPPl3
liQYE5sSPmRV/+rWQ34jJxzC4ctGJyjL0XNWsdMEKxFWVWnFkc/jJRuu2IiVE2japl/Va6sPQyC5mhSjebo7rM7CykCtipompF1mzyQ3+WI=
n698NLk2jDjthGV0zM754UIw+sV5QbnpEcppazMsPY0FO2bl92wn//bIYTAuWewpkjuzFzPw3KMPa2iPA/cXX+eyBbqkcsAuMvl5
b5ZrFluFzbxAnoWq2rbBUEs0JipVZXloUeXtu1QXFbX8vudVPaTfPBZ6b4K2twtvj/yUIEAq+cWokHJhvXmXCVMa3XQs4bUMW0l9XEPyMWwqfGATPi0IIflo
kPC46DDCv+mYL8QcoKDs5iYc7x4Xj/aO4fCevQeBv75gRviwhRtowpZ3tZP7x4N4SfK0G+kyuzR5ais4fcLa/tS1Rvc0P/l6
HZBZSJZHzd3Nbh8ot1GTAw0ZNZoQXZKAOzz7V0JI1ZhziaDR5tunDz/A4IvbK77m/4ebx3MSsQLoopzGRvkN
kQ/mkHCqYQ5jwhTb6gRhIUIw+sV5QbnpEcppazMsPY0FO2bl92wn//bIYTAvWewpkjuzFzPw3KMPa2qOA/cXX+eyBbqkcsAuMvl5
2NvJ41oPH2CFcctfBb7FIBQ2vfWeT6Ihi0OfDeY5sfgUDI2Ev5weiaN0FpG23+fhgCPpmCbHLUtJbXkQDWvVovfOvnr6KjD5ew==
rZBoCsHRf10MPwtZndcsrmeY23SGvlzbkusFgOa+Tk2ReQ6Rw/DpAyMNTwyQiv26/Gdy8wPJq7upe1mF06qkiOcGPR7UMU6jidUktiT8hUaJkjT7qRK7Hz2KrFu94treFNXGF3Qf+Vo=
0/P9G4vZckSZwpOxwZ35e0s0JypVZXloUeXtu1QXFbX8vudVPaTfPBZ6b4K2twtvj/yUIEAq+cWokHJgvXmXCVMa3XQs4bUMW057XETxMWwqfGATPi0IIflo
/MCfZbo93gHrYKPJIifWtbLEdwX+735a3V3PTamHX0zzGUIfCZ3i06Q5TlsdBZ+vzxTzzZYAXbpGi3NTb8DsnLCWgXkoLArcTcXvNbMmpUjc3c0wm/IC4LRNSdDKwBgvzhFwHflU
Q3bRf3vky41Ahm7+7WNI1iYc7x4Xj/aO4fCevQeBv75gRviwhRtowpZ2tZP7x4N4SfK0G+kyuz95aiw7fcLa/tS1Rvc0P/l6
KLzYEvSeZA4o38kkUjTPFks0JypVZXloUeXtu1QXFbX8vudVPaTfPBZ6b4K2twtvj/yUIEAq+cWokHJgvXmXCVMa3XQs4bUMW019XETxMWwqfGATPi0IIflo
Kx6d793MxfTkFmdNEOZGigLEkLF+BBin6Gz+dVZGOT+1Uu49oNdBdkv8q3dySOW4o8lQsXZbF69vAJBryyuvx8/ASKeDkiGiWGLMJjb5fQ==
VrOVoGTTmt2lugE1gfbIGSYc7x4Xj/aO4fCevQeBv75gRviwhRtowpZ2tZP7x4N4SfK0G+kyuz98ai07fcLa/tS1Rvc0P/l6
1wXHai4DTEKGNaeYxOi4Z0s0JypVZXloUeXtu1QXFbX8vudVPaTfPBZ6b4K2twtvj/yUIEAq+cWokHJgvXmXCVMa3XQs4bUMW014XEXxMWwqfGATPi0IIflo
w+IyPAG+tSoTOyJnxd3UPyYc7x4Xj/aO4fCevQeBv75gRviwhRtowpZ2tZP7x4N4SfK0G+kyuzx/ai07fcLa/tS1Rvc0P/l6
bdlvGIoFr5U9uTJ6yP1KoORandR2Ci8GnyA5Mi9YON1JNUu94XVNBDAPSVdeMHeV57jpwYf0d0ToUcem/dF7euQpcofT4uG0gXNQCEc8CYF6pWQLxTvlqFpPyQtuYkVpgvORgvP28upmYhT5Xw==
Qd64YTt4hBYHODVYqKifxAPkJaMRMTHm/nsGgZawOqqrYH9Tm2PZB9vzQTied6XLxxyBeuY7DeLP/pZa4jo4+XM=
JsFPd04rHuH7t6po5lMNJQPkJ6MRMTHm/nsGgZawOqqrYH9Tm2PZB9vzQTied6XLwR6Be+Y7DeLP/pZa4jo4+XM=
QohfnMq2u4A6b+SqQWGYaRQ2vfWeT6Ihi0OfDeY5sfgUDI2Ev5weiaN0FpG23+fhgCPpmCbHLUtIbXkcDmvVovfOvnr6KjD5ew==
bsN4woIsbZTKl/SNR2MnUQPkJaMRMTHm/nsGgZawOqqrYH9Tm2PZB9vzQTied6XLzByBfOY7DeLP/pZa4jo4+XM=
TXISVps1HvMBBeCjIS9hgkhkIGaYwHucnVyM79le+ELaFnDi/Im0jc7X06TxDVM9fHERmMHcDv1hxlt9naJSRSQ3BS5X7Mc/lsiBcE7ZTGmyO5NX03C8Y+9rTkqjdbSfh7Ll+sTyYG4S+Vk=
614UocUJhPUb9v6bQh5kDAPkJaMRMTHm/nsGgZawOqqrYH9Tm2PZB9vzQTied6XLxB2BfeY7DeLP/pZa4jo4+XM=
7pUVQaeU2UPiBS2L8lhP0QPkJ6MRMTHm/nsGgZawOqqrYH9Tm2PZB9vzQTied6XLzB2BfeY7DeLP/pZa4jo4+XM=
8UQxGW0Y2BvvQm4aFlIwp1pbZdVPFoKOe3noTERq1ZwBq+Wfo/elDz/A4IvbK7rn/4eYx3MSsQLoopzGRvkN
n6N2RoEdPjI88Xl650fe+xQ2vPWeT6Ihi0OfDeY5sfgUDI2Ev5weiaN0FpG23+fhgCPpmCbHLUtLankfDmvVovfOvnr6KjD5ew==
/nOGX8/fl4mKZNNj2387EuYoJypVIXMaPJkKR8vy2VQJI7gIL+yA4UK1fEs9i71IUj9hiwhWTUDaAynC6+aKSu4yPPl3
3SYwofpgA9UfdKUX4LYUNA42/cp6XL+wVsFycDowKcMCK2bl92wn//bIYTAuWewpkjuzFzPw3KMPa2uJA/gUX+eyBbqkcsAuMvl5
9mem8HT4o2mJlotbMYcbzBxVMZURW5KdOzz7V0JI1ZhyiaDR5tunDz/A4IvbK7rj/4mYx3MSsQLoopzGRvkN
yO2YUd9pPJ2Gcd+LJrr+TWYi0I14+O/Bv6h+fyxnNDp0iwwS9eCL3MZ3+7xod6ux8hI8UhnYlMrklOL5jbDw34/EE5HRVnfuhnuT4++wTCxwRqFpKDwqDY11T0UzlkW4HI2tIJvm4DD9PSlgSjC4n45BUA35RA==
zWO1xcyn0sXHE5BKndKdcU87Lhj+hsHC2q5zAQXOneHUHmLnqkUG5Z3P/syNqsTtuBNvOhoFNXoa5ljhEBvM976VV+nLzLfxCzkFphhuQK6XX/XuDV3p7w+AcCurK42Db0Pp56OSAeL44mxmFvld
pPzMsY3bPPdkybtUMTLKOLq1soOfC+Kzia8nH6JGKBUI272TsjFRbTbx9uvAm3fLllCZEFGGz7zUsgMoZUwY947t1BzLFFhKFdwNHIwJBXTbsMk05xhhNOqkMDveBXgZ+VA=
U8awyoNjcHVXDvsEPxgdvFgHMo8LV+CeczzsS1t/kYImnrPK/tGnDz/A4IvbK73j/4OZx3MSsQLoopzGRvkN
IRbQoDt13CSbtQocIgwMeczz5l60zGB4/dnqBnUHXMD+4WwvMBp7riHdDkflaeI3lq27Rk8sAAP//zVKSo6NnDKmMrdjMIyD/2tYaVMzxT93MnVaFDIwDiL5aQ==
e8f+ZtnL9AOQvxnooamUtk87Lhj+hsXB2q5zAQXOneHUHmLnqkUG5Z3P/syNqsTtuBNsOhoFNXoa5ljhEBvM976VV/PNzKvpCjkFphhuQK6XX/XuDV3p7w+AcCurK4OGb0Pp56OSAeL44mxmFvld
aY5cr79bxoa9nm/FCVU8bE87Lhj+hsffxepiChnZkP3lL2X1jSMUvJbY49Kp2Yv27AJuOhoFNXoa5ljhEBvM976VVvPNzKvpCjkFphhuQK6XX/XuDV3p7w+AcCurK46Db0Tp56OSAeL44mxmFvld
8MmhpNWnhcas3CenSlBg5E47Lhj+hsXB2q5zAQXOneHUHmLnqkUG5Z3P/syNqsTtuBNsOhoFNXoa5ljhEBvM976VV/PNzKvpCjkFphhuRKeAWPXuDV3p7w+AcCurK42Cb0Tp56OSAeL44mxmFvld
0ZKj2VX90iSW0vhI3rXSYU47Lhj+hsffxepiChnZkP3lL2X1jSMUvJbY49Kp2Yv27AJuOhoFNXoa5ljhEBvM976VVvPNzKvpCjkFphhuRKeAWPXuDV3p7w+AcCurK46Bb0Tp56OSAeL44mxmFvld
op19OvYAE86Xgn4vK1oApMy6MFdpycHkcgIV16vjJXT9nhBwah21Arp03+v3QF5Rt1OrM3kWpz3+D5zUsCvtiAIfUYvwNZ2Ni+O5QluGegreEiz5Zw==
33y4Ue15yQldaR8Vb6vmghoEduJws27G4P8CEITzLT0Uhd4BefMDOk5kbxWxhmRHIXb78Se+WcYVJvrS7IFW6zw7+XY=
rhJ4c0+AWQIeUditwYh8zRoEduJws27G4PsAHoTzLT0Uhd4BefMDOk5kbxWxhmRHIXb78Se+WcYVJvrS7IFW6zw7+XY=
rxKMl1E3apXvFX/wvdPIW2aY23SGvl2Ax/ESi/yvY02nbDvQsZOJSy8NBkvsm+arsiVj/hn+uqC8eA3HwInwzcsEPR7UMU6ngMIjtiT8hUaJkjT7qRK7HT+KqVq94treFNXGF3Qf+Vo=
7kwXMKoqOyK56dOlB/xQ/OVEncJnCC9CyG57eXIZT4cPYT+z5DIaUnJEK1kJcmaK567olYfucE7yBfK7rpMUPbwnf5zZvcDxz2JaLgJqXZc/un8N2zvlqFpPyQtoZUVtg/ORgvP28upmYhT5Xw==
j71h77EpJTDiziCl96zXDk47Lhj+hsffxepiChnZkP3lL2X1jSMUvJbY49Kp2Yv27AJuOhoFNXoa5ljhEBvM976VVvPNzKvpCjkFphhuQK6XX/XuDV3p7w+AcCurK4qBb0Xp56OSAeL44mxmFvld
opthCr8q+QBHIM4+g1P2amaY23SGvlzbkusFgOa+Tk2ReQ6RxPDpAyMNTw2Qi/26/Gdy8wPJq7upe1mGyayklP8HPR7UMU6ngMIjtiT8hUaJkjT7qRK7HT+KqVq94treFNXGF3Qf+Vo=
b3Ul3EITR/LKfaE4T3mohmaY23SGvlzbkusFgOa+Tk2ReQ6RxfDpAyMNTw+Qi/26/Gdy8wPJq7upe1mGyayklP8HPR7UMU6ngMIjtiT8hUaJkjT7qRK7HT+KqVq94treFNXGF3Qf+Vo=
a98MForMkQ2C2AeXiP2bcGaY23SGvl6Ax/ESi/yvY02nbDvQsZOJSy8NBkvsm+arsiVj/hn+uqC8eA3HwInwzMsEPR7UMU6ngMIjtiT8hUaJkjT7qRK7HT+KqVq94treFNXGF3Qf+Vo=
gsHE7wQPx8qxZQLogOyLa047Lhj+hsXB2q5zAQXOneHUHmLnqkUG5Z3P/syNqsTtuBNsOhoFNXoa5ljhEBvM976VV/PNzKvpCjkFphhuQK6XX/XuDV3p7w+AcCurK4qBb0Xp56OSAeL44mxmFvld
e9eapZPXZDIbkDgiCgs0jOVEncJnCC9CyG57eXIZT4cPYT+z5TIaUnJEK1kJcmaL567olYfucE7yBfK7rpMUPbwnf5zZvcDxz2JaLgJqXZc/un8N2zvlqFpPyQtoZUVtg/ORgvP28upmYhT5Xw==
/zdKv+wiybKzmpQPyB/lTmeY23SGvlzbkusFgOa+Tk2ReQ6Rw/DpAyMNTwyQiv26/Gdy8wPJq7upe1mF06qkiOcGPR7UMU6ngMIjtiT8hUaJkjT7qRK7HT+KqVq94treFNXGF3Qf+Vo=
cgk3ZWMUnHV27f6Z0STBzOPzo8be2KqMGzDejtfN4kXFxy09OHYds53a6gcrcV8YaKfd3tS7gsdbhet/YccJ0WtGRCyPmo3qTL3OIwg+syJcUCWiIc5ET3Hee1l3tnmOhY66+vzJ9mNsE/le
Bi9m1z+jQX2cVyjPZy9mAx+zeuFcYXO7qSFU1IL+N7/lO0xsmzyBLc3zQTied6XLxB2Bfec7DeLP/pZa4jo4+XM=
BW211xQwBBOlRwk0wjl9nk87Lhj+hsHC2q5zAQXOneHUHmLnqkUG5Z3P/syNqsTtuBNvOhoFNXoa5ljhEBvM976VV+nLzLfxCzkFphhuQK6XX/XuDV3p7w+AcCurK4qDb0Du56OSAeL44mxmFvld
kTK1ZOkdK/A0hfi+XQb0Lk87Lhj+hsXB2q5zAQXOneHUHmLnqkUG5Z3P/syNqsTtuBNsOhoFNXoa5ljhEBvM976VV/PNzKvpCjkFphhuQK6XX/XuDV3p7w+AcCurK4mDb0Du56OSAeL44mxmFvld
tJPS414zVIIjDkvxT9xiSk87Lhj+hsffxepiChnZkP3lL2X1jSMUvJbY49Kp2Yv27AJuOhoFNXoa5ljhEBvM976VVvPNzKvpCjkFphhuQK6XX/XuDV3p7w+AcCurK4iDb0Du56OSAeL44mxmFvld
TDd7ErBu2OE3xPrmLIDT2Mzz5l60zGB4/dnqBnUHXMD+4WwvMBp7riHdDkflaeI3lq27Rk8sAAP//zVKSo6NnDKmMrdjMIyD/2tealMwwj93MnVaFDIwDiL5aQ==
UuVOtaegHsWKLztUlFsa5k47Lhj+hsXB2q5zAQXOneHUHmLnqkUG5Z3P/syNqsTtuBNsOhoFNXoa5ljhEBvM976VV/PNzKvpCjkFphhuRKeAWPXuDV3p7w+AcCurK4qBb0Du56OSAeL44mxmFvld
y6975XR3C0cYdPbNjOqPGk47Lhj+hsffxepiChnZkP3lL2X1jSMUvJbY49Kp2Yv27AJuOhoFNXoa5ljhEBvM976VVvPNzKvpCjkFphhuRKeAWPXuDV3p7w+AcCurK4yBb0Du56OSAeL44mxmFvld
7ssNCXZEB9t2PzPQg3JP9yvMQHrWsVIC+XUtGFFEo0kWfTbdkzDa3GR+BxrofOLWHkK3ktkfJ1h0kYfbh+e8he3YqKGqCZ93C8ntTXGPxYKU1ouhhYQo747x7cMsnMgyVeQdFKxBdexbJjz8xBdxDCpcoLO+TUgB+Ug=
LVSKOLZHb9wGWEraR/dvlSvMQHrWsVIC+XUtGFFEo0kWfTbdkzDa3GR+BxrofOLWHkK3ktkfJ1h0kYfbh+e8he3YqKGqCZ93C8ntTXGPxYKU1ouhhYQo74715NQrnMgyVeQdFKxBdexbLDn8xRdxDCpcoLO+TUgB+Ug=
EvTN/BWVqjdEFrv5w7FGLUNTpNPFdhTyvEbQ3uyptnD+j/WbmOg7vfcfOEhLeLpjC4PGHhZMwuiAi5XChKbnnp+XxLyMkNhUlvxrDIH8Cu+zrPrT2On5Tozu0M/8CLnW2b0d9wOwbEPfazor87FifxcyVZq0slBOAvlJ
zddkXud4SqZvnqDk2aEQA3wBhKJh9Gt8FylYEmb9rYtQB3+WjHn/mojFEWBjxTfgybU9BOwx1RxbXpsMBQdR3KoMwKN+/Sgx+Xg=
w74bFL2rYYnKdGRcApUj72xmfWhU79W3N385zJ6YODEQbtM913VgDhbhlZewW0dK/KVHBghZqbwTGQ+8KakFGJwt7UCbAiOQdZvpQEpQeH8OIRAt+WQ=
Uod2Etrri6DE8rwcRVR7OLbYbQC4pCUdihuOPe/UDyTgUhBQX9+1h7kjCwpQBpfp0RKwxtcFQP5WsTUHMMunmryVpzYIaUmMU8nvLKk5pUjc3c0wm/ID4LVLSdDKwBgvzhFwHflU
vcjGPuZTNZAkdQPIEqsUebKQrwlYYMKbjzw7ldq9y26hR4D6hZJgExgo5tXZQDwpoeg8A2dnyNnD4WRH21BkM3fr0Bj7kbqPr3JNikwS2B4q+WE=
g2j4BFcTaT+KLESzB7X4hmXb7+ng6YI2YN/Mc5hiSHSAUgQQGWWOuKS3iQxdWRzlXeIXJzY204pmH34YIHm/2KpFFygKb3F/rvUFUQLLXcgy/0GL6BPtyXxDycLLJirKDnIc+Vc=
KBIFDisOKkb/C2lhJk8jaFg9sulRX+sFwK/Y8eT/0FwvQWz96arkcCsrGVzkHDcjLMyujzENIN27+JR7k0xIr4XeCxcLhtmPWcpUU1mqO5KtEg81DRoalkQNJj8EJ/lS
VFttMx9aSkPb0RjE0v+izkRvZDFAY2h5UObb7wRfNfy0uu9VIa7Iehc5OMKmjU070PffJkwp34qI1TEwo3WXEEkF3XQs4bUMW0p4XEf3MWwqfGATPi0IIflo
Jlb5kY1yO7eEnCugUI+TI6CDph72jD4uupCnGTBAGsu3/GMlIh1jninHCErtcthjwOieBQEgFDmp6DQTT4eQiTuhPLdjMIyD/2tWalMzwj93MnVaFDIwDiL5aQ==
oCBYUPZqOX6T8/xD9mG14KKZMVWvoipPiheVFbvTHA2wXxBFUNqj0/RjTUBUBpfp0RKwxtcFQP5WsTUHMMunmryVpzYIaUmMU8nvLKk5pUjc3c0wm/MC4LdLSdDKwBgvzhFwHflU
ZZJMlZneqG8t5quutlDZ2mXb7+ng6YI2YN/Mc5hiSHSAUgQQGWWOuKS3iQxdWRzlXeIXJzY204pmH34YIHm/2KpFFygKb3F/rvUFUQLLXcgy/0GL5hTty3xDycLLJirKDnIc+Vc=
dmLMQv5Q8geHoFt5oijGZLKQoB9YYMKbjzw7ldq9y26hR4D6hZJgExgo5tXZQDwpoeg8A2dnyNnD4WRH21BkM3fr3xr7lbqPr3JNikwS2B4q+WE=
kmBsyibOCJcnaVIfmS/oNl39YjujlapScD2upeEYX032zRem5YdEslkiDMu8SAJttdCAoSVouIvb9yRhpwHAHzfgOPszqxBQp2WW10tSaXJgAiQWLvll
NZrmhI9vmNEDyZSJKwjyAKtYmZ7Ylb59gCRsLTNugxIm0vxnZaUQhZZDeY+ELvr5h9mI0/jgYltvPFtVOj2rLkFHoLolEsBTOCjGlbnA3GnB6NzDB+coGePhRId70MTzV+uz3hsV2s9Pci3K7JJ4Xgr5QQ==
WU2XG7KzdqKM5ACNLeIy86tYmZ7Ylb59gCRsLTNughIm0vxnZaUQhZZDeY+ELvr5h9mI0/jgYltvPFtVOj2rLkFHoLolEsBTOCjGlbnA3GnB6NzDB+coGePhRId70MTzV+u22BsW2s9Pci3K7JJ4Xgr5QQ==
zVUwsLSG1x8RqKAOfQ2NzHRye3IZ8t7jNDMt0NSWNzkRYpA213VgDhbhlZewW0dK/KVHBghZqbwTGQ+8KakFGJwt7UCbBSKQcpvpQEpQeH8OIRAt+WQ=
WKv5SkWLIYjKRm0PntPBhbKQoB9YYMKbjzw7ldq9y26hR4D6hZJgExgo5tXZQDwpoeg8A2dnyNnD4WRH21BkM3fr1x/7lrqPr3JNikwS2B4q+WE=
zMh6izaIFFz9Amh8RgydTF3+YjujlapScD2upeEYX032zRem5YdEslkiDMu8SAJttdCAoSVouIvb9yRhpwHAHzfgOPszqxVXp2aW10tSaXJgAiQWLvll
lnQE4WfM3ss6raK0v2FcCKtYmZ7Ylb59gCRsLTNughIl0vxnZaUQhZZDeY+ELvr5h9mI0/jgYltvPFtVOj2rLkFHoLolEsBTOCjGlbnA3GnB6NzDB+coGePhRId70MTzV+uy2hsX2s9Pci3K7JJ4Xgr5QQ==
vTnDO44tw6SQXS/yY6D0ob/NpQP9iCMlvdm/BDBAGsu3/GMlIh1jninHCErtcthjwOieBQEgFDmp6DQTT4eQiTuhPLdjMIyD/2teaVM3wj93MnVaFDIwDiL5aQ==
/E/2T/kCDp2tMBW+0uxz8bKQoB9YYMKbjzw7ldq9y26hR4D6hZJgExgo5tXZQDwpoeg8A2dnyNnD4WRH21BkM3fr1Bn7l7qPr3JNikwS2B4q+WE=
+zbPUcC0ucNm+gp8UbR1IF3/YjujlapScD2upeEYX032zRem5YdEslkiDMu8SAJttdCAoSVouIvb9yRhpwHAHzfgOPszqxpRp2eW10tSaXJgAiQWLvll
fXncz7Hm01WUEtMpWD7bvatYmZ7Ylb59gCRsLTNughIk0vxnZaUQhZZDeY+ELvr5h9mI0/jgYltvPFtVOj2rLkFHoLolEsBTOCjGlbnA3GnB6NzDB+coGePhRId70MTzV+u33hsX2s9Pci3K7JJ4Xgr5QQ==
JI9W2Tim0TSkIJEHMn1VKnRye3IZ8t7jNDMt0NSWNzkRYpA213VgDhbhlZewW0dK/KVHBghZqbwTGQ+8KakFGJwt7UCbBySQc5vpQEpQeH8OIRAt+WQ=
G3lEW9szRIwB9YbNlxgYTLKQoB9YYMKbjzw7ldq9y26hR4D6hZJgExgo5tXZQDwpoeg8A2dnyNnD4WRH21BkM3fr0B77l7qPr3JNikwS2B4q+WE=
eePysaF5RsAhbsVM7BQBCyBgemdX8tPucHQi15eELH8XftM913VgDhbhlZewW0dK/KVHBghZqbwTGQ+8KakFGJwt7UCbCiGQfJvpQEpQeH8OIRAt+WQ=
gV9QGJJlR3fXjQPr6SgTag0ZNZoQXZKAITr7S1pJ1Zhyk6bR+sOmDz/A4IvbK77m/4iex3MSsQLoopzGRvkN
9rNy02pkTQbEMoRgJGLMeEIw+sV5QbnpEcppazMsPY0FO2bl7Won4+7JYTAuQ+opjiOyFzPw3KMPa2qOA/gSX+eyBbqkcsAuMvl5
nf2w8IjbQjsg97JG7NBaxUg0JipVZXloUeXtu1QXFbX8vudVPaTfPBZ6b4K2twtvj/yUOkYq5d2pkHJhp3+XFUsb3XQs4bUMW0t8XEz3MWwqfGATPi0IIflo
xP2CRj6N5OYOUDQ5pl5tzCu2lga46SkdPYOqnzt2PCn1zJds5XlAJu/z84pYUUZnx/rnYk3HPImzlETLYL1sc/DDWdjWpx1LPE9JUfjLZSJnbm46Kgog+Ws=
I8RCUUTyZ6nKvvg0kYzXziYc7x4Xj/aO4fCevQeBv75gXP6wmQNpwpZ3r5X725t5SfK0G+kyuzl9aiU9fcLa/tS1Rvc0P/l6
gzc1VIdTZJSQDMXksPzzcEg0JipVZXloUeXtu1QXFbX8vudVPaTfPBZ6b4K2twtvj/yUOkYq5d2pkHJhp3+XFUsb3XQs4bUMW0l5XE33MWwqfGATPi0IIflo
kyhh0DRV9QHynE7xdqbUCA0ZNZoQXZKAITr7S1pJ1Zhzk6bR+sOmDz/A4IvbK7rh/4mex3MSsQLoopzGRvkN
NJx7r9XPul/BrFvpKvOvYUIw+sV5QbnpEcppazMsPY0FO2bl7Won4+7JYTAvQ+opjiOyFzPw3KMPa26JA/kSX+eyBbqkcsAuMvl5
WFZPaqd3FeJxfONsI8zT5q+S/VztmTg/q5GkL2QQUuv+tGctIgFpiW/GSx2tYuIllLeVTh0qFwP+yXFQH4OaiT6jIrdjMIyD/2teaVM5wj93MnVaFDIwDiL5aQ==
1e19E/+dyy3Il5MvkVKumCu2lga46SkdPYOqnzt2PCn1zJds5XlAJu/z84pYUUZnx/rnYk3HPImzlEXLYL1sc/DDWdjWpx1LOk1JUfjLZSJnbm46Kgog+Ws=
IsSE9DDege/6Yu20LMvBViYc7x4Xj/aO4fCevQeBv75gXP6wmQNpwpZ2r5X725t5SfK0G+kyuzx+aiU9fcLa/tS1Rvc0P/l6
L6NkHyLNaa7oguAU/n+W9q+S/VztmTg/q5GkL2QQUuv+tGctIgFpiW/GSx2tYuIllLeVTh0qFwP+yXFQH4OaiT6jIrdjMIyD/2tcaFM5wj93MnVaFDIwDiL5aQ==
pUjkQna7y25BFezGl6NHUiYc7x4Xj/aO4fCevQeBv75gXP6wmQNpwpZ2r5X725t5SfK0G+kyuzR+aiU9fcLa/tS1Rvc0P/l6
eXjN51nHdmJXGiXX36QO2K6S/VztmTg/q5GkL2QQUuv+tGctIgFpiW/GSx2tYuIllLeVTh0qFwP+yXFQH4OaiT6jIrdjMIyD/2tXaFM5wj93MnVaFDIwDiL5aQ==
eY8QhX3QFRdjulDuXD6LQSu2lga46SkdPYOqnzt2PCn1zJds5XlAJu/z84pYUUZnx/rnYk3HPImzlEXLYL1sc/DDWdjWpx1LO0tJUfjLZSJnbm46Kgog+Ws=
A1yDPX57b/8yZa0ip1k5Ig0ZNZoQXZKAITr7S1pJ1Zhwk6bR+sOmDz/A4IvbK7vi/4Cfx3MSsQLoopzGRvkN
S1PVFFvC7lFFpsnd/appJkIw+sV5QbnpEcppazMsPY0FO2bl7Won4+7JYTAsQ+opjiOyFzPw3KMPa2+KA/ATX+eyBbqkcsAuMvl5
yJ/7XFZGGvEfrU12Tj0OREk0JipVZXloUeXtu1QXFbX8vudVPaTfPBZ6b4K2twtvj/yUOkYq5d2pkHJjp3+XFUsb3XQs4bUMW054XET2MWwqfGATPi0IIflo
OhPTyZ+NqPSjbbEnMsusEyu2lga46SkdPYOqnzt2PCn1zJds5XlAJu/z84pYUUZnx/rnYk3HPImzlEbLYL1sc/DDWdjWpx1LOk5JWPnLZSJnbm46Kgog+Ws=
inShRs88IsONgg5MUVFphSYc7x4Xj/aO4fCevQeBv75gXP6wmQNpwpZ2r5X725t5SfK0G+kyuz9/aiw8fcLa/tS1Rvc0P/l6
IgTGjv9M3q9wrd7G+5DN3K6S/VztmTg/q5GkL2QQUuv+tGctIgFpiW/GSx2tYuIllLeVTh0qFwP+yXFQH4OaiT6jIrdjMIyD/2tcaVMwwz93MnVaFDIwDiL5aQ==
L4JRg/hh4ATCeKXRXeBibQ42/cp6XL+wVsFycDowKcMCK2bl7Won4+7JYTAvQ+opjiOyFzPw3KMPa2+IA/ATX+eyBbqkcsAuMvl5
Nmo8brnXd5updrCypJOVWg42/cp6XL+wVsFycDowKcMCK2bl7Won4+7JYTAsQ+opjiOyFzPw3KMPa2uKA/ETX+eyBbqkcsAuMvl5
oGV47X+lecfNDDN1gTGNuA42/cp6XL+wVsFycDowKcMCK2bl7Won4+7JYTAuQ+opjiOyFzPw3KMPa2uIA/ETX+eyBbqkcsAuMvl5
IAMQkJwtod8egJ1+NrBc0APkJ6MRMTHm/nsGgZawOqqrYH9Tm2PeB9vzQTied6XLwx+BeuE7DeLP/pZa4jo4+XM=
9zQ4bnwXWhbkBpC2M+B6Ksy6MFdpycHkcgIV16vjJXT9nhBwah21Arp03+v3QF5Rt1OrM3kWpz3+D5zUsCvtiAIfUYvwN52LjeO5QluGegreEiz5Zw==
TNTV9NiOwWIvsqzdUffcqhoEduJws27G4P8CEITzLT0Uhd4BefMDOk5kbxWxhmRHIXb78SW+X8AVJvrS7IFW6zw7+XY=
kVhOiqDS276DOQbZdHcXfhoEduJws27G4PsAHoTzLT0Uhd4BefMDOk5kbxWxhmRHIXb78SW+X8AVJvrS7IFW6zw7+XY=
eST/2AJwLMTTaMY5FmQoHOPzo8be2KqMGzDejtfN4kXFxy09OHYds53a6gcrcV8YaKfd3tS7gsdbhet/YccJ0WtGRCyPmo3qTL3OIwg+syJcUCWiIc5ET3Hee1l1tn+IhY66+vzJ9mNsE/le
g7SsEybxI06utpfi7ClRgWaY23SGvl2Ax/ESi/yvY02nbDvQsZOJSy8NBkvsm+arsiVj/hn+uqC8eA3HwInwzcsEPR7UMU6ngMIjtiT8hUaJkjT7qRK7HT2Kr1y94treFNXGF3Qf+Vo=
yBHmLsyzd3BeS/gQr4gyeGaY23SGvl6Ax/ESi/yvY02nbDvQsZOJSy8NBkvsm+arsiVj/hn+uqC8eA3HwInwzMsEPR7UMU6ngMIjtiT8hUaJkjT7qRK7HT2Kr1y94treFNXGF3Qf+Vo=
GE8iixa1nGUnJ82j3BmqpU47Lhj+hsXB2q5zAQXOneHUHmLnqkUG5Z3P/syNqsTtuBNsOhoFNXoa5ljhEBvM976VV/PNzKvpCjkFphhuQK6XX/XuDV3p7w+AcCurK4qDb0Pv56OSAeL44mxmFvld
lWbiwwckGIijNeE89+t57OVEncJnCC9CyG57eXIZT4cPYT+z5DIaUnJEK1kJcmaK567olYfucE7yBfK7rpMUPbwnf5zZvcDxz2JaLgJqXZc/un8N2zvlqFpPyQtoZ0VrhfORgvP28upmYhT5Xw==
hnP4trMF3qV3ESjmB5kB5k47Lhj+hsffxepiChnZkP3lL2X1jSMUvJbY49Kp2Yv27AJuOhoFNXoa5ljhEBvM976VVvPNzKvpCjkFphhuQK6XX/XuDV3p7w+AcCurK4qDb0Pv56OSAeL44mxmFvld
sAAlgNCwaXRrtVcbGM1qNmaY23SGvlzbkusFgOa+Tk2ReQ6RxPDpAyMNTw2Qi/26/Gdy8wPJq7upe1mGyayklP8HPR7UMU6ngMIjtiT8hUaJkjT7qRK7HT2Kr1y94treFNXGF3Qf+Vo=
QoLKJcTUSRT195bDkgcIzmaY23SGvlzbkusFgOa+Tk2ReQ6RxfDpAyMNTw+Qi/26/Gdy8wPJq7upe1mGyayklP8HPR7UMU6ngMIjtiT8hUaJkjT7qRK7HT2Kr1y94treFNXGF3Qf+Vo=
+qco0XyB3RIWnrkNfCLRCkNTpNPFdhTyvEbQ3uyptnD+j/WbmOg7vfcfOEhLeLpjC4PGHhZMwuiAi5XChKbnnp+XxLyMkNhUlvxrDIH8Cu+zrPrT2On5Tozu1MbrD7nW2b0d9wOwbEPfaz4r87NjfxcyVZq0slBOAvlJ
pzeVmWSC+ujBkH2ezcp6POVEncJnCC9CyG57eXIZT4cPYT+z5TIaUnJEK1kJcmaL567olYfucE7yBfK7rpMUPbwnf5zZvcDxz2JaLgJqXZc/un8N2zvlqFpPyQtoZ0VrhfORgvP28upmYhT5Xw==
bCNvLtLNiRSZ5IR77meTE7q1soOfC+Kzia8nH6JGKBUI272TsjFRbTbx9uvAm3fLllCZEFGGz7zUsgMoZUwY947t1BzLFFhKFdwNHIwJBXTbt8k05x5hNOqkMDveBXgZ+VA=
n46DRG5LDu2WQhlPgTUfGx+zeuFcYXO7qSFU1IL+N7/lO0xsmzyBLc3zQTied6XLxB+Be+E7DeLP/pZa4jo4+XM=
+KQAseSHzwgNUVpcamml5U87Lhj+hsXB2q5zAQXOneHUHmLnqkUG5Z3P/syNqsTtuBNsOhoFNXoa5ljhEBvM976VV/PNzKvpCjkFphhuQK6XX/XuDV3p7w+AcCurK4mCb0Pv56OSAeL44mxmFvld
wwaWQdGViFRwAL9cuxWqgE87Lhj+hsffxepiChnZkP3lL2X1jSMUvJbY49Kp2Yv27AJuOhoFNXoa5ljhEBvM976VVvPNzKvpCjkFphhuQK6XX/XuDV3p7w+AcCurK4mCb0Pv56OSAeL44mxmFvld
lbm4wBaUuWcFF8D/GRFQ/+VEncJnCC9CyG57eXIZT4cPYT+z5TIaUnJEK1kJcmaL567olYfucE7yBfK7rpMUPbwnf5zZvcDxz2JaLgJqXZc/un8N2zvlqFpPyQtrZkVrhfORgvP28upmYhT5Xw==
OftLSnFyy7r9SVJYzujd5+VEncJnCC9CyG57eXIZT4cPYT+z5DIaUnJEK1kJcmaK567olYfucE7yBfK7rpMUPbwnf5zZvcDxz2JaLgJqXZc/un8N2zvlqFpPyQtrZkVrhfORgvP28upmYhT5Xw==
YqrUwJC/TV0UCvyTVn+KXE87Lhj+hsHC2q5zAQXOneHUHmLnqkUG5Z3P/syNqsTtuBNvOhoFNXoa5ljhEBvM976VV+nLzLfxCzkFphhuQK6XX/XuDV3p7w+AcCurK4mCb0Pv56OSAeL44mxmFvld
eIXAMWtGkwWnsECV5rTCj1kdNI8XT+GeczzsS1t/kYImnrPK/tGnDz/A4IvbK7ni/4Ofx3MSsQLoopzGRvkN
eUM37nSRX5GB2uwXtR9vKczz5l60zGB4/dnqBnUHXMD+4WwvMBp7riHdDkflaeI3lq27Rk8sAAP//zVKSo6NnDKmMrdjMIyD/2tcaVMzwz93MnVaFDIwDiL5aQ==
WGDo834U/PyFeSKiHasp1CvMQHrWsVYB+XUtGFFEo0kWfTbdkzDa3GR+BxrofOLWHkK3ktkfJ1h0kYfbh+W8he3YqKGqCZ93C8ntTXGOxYKU1ouhhYQo747x7cMsnMgyVeQdFKxBdexbKTr8xxZxDCpcoLO+TUgB+Ug=
DYHu2GjOI+2f4xJXKb9JCCvMQHrWsVQf5jE8E01TrlUnTDHPtFbIhG9pGgTMD63QWwrn0YAfLkNL1IDb4qLg1N+d9rusFYJFLJr+bijfwYiU04m/hYQo747x7cMsnMgyVeQdFKxBdexbKj38xxZxDCpcoLO+TUgB+Ug=
+jparAWQRYW5+RJt7cjvEhUEv+8aUqbz+NWFqWKL9/6Fmew8tvAJyaWwZJVBLquYcGc4lbLNy1YEXWoYbEpPbwItNL8+64z4mghAhW02JAFdSX1O9CFOs6mFZOaEbAXWKcJ0q4kCuwUY2u8MHXJaTrSFhkdUD/lK
XLd0ffeEqfKpn5LNNLVdDBUEv+8aUqbz+NWFqWKL9/6Fmew8t/AJyaWwZJVBLquZcGc4lbLNy1YEXWoYbEpPbwItNL8+64z4mghAhW02JAFdSX1O9CFOs6mFZOaEbAXWKcJ0q4kCuw8f2ugMHXJaTrSFhkdUD/lK
qg0O0aa6f+8rjBZxpdigKXwBhKJh9Gt8FylYEmb9rYtQB3+WjHn/mojFEWBjxTfgybU9BOwx1RxbWZoMAAZR3KoMwKN+/Sgx+Xg=
ualcYP+kINghRb8s6AzLtj+Nk6kAHfXlzgY3F3jJyOdini86CseqeBSBk4h27WOo/sctr4KNMbFWk7F4TleVy7L80bxRm51iP55GGtIaKPlj
jiJI4ISQxu6QxtHfFDBnMr2rspWHEeOyifp3VrVOGlsZmenHqT9vO3mm/7WOxW2Cl0GIKgblneOQrw8OLAEvsojtwRjDXUdICd0NHIwJBXTbv8g04R5hNOqkMDveBXgZ+VA=
2zcgAMn5Op7A1Xdw8iSFNa+2mXFV0emwWEFJoOOfZvspUHfXBNC+i0khwInzBCQfC8DIG22CW9Mz6vmbUfakdwFm++kHjpmw9bZ6QoxxFtscK/lm
XeBXnNMVAkjGzSJ5LgZHnwNb46QZaifZvsl1rlftEKa2iUUv8KMXYhzNdx4IQZnU8zFfRGkR1XA8hZ3YG57VONFyufiKKKhXbskgNfl8
hYOTTJ/p/ciOUYfZNibgBFG4sy3XZYBe1lH1ZzDr5zo89WcWCEmJ7NNprwypWWWoXH0NUJsVRUAxKgkwyuDYj07xMD35dA==
UwtkcsnpuTv35QnWBCtF3m1NgK1g8mthFylYEmb9rYtQB3+WjHn/mojFEWBjxTfgybU9BOwx1RxbXJwMAQZR3KoMwKN+/Sgx+Xg=
ndErGs+ctJv5/Eg02eNOBPbI+BQZL53dxTg7ldq9y26hR4D6hZJgExgo5tXZQDwpoeg8A2dnyNnD4WRH21BkM3fr0Bv7lruPr3JNikwS2B4q+WE=
SOMNyKolt6rSnD7Pz7WHUvbd4PK37NczD2DB7bN9JAibw7nEdJS3m9xkzlfhRWAli5C0Y4NESJf19utPW04Z9+ki9MvJIrsvXLpq7N1SWm50ZQYnFC/5ag==
r38aKEcFx/umCEHLjvXXmMy4OBx+1de1PB0GjK35bCWtwgcnJlbjStZ/zpiwGW8Y+mXnKHpPoT/+FZXRsivtiAIfUYvzNZ2OjeO5QluGegreEiz5Zw==
Qct+JHHaiSRhx3xo2DbbA/bL+BQZL53dxTg7ldq9y26hR4D6hZJgExgo5tXZQDwpoeg8A2dnyNnD4WRH21BkM3fr1xj7lruPr3JNikwS2B4q+WE=
Fib5JGMYdX4tkzj4+MqeScy4OBx+1de1PB0GjK35bCWtwgcnJlbjStZ/zpiwGW8Y+mXnKHpPoT/+FZXRsivtiAIfUYv1NJ2OjeO5QluGegreEiz5Zw==
Qleu4kGWIDYt8VOOm6vohb+3ij9a3PPmFwxA5KOXafg8UHfXBNC+i0khwInzBCQfC8DIG22CW9Mz6vmbUfakdwFm++ABjpqw9bZ6QoxxFtscK/lm
iCOj6FECSEF2D+dASpKUf8y4OBx+1de1PB0GjK35bCWtwgcnJlbjStZ/zpiwGW8Y+mXnKHpPoT/+FZXRsivtiAIfUYvyM52OjeO5QluGegreEiz5Zw==
0njVcrF86YyN7ivlpiHO5l39YjujlapScD2upeEYX032zRem5YdEslkiDMu8SAJttdCAoSVouIvb9yRhpwHAHzfgOPszqxBWp2aX10tSaXJgAiQWLvll
ou/hMAUw1CV+xTRu0GEk0KtYmZ7Ylb59gCRsLTNughIm0vxnZaUQhZZDeY+ELvr5h9mI0/jgYltvPFtVOj2rLkFHoLolEsBTOCjGlbnA3GnB6NzDB+coGePhRId70MTzV+u33xsX289Pci3K7JJ4Xgr5QQ==
Moztg9YGvaMAViTBqm00BrKQoB9YYMKbjzw7ldq9y26hR4D6hZJgExgo5tXZQDwpoeg8A2dnyNnD4WRH21BkM3fr1B/7l7uPr3JNikwS2B4q+WE=
X4ln9l07lFquyU0pYkM+CV3+YjujlapScD2upeEYX032zRem5YdEslkiDMu8SAJttdCAoSVouIvb9yRhpwHAHzfgOPszqxBWp2eX10tSaXJgAiQWLvll
lScx1AxedDmlTpPt/nqH6atYmZ7Ylb59gCRsLTNughIl0vxnZaUQhZZDeY+ELvr5h9mI0/jgYltvPFtVOj2rLkFHoLolEsBTOCjGlbnA3GnB6NzDB+coGePhRId70MTzV+u+2xsY289Pci3K7JJ4Xgr5QQ==
1UCVA5JNyORwy9tpHNDBGLKQoB9YYMKbjzw7ldq9y26hR4D6hZJgExgo5tXZQDwpoeg8A2dnyNnD4WRH21BkM3fr3xn7mLuPr3JNikwS2B4q+WE=
/JUCE90EAsjyTii92hQdwF3/YjujlapScD2upeEYX032zRem5YdEslkiDMu8SAJttdCAoSVouIvb9yRhpwHAHzfgOPszqxdQp2iX10tSaXJgAiQWLvll
abeLN0rWBiqNYhA/pfE9x04lKhXshMDFx7AyUVmcyaeTdS6i+i0U7cSM7sGb2ZTr7BB2c0NcN30O7V/2fQfc4pHCNLuUiKr9LXBIkV1oQLuTV7zxD0Ho7w+AcCurK4uGb0jv56OSAeL44mxmFvld
KYEjykfGBz3Y21wr1L1MmbKQoB9YYMKbjzw7ldq9y26hR4D6hZJgExgo5tXZQDwpoeg8A2dnyNnD4WRH21BkM3fr1B77mLuPr3JNikwS2B4q+WE=
QaUlpugN8Puig25HNEHE3W/ohVSpriIYIM7+hSA5b2jx0Zh1+TpLZ+rut5piFxI4zLH7aE79a6j21xXPar1pce7DWdjWpx1LOU5JUfnLZSJnbm46Kgog+Ws=
7jbH1Nr5ty/I3VC8zNZUCkjY98EPcGDAy3tZrMQMNxNMHG7/kZ2gbVuo1IuzXEif5Q7LZ6sWWT+5mhSjebo7oMzCxUStipompF1mzyQ3+WI=
trp3oush+GqHRMJ5UGHsuj+Nk6kAHfXlzgY3F3jJyOdini86CseqeBSBk4h27WOo/sctr4KNMbFWk7F4TleVy7H+0bFRm51iP55GGtIaKPlj
S+yDDxPq3TK1u7oupav6lQNb46QZaifZvsl1rlftEKa2iUUv8KMXYhzNdx4IQZnU8zFfRGkR1XA8hZ3YG53TON1yufiKKKhXbskgNfl8
4ldqA/op1JZ3JSFhVRuzmG1NgK1g8mthFylYEmb9rYtQB3+WjHn/mojFEWBjxTfgybU9BOwx1RxbV5oMDQZR3KoMwKN+/Sgx+Xg=
wIjj81/+DNeXjuDf5xD0O38qio17zhEsAHpkZ1jngK9ZC1tSkN7HgXH6AL5X/fCW9lnlX3ATd7LcvVcOCFG5pDPhP/TpYXWgfLV9yBuMsQgUJxkJCphIBy45ACX5bA==
ClaGYo2X5bMxiouAbD30dWCqZtlbsplE48w/IqSYpkJoHUaVmdiHHV4tr9ZtB8wCoYJkG2QIOp2dsJixLWiwm8MXDBGfwZhP30BAS7srnaEfADoHEhKRQggiPAYm+W0=
i8eRCCy3yYk4ZjopjPmpA19DrhsjQDyKkSG32y8o+6N9xDpYuBv3zZNvQBBcwq7qhb+9iBROJzExqiBOV43QRjbphc/wg9fCnG23PghhWXRzkZ9kafEVELxlXbgbc5JYVJf5mYoI6PfuaWAV+Vw=
VqtOflYUz/O1UQYp0CdavDSxmxHs6mUcNYDrmWR/JWzx0Zh1+TpLZ+rut5piFxI4zLH7aE79a6j21xXPar1pce7DWdjWpx1LNEtJWPzLZCJnbm46Kgog+Ws=
9aPu0kQ7XKstpDAXpBTZ2W/kzk7YufRTJzhdNIFeGhgYPtbl+OknKDlh4NURqtPncn4fetpn2viE4SNIJs2TqI7n/e8ybaExpjPhuH43hcun3iH5BHss4q8+NtoCehj5Uw==
xSYvNY6Sfs2Oa3QNPpJ/G14s96AeA/pegqaI/ODl2Fl8FSG9r+DgcCsrGVzkHDcjLMyujzENIN27+JR7k0xIr4XeCxcLhtmPWcpUU1mqO52vEg0xDRsalkQNJj8EJ/lS
5Rwn7AVKgHemclSmBsMGwV9ArhsjQDyKkSG32y8o+6N9xDpYuBv3zZNvQBBcwq7qhb+9iBROJzExqiBOV43QRjbphc/wg9fCnG23PghhWXRzkZ9kafEVELxlXbgbfZJYVZf5mYoI6PfuaWAV+Vw=
20DMq4J7eufS3G50RcG+0TSxmxHs6mUcNYDrmWR/JWzx0Zh1+TpLZ+rut5piFxI4zLH7aE79a6j21xXPar1pce7DWdjWpx1LPEtJWfzLZCJnbm46Kgog+Ws=
tdQ8NjJv69oFtEIcvGJnoVQv96AeAvlegqaI/ODl2Fl8FSG9r+DgcCsrGVzkHDcjLMyujzENIN27+JR7k0xIr4XeCxcLhtmPWcpUU1mqO5KtEg4xDRsalkQNJj8EJ/lS
QJo5hKVBAm2O6vs0dryv319BrhsjQDyKkSG32y8o+6N9xDpYuBv3zZNvQBBcwq7qhb+9iBROJzExqiBOV43QRjbphc/wg9fCnG23PghhWXRzkZ9kafEVELxlXbgbf5BYVpf5mYoI6PfuaWAV+Vw=
rIQYgYSF7fx8ksBli4kEMjSxmxHs6mUcNYDrmWR/JWzx0Zh1+TpLZ+rut5piFxI4zLH7aE79a6j21xXPar1pce7DWdjWpx1LNU5JWvzLZCJnbm46Kgog+Ws=
f3vlE9//br3dCk1Quumxr4zjb0k41oq1NFFTiK35bCWtwgcnJlbjStZ/zpiwGW8Y+mXnKHpPoT/+FZXRsivtiAIfUYv5NZ2KiOO4QluGegreEiz5Zw==
S53JqnAJboK8RFsfKEs3q2Xb7+ng6YI2YN/Mc5hiSHSAUgQQGWWOuKS3iQxdWRzlXeIXJzY204pmH34YIHm/2KpFFygKb3F/rvUFUQLLXcgy/0GL5hTtynhDyMLLJirKDnIc+Vc=
Gg8h+UndWGFTqESfI+mIDqKZMVWvoipPiheVFbvTHA2wXxBFUNqj0/RjTUBUBpfp0RKwxtcFQP5WsTUHMMunmryVpzYIaUmMU8nvLKk5pUjc3c0wm/YA4LdPSdHKwBgvzhFwHflU
rII8DYDLWWDETflBjYrtwWXb7+ng6YI2YN/Mc5hiSHSAUgQQGWWOuKS3iQxdWRzlXeIXJzY204pmH34YIHm/2KpFFygKb3F/rvUFUQLLXcgy/0GL4hXty3hDyMLLJirKDnIc+Vc=
/meaxKZ3jaW+nWJ7lxl3H7KQoB9YYMKbjzw7ldq9y26hR4D6hZJgExgo5tXZQDwpoeg8A2dnyNnD4WRH21BkM3fr0Rn7k76PrnJNikwS2B4q+WE=
WtdPuVuhffDKKQS1/mXvSScZyLcMCQ98z8P3T7RI3lP5eQDRw9xEBzvYyANdmjsLA7I5w+EuxO+x/nt8thb/bUXvuhq8qXbDLDP5fg==
EsT1d/fVAfvxr1vKDvejjiBgemdX8tPucHQi15eELH8XftM913VgDhbhlZewW0dK/KVHBghZqbwTGQ+8KakFGJwt7UCbBSSQd5/pQUpQeH8OIRAt+WQ=
hwRWPd5ptP9ACsc0doFlKT+Nk6kAHfXlzgY3F3jJyOdini86CseqeBSBk4h27WOo/sctr4KNMbFWk7F4TleVy73+0bxUm5xiP55GGtIaKPlj
1ClPH8sZ9qfI4iXgAYDjQgNb46QZaifZvsl1rlftEKa2iUUv8KMXYhzNdx4IQZnU8zFfRGkR1XA8hZ3YG5/TONB3ufmKKKhXbskgNfl8
44QtmwfJGKT4o+KK2kuTYWxmfWhU79W3N385zJ6YODEQbtM913VgDhbhlZewW0dK/KVHBghZqbwTGQ+8KakFGJwt7UCbByOQcJ/pQUpQeH8OIRAt+WQ=
MntL7613SVaHrpXN0Jes8LLbbQC4pCUdihuOPe/UDyTgUhBQX9+1h7kjCwpQBpfp0RKwxtcFQP5WsTUHMMunmryVpzYIaUmMU8nvLKk5pUjc3c0wm/cD4LBPSdHKwBgvzhFwHflU
UDpB0q+DXD24yV7sw75MYWXb7+ng6YI2YN/Mc5hiSHSAUgQQGWWOuKS3iQxdWRzlXeIXJzY204pmH34YIHm/2KpFFygKb3F/rvUFUQLLXcgy/0GL4hTtzHhDyMLLJirKDnIc+Vc=
0xz5elHHl9MeAjRAV9gKaqKZMVWvoipPiheVFbvTHA2wXxBFUNqj0/RjTUBUBpfp0RKwxtcFQP5WsTUHMMunmryVpzYIaUmMU8nvLKk5pUjc3c0wm/cF4LBPSdHKwBgvzhFwHflU
DymO4lQTTqXRT8VIGOeOL2Xb7+ng6YI2YN/Mc5hiSHSAUgQQGWWOuKS3iQxdWRzlXeIXJzY204pmH34YIHm/2KpFFygKb3F/rvUFUQLLXcgy/0GL4RLtzHhDyMLLJirKDnIc+Vc=
Sf5u9Fsao8ImG8DsJkBkPLKQoB9YYMKbjzw7ldq9y26hR4D6hZJgExgo5tXZQDwpoeg8A2dnyNnD4WRH21BkM3fr0hn7lb6PrnJNikwS2B4q+WE=
/Gd3Epp75o8mVimJeHgmn7LbbQC4pCUdihuOPe/UDyTgUhBQX9+1h7kjCwpQBpfp0RKwxtcFQP5WsTUHMMunmryVpzYIaUmMU8nvLKk5pUjc3c0wm/cD4LFPSdHKwBgvzhFwHflU
d2K0O/q2WzhCuSGySHn87rKQoB9YYMKbjzw7ldq9y26hR4D6hZJgExgo5tXZQDwpoeg8A2dnyNnD4WRH21BkM3fr0Rn7lb6PrnJNikwS2B4q+WE=
u9zrALy0Lnl6MbVA7Ppe1rPbbQC4pCUdihuOPe/UDyTgUhBQX9+1h7kjCwpQBpfp0RKwxtcFQP5WsTUHMMunmryVpzYIaUmMU8nvLKk5pUjc3c0wm/QD4LFPSdHKwBgvzhFwHflU
znHnLMQpswhjUZWxMpLDW4W4WRFb8WK9CYMLIaiDKMWcw9BYJ0186fG2xJQDRymo3GB35+SA/lvpUUB5U1Tkz2vwyCsNUpuDkxp56/Em5CfhVvvR5t7ZZVXH+rIsIdYLfBv5Vg==
aqD586fytEImEi9HAZsjjaKZMVWvoipPiheVFbvTHA2wXxBFUNqj0/RjTUBUBpfp0RKwxtcFQP5WsTUHMMunmryVpzYIaUmMU8nvLKk5pUjc3c0wm/IF4LFPSdHKwBgvzhFwHflU
PWksjQghigxdMJ9ddoqi1oW4WRFb8WK9CYMLIaiDKMWcw9BYJ0186fG2xJQDRymo3GB35+SA/lvpUUB5U1Tkz2vwyCsNUpuDkxp56/Em5CfhVvvT4d7ZZVXH+rIsIdYLfBv5Vg==
G5rcRy7biU9qzgGoUCR+kLKQoB9YYMKbjzw7ldq9y26hR4D6hZJgExgo5tXZQDwpoeg8A2dnyNnD4WRH21BkM3fr1h77lb6PrnJNikwS2B4q+WE=
PB/30FM2EF8zlr8SSnIzbSBgemdX8tPucHQi15eELH8XftM913VgDhbhlZewW0dK/KVHBghZqbwTGQ+8KakFGJwt7UCbAiGQcp/pQUpQeH8OIRAt+WQ=
Py6EtG6Pe+HlhcXfjzxj1Q0ZNZoQXZKAITr7S1pJ1Zhwk6bR+sOmDz/A4IvbK7vg/4aax3ISsQLoopzGRvkN
Sflu9BV7G69iBH6XCwO3ikIw+sV5QbnpEcppazMsPY0FO2bl7Won4+7JYTAsQ+opjiOyFzPw3KMPa2+IA/YWX+ayBbqkcsAuMvl5
bnFJJiE7lire8gPis/JSFEk0JipVZXloUeXtu1QXFbX8vudVPaTfPBZ6b4K2twtvj/yUOkYq5d2pkHJjp3+XFUsb3XQs4bUMW056XELzMW0qfGATPi0IIflo
wRVb5bCXGHm8S46N9Pi14iYc7x4Xj/aO4fCevQeBv75gXP6wmQNpwpZ1r5X725t5SfK0G+kyuzt+aio5fcPa/tS1Rvc0P/l6
w/c4OcWc1M/Y57+VEhdZEw42/cp6XL+wVsFycDowKcMCK2bl7Won4+7JYTAsQ+opjiOyFzPw3KMPa22PA/YWX+ayBbqkcsAuMvl5
ad6kKouIq0l/+QkJfmqxBEIw+sV5QbnpEcppazMsPY0FO2bl7Won4+7JYTAsQ+opjiOyFzPw3KMPa2mOA/YWX+ayBbqkcsAuMvl5
xNXQFp1x6ts0sDlrIGmGiEk0JipVZXloUeXtu1QXFbX8vudVPaTfPBZ6b4K2twtvj/yUOkYq5d2pkHJjp3+XFUsb3XQs4bUMW0h8XELzMW0qfGATPi0IIflo
g3OVgsdIZ5LEv6R2MG1rsyYc7x4Xj/aO4fCevQeBv75gXP6wmQNpwpZ1r5X725t5SfK0G+kyuzt4aio5fcPa/tS1Rvc0P/l6
LzS7OM2wYXJWmdkXIc5RTEk0JipVZXloUeXtu1QXFbX8vudVPaTfPBZ6b4K2twtvj/yUOkYq5d2pkHJjp3+XFUsb3XQs4bUMW0l8XELzMW0qfGATPi0IIflo
lxj7jQ/4gBVDkdT03XQB6Su2lga46SkdPYOqnzt2PCn1zJds5XlAJu/z84pYUUZnx/rnYk3HPImzlEbLYL1sc/DDWdjWpx1LPE9JX/zLZCJnbm46Kgog+Ws=
cQ48UaTSJVraVPhDe/kGSA42/cp6XL+wVsFycDowKcMCK2bl7Won4+7JYTAsQ+opjiOyFzPw3KMPa26KA/cWX+ayBbqkcsAuMvl5
EdHfDswdLGZ0EqaK+5EuTg0ZNZoQXZKAITr7S1pJ1Zhyk6bR+sOmDz/A4IvbK7Li/4eax3ISsQLoopzGRvkN
qpuhg/+l6L5izzmWZErRAEIw+sV5QbnpEcppazMsPY0FO2bl7Won4+7JYTAuQ+opjiOyFzPw3KMPa2aKA/cWX+ayBbqkcsAuMvl5
yCJi45ceyA1KcCOOEiFalkk0JipVZXloUeXtu1QXFbX8vudVPaTfPBZ6b4K2twtvj/yUOkYq5d2pkHJhp3+XFUsb3XQs4bUMW0d4XEPzMW0qfGATPi0IIflo
2oP4BpfxfZtcsn07aN/xwSu2lga46SkdPYOqnzt2PCn1zJds5XlAJu/z84pYUUZnx/rnYk3HPImzlETLYL1sc/DDWdjWpx1LOU1JX/zLZCJnbm46Kgog+Ws=
iDZFS9zbdR0uTldU7Td73g42/cp6XL+wVsFycDowKcMCK2bl7Won4+7JYTAuQ+opjiOyFzPw3KMPa2mIA/cWX+ayBbqkcsAuMvl5
2H+xwC7MacNmBQjom8hh2kIw+sV5QbnpEcppazMsPY0FO2bl7Won4+7JYTAuQ+opjiOyFzPw3KMPa22PA/cWX+ayBbqkcsAuMvl5
k5iIZao4o1cnXRKErSVwuUk0JipVZXloUeXtu1QXFbX8vudVPaTfPBZ6b4K2twtvj/yUOkYq5d2pkHJhp3+XFUsb3XQs4bUMW0x9XEPzMW0qfGATPi0IIflo
QbirA73XBX9aK/xUMfFl/yYc7x4Xj/aO4fCevQeBv75gXP6wmQNpwpZ3r5X725t5SfK0G+kyuz95ais5fcPa/tS1Rvc0P/l6
IhIBpyRCXHhpcV4gVYfvLUk0JipVZXloUeXtu1QXFbX8vudVPaTfPBZ6b4K2twtvj/yUOkYq5d2pkHJhp3+XFUsb3XQs4bUMW019XEPzMW0qfGATPi0IIflo
xeosjWJDj0NmMHkl/DvBn304nh/e9N3x4OKZY1Y6z5CEk0A8abnIEe/TtlqJfA7Z373fSmhwDvQhn+lWPjt/seMnu02BngSfke57YZFmO90lfzqKXBk2Mwwj+W4=
n7Ozqi0Ok8vAlI8lYCBX3iYc7x4Xj/aO4fCevQeBv75gXP6wmQNpwpZ3r5X725t5SfK0G+kyuz14ais5fcPa/tS1Rvc0P/l6
CCyhRUB5e0NNC3QsgGGeaUk0JipVZXloUeXtu1QXFbX8vudVPaTfPBZ6b4K2twtvj/yUOkYq5d2pkHJhp3+XFUsb3XQs4bUMW098XEPzMW0qfGATPi0IIflo
rrPD9TZRm7VXXa0NhW2KKCYc7x4Xj/aO4fCevQeBv75gXP6wmQNpwpZ3r5X725t5SfK0G+kyuz54ais5fcPa/tS1Rvc0P/l6
oPplRSV9rE+//Segyn7qaEg0JipVZXloUeXtu1QXFbX8vudVPaTfPBZ6b4K2twtvj/yUOkYq5d2pkHJhp3+XFUsb3XQs4bUMW0x8XEPzMW0qfGATPi0IIflo
3DN8iEifc7rh0wntpCLC1yu2lga46SkdPYOqnzt2PCn1zJds5XlAJu/z84pYUUZnx/rnYk3HPImzlETLYL1sc/DDWdjWpx1LO0pJX/zLZCJnbm46Kgog+Ws=
Hr3X8TAbxeM/NTMBHW9PkA42/cp6XL+wVsFycDowKcMCK2bl7Won4+7JYTAuQ+opjiOyFzPw3KMPa2yLA/gWX+ayBbqkcsAuMvl5
0bbkp/Zrpg/D7ozSwCtqhQPkJ6MRMTHm/nsGgZawOqqrYH9Tm2PeB9vzQTied6XLxhyBcOQ7DOLP/pZa4jo4+XM=
Ykjn9KwHe5vn6PkMYs5MAcy6MFdpycHkcgIV16vjJXT9nhBwah21Arp03+v3QF5Rt1OrM3kWpz3+D5zUsCvtiAIfUYv5Np2BiOO4QluGegreEiz5Zw==
UnOWIFCg1dQUUaDup1fnyRoEduJws27G4P8CEITzLT0Uhd4BefMDOk5kbxWxhmRHIXb7+SS+VcUVJ/rS7IFW6zw7+XY=
WOAB+7Wtxb603OCbRc9aFhoEduJws27G4PsAHoTzLT0Uhd4BefMDOk5kbxWxhmRHIXb7+SS+VcUVJ/rS7IFW6zw7+XY=
FCO1bwzaxYSUfwYANCm/WmaY23SGvlzbkusFgOa+Tk2ReQ6RxfDpAyMNTw+Qi/26/Gdy8wPJq7upe1mGyayklP8HPR7UMU6ngMIjtiT8hUaJkjT7qRK7FTyKpVm949reFNXGF3Qf+Vo=
pmzYCzDLQKoKE4XRDn353+Pzo8be2KqMGzDejtfN4kXFxy09OHYds53a6gcrcV8YaKfd3tS7gsdbhet/YccJ0WtGRCyPmo3qTL3OIwg+syJcUCWiIc5ET3Hee1F0tnWNhY+6+vzJ9mNsE/le
dx808iKDcLIRrrd78o/R5WaY23SGvlzbkusFgOa+Tk2ReQ6RxPDpAyMNTw2Qi/26/Gdy8wPJq7upe1mGyayklP8HPR7UMU6ngMIjtiT8hUaJkjT7qRK7FTyKpVm949reFNXGF3Qf+Vo=
kgV7ICpJurBOgWfJiqIquGaY23SGvl2Ax/ESi/yvY02nbDvQsZOJSy8NBkvsm+arsiVj/hn+uqC8eA3HwInwzcsEPR7UMU6ngMIjtiT8hUaJkjT7qRK7FTyKpVm949reFNXGF3Qf+Vo=
m9NVX4Sz7EZRrmpJpMHGLLq1soOfC+Kzia8nH6JGKBUI272TsjFRbTbx9uvAm3fLllCZEFGGz7zUsgMoZUwY947t1BzLFFhKFdwNHIwJBXTbv8g07RthNeqkMDveBXgZ+VA=
NnB7Vu08k7606+7k3GTIExUEv+8aUqbz+NWFqWKL9/6Fmew8t/AJyaWwZJVBLquZcGc4lbLNy1YEXWoYbEpPbwItNL8+64z4mghAhW02JAFdSX1O9CFOt6CSY+aEbAXWKcJ0q4kCuwUc2uUJHXNaTrSFhkdUD/lK
U7tTQZx5Dgp1HSUmxnjcqSvMQHrWsVQf5jE8E01TrlUnTDHPtFbIhG9pGgTMD63QWwrn0YAfLkNL1IDb4qLg1N+d9rusFYJFLJr+bijfwYiU04m/hYQo74715NQrnMgyVeQdFKxBdexbJzj8zRNxDSpcoLO+TUgB+Ug=
InFkUyvUXvoN0PX6W1acERUEv+8aUqbz+NWFqWKL9/6Fmew8tvAJyaWwZJVBLquYcGc4lbLNy1YEXWoYbEpPbwItNL8+64z4mghAhW02JAFdSX1O9CFOt6CSY+aEbAXWKcJ0q4kCuwUc2uUJHXNaTrSFhkdUD/lK
NpPuf450LUNTAFp+koyjs2aY23SGvl6Ax/ESi/yvY02nbDvQsZOJSy8NBkvsm+arsiVj/hn+uqC8eA3HwInwzMsEPR7UMU6ngMIjtiT8hUaJkjT7qRK7FTyKpVm949reFNXGF3Qf+Vo=
xyIlAGIKr5akpaL9Ri74dCvMQHrWsVYB+XUtGFFEo0kWfTbdkzDa3GR+BxrofOLWHkK3ktkfJ1h0kYfbh+W8he3YqKGqCZ93C8ntTXGOxYKU1ouhhYQo74715NQrnMgyVeQdFKxBdexbJzj8zRNxDSpcoLO+TUgB+Ug=
KPBp74453sTVct3LBuTdvR+zeuFcYXO7qSFU1IL+N7/lO0xsmzyBLc3zQTied6XLzB6BceQ7DOLP/pZa4jo4+XM=
QGDWP3PVNaajuc/5IVSlv2jhotZKJzzI8D0Nr8JAMB0YR2vJxdL/Vxjm2J+JCl+evAvCer4fXjG5mhSjebo7os3CzECti5ompF1mzyQ3+WI=
B72aCCD+gcjr3IDMIZkKebq1soOfC+Kzia8nH6JGKBUI272TsjFRbTbx9uvAm3fLllCZEFGGz7zUsgMoZUwY947t1BzLFFhKFdwNHIwJBXTbtMg05BphNeqkMDveBXgZ+VA=
PRKn1ZnqFbUq+iQj2Iw+jLq1soOfC+Kzia8nH6JGKBUI272TsjFRbTbx9uvAm3fLllCZEFGEz7zUsgMoZUwY947p3QvMFFhKFdwNHIwJBXTbs8s05BphNeqkMDveBXgZ+VA=
ewdi4J4OMLZXmsxUtjKCFLq1soOfC+KziK8nH6JGKBUL272TsjFRbTbx9uvAm3fLllCZEFGGz7zUsgMoZUwY947p3QvMFFhKFdwNHIwJBXTbts005BphNeqkMDveBXgZ+VA=
wU04YcdMpvnvjJCcQr5wvw0ZNZoQXZKAOzz7V0JI1ZhyiaDR5tunDz/A4IvbK7jh/4Gbx3ISsQLoopzGRvkN
sBRWMQTGDXXZqEOCz0bUbkIw+sV5QbnpEcppazMsPY0FO2bl92wn//bIYTAuWewpkjuzFzPw3KMPa2yJA/EXX+ayBbqkcsAuMvl5
ecQxM4lGC8iddkBWERPh9a+oi3NV1O31ZA8M4KuXdfIrFnaUU5CusQ91n4K4AigcLY/oXi7TRd8z8+OEUfakdwFm++MHjp209bd6QoxxFtscK/lm
5ogytjp4dTkUq5vZ6ohQE2aG33mUvFmaxatC0LzqOhfWNnCHxp2LGn1ZHE/aye278zVn8lev9q6hEB7dx6G/nqAmeFDFO2ji1pc18zvng1iJkjT7qRK7FTmKrVi949reFNXGF3Qf+Vo=
FlNWTNblDnxknLcB1qY3XCYc7x4Xj/aO4fCevQeBv75gRviwhRtowpZ3tZP7x4N4SfK0G+kyuzV5ai04fcPa/tS1Rvc0P/l6
gKm5jQgn9F5fuTutiS/oIa+oi3NV1O31ZA8M4KuXdfIrFnaUU5CusQ91n4K4AigcLY/oXi7TRd8z8+OEUfakdwFm++kBjp209bd6QoxxFtscK/lm
/v/i/fWOjBwasm+T8J3gfSYc7x4Xj/aO4fCevQeBv75gRviwhRtowpZ3tZP7x4N4SfK0G+kyuzl4ai04fcPa/tS1Rvc0P/l6
JxZeK5sVajybRJQ/nvXs+l1cv1tzAnqa0HLilnl86fk6nnge7lqsmtBhURcIi/C7xbK+lUxGPHcvrGMJUc6HBibTw5uviJzEkG6RcSgkGiVtnZ99c+4VELxlXbgbfZRYVZb5mYoI6PfuaWAV+Vw=
l2eY3+Ziap+JHJs9pvPsPg0ZNZoQXZKAOzz7V0JI1ZhwiaDR5tunDz/A4IvbK7Pi/4Kbx3ISsQLoopzGRvkN
jdInz2r254LEDGP7Gqw/fEIw+sV5QbnpEcppazMsPY0FO2bl92wn//bIYTAsWewpkjuzFzPw3KMPa2eKA/IXX+ayBbqkcsAuMvl5
admwPn6oEOgcmww3Wu8F8a+oinNV1O31ZA8M4KuXdfIrFnaUU5CusQ91n4K4AigcLY/oXi7RRd8z8+OEUfakdwFm++gEjp609bd6QoxxFtscK/lm
NkFflukoO/HdDxbSiQKM+SYc7x4Xj/aO4fCevQeBv75gRviwhRtowpZ1tZP7x4N4SfK0G+kyuzl/ai44fcPa/tS1Rvc0P/l6
wB6ZUBWPOJDpy8MH0o/hRq+oinNV1O31ZA8M4KuXdfIrFnaUU5CusQ91n4K4AigcLY/oXi7RRd8z8+OEUfakdwFm++UHjp609bd6QoxxFtscK/lm
4EOonZB+OUSmiG7sKdy4HmaG33mUvFmaxatC0LzqORfWNnCHxp2LGn1ZHE/aye278zVn8lev9q6hEB7dx6G/nqAmeFDFO2ji1pU18zvng1iJkjT7qRK7GD6Krli949reFNXGF3Qf+Vo=
NjFk5UvDbU2zgdatkFYXXwLEkLF+BBin6Gz+dVZGOT+1Uu49oNdBdkv8q3dySOW4oMlQsXZbF69vAJBryyutwM/CS6eCkiGiWGLMJjb5fQ==
pbIqc64hENfaDuwZNMCR3z+Kk7lBAvfuggt2FGDJyKZng2sqMIH+Jx/KlYR1yyyIu4R+sY6NKKtJk7F4TleVy7z80bpVm5xiP55GGtIaKPlj
YSN4zhhm/oQ+GTXs17KX9yYc7x4Xj/aO4fCevQeBv75gRviwhRtowpZ1tZP7x4N4SfK0G+kyuz55ai44fcPa/tS1Rvc0P/l6
N3s3Lf5Xxvb20tlmWFYumK+oi3NV1O31ZA8M4KuXdfIrFnaUU5CusQ91n4K4AigcLY/oXi7RRd8z8+OEUfakdwFm++IBjp609bd6QoxxFtscK/lm
KxaT3AEUksDvJg8XPTQJSALEkLF+BBin6Gz+dVZGOT+1Uu49oNdBdkv8q3dySOW4oMlQsXZbF69vAJBryyuox8/CS6eCkiGiWGLMJjb5fQ==
1Y2F9VMiA0vXHc3PIb/Zca+3iSsCnfrkVl1J6Kmea/R/WzbSGZSusQ91n4K4AigcLY/oXi7RRd8z8+OEUfakdwFm++YBjp609bd6QoxxFtscK/lm
WuzKjUf/P3+N899Jf+wYN7LEdwX+735a3V3PTamHX0zxGUIfCZ3i06Q5TlsdBZ+vzxTzzZYAXbpGi3NTb8DsnLCWgXkoLArfTcXvNbMmpUjc3c0wm/EE4LZOSdHKwBgvzhFwHflU
gAWerEwFl7+q3TKb9JgaFg0ZNZoQXZKAOzz7V0JI1ZhziaDR5tunDz/A4IvbK7zj/4Obx3ISsQLoopzGRvkN
ApPhuKf3Khljbw/OYGmBtUIw+sV5QbnpEcppazMsPY0FO2bl92wn//bIYTAvWewpkjuzFzPw3KMPa2iLA/MXX+ayBbqkcsAuMvl5
33AMKMbW1d42mrl8+RR3Wbyt5opLicJyFCB6mgMv3hlyWKVz67d5wSIeWeffjYgVTig+JAoHPOiQnccKx2sxcFv8/mWX6f9GUA5YKNUzaPrm/lXL6y9DAPk6lAM5mjuNjWJP4O2rmgbk/eZvZBf5Qg==
m/Q1hNRH06yuoW41x+Ngpryt5opLicJyFCB6mgMv3hlyWKVz67d5wSIeWuffjYgVTig+JAoHPOiQnccKx2sxcFv8/mWX6f9GUA5YKNUzaPrm/lXL6y9DAPk6lAM5mjuEjGJP4O2rmgbk/eZvZBf5Qg==
b90obMHnZgMkiFDDdGM5fryt5opLicJyFCB6mgMv3hlyWKVz67d5wSIeW+ffjYgVTig+JAoHPOiQnccKx2sxcFv8/mWX6f9GUA5YKNUzaPrm/lXL6y9DAPk6lAM5mjuFjGJP4O2rmgbk/eZvZBf5Qg==
S97t7SzxUHLP5fhx/hRbISYc7x4Xj/aO4fCevQeBv75gRviwhRtowpZ1tZP7x4N4SfK0G+kyuzx/ai84fcPa/tS1Rvc0P/l6
wNJDIdrGoaJl2zJL2Yoge6+oi3NV1O31ZA8M4KuXdfIrFnaUU5CusQ91n4K4AigcLY/oXi7RRd8z8+OEUfakdwFm++AHjp+09bd6QoxxFtscK/lm
RaG0QGLe4HE6qCtOefTSPyYc7x4Xj/aO4fCevQeBv75gRviwhRtowpZ1tZP7x4N4SfK0G+kyuz1/ai84fcPa/tS1Rvc0P/l6
4b+iNquB8df4bdkpoqU8ua+oinNV1O31ZA8M4KuXdfIrFnaUU5CusQ91n4K4AigcLY/oXi7RRd8z8+OEUfakdwFm++EHjp+09bd6QoxxFtscK/lm
C6S+Ph5Bk0i44oMhwPedLyYc7x4Xj/aO4fCevQeBv75gRviwhRtowpZ1tZP7x4N4SfK0G+kyuz9/ai84fcPa/tS1Rvc0P/l6
+6H/zKb8BGLP+SauwHG9JK+oi3NV1O31ZA8M4KuXdfIrFnaUU5CusQ91n4K4AigcLY/oXi7RRd8z8+OEUfakdwFm++MHjp+09bd6QoxxFtscK/lm
RR1B5zWeTqiG+sPJsDC0WCYc7x4Xj/aO4fCevQeBv75gRviwhRtowpZ1tZP7x4N4SfK0G+kyuzh/ai84fcPa/tS1Rvc0P/l6
Cgy+EVMaeRjQQv7nXsBBya+oinNV1O31ZA8M4KuXdfIrFnaUU5CusQ91n4K4AigcLY/oXi7RRd8z8+OEUfakdwFm++QHjp+09bd6QoxxFtscK/lm
zgJn5ivRlM7l4TvM2vVgbudamNR/Ei4Ynzk4PCpDP8ZOLkym5m5KETIBSFdXKHeV5bHqwYf0d0ToUcem/dF7euQpcofT4uG0gXNQCEc8CIF6pWQLxTvlqFpPyQtgYkVrgfOQgvP28upmYhT5Xw==
PzTJFP6jhbQP/pRaVPJfC+damNR/Ei4Ynzk4PCpDP8ZOLkym5m5KETIBSFdXKHeV5bHqwYf0d0ToUcem/dF7euQpcofT4uG0gXNQCEc8CIF6pWQLxTvlqFpPyQtoZkVsgfOQgvP28upmYhT5Xw==
rYhFGEK233jbT8qaKi4FfudamNR/Ei4Ynzk4PCpDP8ZOLkym5m5KETIBSFdUKHeV5bHqwYf0d0ToUcem/dF7euQpcofT4uG0gXNQCEc8CIF6pWQLxTvlqFpPyQthZkVsgfOQgvP28upmYhT5Xw==
rK9RsUxioT+I5cckaR/DWSYc7x4Xj/aO4fCevQeBv75gRviwhRtowpZ1tZP7x4N4SfK0G+kyuzh+aig4fcPa/tS1Rvc0P/l6
fvQ4+xazplmAQYy1121uAU8lKw7mnMTex6c2RFuSzbySdSOh+S0T4ceMuovL19y0/R1tLBtRNWAd7EK1JQaftdHSDv3A16G2K3xLtxJIBfjASbDxFlv37w+AcCurK4mCb0Xr56KSAeL44mxmFvld
y3A81x2ntrPxUpgCqNP7jE8lKw7mnMTex6c2RFuSzbySdSOh+S0T4ceMuovI19y0/R1tLBtRNWAd7EK1JQaftdHSDv3A16G2K3xLtxJIBfjASbDxFlv37w+AcCurK4+Bb0Xr56KSAeL44mxmFvld
b597aRD90BZjAi2Rx8eLM08lKw7mnMTex6c2RFuSzbySdSOh+S0T4ceMuovJ19y0/R1tLBtRNWAd7EK1JQaftdHSDv3A16G2K3xLtxJIBfjASbDxFlv37w+AcCurK4OBb0Xr56KSAeL44mxmFvld
J1g9zlLM041zU4WhLIbJYkhkIGaYwHucnVyM79le+ELaFnDi/Im0jc7X0aTxDVM9fHERmMHcDv1hxlt9naJSRSQ3BS5X7Mc/lsiBcEzZTGmyO5NX03C8Y+9rTk6jdbefhrLl+sTyYG4S+Vk=
uQwWYRZtpafOosmQ6aGXZEhkIGaYwHucnVyM79le+ELaFnDi/Im0jc7X0qTxDVM9fHERmMHcDv1hxlt9naJSRSQ3BS5X7Mc/lsiBcEzZTGmyO5NX03C8Y+9rSk6jdbefhrLl+sTyYG4S+Vk=
OU0z1mK6ZZ0tCI0V01xnUeRandR2Ci8GnyA5Mi9YON1JNUu94XVNBDAPTFdeMHeV57jpwYf0d0ToUcem/dF7euQpcofT4uG0gXNQCEc8CYF6pWQLxTvlqFpPyQttZEVugfOQgvP28upmYhT5Xw==
90mT+SqCFnwqNbrI0Z7C/VpbZdVPFoKOe3noTERq1ZwBq+WfoPelDz/A4IvbK7jj/4ebx3ISsQLoopzGRvkN
KsFpaq0uOKsgVYSQ/jMEegPkJ6MRMTHm/nsGgZawOqqrYH9Tm2PfB9vzQTied6XLxhuBf+U7DOLP/pZa4jo4+XM=
crvQEzi+8SqB0NuUSlN4w4qtzsOBv12R0wcPqKBiyd2oiEIrXfEHsRPizXwMqUWU29AJlGz6IRXqxPCbXuU4Oflw
HGqCmNNCTfeKhSh8IhXJ3EIw+sV5QbnpEcppazMsPY0FO2bl92wn//bIYTAsWewpkjuzFzPw3KMPa2uIA/gXX+ayBbqkcsAuMvl5
BTgddaYZ/z5plriduo1rwYqtzsOBv12R0wcPqKBiyd2oiEIoXfEHsRPizXwMqUWU29QJlG36IRXqxPCbXuU4Oflw
BRVkOL4C5AUTe0DbKg+dy2wClON/+GsqDGoPUnbH698PDDSQgHrZ1aiAUjF9yTf506o9BOwx1RxbW5sMDQJR3aoMwKN+/Sgx+Xg=
G+MvQTu7sem7KpRRuM0hJx0aJdsWS5KdOzz7V0JI1ZhyiaDR5tunDz/A4IvbK7rg/4mbx3ISsQLoopzGRvkN
ZAkeTWn0X1QTeyeSVyC8L4qtzsOBv12R0wcPqKBiyd2oiEIpXfEHsRPizXwMqUWU298KlG36IRXqxPCbXuU4Oflw
4jkjwXjSbRAxmCeRwTOHoUIw+sV5QbnpEcppazMsPY0FO2bl92wn//bIYTAvWewpkjuzFzPw3KMPa22LA/AUX+ayBbqkcsAuMvl5
7aRYH3v/uhJrIjbm+KtfCORandR2Ci8GnyA5Mi9YON1JNUu94XVNBDAPSVdeMHeV57jpwYf0d0ToUcem/dF7euQpcofT4uG0gXNQCEc8CYF6pWQLxTvlqFpPyQtpZUVogvOQgvP28upmYhT5Xw==
DS0xAluTfKiSS6xLiyAJn+RandR2Ci8GnyA5Mi9YON1JNUu94XVNBDAPSldeMHeV57jpwYf0d0ToUcem/dF7euQpcofT4uG0gXNQCEc8CYF6pWQLxTvlqFpPyQttZUVogvOQgvP28upmYhT5Xw==
rT6+Ad7DvAT2xf720hl8aeRandR2Ci8GnyA5Mi9YON1JNUu94XVNBDAPS1deMHeV57jpwYf0d0ToUcem/dF7euQpcofT4uG0gXNQCEc8CYF6pWQLxTvlqFpPyQtuZUVogvOQgvP28upmYhT5Xw==
6jtCoiyxyRBKn/x8qvmPk4qtzsOBv12R0wcPqKBiyd2oiEIoXfEHsRPizXwMqUWU294KlGT5IRXqxPCbXuU4Oflw
ynpJrApG6JcKdV8w09TlO1pbZdVPFoKOe3noTERq1ZwBq+WfoPelDz/A4IvbK7jm/4CYx3ISsQLoopzGRvkN
aoFA7RhV/pLo8Y4SfrzT1wLkJaMRMTHm/nsGgZawOqqrYH9Tm2PeB9vzQTied6XLwR+BeeY7DOLP/pZa4jo4+XM=
Go7o1FBwwiYNXpfd6ezQ/VpbZdVPFoKOe3noTERq1ZwBq+Wfo/elDz/A4IvbK7zg/4GYx3ISsQLoopzGRvkN
MNilF2SE14RkzlsADXg79xQ2v/WeT6Ihi0OfDeY5sfgUDI2Ev5weiaN0FpG23+fhgCPpmCbHLUtMankZDmvUovfOvnr6KjD5ew==
p4GzJNy0RRQII95n8CRD7RQ2vPWeT6Ihi0OfDeY5sfgUDI2Ev5weiaN0FpG23+fhgCPpmCbHLUtEankZDmvUovfOvnr6KjD5ew==
odZRl4ceq8OZmPjMnWAu7RQ2vfWeT6Ihi0OfDeY5sfgUDI2Ev5weiaN0FpG23+fhgCPpmCbHLUtEb3kaDmvUovfOvnr6KjD5ew==
49L2hlWWVQZnW6hZor/eORQ2vfWeT6Ihi0OfDeY5sfgUDI2Ev5weiaN0FpG23+fhgCPpmCbHLUtLbXkaDmvUovfOvnr6KjD5ew==
We1uJx+jGdeAkXN4FrhDfPju85WWGO2jhPx5Se8cUwwGlufItDt1LCqq6eTQliSFwB3DfFqd/vaagkxAIBoV9NrnzFnIWlpSHcMNHIwJBXTbsMs05xlhNeqkMDveBXgZ+VA=
X07/799rqKR6fFW2BZL/HDY8NRCkMWPm/Q8e2XMsXo/KPpT+2ubFpBkq1POZyjuy7/KPk817GrYE7aafxEf5cg==
QY/9cJcSrZEnupht8wylEqq8QfK3gQKuwwE0RA1gU2UQg7lYduc9S1uNKdtei0Qihy7OuorKQPkL
ro3QSjxp0lmlQt4U0RycaDsWMbAbr7AOkb/ShCzLxXgcTS1gmyRjcPd9qaFKcDjfjoHQTfkE
bhrdy9oP/YtqU7bXMOxbm0Iw+sV5QbnpEcppazMsPY0FO2bl92wn//bIYTAuWewpkjuzFzPw3KMPa2aIA/QUX+ayBbqkcsAuMvl5
pKpbmSA4/06Kon0qWBbsYUs0JipVZXloUeXtu1QXFbX8vudVPaTfPBZ6b4K2twtvj/yUIEAq+cWokHJhvXmXCVMa3XQs4bUMW0d6XEDxMW0qfGATPi0IIflo
XB3rwtLx2vsZjlV4navPQxxVMZURW5KdOzz7V0JI1ZhwiaDR5tunDz/A4IvbK7zm/4WYx3ISsQLoopzGRvkN
FKA/Nlx5tZ46zvF2S3mheSYc7x4Xj/aO4fCevQeBv75gRviwhRtowpZ3tZP7x4N4SfK0G+kyuz14aio7fcPa/tS1Rvc0P/l6
XriNO+MGq9F8h6W3QE83Aa+oi3NV1O31ZA8M4KuXdfIrFnaUU5CusQ91n4K4AigcLY/oXi7TRd8z8+OEUfakdwFm++EAjpq39bd6QoxxFtscK/lm
KoGeOvG9cToLFnLO0THjvBMQKJGThveFKfJGbViXmUZjHNNnekjtqFipeIEum29/x6AIG0OrJnJXJyB3OtL50rBC9DY++XU=
vq0DetNZpiMmv+8tw99wZhY3vaiGDf1mmVmHSugxtudXGq2knbs0iKN0FpG23eDrgSPpmCbHLUtLbXkfDmvUovfOvnr6KjD5ew==
QPAb/XAcLR62mntWo9Q74xn83F50QMr9rXRYS98QG/nWtLU+1m+7J0805PhgUunNqJhiG52h58GTUm2sTFklhNvA7eSjqYGlajSQSx7VGCn5YA==
isuNitIJOu0vlE87JUIOySYc7x4Xj/aO4fCevQeBv75gRviwhRtowpZ1tZP7x4N4SfK0G+kyuzx4ais7fcPa/tS1Rvc0P/l6
nCEFl/4N+mEn8/9H4d/N9RY3vKiGDf1mmVmHSugxtudXGq2knbs0iKN0FpG23eDrgSPpmCbHLUtNb3kQDmvUovfOvnr6KjD5ew==
bWZ5an2qaXou4sixWFm0geacvBMLN56SxmU9kpyjzS2qBoXnwYJaVUx37Z7fTD8P7sh5QDR5xNna+3tH21BkM3fr0Bv7mLyPrnJNikwS2B4q+WE=
FZKoN5eI4Br7PaD2nu2tYCYc7x4Xj/aO4fCevQeBv75gRviwhRtowpZ1tZP7x4N4SfK0G+kyuzx8aiQ7fcPa/tS1Rvc0P/l6
CEPQMpHXaBPfN7JPXyBl4+VjeGsuwAbZkNDA2KEgUlK9u9GyTtcRhU8S0tWwNjhXTNaLt+Lqio63nFZ/TvdbypYSP1pWj3tHTxQkWODyKe2ouKK7HQEn4ZMyrUzMOeVk26GsBCzJwUVqFNDrnnVYCflA
noMdV+bVp0Vqu0DO1XZvveYoJypVIXMaPJkKR8vy2VQJI7gIL+yC4UK1fEs9i71IUj9hiwBXTUHaAyjC6+aKSu4yPPl3
LyGAjZWHaUVR1VIIedDhfxzC4ctGJyjL0XNWsdMEKxFWVWnFkc/jJRuu2IiVE2japl3Va6sPQyC5mhSjebo7pszCxUOti5ompF1mzyQ3+WI=
utYqgZ/TgnrC71nUv0kqmhQ2vfWeT6Ihi0OfDeY5sfgUDI2Ev5weiaN0FpG23+fhgCPpmCbHLUtPbHkRDmvUovfOvnr6KjD5ew==
hspkrvfQ7YOhkHBJ8rSU9Zq9XE0GpWa3WdEUauXTZ4XPhoYQa0IspeG+mtxVHnj4gGcgu6/WoiOKREpUEBro1FG2miEAE5CEjgBt9fEm5CfhVvvW5t7cZlXH+rIsIdYLfBv5Vg==
QxXHXpS4hrmbSeHlA1OIvDY8NRCkMWPm/Q8e2XMsXo/KPpT+2ubFpBkq1POZyjuy7vKMks17GrYE7aafxEf5cg==
u8YFoCoB+iQfY1TXElNLZaq8QfK3gQKuwwE0RA1gU2UQg7lYduc9S1uMKdhfi0Qihy7OuorKQPkL
9oxS5ZpeGDzwCGCEiJwEHDsWMbAbr7AOkb/ShCzLxXgcTS1gmyRicPR8qaFKcDjfjoHQTfkE
GAYr4RRBnV3BGBTfDyuBcMzsjc3A+E3JkgcSiIBA7vepiEIrXfEFthnjzXwMqUWU29ENlGT4IRXqxPCbXuU4Oflw
+tob4o7ttEFKfWbYZReCnRNNOcvMweeWMrVIZV+I2lBDPPFAUEntqFipeIMpkW5/x6AIG0OrJ3ZXICF3OtL50rBC9DY++XU=
biMmMVB8bpnVzv2hRMgQURQ2v/WeT6Ihi0OfDeY5sfgUDI2Ev5weiaN0FpG23+fhgCPpmCbHLUtIb3kZD2vUovfOvnr6KjD5ew==
GVx6YecTFQoRHHROWNDQWg42/cp6XL+wVsFycDowKcMCK2bl92wn//bIYTAsWewpkjuzFzPw3KMPa2iOA/EVX+ayBbqkcsAuMvl5
wwNjanUHvlCKdFSp5mLPRQ42/cp6XL+wVsFycDowKcMCK2bl92wn//bIYTAsWewpkjuzFzPw3KMPa2uOA/IVX+ayBbqkcsAuMvl5
hmtTkJorQB59FaVFsPO7SxzC4ctGJyjL0XNWsdMEKxFWVWnFkc/jJRuu2IiVE2japl3Va6sPQyC5mhSjebo7p8zCz0Kti5ompF1mzyQ3+WI=
J+NMVF2Z45bzSocxtvQGbRxVMZURW5KdOzz7V0JI1ZhwiaDR5tunDz/A4IvbK7zh/4OZx3ISsQLoopzGRvkN
HCeShCdfjgU3OL9DGoASFltieD8Qf2JgS/TY7xZWJ+bwsatAPKTIMR56b4K2twtvj/yUIEAq+cWokHJjvXmXCVMa3XQs4bUMW0h7XEDwMW0qfGATPi0IIflo
/gtQxhoE4uuHjATyRm4vHxk4+rrIWeNmmVmHSugxtudXGq2knbs0iKN0FpG23eDrgSPpmCbHLUtPbHkcD2vUovfOvnr6KjD5ew==
fzatF4LPAlyVPlwgHrFcY0gS965WOS7Dvssj9lauR+amswN7r6hcZBDOUVEoBNqH7T1fXXMO1XA8hZ3YG5LSONB0ufmKKKhXbskgNfl8
aprOAkV/ba+m/sEVJlAvpwa5yFZpDs+ytmUWH84XG6qW8v861m+7J0805PhgUunNqJhiG52h58GTUm2sTFklhNvB7eSgqIGlajSQSx7VGCn5YA==
kcY1/W7okpTbjxK8xzoqBr3Kdh7973pB30PIWK+JX0zxGUMBC42gkrlqR0YWEd773hPzntZGF75Gi3NTb8DsnLCWgXkoLArfTcXvNbMmpUjc3c0wm/cA4LFMSdHKwBgvzhFwHflU
6TgTLKNyrGDI4GKSmYY8aCvSRHfEs1MF5GtsSA0WrVIDVTbLnFbOwj0zQl2vH/CETxXn0IFFex0LkZjOyfb/2vbN5qeuD8tCFpqvIjbXy4+P3NSAwMo55aiwsoM92dcpU/odFKxBdexbKDv8wRBxDSpcoLO+TUgB+Ug=
/D5vCly6P/3sy9Al+mwzJAOR6sBGICfOgmlWrYdUNlAbXH7F18n/ZhCu2IiVE2japl3Va6sPQyC5mhSjebo7oc7CyUKti5ompF1mzyQ3+WI=
m7XKyjlnmSxAwOe1NwuhbFLsJzawjLMBJDaj7LFfUQTkwhblvYYH5RkyNo3oFwkms9yDh2pI/ciI6ShhvhvfHzfgOPszqxpQp2WR10pSaXJgAiQWLvll
jEsVRdq6b+uY/E5uKQZsX3A7m4AvjFcmAHpge0z60/tSBhIC19COk377Q+ZWvqfW5mOjCy8YPLTQvnFBKBT69y3tP+3zfnWgfLV9yBuNtAgRJBkJCphIBy45ACX5bA==
iqiItPXG9ujXo24Q3bVPHCIe73WNHBxWV0uedRO3Dc2xrBfWgIyD4RR2EwwB38HktILGBa2GF8VJcuYteJf5hsOcc6caSA3o+CnYwc6bT79nIOjbI6sFMvemQbfa0tkS0MIUdh75VQ==
CGeRQ4KkjNS5xYHTWwW68F5vfk+y2JCGmr53BQWclObPKzal63dVvZmM78aIjIvx7FY7fFkfOTQc4l61JQaftdHSDv3A16G2K3xLtxJIBfjASbDxFlv37w+AcCurK4iBb0bp56KSAeL44mxmFvld
hw7JddlsD5Ej9rFg8r4KtOYoJypVIXMaPJkKR8vy2VQJI7gIL+yC4UK1fEs9i71IUj9hiwdVTU7bAyjC6+aKSu4yPPl3
3A49V0gUW+Aguw7B0SnB/GTe7Pc3e/fUUB4xoSj0uletjf/N8541APzVvegbq/LokoTZaQq4COeumcBF+Qw=
8RtqGH7cN67xkn7pSXqqmRzC4ctGJyjL0XNWsdMEKxFWVWnFkc/jJRuu2IiVE2japl3Va6sPQyC5mhSjebo7pMnCykKti5ompF1mzyQ3+WI=
EKTXG1nECL8wPw5f6ryROhzC4ctGJyjL0XNWsdMEKxFWVWnFkc/jJRuu2IiVE2japl3Va6sPQyC5mhSjebo7p8jCxEKti5ompF1mzyQ3+WI=
BGLV9R7BMuOCh1cdyMhv8k1GLIpovziGu7JBUc7SSA4qtelODuEFL1FkaRWxhmRHIXb7+Ce+XsEVJ/rS7IFW6zw7+XY=
2K8wfxENyQZ1Gq6AAH4+IxQ2vfWeT6Ihi0OfDeY5sfgUDI2Ev5weiaN0FpG23+fhgCPpmCbHLUtFbHkaCGvUovfOvnr6KjD5ew==
cwvZ0Nc0cu/n9nGVWqGhiRNNOcvMweeWMrVIZV+I2lBDPPFAUEntqFipeIMpkW5/x6AIG0OrInZXIiZ3OtL50rBC9DY++XU=
FpNyyMFfIQJVrmUQBKt5nxQ2vPWeT6Ihi0OfDeY5sfgUDI2Ev5weiaN0FpG23+fhgCPpmCbHLUtMa3kbCGvUovfOvnr6KjD5ew==
znWfCPm0nyT93yswiw+XHFpbZdVPFoKOe3noTERq1ZwBq+WfofelDz/A4IvbK7zj/4Sex3ISsQLoopzGRvkN
/t8Geika8SA7ZahSkb9mq5eXg6jYPD29sJoi4j7noozPB2wL1BhNRl0xldicj52yKWcRZPmGXDCmhTGGStSXspFSRSQl5936jPqkBB0Ag+VgY4kYhocNSyormZyoq/Si1w7e+hpqEPlb
Doq2s5TBOdPTLvKPoFNAQDY8NRCkMWPm/Q8e2XMsXo/KPpT+2ubFpBkq1POZyju86fKIlc17GrYE7aafxEf5cg==
RqhOZuKGrYCJj0RSU9MLAaq8QfK3gQKuwwE0RA1gU2UQg7lYduc9S1WLKdxYi0Qihy7OuorKQPkL
Umz/BZhb7DiZyhgsUhMIxzsWMbAbr7AOkb/ShCzLxXgcTS1gmyplcPB7qaFKcDjfjoHQTfkE
mC+wYz2Vk0Ghgz2gUiiFBhzC4ctGJyjL0XNWsdMEKxFWVWnFkc/jJRuu2IiVE2japl3Va6sPQyC5mhSjebo7o83CyUWti5ompF1mzyQ3+WI=
J4J6aOuACzQ3Dde1ZYGCpBxVMZURW5KdOzz7V0JI1ZhwiaDR5tunDz/A4IvbK7ng/4Gfx3ISsQLoopzGRvkN
S2Bo8mQd9OVYNPsAAY+6BeZdw3hukwgROBgJyCBbE3KUz0+AoFNoOXGVL8TzIJokeSXP54eJ3IPU4oexkVh0SUNQ/WbOjiclubJWTQgXaWYTXCPHCkgdCChpiKFeG79f12CYuxOr+xLH4jcXalJJsoCCRFYO+UU=
Ap2pmrj6ExvAK6bjTewcw1hMhgh+b5MSDbnJaCLDEh0+ZX+uXgpVPjdw5mprjLrJiXXHFCvgohRRBdf3j4nUk8zCr4GpmKyZq7AFlkYOr5UBEv4dUFcRFns8O9cCSBUYMIlgUabbZ49/wCALmytzYb+CX0cyEnGCqKJcRgb5TQ==
6rkZOHe90MPE8k1h7Cs7VhY3vaiGDf1mmVmHSugxtudXGq2knbs0iKN0FpG23eDrgSPpmCbHLUtKbHkaCWvUovfOvnr6KjD5ew==
R7teFkUeTpC6OpqOR5oKFzYingKK5Yikr//MeFYykouUgkooe7nXFu/TtlqJfA7Z373fSmhqCPQ9h+hWPjllt+M7o0yBngSfke57b5BmPtglfzqKXBk2Mwwj+W4=
pmI9U7fXOuuVtwQpAQjp1yYc7x4Xj/aO4fCevQeBv75gRviwhRtowpZ1tZP7x4N4SfK0G+kyuzx9ai88fcPa/tS1Rvc0P/l6
ImDsO24slRHRevUjyFx5JPlrKpYbAozR0zbKi6HEx6Q15ALzyt2LfbVwQbDoUOOtdWMFCV4EbmodxePIxv3ZuAeCbC6FQcPaDPm6x5uSyZSZg0gIX0wSoVJVrMuNa40I4t8xi9D2PQstI1hCO8aain5SDPlH
6lhRfikmIpgVbVuz9CWkXVhMhgh+b5MSDbnJaCLDEh0+ZX+uXgpVPjdw5mprjLrJiXXHFCvgohRRBdf3j4nUkMzCr4GpmKyZq7AFlkYOr5UBEv4dUFcRFns8O9cCSBUYMIlgUabbZ49/wCALmyt7YL+DX0cyEnGCqKJcRgb5TQ==
NdaU4Tio7VjwxiT09KVHDRY3vKiGDf1mmVmHSugxtudXGq2knbs0iKN0FpG23eDrgSPpmCbHLUtNa3kbCWvUovfOvnr6KjD5ew==
Aejzm/mbM3yz+p6gFlJAYzYingKK5oikr//MeFYykouUgkooe7nXFu/TtlqJfA7Z373fSmhqCPQ9h+hWPjllt+M7o0yBngSfke57bJBmP9glfzqKXBk2Mwwj+W4=
OU1samV5ijjN77YHZmLWhyYc7x4Xj/aO4fCevQeBv75gRviwhRtowpZ1tZP7x4N4SfK0G+kyuzt4ai88fcPa/tS1Rvc0P/l6
FCRe1WqkFWbdK2Mo7qz7XQ42/cp6XL+wVsFycDowKcMCK2bl92wn//bIYTAsWewpkjuzFzPw3KMPa2mLA/QTX+ayBbqkcsAuMvl5
iCIzALcFDc/CfpH8zP3KUxQ2vfWeT6Ihi0OfDeY5sfgUDI2Ev5weiaN0FpG23+fhgCPpmCbHLUtFb3kdCWvUovfOvnr6KjD5ew==
K+8vT79uJROKFqK8FKaNBBNNOcvMweeWMrVIZV+I2lBDPPFAUEntqFipeIMpkW5/x6AIG0OrIHdXJSd3OtL50rBC9DY++XU=
Cl48lXfmFKx0apPgiG9bvBQ2vPWeT6Ihi0OfDeY5sfgUDI2Ev5weiaN0FpG23+fhgCPpmCbHLUtOankdCWvUovfOvnr6KjD5ew==
Hb1yBssehbP6Z4MoJPwn01pbZdVPFoKOe3noTERq1ZwBq+Wfo/elDz/A4IvbK7rj/4efx3ISsQLoopzGRvkN
AyVyA5SKxoNf8ddOi6rljhzC4ctGJyjL0XNWsdMEKxFWVWnFkc/jJRuu2IiVE2japl3Va6sPQyC5mhSjebo7oMnCy0Sti5ompF1mzyQ3+WI=
Dx983BXfy+TdBxCGqnd5Yg42/cp6XL+wVsFycDowKcMCK2bl92wn//bIYTAsWewpkjuzFzPw3KMPa22LA/kTX+ayBbqkcsAuMvl5
UBEDlgjCgHzuB37chmGvDnS99hinrHffxshREPwZPEkCu0N3w7Aswx9rfq4zuaf/XzGVGvSykM5C+Qk=
Ws14gOxXrX4eI17XQ0RUtg42/cp6XL+wVsFycDowKcMCK2bl92wn//bIYTAsWewpkjuzFzPw3KMPa2eOA/kXX++xBbqkcsAuMvl5
RhvrUCMCj5CYZi0Tbfv/1hxVMZURW5KdOzz7V0JI1ZhwiaDR5tunDz/A4IvbK7/h/4CYx3sRsQLoopzGRvkN
13cLncz+7Ogf2qipRYc5BhQ2vfWeT6Ihi0OfDeY5sfgUDI2Ev5weiaN0FpG23+fhgCPpmCbHLUtPankYDmvdoffOvnr6KjD5ew==
R8OtOQRAnywd2WkVPlxk91JD+fdLG7a1s4nZ/STPgrjWjNlz7qIV0bb1R9Zaev/ALzptkfeRiQJMXVwFcwZ6PFcmNKp387H4y0RejWcxPw4AdjgA5Sto8vbFdaObdwPIKcJ0q4kCuwoY2u0LHXpZTrSFhkdUD/lK
safWrNsL7WMVB6NsdTJzL8CD+wQEw18xL9dECqPAJGbmExk7b36mVxBOIyhi7nh09cui+0/kZlzPimtkNfOb5wl4ODM0Vy9AKhZzGAyoe+WRIh+Kln+b18+EhOigokmdqMjC612xh3ETok28DOnFVNuXiFRmuaHc6YRwW16luPn5sA==
nt8AxSjbCMTygt0Mt3caf/lrKpYbAozR0zbKi6HEx6Q15ALzyt2LfbVwQbDoUOOtdWMFCV4EbmodxePIxv3ZuAeCbC6FQcPaDPm6x5uSyZSZg0gIX0wSoVJVrMuNa40I4t8xi9P1PQoqI1FBO8aain5SDPlH
mYSTkv1uFDGeDJjqAI0Wo+YoJypVIXMaPJkKR8vy2VQJI7gIL+yC4UK1fEs9i71IUj9hiwZVTUraAyHB6+aKSu4yPPl3
sWQjinXiy2JKaiDHDur8Xw42/cp6XL+wVsFycDowKcMCK2bl92wn//bIYTAsWewpkjuzFzPw3KMPa2yIA/IUX++xBbqkcsAuMvl5
TRwUslgELxk/RadZB2t0NfVP3Ct2mkpCYlhC0CNfD26d0F/a4xwwNzrVf8qzc9wkdCLDtZKaiJKQusq3h0E4VgASuHHehmsr46ZaSAUZKm0TXCPHCkgdCChpiKFeG79f12CYuxOr9xHH5DAXY1FJsoCCRFYO+UU=
0lP84OlFWG8WpUdg2EadjRxVMZURW5KdOzz7V0JI1ZhwiaDR5tunDz/A4IvbK77n/4SYx3sRsQLoopzGRvkN
A+yKA8JR3cG29n76/BSs71hMhgh+b5MSDbnJaCLDEh0+ZX+uXgpVPjdw5mprjLrJiXXHFCvgohRRBdf3j4nUkMzCr4GpmKyZq7AFlkYOr5UBEv4dUFcRFns8O9cCSBUYMIlgUabbZ49/wCALmytyZ7+EWEc7EXGCqKJcRgb5TQ==
JoZeDLi/mrTziTsV9GHyb3S99hinrHffxshREPwZPEkCu0N3w7Aswx9rfqozuKX/XzGVGvSykM5C+Qk=
mxEPfkqrYCKa/pK/GVPsXxxVMZURW5KdOzz7V0JI1ZhwiaDR5tunDz/A4IvbK7vh/4iZx3sRsQLoopzGRvkN
zsu4whuZsv5WaIqvZBxQj9ZBs02VQuo1vPd9Po+MT+/+yGkgxDkUeUp7C6drELRTh+vlOKtZzS8X8d3qnFLoPjr5cQ==
ae1m9mpTykw7oNji2VKjKFJD+fdLG7a1s4nZ/STPgrjWjNlz7qIV0bb1R9Zaev/ALzptkfeRiQJMXVwFcwZ6PFcmNKp387H4y0RejWcxPw4AdjgA5Sto8vbFdaObdwPIKcJ0q4kCuwwZ2uUKHXpZTrSFhkdUD/lK
HBeyBkweb53Q6EtRtUYIacCD+wQEw18xL9dECqPAJGbmExk7b36mVxBOIyhi7nh09cui+0/kZlzPimtkNfOb5wl4ODM0Vy9AKhZzGAyoe+WRIh+Kln+b18+EhOigokmdqMjC612xh3ETok28DOnFVNuWjFRtuKHc6YRwW16luPn5sA==
fdzucZiPcDRb7y6HvMYaehQ2vPWeT6Ihi0OfDeY5sfgUDI2Ev5weiaN0FpG23+fhgCPpmCbHLUtObXkYCGvdoffOvnr6KjD5ew==
Ep4ctUeovi1vQYl+FxTZnRY3vKiGDf1mmVmHSugxtudXGq2knbs0iKN0FpG23eDrgSPpmCbHLUtPankZCGvdoffOvnr6KjD5ew==
AKtKjLRtoJ/ye/lu+D+D+jtuxYBpzw9qUGpse16406hSARgQmcnHx3D7Q7UW+O3S5mOjCy8YPLTQvnFBKBT69y3tP+3zfnWgfLV9yBuNsQgWIxkACZhIBy45ACX5bA==
dqf6XMmVFU2VxVDv3I4MgiYc7x4Xj/aO4fCevQeBv75gRviwhRtowpZ1tZP7x4N4SfK0G+kyuzx8ai49fcrZ/tS1Rvc0P/l6
nhu2apjMCtuqe7tY8j6I4A42/cp6XL+wVsFycDowKcMCK2bl92wn//bIYTAsWewpkjuzFzPw3KMPa2aKA/ISX++xBbqkcsAuMvl5
G+RdLULT0vzmow9A7qapTlpbZdVPFoKOe3noTERq1ZwBq+WfovelDz/A4IvbK7zh/4Oex3sRsQLoopzGRvkN
hojoFgFOQqolJVrvvnJP9KEf3NRuGyAJknR5fXRSfpISP0as639AGygTSUZZOWnIsPe5ks2/PRSlTpjw4s1tNqYMM9L16qm0mW9ZeghyGJRxuGcFxDvlqFpPyQtoZ0VthPOZgfP28upmYhT5Xw==
Lv4FlVbj9+ShY9QGAsd0CDY8NRCkMWPm/Q8e2XMsXo/KPpT+2ubFpBkq1POZyju17fKJlc1yGbYE7aafxEf5cg==
SUKQ+/BGg6FtLb8aSwqSkaq8QfK3gQKuwwE0RA1gU2UQg7lYduc9S1yPKd1Yi00hhy7OuorKQPkL
XaNfMk43pBGfe63RaZc5eDsWMbAbr7AOkb/ShCzLxXgcTS1gmyNhcPF7qahJcDjfjoHQTfkE
iZX+ot/+kFsL/d2rmhF0Xw42/cp6XL+wVsFycDowKcMCK2bl92wn//bIYTAsWewpkjuzFzPw3KMPa22IA/ITX++xBbqkcsAuMvl5
MvioCL50HoHXluuHNnEweRxVMZURW5KdOzz7V0JI1ZhwiaDR5tunDz/A4IvbK77m/4Kfx3sRsQLoopzGRvkN
jb9yhnfb2rrIMpibPxMkF8CD+wQEw18xL9dECqPAJGbmExk7b36mVxBOIyhi7nh09cui+0/kZlzPimtkNfOb5Al4ODM0Vy9AKhZzGAyoe+WRIh+Kln+b18+EhOigokmdqMjC612xh3ETok28DOnFVNuUiFRnvqHc6YRwW16luPn5sA==
FJOt5UGw0J6gQBfYMCPLUYSC9h8exlEyOtBST7bAI3r4DQclcW62SQxRPD5k72RmtZTjolHmMgzYlyZiOe7JsElpKXd2HjceMAk7CBysOOmeIh+Kln+b18+EhOigokmdqMjC612xh3ETok28DOnFVNuUi1RgvqHc6YRwW16luPn5sA==
p2P8D5+5tGr1acjpxFV0VISC9h8exlEyOtBST7bAI3r4DQclcW62SQxSPD5k72RmtZTjolHmMgzYlyZiOe7JsElpKXd2HjceMAk7CBysOOmeIh+Kln+b18+EhOigokmdqMjC612xh3ETok28DOnFVNuWjFRgvqHc6YRwW16luPn5sA==
0d8pSBN6m11iM9LJi6pkfoSC9h8exlEyOtBST7bAI3r4DQclcW62SQxTPD5k72RmtZTjolHmMgzYlyZiOe7JsElpKXd2HjceMAk7CBysOOmeIh+Kln+b18+EhOigokmdqMjC612xh3ETok28DOnFVNuWiFRhvqHc6YRwW16luPn5sA==
hchtozN7XVnuMCxIGJLN++YoJypVIXMaPJkKR8vy2VQJI7gIL+yC4UK1fEs9i71IUj9hiwJWTU3dAyHB6+aKSu4yPPl3
cYrRHJ6yknstpOhPm4950A42/cp6XL+wVsFycDowKcMCK2bl92wn//bIYTAsWewpkjuzFzPw3KMPa2mKA/UTX++xBbqkcsAuMvl5
TSHSTZnSb6gfy2ChPnwIiRxVMZURW5KdOzz7V0JI1ZhwiaDR5tunDz/A4IvbK7jn/4Wfx3sRsQLoopzGRvkN
svnZkzi6jrYPCJoln+zneeZdw3hukwgROBgJyCBbE3KUz0+AoFNoOXGVL8TzIJokeSXP54eJ3IPU4oexkVh0SUNQ/WbOjiclubJWTQgXaWYTXCPHCkgdCChpiKFeG79f12CYuxOr8hLH5jcXY1FJsoCCRFYO+UU=
GVaw3GneS76fhHuDkVBRHbb3rPOWcXewPVFu0khF7JViJCbV1f+3rnOF6qDf0ogJn5ZVbQ5R91rS7l8c9/69fR9mif60uazJu9KaoM+ipAbfR3HE82BugW8lH1JYMmhsjV/ojo6hBe/TI2PUMcZkh6E2+7WnflqAle75kmxBVqu8+/m2
cpr4rdKPk14n9CtUDItZluY5NipVIXMaPJkKR8vy2VQJI7gIL+yC4UK1fEs9i71IUj9hiwNUTU7dAyHB6+aKSu4yPPl3
qemSxe5DY8q95G6Jr5YyoA42/cp6XL+wVsFycDowKcMCK2bl92wn//bIYTAsWewpkjuzFzPw3KMPa2iIA/YTX++xBbqkcsAuMvl5
XF/PU5tOmZlfW3TnYzVSzhxVMZURW5KdOzz7V0JI1ZhwiaDR5tunDz/A4IvbK73h/4efx3sRsQLoopzGRvkN
yiwI8IrGzOQHkdKvv8RV0uZdw3hukwgROBgJyCBbE3KUz0+AoFNoOXGVL8TzIJokeSXP54eJ3IPU4oexkVh0SUNQ/WbOjiclubJWTQgXaWYTXCPHCkgdCChpiKFeG79f12CYuxOr9RfH5zcXY1FJsoCCRFYO+UU=
UEEMMFYdFzjhw5JN5k9BETFAqqJ564uSe/ziEmeB2xju4cCdgVyg9KrCw5AYlpdlRzV3jTno1RBc6K/9KQtxCSpvMjpRfVdoUmVVSPtquO5Raf/qAOGup+/qhcTFK/yI6+TOcZ6tWCuZc4E43vdly4efQXChu8Xhj35WWqK6+Pmz
EJmIcHKhjptLwm3h5WoawzFAqqJ564uSe/ziEmeB2xju4cCdgVyg9KnCw5AYlpdlRzV3jTno1RBc6K/9KQtxCSpvMjpRfVdoUmVVSPtquO5Raf/qAOGup+/qhcTFK/yI6+TOcZ6tWCuZc4E43vdly4aeQXChu8Xhj35WWqK6+Pmz
Qipi8hLUm3N3vF5BULAi4TFAqqJ564uSe/ziEmeB2xju4cCdgVyg9KjCw5AYlpdlRzV3jTno1RBc6K/9KQtxCSpvMjpRfVdoUmVVSPtquO5Raf/qAOGup+/qhcTFK/yI6+TOcZ6tWCuZc4E43vdly4adQXChu8Xhj35WWqK6+Pmz
Y1y3v/XHcfQdDqYD4Sf5TeYoJypVIXMaPJkKR8vy2VQJI7gIL+yC4UK1fEs9i71IUj9hiwZVTUDdAyHB6+aKSu4yPPl3
j4YbJSC4vYjtNvwZKh0piQ42/cp6XL+wVsFycDowKcMCK2bl92wn//bIYTAsWewpkjuzFzPw3KMPa2yIA/gTX++xBbqkcsAuMvl5
mQk9PdS4hLxz+c5uC9eA/hQ2v/WeT6Ihi0OfDeY5sfgUDI2Ev5weiaN0FpG23+fhgCPpmCbHLUtIbXkRCWvdoffOvnr6KjD5ew==
Hkgmy4qBsW4ojeUAboxDoVpbZdVPFoKOe3noTERq1ZwBq+Wfo/elDz/A4IvbK7vj/4Cax3oRsQLoopzGRvkN
S6+rBZhGHRp+TF36fdM52xQ2vPWeT6Ihi0OfDeY5sfgUDI2Ev5weiaN0FpG23+fhgCPpmCbHLUtMbnkZDGvcoffOvnr6KjD5ew==
hi0suMLP+YHo7cT20eztAQPkJ6MRMTHm/nsGgZawOqqrYH9Tm2PfB9vzQTied6XLwBqBeeQ7BOHP/pZa4jo4+XM=
NcGBmkPT8YVm1tCIwZ7xfwPkJaMRMTHm/nsGgZawOqqrYH9Tm2PfB9vzQTied6XLwx+BeuQ7BOHP/pZa4jo4+XM=
UMUG/FJNGaStCckACEMTUhQ2vPWeT6Ihi0OfDeY5sfgUDI2Ev5weiaN0FZG23+fhgCPpmCbHLUtObXkaDGvcoffOvnr6KjD5ew==
R+F11EPeek4QycDuH19DNhzC4ctGJyjL0XNWsdMEKxFWVWnFkc/jJRuu2IiVE2japl3Va6sPQyC5mhSjebo7oMzCyEGtg5kmpF1mzyQ3+WI=
x7LxQLURaLKidqBKpJQWUfaBMh7lsSgHi0zFR6SQUV3/H0AABpLv3KQvXUgKTsGwgELswYBZC6gKyVYSOubk1LCOnXBaY0TNWM7yNr0npUjc3c0wm/IF4LJPSdnJwBgvzhFwHflU
iBHBk1HffQS88jQ8Dfw3FzY8NRCkMWPm/Q8e2XMsXo/KPpT+2ubFpBkq1POZyju06fKKkc1zGbYE7aafxEf5cg==
1VopOJToLxAf1FimrJwitKq8QfK3gQKuwwE0RA1gU2UQg7lYduc9S12LKd5ci0whhy7OuorKQPkL
IXpHZT3ZL2DIWVntc5bS1zsWMbAbr7AOkb/ShCzLxXgcTS1gmyJlcPJ/qalJcDjfjoHQTfkE
prvbN80A8G3Jb6NYXhANbFVV/HFKTCBvz4Awq+srzAevRypn6pFBYjjirOZW+R0=
knD5GPz480o2EAAZ9aXF+aq8QfK3gQKuwwE0RA1gU2UQg7lYduc9S1qLKd9ci0whhy7OuorKQPkL
h26UpNYP1IGYu5YUp6GLUzsWMbAbr7AOkb/ShCzLxXgcTS1gmyVlcPN/qalJcDjfjoHQTfkE
AKungSSNVQ1PZs7RsxbFr3R0dnVa7dnteHk40JrfOj4cbId70ThgAg+Sj8ruWlBd8Lx6SRlPublfAAuRJKEFGJwt7UCbCiWQc5/pSUlQeH8OIRAt+WQ=
3t3+vT/V2N1wxBjQXvoJluXH5OLn6pdnXGfA76xiakGWxLTKY9mx1txo1yT7GD4knIe4er4LWYHl86dWX2MU/+ki9MvJIrskWbpr6d1bWW50ZQYnFC/5ag==
+Wxc1RnoEiiBZ67WF1XmmjK9mhWguSkKJp6khCpqJSK43J949y0GYafuu4MRDU9mzabsZFfAJLngxxCDc7lEfObDWdjWpx1LNUtJX/zLbCFnbm46Kgog+Ws=
As/FckgHjm0TaGIVMTVT/baXqA9WLIiOj3JymN2wxXnsQc36iYsTCUV258LOTCUU7vkqE2Ir0d3u7GxH21BkM3fr3x/7l76PpnFNikwS2B4q+WE=
