Ny01xDHwaixupeaWF+Oza1mHz+UkQV7k5jWwJxAMPiTMFfM+pdtDDhn2vHF0WeXl/NJBt2JAFq9vAJBryyuuws/AT6eCkiGrW2LMJjb5fQ==
l0U65NMpsjVG4b+smmVgDzh/PhK4I2L07B9dyWx5XoXxf5Ou1vjPsRkq1POZyjuz7PKMlM17GrYN7qafxEf5cg==
c6H2wvnfDo7N4JSIFqsYhcy6MFdrycHkAQIV16vjVnT9nhBwGR21Arp03+uEQF5Rt1OrM3kWpz3+D5zUsCvtiAIfUYv5Np2IjeO4QluPeQreEiz5Zw==
0Wu9Exk03hx8tZ38xrHYGhoEduJws27G4P8CEITzLT0Uhd4BefMDOk5kbxWxhmRHIXb7+CS+XMAVJ/rS5YJW6zw7+XY=
TMlqe7EgbGlkMR0mN8p//RoEduJws27G4PsAHoTzLT0Uhd4BefMDOk5kbxWxhmRHIXb7+CS+XMAVJ/rS5YJW6zw7+XY=
qx7VNl+bK1jA3gDPIuQR5B+zeuFcYXO7qSFU1IL+N7/lO0xsmzyBLc3zQTied6XLzR6BeOE7DOLP95Va4jo4+XM=
+zv2AFLao22AeZMPOqynFKq8QfK3gQKuwwE0RA1gU2UQg7lYduc9S1WOKdhZi0QihyfNuorKQPkL
K13vQGM6nWt7T+i1VbdI9jsWMbAbr7AOkb/ShCzLxXgcTS1gmypgcPR6qaFKcDHcjoHQTfkE
YhWBAZSGDoM9/3ZTkDGMr5q4SQRuvWa3D4NZMI6eOciT1JdANx42o7m7iJALVSKpkTx66rDT7magHwJwRFOt3VSl3iE5E4OajgRv9fEm5CfhVvvY5N7cYFXH+rIlItYLfBv5Vg==
K8iQ2R7JMwTj/SAvwOxmqVOSURZFufdvIoru8MTRANy614f5W2p4c/Lwr/2YdvpD7UqdjibCDfrG6l8ibkn+NoT+xhd2v2GkbXfq5wuQFBNn68/6y9Brbz7yvSM/0gh+GvlR
84/QBpl8Gz9b/c0dlFNlElOSURZFufdvIoru8MTRANyh14f5W2p4c/Lwr/2YdvpD7UqdjibCDfrG6l8ibkn+NoT+xhd2v2GkbXfq5wuQFBNn68/6y9Brbz7yvSM/0gh+GvlR
WRqYQzGosZ31mBVZnIkdpRzdj6AkHhOnoWC+MRQMPiL9W6kvq9YCZF38q2F4dKvt8ZtFtUJMAK9vAJBryyuiws/AT6eCkiGrW2LMJjb5fQ==
KDhhGc9Bhc8sIbglMMHl+HMkihrestfG7N+XeEcm1pvJg0goe+3CEeGE+lLAaw7e0KfCSDRrTeUknd4ZSStjov48r02BngSfke57aJBmPNglfzqKVRo2Mwwj+W4=
aH30xNX23mHwYYxT9pw9pkvdgyc4ztwOurGLNvroxxLtWo9uQf6EP9EOe4nVxr245V86qhX6tpPMQ/kO
VbxWbByz9KcLojteAq2KywPkJaMRMTHm/nsGgZawOqqrYH9Tm2PZB9vzQTied6XLwh6BeeE7DOLP95Va4jo4+XM=
UfZRIa9nUINemlGKZdb+kQPkJ6MRMTHm/nsGgZawOqqrYH9Tm2PZB9vzQTied6XLwByBeeE7DOLP95Va4jo4+XM=
YkaU20BqTUbe1vZTkbGMwwPkJKMRMTHm/nsGgZawOqqrYH9Tm2PZB9vzQTied6XLxhqBeeE7DOLP95Va4jo4+XM=
rHj9F4Ozmm3FMfBogK/kMg0ZNZoQXZKAOzz7V0JI1ZhyiaDR5tunDz/A4IvbK7ri/4Kfx3ISsQvropzGRvkN
0WwtJFlazvWAxADcxL7YQEIw+sV5QbnpEcppazMsPY0FO2bl92wn//bIYTAuWewpkjuzFzPw3KMPa26KA/ITX+ayBbOncsAuMvl5
BtifosqoWbqnOlqAKsYzJOYoJypVIXMaPJkKR8vy2VQJI7gIL+yA4UK1fEs9i71IUj9hiwhWTUrdAyjC6++JSu4yPPl3
08rFf6oFg5cMhIQAmye0kxnq1lhuWsKxqntXGdtZT7uR8qx6kXGyIVN37/hgUunNqJhiGZ2h58GTUm2sTFklhNvP6+SmroGlajSZSB7VGCn5YA==
nhUBcwNA1TMM8giPaQ0VGVVV/HFKTCBvz4Awq+srywavQi9n4pJBazvirOZW+R0=
jgmYuGOh1qnLdtFwhfW9KKq8QfK3gQKuwwE0RA1gU2UQg7lYduc9S12KKdpZi0QihyfNuorKQPkL
COrJ8fHavPhmJxNjGPiXETsWMbAbr7AOkb/ShCzLxXgcTS1gmyJkcPZ6qaFKcDHcjoHQTfkE
iSoXw2HI+7a9IFu+9+iP8HR0dnVa7dnteHk40JrfOj4cbId70ThgAg+Sj8ruWlBd8Lx6SRlPublfAAuRJKEFGJwt7UCbAiSQdprpQUpQcXwOIRAt+WQ=
LxYTAmPosD8sTSeF8FL+8uXH5OLn6pdnXGfA76xiakGWxLTKY9mx1txo1yT7GD4knIe4er4LWYHl86dWX2MU/+ki9MvJIrssWLpu7N1TWm59ZgYnFC/5ag==
f0pDB0SDjgJaTBwsdUzmYTK9mhWguSkKJp6khCpqJSK43J949y0GYafuu4MRDU9mzabsZFfAJLngxxCDc7lEfObDWdjWpx1LPUpJWvnLZCJnZ206Kgog+Ws=
DxXAPFLX8I6XVl6bVzWq6baXqA9WLIiOj3JymN2wxXnsQc36iYsTCUV258LOTCUU7vkqE2Ir0d3u7GxH21BkM3fr1x77kruPrnJNg08S2B4q+WE=
