ueGrfv7GM7R9yy2amiIw6FmHz+UkQV7k5jWwJxAMPiTMFfM+pdtDDhn2vHF0WeXl/NJBt2JAFq9vAJBryyurw8/ESaeJkiGqW2LMJjb5fQ==
nAHMah+M0gd0Xwt8Y0mLLjh/PhK4I2L07B9dyWx5XoXxf5Ou1vjPsRkq1POZyju37fKIks1wGrYM7qafxEf5cg==
knhvdf4p8lxdMo6K6sTdehmnMnv9xqgCZT2b9qdHWVfMnEf68tB7+Q9qYMCtOzY0hJnNl2lzu9Ld9SR7rgTCHzfgOPszqxBTp2SR10FSaXpjAiQWLvll
Amvw7EKRr/pCXhnOE9L1yhoEduJws27G4P8CEITzLT0Uhd4BefMDOk5kbxWxhmRHIXb78yW+WMYVLPrS5IJW6zw7+XY=
wzHc0vUr86d59s+g7dtY3RoEduJws27G4PsAHoTzLT0Uhd4BefMDOk5kbxWxhmRHIXb78yW+WMYVLPrS5IJW6zw7+XY=
ijc3XLTSAwmsAptDFvf5yR+zeuFcYXO7qSFU1IL+N7/lO0xsmzyBLc3zQTied6XLxh+BfOc7B+LP9pVa4jo4+XM=
uSmc1bAeR9ccuSrP16EnRKq8QfK3gQKuwwE0RA1gU2UQg7lYduc9S16PKdxfi08ihybNuorKQPkL
6V3nGFGK4TkUPQ0+0liqAzsWMbAbr7AOkb/ShCzLxXgcTS1gmyFhcPB8qapKcDDcjoHQTfkE
TyrntkDA2LckVQab/JF+15q4SQRuvWa3D4NZMI6eOciT1JdANx42o7m7iJALVSKpkTx66rDT7magHwJwRFOt3VSl3iE5E4OajgRv9fEm5CfhVvvT5d7YZlXM+rIkItYLfBv5Vg==
YN1d85HL4ykLpi9MrLoKE1OSURZFufdvIoru8MTRANy614f5W2p4c/Lwr/2YdvpD7UqdjibCDfrG6l8ibkn+NoT+xhd2v2GkbXfq5wuQFBNn68T7y9RtbzXyvSI/0gh+GvlR
0Yq7P8AZBII9VbNyVeEeTlOSURZFufdvIoru8MTRANyh14f5W2p4c/Lwr/2YdvpD7UqdjibCDfrG6l8ibkn+NoT+xhd2v2GkbXfq5wuQFBNn68T7y9RtbzXyvSI/0gh+GvlR
J92AqMTPSN+Gp1p8bVvC+Rzdj6AkHhOnoWC+MRQMPiL9W6kvq9YCZF38q2F4dKvt8ZtFtUJMAK9vAJBryyuvw8/ESaeJkiGqW2LMJjb5fQ==
oxOFujCZH7Y/DrbdoBFt73MkihrestfG7N+XeEcm1pvJg0goe+3CEeGE+lLAaw7e0KfCSDRrTeUknd4ZSStjov48r02BngSfke57bZBmO94ldDqKVBo2Mwwj+W4=
19lv1pjwME3AlzR2idhv6FlFZtVPCZyGf2ihEBQr1ZwBq+WfovelDz/A4IvbK73j/4iZx3kSsQrropzGRvkN
sNHpg6LnO3GrKwNZulKcoE5YLophuCeQv7peQ8mxLT8WmcpOCpAnah0nTxaxhmRHIXb79iS+VMYVLPrS5IJW6zw7+XY=
KBEFePdkVpABdOiMlPFbhXTr9hinrHffxshREP4ZPEkCu0N3w7Aswx9re64zuaL/XTKVEveykM5C+Qk=
atwOQ0jsPiuZrvjECzrfbXS99hinrHffxshREP4ZPEkCu0N3w7Aswx9rfaszsaP/XTKVEveykM5C+Qk=
ig/uwCHCTSWUNRpYKrSr8xzC4ctGJyjL0XNWsdMEKxFWVWnFkc/jJRuu2IiVE2japl/Va6sPQyC5mhSjebo7pczCzUStgJomrF5mzyQ3+WI=
RFg1FP4JY+cGuFqDd0sdzBzC4ctGJyjL0XNWsdMEKxFWVWnFkc/jJRuu2IiVE2japl/Va6sPQyC5mhSjebo7pcnCzUStgJomrF5mzyQ3+WI=
WPuepDuzWQXP7OHhsVVPwRxVMZURW5KdOzz7V0JI1ZhyiaDR5tunDz/A4IvbK73i/4Ofx3kSsQrropzGRvkN
JY7evoQfduQg1BGXg5XUL+YoJypVIXMaPJkKR8vy2VQJI7gIL+yA4UK1fEs9i71IUj9hiwRTTUDdAyPC6+6JSu4yPPl3
uITs6HTgfRg4zNTMfzdANxuW1CkjiohU/efoNv6b5VejG6NsQf6EP9EOe4jQxrS45VQ6qhT6tpPMQ/kO
q7yenIi/69lZlKEc87jRuidlPgmzMnS1ux4Y2HVjaMqGb5W7y//DsBkq1POZyjuz6PKElM1wGrYM7qafxEf5cg==
L9U5JaapXqzrfwdz1lf02ouj0sOWox+cxAcPqKBiyd2oiEIpXfEHsRPizXwMqUWU29cIlG3+IR7qxPiYXuU4Oflw
nqkRnlv9iTdg0Z++ThX+B0GjNupcZWWs7GFFxIWrPIirZAxx3i2YK9nzQTied6XLwh6BceE7B+LP9pVa4jo4+XM=
WwKWyL+Tu8N4MtugFAl90CdlPgmzMnS1ux4Y2HVjaMqGb5W7y//DsBkq1POZyjuy7/KFlM1wGrYM7qafxEf5cg==
vneyanM8vuIv36/nrHWTbYYP4wecQvYxt/w+NY+MT+/+yGkgxjkUeUp7C6drELRTh+vnOKtZyy8V8t3in1LoPjr5cQ==
OkigMqCfuu1dH+klFbShsx9DfISTz6fPIPJaaVOc2k1jHNNnekjtqFqpeIEum29/x6AIG0OrK3BXKSd3MdL52rNC9DY++XU=
V0b/ILZHw14C0QerMFyx3h+p8mCfdp0Xxne3OGSjpzww9kFZKAzKvc1lrxWzRmWoXH0NUJsSRUA9Kgk6yuDQjE7xMD35dA==
FHTiP3W4sZjeHS1ymWomM1VV/HFKTCBvz4Awq+srzwCvQCtn6JJBajvirOZW+R0=
xLlRx7ItW0onljJYW8wc8qq8QfK3gQKuwwE0RA1gU2UQg7lYduc9S1mMKdhdi04ihybNuorKQPkL
fSrM86E2TPv7I30mFkgUYzsWMbAbr7AOkb/ShCzLxXgcTS1gmyZicPR+qatKcDDcjoHQTfkE
tJhRIUcHcmGvGaYBYfJ5o3R0dnVa7dnteHk40JrfOj4cbId70ThgAg+Sj8ruWlBd8Lx6SRlPublfAAuRJKEFGJwt7UCbBiKQdJ7pS0pQcHwOIRAt+WQ=
qtDBa8tJLXKY9kyELik1weXH5OLn6pdnXGfA76xiakGWxLTKY9mx1txo1yT7GD4knIe4er4LWYHl86dWX2MU/+ki9MvJIrsoXrps6N1ZWm58ZgYnFC/5ag==
UCdGjcfwGarcvy7iIsDS9TK9mhWguSkKJp6khCpqJSK43J949y0GYafuu4MRDU9mzabsZFfAJLngxxCDc7lEfObDWdjWpx1LOUxJWP3LbiJnZm06Kgog+Ws=
PFYMLVZXRL0iV15J8X80rraXqA9WLIiOj3JymN2wxXnsQc36iYsTCUV258LOTCUU7vkqE2Ir0d3u7GxH21BkM3fr0xj7kL+PpHJNgk8S2B4q+WE=
