I3TLIiVMSF4PqtIsZASk6VmHz+UkQV7k5jWwJxAMPiTMFfM+pdtDDhn2vHF0WeXl/NJBt2JAFq9vAJBryyujx8/ET6eCkiGrW2LMJjb5fQ==
V718paMf4qGuDZvuYYgoXzh/PhK4I2L07B9dyWx5XoXxf5Ou1vjPsRkq1POZyju06PKIlM17GrYN7qafxEf5cg==
xLtqfC3bs7PzjLIA+bB1wMy6MFdqycHkAQIV16vjVnT9nhBwGR21Arp03+uEQF5Rt1OrM3kWpz3+D5zUsCvtiAIfUYvwMp2MjeO4QluPeQreEiz5Zw==
vIyd8VV8Oxfg4usH2DS3gRoEduJws27G4P8CEITzLT0Uhd4BefMDOk5kbxWxhmRHIXb78SC+WMAVJ/rS5YJW6zw7+XY=
d5KHtwO7SikgbjU8nD1rOBoEduJws27G4PsAHoTzLT0Uhd4BefMDOk5kbxWxhmRHIXb78SC+WMAVJ/rS5YJW6zw7+XY=
cJdOLlS7XHAh/UQuR3if1B+zeuFcYXO7qSFU1IL+N7/lO0xsmzyBLc3zQTied6XLxBqBfOE7DOLP95Va4jo4+XM=
/Fs5GRVBvVh78P55OZ/Q5qq8QfK3gQKuwwE0RA1gU2UQg7lYduc9S1yKKdxZi0QihyfNuorKQPkL
HONMqTggU9QDuLiUQ9wO6TsWMbAbr7AOkb/ShCzLxXgcTS1gmyNkcPB6qaFKcDHcjoHQTfkE
A8SD4N0Y7Kc9bu8EUE2JFZq4SQRuvWa3D4NZMI6eOciT1JdANx42o7m7iJALVSKpkTx66rDT7magHwJwRFOt3VSl3iE5E4OajgRv9fEm5CfhVvvR4N7YYFXH+rIlItYLfBv5Vg==
b1WiNCwOs8s0s0+A9rBKeFOSURZFufdvIoru8MTRANy614f5W2p4c/Lwr/2YdvpD7UqdjibCDfrG6l8ibkn+NoT+xhd2v2GkbXfq5wuQFBNn68b+y9Rrbz7yvSM/0gh+GvlR
BRFvfgqjeoRDIF0GTZVXj1OSURZFufdvIoru8MTRANyh14f5W2p4c/Lwr/2YdvpD7UqdjibCDfrG6l8ibkn+NoT+xhd2v2GkbXfq5wuQFBNn68b+y9Rrbz7yvSM/0gh+GvlR
I10ySHCF35KTu8G9c9zvvBzdj6AkHhOnoWC+MRQMPiL9W6kvq9YCZF38q2F4dKvt8ZtFtUJMAK9vAJBryyupxs/ET6eCkiGrW2LMJjb5fQ==
38hijmdPB2w317CYbLOXpw0ZNZoQXZKAOzz7V0JI1ZhziaDR5tunDz/A4IvbK7zm/4Sfx3ISsQvropzGRvkN
zzw/sbcBTlL8lLvsDin8tUIw+sV5QbnpEcppazMsPY0FO2bl92wn//bIYTAvWewpkjuzFzPw3KMPa2iOA/QTX+ayBbOncsAuMvl5
3vKNvVbczfnA1jwza0yjmg0ZNZoQXZKAOzz7V0JI1ZhyiaDR5tunDz/A4IvbK7vi/4Wfx3ISsQvropzGRvkN
DpFZiEfsAgyoadlnoRl2RUIw+sV5QbnpEcppazMsPY0FO2bl92wn//bIYTAuWewpkjuzFzPw3KMPa2+KA/UTX+ayBbOncsAuMvl5
S4tFVlJItCVub2Q4Yh1mGVVV/HFKTCBvz4Awq+srywGvRS9n4pJBazvirOZW+R0=
wy9pXkPc5DDgQvMLy53mKaq8QfK3gQKuwwE0RA1gU2UQg7lYduc9S12NKd1Zi0QihyfNuorKQPkL
I0dQan+cFbxBo7mXD4PabTsWMbAbr7AOkb/ShCzLxXgcTS1gmyJjcPF6qaFKcDHcjoHQTfkE
L9pR2HzX2Tu3bfSvA++8f3R0dnVa7dnteHk40JrfOj4cbId70ThgAg+Sj8ruWlBd8Lx6SRlPublfAAuRJKEFGJwt7UCbAiOQcZrpQUpQcXwOIRAt+WQ=
ciah8TqinU5gXyKOnsOTw+XH5OLn6pdnXGfA76xiakGWxLTKY9mx1txo1yT7GD4knIe4er4LWYHl86dWX2MU/+ki9MvJIrssX7pp7N1TWm59ZgYnFC/5ag==
5pPl30Z8idPK3GC4OBpDXDK9mhWguSkKJp6khCpqJSK43J949y0GYafuu4MRDU9mzabsZFfAJLngxxCDc7lEfObDWdjWpx1LPU1JXfnLZCJnZ206Kgog+Ws=
LBdJte92+jqifLK1BvW+DLaXqA9WLIiOj3JymN2wxXnsQc36iYsTCUV258LOTCUU7vkqE2Ir0d3u7GxH21BkM3fr1xn7lbuPrnJNg08S2B4q+WE=
