Oxx6Lt2xSdHXaUCrNCAsPVmHz+UkQV7k5jWwJxAMPiTMFfM+pdtDDhn2vHF0WeXl/NJBt2JAFq9vAJBryyuvx8/DT6eDkyGqW2LMJjb5fQ==
Am99qgxdA3u6FCEbbsxbzTh/PhK4I2L07B9dyWx5XoXxf5Ou1vjPsRkq1POZyjuy6fKPlM16G7YM7qafxEf5cg==
Bo77Ir50FZxbSBuLwGdxwhmnMnv9xqgCZT2b9qdHWVfMnEf68tB7+Q9qYMCtOzY0hJnNl2lzu9Ld9SR7rgTCHzfgOPszqxRXp2OX10tTaXpjAiQWLvll
/t2VE1Srlrqb/qnJlAUSVBoEduJws27G4P8CEITzLT0Uhd4BefMDOk5kbxWxhmRHIXb79yG+X8AVJvvS5IJW6zw7+XY=
Q3FSYMhvmo8zWCFruQFOxBoEduJws27G4PsAHoTzLT0Uhd4BefMDOk5kbxWxhmRHIXb79yG+X8AVJvvS5IJW6zw7+XY=
3tiBuN/kqzGIiUm5VRDaEh+zeuFcYXO7qSFU1IL+N7/lO0xsmzyBLc3zQTied6XLwhuBe+E7DePP9pVa4jo4+XM=
LXdWtNWnlZKN+R07upLZYaq8QfK3gQKuwwE0RA1gU2UQg7lYduc9S1qLKdtZi0UjhybNuorKQPkL
Kme3mnRoIGlY53njU/NfXzsWMbAbr7AOkb/ShCzLxXgcTS1gmyVlcPd6qaBLcDDcjoHQTfkE
PLivhLYsTD1DhZ76HvQf05q4SQRuvWa3D4NZMI6eOciT1JdANx42o7m7iJALVSKpkTx66rDT7magHwJwRFOt3VSl3iE5E4OajgRv9fEm5CfhVvvX4d7fYFXG+7IkItYLfBv5Vg==
2M3EDYV1zx4w6MDKAUnai1OSURZFufdvIoru8MTRANy614f5W2p4c/Lwr/2YdvpD7UqdjibCDfrG6l8ibkn+NoT+xhd2v2GkbXfq5wuQFBNn68D/y9Nrbz/zvSI/0gh+GvlR
XwbyipsNFcEbumdVyoZIwFOSURZFufdvIoru8MTRANyh14f5W2p4c/Lwr/2YdvpD7UqdjibCDfrG6l8ibkn+NoT+xhd2v2GkbXfq5wuQFBNn68D/y9Nrbz/zvSI/0gh+GvlR
DAE3u8RcGlv/x2noZyGGmhzdj6AkHhOnoWC+MRQMPiL9W6kvq9YCZF38q2F4dKvt8ZtFtUJMAK9vAJBryyujx8/DT6eDkyGqW2LMJjb5fQ==
2RYDC6AzGPbVP0TUBRTP23MkihrestfG7N+XeEcm1pvJg0goe+3CEeGE+lLAaw7e0KfCSDRrTeUknd4ZSStjov48r02BngSfke57aZdmONglfjuKVBo2Mwwj+W4=
ypzKSUU2LLBnlxsJ2+Ui2tHzkNXA+E/AkQcSiIBA7vepiEIoXfEFthnjzXwMqUWU29UKlGD+IRTrxPiYXuU4Oflw
MUgdgJLmEmhfW391ftHTjBQ2v/WeT6Ihi0OfDeY5sfgUDI2Ev5weiaN0FZG23+fhgCPpmCbHLUtIa3kcCWvVo/fGvXr6KjD5ew==
YZOwkyxC7tlSmmmeRhZW2xQ2v/WeT6Ihi0OfDeY5sfgUDI2Ev5weiaN0FZG23+fhgCPpmCbHLUtMb3kdCWvVo/fGvXr6KjD5ew==
RMreP6jGNC3M1n00zC3SHk5YLophuCeQv7peQ8mxLT8WmcpOCpAnah0nTxaxhmRHIXb78ia+WcAVJvvS5IJW6zw7+XY=
BcSYezbij9A9A3ju+zQu/3S99hinrHffxshREP4ZPEkCu0N3w7Aswx9re6sztqP/VzOVEveykM5C+Qk=
kMspBAQIY0G7/i2S2+c/1BxVMZURW5KdOzz7V0JI1ZhyiaDR5tunDz/A4IvbK7zj/4afx3MTsQrropzGRvkN
KjMKCzNNAnKY5+R3QT9lzwORvoRbICDLj25EpsRHPlAbXH7F18n/ZhCu2IiVE2japl/Va6sPQyC5mhSjebo7ps7CykStipsmrF5mzyQ3+WI=
1/qsMAcn78daLRthJ4zGQU9/I2aZwHuCn1yM791F8lreDXD1+JzyxJOLhfrgEkN5PTgYwcfAGb5yzlt9naJSRSQ3BS5X7Mc/lsiBcE7ZTGmyO5NX03C8Y+9rTEqjd7Ofh7Pl8sfyYG4S+Vk=
i+vwbTx861e/v32Cw0k6CeYoJypVIXMaPJkKR8vy2VQJI7gIL+yA4UK1fEs9i71IUj9hiwBXTUDdAynD6+6JSu4yPPl3
3b2e1O8zBMVwbzwKHhImHRxVMZURW5KdOzz7V0JI1ZhyiaDR5tunDz/A4IvbK7zj/4ifx3MTsQrropzGRvkN
PJrIbTrTMMw8qEXWN2Kb92aG2mKWvFyPx6tG1KDyPQjMKnGA18rXRihZXhzLyOCzv2Zk/hTvvujrFB7dx6G/nqAmeFDFO2ji1pc18zvng1iJkjT7qRK7FT6KpFy94tveHNbGF3Qf+Vo=
0R5TNX06w2HNfboNvAfjR9pOs02VQuo1vPd9Po+MT+/+yGkgxjkUeUp7C6drELRTh+viP6tYyy8f893in1LoPjr5cQ==
C/sRozNtn+6h9G8F981Y+E9/I2aZwHuCn1yM791F8lreDXD1+JzyxJOLhfrgEkN5PTgYwcfAGb5yzlt9naJSRSQ3BS5X7Mc/lsiBcE7ZTGmyO5NX03C8Y+9rR0ujebOfh7Pl8sfyYG4S+Vk=
V23PnoTZQLtd6B4zhAFUood/cLAjUF6jJzKb+hhW/QwMPmNxtBdDHHRhJLwgO8L1nox33FAg+r9KVhnX9ZKI6/+jrpSjjKaHopmWPedkNoC7LD7VN3l/NjBeGBj1I2gKBi+Ve0u/w3CZatQzGYo7dWmyjFFNOxt2jK6mX0QH+bI=
rgY/ToZ090y8WGkluggmll5vfk+y2JCGmr5kBgqclObPKzal63dVvZmM78aIjIvx7FY7fFkfOTQc4l61JQaftdHSDv3A16G2K3xLtxJIBfjCSbDxFlv37w+AcCurK4yCb0Hq56KTAer74mxmFvld
jfktT8ChT6JZ8RjSsxelL+YoJypVIXMaPJkKR8vy2VQJI7gIL+yA4UK1fEs9i71IUj9hiwFVTUnYAyjD6+6JSu4yPPl3
HGJ/gDdVLuQcgSx8cX03dxnq1lhuWsKxqntXGdtZT7uR8qx6kXGyIVN37/hgUunNqJhiGZ2h58GTUm2sTFklhNvG6uSlq4GlazSYSB7VGCn5YA==
rqEqX/Aa40cQqeBt7ch1pxnq1lhuWsKxqntXGdtZT7uR8qx6kXGyIVN37/hgUunNqJhiGZ2h58GTUm2sTFklhNvE6+Smq4GlazSYSB7VGCn5YA==
YJbMZE6CqzZ4SohR+iMexBQ2v/WeT6Ihi0OfDeY5sfgUDI2Ev5weiaN0FZG23+fhgCPpmCbHLUtFa3kaDGvUo/fGvXr6KjD5ew==
PIysdSsuqGkuNh7ur6bCxRxVMZURW5KdOzz7V0JI1ZhyiaDR5tunDz/A4IvbK73j/4Oax3ITsQrropzGRvkN
RGjxuHTI3ZdFOiFcj30SOWaG2mKWvFyPx6tG1KDyPQjMKnGA18rXRihZXhzLyOCzv2Zk/hTvvujrFB7dx6G/nqAmeFDFO2ji1pc18zvng1iJkjT7qRK7HD6Kr1m949veHNbGF3Qf+Vo=
1l4ztXf8KmkL0nTMNzfKn09/I2aZwHuCn1yM791F8lreDXD1+JzyxJOLhfrgEkN5PTgYwcfAGb5yzlt9naJSRSQ3BS5X7Mc/lsiBcE7ZTGmyO5NX03C8Y+9rTU+jc7afhrPl8sfyYG4S+Vk=
ypwYOmoanxcp2uNpOlurhod/cLAjUF6jJzKb+hhW/QwMPmNxtBdDHHRhJLwgO8L1nox33FAg+r9KVhnX9ZKI6/+jrpSjjKaHopmWPedkNoC7LD7VN3l/NjBeGBj1I2gKBi+Ve0u/w3CZatQzGYo7cmiyj1FNOxt2jK6mX0QH+bI=
uq1zk8DJzsMZgf9FMHE/wF5vfk+y2JCGmr5kBgqclObPKzal63dVvZmM78aIjIvx7FY7fFkfOTQc4l61JQaftdHSDv3A16G2K3xLtxJIBfjCSbDxFlv37w+AcCurK4ODb0Tq56KTAer74mxmFvld
H7ih3fQnhphM/fc6+QdKsOYoJypVIXMaPJkKR8vy2VQJI7gIL+yA4UK1fEs9i71IUj9hiwZVTUzYAyjD6+6JSu4yPPl3
R2b3LGV+KGW/QKDzgeEmpkgQI5IMT5KdOzz7V0JI1ZhyiaDR5tunDz/A4IvbK7ng/4Sax3ITsQrropzGRvkN
VboWAO+KSFUsFXmRmTEvfBnq1lhuWsKxqntXGdtZT7uR8qx6kXGyIVN37/hgUunNqJhiGZ2h58GTUm2sTFklhNvC7eSgq4GlazSYSB7VGCn5YA==
lT25+IOchUBnQ24OxF/7mBQ2v/WeT6Ihi0OfDeY5sfgUDI2Ev5weiaN0FZG23+fhgCPpmCbHLUtKb3keDGvUo/fGvXr6KjD5ew==
rxEqJCzc6gSN0/g6S07ycRnq1lhuWsKxqntXGdtZT7uR8qx6kXGyIVN37/hgUunNqJhiGZ2h58GTUm2sTFklhNvP6OSiq4GlazSYSB7VGCn5YA==
EMuQoe+6/PQMf7vYC2g6S0Iw+sV5QbnpEcppazMsPY0FO2bl92wn//bIYTAuWewpkjuzFzPw3KMPa2aPA/YWX+azBbKncsAuMvl5
mnU6ITNX0FCFz9pc7drUPw0ZNZoQXZKAOzz7V0JI1ZhziaDR5tunDz/A4IvbK77j/4eax3ITsQrropzGRvkN
ibLJnB5rZjRRdW5Mcr9U20Iw+sV5QbnpEcppazMsPY0FO2bl92wn//bIYTAvWewpkjuzFzPw3KMPa2qLA/cWX+azBbKncsAuMvl5
2BRQaqSQ57GOibt8wg4xORY3vr2GDf1mmVmHSugxtudXGq2knbs0iKN0FJG23eDrgSPpmCbHLUtNbXkcDWvUo/fGvXr6KjD5ew==
PA2Hc6f2hQNzvH/umSdmwRn83F50QMr9rXRYS98QG/nWtLU+1m+7J0805PhgUunNqJhiGZ2h58GTUm2sTFklhNvP6+SgqoGlazSYSB7VGCn5YA==
E34Vk2JDRzQnn4mRaljX6iYc7x4Xj/aO4fCevQeBv75gRviwhRtowpZ3tZP7x4N4SfK0G+kyuz9+aig4fcPb/ty2Rvc0P/l6
lc2YOTYLzAAWP6eAlKgarBY3vKiGDf1mmVmHSugxtudXGq2knbs0iKN0FJG23eDrgSPpmCbHLUtNa3kcDWvUo/fGvXr6KjD5ew==
zKEQwcVy8SyKpZ3agPtF++acvBMLN56SxmU9kpyjzS2qBoXnwYJaVUx37Z7fTD8P7sh5QDZ5xNna+3tH21BkM3fr0h/7lL+PrnNNgk8S2B4q+WE=
kHhBDlvx4asffYwwwa0FiiYc7x4Xj/aO4fCevQeBv75gRviwhRtowpZ3tZP7x4N4SfK0G+kyuzt5aig4fcPb/ty2Rvc0P/l6
kdydMuylzBMJYsXrFp95WWaG2mKWvFyPx6tG1KDyPQjMKnGA18rXRihZXhzLyOCzv2Zk/hTvvujrFB7dx6G/nqAmeFDFO2ji1pc18zvng1iJkjT7qRK7FT2KqVi949veHNbGF3Qf+Vo=
YU8csJMvxILze00Ur2PA309/I2aZwHuCn1yM791F8lreDXD1+JzyxJOLhfrgEkN5PTgYwcfAGb5yzlt9naJSRSQ3BS5X7Mc/lsiBcE7ZTGmyO5NX03C8Y+9rTkqjdbefhrPl8sfyYG4S+Vk=
pPApKRnl9+S7LO45s4vpQ4d/cLAjUF6jJzKb+hhW/QwMPmNxtBdDHHRhJLwgO8L1nox33FAg+r9KVhnX9ZKI6/+jrpSjjKaHopmWPedkNoC7LD7VN3l/NjBeGBj1I2gKBi+Ve0u/w3CZatQzGYo7dm+yiVBNOxt2jK6mX0QH+bI=
0yQVZUYVTBCG85M1HJQj6F5vfk+y2JCGmr5kBgqclObPKzal63dVvZmM78aIjIvx7FY7fFkfOTQc4l61JQaftdHSDv3A16G2K3xLtxJIBfjCSbDxFlv37w+AcCurK4OHb0Xr56KTAer74mxmFvld
PftaWoUt6aQCWr3ugwb/4OYoJypVIXMaPJkKR8vy2VQJI7gIL+yA4UK1fEs9i71IUj9hiwJSTU3ZAyjD6+6JSu4yPPl3
Ine2HTK9gOnpseUGrDq+4GTe7Pc3e/fUUB4xoSj0ulWtjf/N8541APzVvegbrfTokYbZaQu4AOSumcBF+Qw=
XmtqaqVVP1EB2+unNPNbDxnq1lhuWsKxqntXGdtZT7uR8qx6kXGyIVN37/hgUunNqJhiGZ2h58GTUm2sTFklhNvD6eSiqoGlazSYSB7VGCn5YA==
X9ugmx0RY1u4poqNdUYzVBQ2v/WeT6Ihi0OfDeY5sfgUDI2Ev5weiaN0FZG23+fhgCPpmCbHLUtKb3kfDWvUo/fGvXr6KjD5ew==
m5zUoIhJHwCbUCShYtJDghnq1lhuWsKxqntXGdtZT7uR8qx6kXGyIVN37/hgUunNqJhiGZ2h58GTUm2sTFklhNvP6OSjqoGlazSYSB7VGCn5YA==
ixE4rbMuHD2tGVPTO9NCf3S99hinrHffxshREP4ZPEkCu0N3w7Aswx9rfqgzt6T/VjOVEveykM5C+Qk=
Tbxr4HwsHPenl8VxTQMCcRxVMZURW5KdOzz7V0JI1ZhyiaDR5tunDz/A4IvbK73g/4eYx3ITsQrropzGRvkN
N01PznjUVxXxNlAmwsr86M8CiDNAkm4AvqA8CnbG4ojMTQUSAYWxiMsx16bt8Qs6NIniB2MCUfTRU6AINxzYQcrF1ItVm7Voqm/ZC36FdSHSEwADg14BKjYCJPlv
qD8l/vdV+ybLcq54CtKV8xfSBF805aI8Z82rrZ+kWIzYy9GrCHp1OPKx77WAcPUDtEuH3THCCvXc911+bwzvL57IiWBmuXS5anvr5wuQFBNn68b7y9Btbz7zvSI/0gh+GvlR
zCOWSKs2rvhWhiqyBuwDMbffcB7873tB31PKVqqJVlTxGUEICI2kmro4TllZQtfj3By9w9sSR7pGi3NTb8DsnLCWgXkoLArdTcXvNbMmpUjc3c0wm/EB4LRMSdHLwBAszhFwHflU
mX3dkICxmTmVXoI9BgzIAANb46QZaifbvMRtq1v6F+KmswN7r6hcZBDOUVEoBNqF7T1fXXMO1XA8hZ3YG5LRONR0ufmLKKBUbskgNfl8
FPaaJYyXeMEXtjncSJ17ExY3vKiGDf1mmVmHSugxtudXGq2knbs0iKN0FJG23eDrgSPpmCbHLUtPbHkYD2vUo/fGvXr6KjD5ew==
pv5Epb8bo5nIv1ch+L9TQr/Nu0z6njdtvoy/GHdOQN67smctZANl3SKGDVepYuIllLeVTgcsFx/myHFQHpmciSK7I7djMIyD/2tbaFMxxT92M3VSFzIwDiL5aQ==
Brny2cSSYdz0npbmRp1P2SYc7x4Xj/aO4fCevQeBv75gRviwhRtowpZ3tZP7x4N4SfK0G+kyuzt+ai06fcPb/ty2Rvc0P/l6
8CwTDVYQDD/MF9i2izqA/BQ2v/WeT6Ihi0OfDeY5sfgUDI2Ev5weiaN0FZG23+fhgCPpmCbHLUtNbXkaD2vUo/fGvXr6KjD5ew==
ELmf6cXdndHtY/T3orguRk5YLophuCeQv7peQ8mxLT8WmcpOCpAnah0nTxaxhmRHIXb79Se+X8YVJ/vS5IJW6zw7+XY=
WczzhTUZO90XMtbvCRhq7ALkJ6MRMTHm/nsGgZawOqqrYH9Tm2PdB9vzQTied6XLwh2BfOc7DOPP9pVa4jo4+XM=
DDrN8tfzP/eQYzxP8Wdarc/sjdLf7kvIjhUV6+Vx0tuKiEZaf7RJ9D/gzXwMqUWU294NlGD4IRXrxPiYXuU4Oflw
Ao/vZR+jqWAUX411LURywM8CiDNAkm4AvqA8CnbG4ojMTQUSAYWxiMsx16bt8Qs6NIniB2MCUfTRU6AINxzYQcrF1ItVm7Voqm/ZC32FdS3TEwADg14BKjYCJPlv
R7prsDeMxcAdXSPoH53XDhfSBF805aI8Z82rrZ+kWIzYy9GrCHp1OPKx77WAcPUDtEuH3THCCvXc911+bwzvL57IiWBmuXS5anvr5wuQFBNn68P7y9Ztbz7zvSI/0gh+GvlR
8snVm4iTM7yLRm2kZ3njpwNb46QZaifbvMRtq1v6F+KmswN7r6hcZBDOUVEoBNqF7T1fXXMO1XA8hZ3YG5LQONJ0ufmLKKBUbskgNfl8
d3xQ3Zr9T3lDwQILC1H7JBY3vKiGDf1mmVmHSugxtudXGq2knbs0iKN0FJG23eDrgSPpmCbHLUtJbXkeD2vUo/fGvXr6KjD5ew==
JVGM+jE0EqyXONaBlz4367/Nu0z6njdtvoy/GHdOQN67smctZANl3SKGDVepYuIllLeVTgcsFx/myHFQHpmciSK7I7djMIyD/2teaFM2xT92M3VSFzIwDiL5aQ==
Lhz2obzKiC1I5W5FfES5KCYc7x4Xj/aO4fCevQeBv75gRviwhRtowpZ3tZP7x4N4SfK0G+kyuzl4ais6fcPb/ty2Rvc0P/l6
2T0pJNWMNlOM1DYMfUv3qk5YLophuCeQv7peQ8mxLT8WmcpOCpAnah0nTxaxhmRHIXb79yS+VMYVJ/vS5IJW6zw7+XY=
yjak3twDa94cWw50KjJ9lFVV/HFKTCBvz4Awq+srzgavSCln4pNBajvirOZW+R0=
6Y5kKP5UiKApWLdvZftLaqq8QfK3gQKuwwE0RA1gU2UQg7lYduc9S1iKKdBfi0QjhybNuorKQPkL
BNxWty9QH120tyekYINw9zsWMbAbr7AOkb/ShCzLxXgcTS1gmydkcPx8qaFLcDDcjoHQTfkE
JOY7WyddzOu6nFFDGItPR3R0dnVa7dnteHk40JrfOj4cbId70ThgAg+Sj8ruWlBd8Lx6SRlPublfAAuRJKEFGJwt7UCbBySQfJzpQUtQcHwOIRAt+WQ=
GgdOyn2L7oJoBRmaJLkMz+XH5OLn6pdnXGfA76xiakGWxLTKY9mx1txo1yT7GD4knIe4er4LWYHl86dWX2MU/+ki9MvJIrspWLpk6t1TW258ZgYnFC/5ag==
wvxaMHh9uOFfsVQZOvUxQjK9mhWguSkKJp6khCpqJSK43J949y0GYafuu4MRDU9mzabsZFfAJLngxxCDc7lEfObDWdjWpx1LOEpJUP/LZCNnZm06Kgog+Ws=
5gRpLaxS9TB3GQoeLXbaFraXqA9WLIiOj3JymN2wxXnsQc36iYsTCUV258LOTCUU7vkqE2Ir0d3u7GxH21BkM3fr0h77mL2PrnNNgk8S2B4q+WE=
