hIfRXxClDJ/uQ+x+8kTky1mHz+UkQV7k5jWwJxAMPiTMFfM+pdtDDhn2vHF0WeXl/NJBt2JAFq9vAJBryyuswc/HSKeIkSGjWGLMJjb5fQ==
SnxyreSXeEtX8g/DlyKxiTh/PhK4I2L07B9dyWx5XoXxf5Ou1vjPsRkq1POZyju97/KLk81xGbYF7aafxEf5cg==
0BnDXcc6v5xM8fhog1dCB7KSqFRHfLeOg2c9j+DsmzK2EL+x09oMGAlb0ozoCXEf7fM/WmFlyMPK5GZH21BkM3fr3hn7l7yPpHFNi0wS2B4q+WE=
QmKH2a9eKjjCKbsRFKbZxRoEduJws27G4P8CEITzLT0Uhd4BefMDOk5kbxWxhmRHIXb78Ca+W8cVLfnS7YFW6zw7+XY=
wQLvhx7iTeNDAg++IWY45hoEduJws27G4PsAHoTzLT0Uhd4BefMDOk5kbxWxhmRHIXb78Ca+W8cVLfnS7YFW6zw7+XY=
c91UUNGaS7clrMyCMp3Vdx+zeuFcYXO7qSFU1IL+N7/lO0xsmzyBLc3zQTied6XLxRyBf+Y7BuHP/5Za4jo4+XM=
n5EEV0NvlLHEpwQcBe6tn6q8QfK3gQKuwwE0RA1gU2UQg7lYduc9S12MKd9ei04hhy/OuorKQPkL
aMw/AE5iAvLt9voLRm7UqzsWMbAbr7AOkb/ShCzLxXgcTS1gmyJicPN9qatJcDnfjoHQTfkE
GOGeALaZNKkFW+FN/o472pq4SQRuvWa3D4NZMI6eOciT1JdANx42o7m7iJALVSKpkTx66rDT7magHwJwRFOt3VSl3iE5E4OajgRv9fEm5CfhVvvQ5t7bZ1XN+bItIdYLfBv5Vg==
PTeaXMdeXwUfOT+OUMH9UVOSURZFufdvIoru8MTRANy614f5W2p4c/Lwr/2YdvpD7UqdjibCDfrG6l8ibkn+NoT+xhd2v2GkbXfq5wuQFBNn68f4y9dsbzTxvSs80gh+GvlR
Ho7Ea5erderjhO47lGqm2VOSURZFufdvIoru8MTRANyh14f5W2p4c/Lwr/2YdvpD7UqdjibCDfrG6l8ibkn+NoT+xhd2v2GkbXfq5wuQFBNn68f4y9dsbzTxvSs80gh+GvlR
Kka8OJscJVnY8S5UBq0jDhzdj6AkHhOnoWC+MRQMPiL9W6kvq9YCZF38q2F4dKvt8ZtFtUJMAK9vAJBryyuqwM/HSKeIkSGjWGLMJjb5fQ==
ORQHlrMKV4MzDQcU64wiYHMkihrestfG7N+XeEcm1pvJg0goe+3CEeGE+lLAaw7e0KfCSDRrTeUknd4ZSStjov48r02BngSfke57apFmNN8ldTmKXRk2Mwwj+W4=
eUStPuOP7++iVKVmY67O/VVV/HFKTCBvz4Awq+sryAOvQyln6JFBYzjirOZW+R0=
wW+vDOE3aOnlSa986cnvKKq8QfK3gQKuwwE0RA1gU2UQg7lYduc9S16PKdtfi04hhy/OuorKQPkL
lAOmGIGJuNk1H0ohojZLXDsWMbAbr7AOkb/ShCzLxXgcTS1gmyFhcPd8qatJcDnfjoHQTfkE
Dc/xtEMbqDT0zuDz5iWm+HR0dnVa7dnteHk40JrfOj4cbId70ThgAg+Sj8ruWlBd8Lx6SRlPublfAAuRJKEFGJwt7UCbASGQd5zpS0lQeX8OIRAt+WQ=
FvDM+fH3x66qG1RL+GnO7uXH5OLn6pdnXGfA76xiakGWxLTKY9mx1txo1yT7GD4knIe4er4LWYHl86dWX2MU/+ki9MvJIrsvXbpv6t1ZWW51ZQYnFC/5ag==
wBa8cmjAILB9nwQRV4rNezK9mhWguSkKJp6khCpqJSK43J949y0GYafuu4MRDU9mzabsZFfAJLngxxCDc7lEfObDWdjWpx1LPk9JW//LbiFnb246Kgog+Ws=
Y1ieYp9vbaW58uR7nFxVZbaXqA9WLIiOj3JymN2wxXnsQc36iYsTCUV258LOTCUU7vkqE2Ir0d3u7GxH21BkM3fr1Bv7k72PpHFNi0wS2B4q+WE=
