DySTMEm2r0v2cHtOv9PZ2lmHz+UkQV7k5jWwJxAMPiTMFfM+pdtDDhn2vHF0WeXl/NJBt2JAFq9vAJBryyupxs/FSqeMkiGjWGLMJjb5fQ==
BTgJFP3Yd2N462Dbslx5ejh/PhK4I2L07B9dyWx5XoXxf5Ou1vjPsRkq1POZyjux6PKJkc11GrYF7aafxEf5cg==
r22+TzX/qT1AzZYlMwktnZq4SQRuvWa3D4NZMI6eOciT1JdANx42o7m7iJALVSKpkTx66rDT7magHwJwRFOt3VSl3iE5E4OajgRv9fEm5CfhVvvV4N7ZZVXJ+rItIdYLfBv5Vg==
h2vDwD+Gl1dEInbgqNPgsFOSURZFufdvIoru8MTRANy614f5W2p4c/Lwr/2YdvpD7UqdjibCDfrG6l8ibkn+NoT+xhd2v2GkbXfq5wuQFBNn68L+y9VubzDyvSs80gh+GvlR
214T1UhTDKtr0um4VDi+mlOSURZFufdvIoru8MTRANyh14f5W2p4c/Lwr/2YdvpD7UqdjibCDfrG6l8ibkn+NoT+xhd2v2GkbXfq5wuQFBNn68L+y9VubzDyvSs80gh+GvlR
hD8N7ooQVyzKmZG6y/Llihzdj6AkHhOnoWC+MRQMPiL9W6kvq9YCZF38q2F4dKvt8ZtFtUJMAK9vAJBryyutxs/FSqeMkiGjWGLMJjb5fQ==
Tg8qVS2AdjUUH7pM80LSNGjhotZKJzzI8D0Nr8JAMB0YRWvJxdL/Vxjm2J+JCl+evAvCer4fXjG5mhSjebo7pszCykGthZompV1mzyQ3+WI=
F28Hcy2yFDTKeRt+FFKoZmjhotZKJzzI8D0Nr8JAMB0YRGvJxdL/Vxjm2J+JCl+evAvCer4fXjG5mhSjebo7oczCykGthZompV1mzyQ3+WI=
Hlg4vnVzBJW11sQgTcVkewYlujhnjOWE7bmWuUHfk41oDvinmQJfhowjooLu155pSfK0G+kyuzx/aio5fc3a/tW1Rvc0P/l6
myjri4u1EImZ7EIEzysIh2eY23SGvlyAx/ESi/yvY02nbDvQsZOJUSkNGlPtm+arsiVj/hn+uqC8eA3HwInwzcsEPR7UMU6jidUktiT8hUaJkjT7qRK7GD6Kqlm97dreFdXGF3Qf+Vo=
aABlAj4UMStDR98IkaJfQLq1soOfC+Kzia8nH6JGKBUI272TsjFRbTbx9uvAm3fLllCZEFGGz7zUsgMoZUwY947p3QvMFFhKFdwNHIwJBXTbtc004hthO+qkMTveBXgZ+VA=
Yhu7vjGNFtwDcMCPkz1kknMkihrestfG7N+XeEcm1pvJg0goe+3CEeGE+lLAaw7e0KfCSDRrTeUknd4ZSStjov48r02BngSfke57bJdmNN0lcTqKXRk2Mwwj+W4=
l5tMplbSZoarkVSBLcfIPXS99hinrHffxshREP4ZPEkCu0N3w7Aswx9reKszuab/WDKVG/SykM5C+Qk=
YLkbwlxF077gwb5/Pm0z5xxVMZURW5KdOzz7V0JI1ZhyiaDR5tunDz/A4IvbK7ri/4max3wSsQPoopzGRvkN
xg7EWN5PCEXGd9cKWL1MV2XehrgIBbnynQ01GG/Jm+YhyW8qMIH+Jx/KlYR1yyyIu4R8sY6NKKtJk7F4TleVy7H90bhVm5JiP59GGtIaKPlj
guoWNWdCwlOzmM3A9I7nb0Q7cjtUZW55QfSIu1QfP7jqruNQLKCLIhZ6b4K2twtvj/yUIEAq+cWokHJhvXmXCVMa3XQs4bUMW016XETyMWMqfGETPi0IIflo
ZuCgN/fB/S+avvQaMCcUrVWZQB1trb9oIoy6+NT4ANiCgY26XHByMbviv/mPcPVN6UbTjTXCCvXc911+bwzvL57IiWBmuXS5anvr5wuQFBNn68L6y9FvbzDyvSs80gh+GvlR
xNQNn6tbWDLSUBQ2vipq46bu4pOdnbqMHTvAjdrLh0jYx0tkZGVYtYLc0AcwbBJaIueJmJOlhM5B7et0ZaxOiX9NXzrIusikXbfoZl5rpWdDSyO8Ic5ET3Hee1x3tn6MhYG6+v3J9mNsE/le
B7cciZJ/gokOS4V5B8FUNKCDqwL43CYgrZDwHnkOQciu8SdlKBBtkyzbE1upYuIllLeVTgcsFx/myHFQHpmciSK7I7djMIyD/2tbblMyxz94MnVbFDIwDiL5aQ==
li2TXWb+kKq6a8/MpEj8qG+7P5oao88a5MwqKKmQ9BZ1Hl3QytHDXVQgodtoG9cT5ZJeXTBXMdabvJuXYkj12JIJABGG24dP30BAS7srmKMfAzsHHBKRQwgiPAYm+W0=
a6aVmCtwhTXk+Yq+G2VF5Q5nYSXKh2vYzBnapJ5LswKOAzuiqJz2wJ2QwP6pThFoPnFXxdjQHbM82wM7maJSRSQ3BS5X7Mc/lsiBcE7ZTGmyO5NX03C8Y+9rR0+jc7efiLLl+8TyYG4S+Vk=
eEfdVdEK+sZxrroGkwaFaG+7P5oao88a5MwqKKmQ9BZ1Hl3QytHDXVQgodtoG9cT5ZJeXTBXMdabvJuXYkj12JIJABGG24dP30BAS7srn6MfBDsHHBKRQwgiPAYm+W0=
y7Y3eL+sOrk2PchwsgVLepr7XA5MuCegCI8LLLSNeN2S1NAPIAQysvKvydBDTSSm0WVr/PXE7mGvBR9yGFLozE2/6G5OA4WPkwNj9PEm5CfhVvvV5N7YZFXJ+rItIdYLfBv5Vg==
x9SXMEbNrME9fuavqedF1G+7P5oao88a5MwqKKmQ9BZ1Hl3QytHDXVQgodtoG9cT5ZJeXTBXMdabvJuXYkj12JIJABGG24dP30BAS7srmKIfBzsHHBKRQwgiPAYm+W0=
3jl9kOBiS/12+KVm20EY4VVV/HFKTCBvz4Awq+srzQevRytn7JJBYzjirOZW+R0=
CtBPhEhaYE8X3kaHyitP8Kq8QfK3gQKuwwE0RA1gU2UQg7lYduc9S1uLKd9di0oihy/OuorKQPkL
p6ox2huHRJMgXjGjudeFqTsWMbAbr7AOkb/ShCzLxXgcTS1gmyRlcPN+qa9KcDnfjoHQTfkE
FEVvWG+ki3y6y4DDhg2r83R0dnVa7dnteHk40JrfOj4cbId70ThgAg+Sj8ruWlBd8Lx6SRlPublfAAuRJKEFGJwt7UCbBCWQc57pT0pQeX8OIRAt+WQ=
dnUJtPyFf1Ryce+UpDYQiOXH5OLn6pdnXGfA76xiakGWxLTKY9mx1txo1yT7GD4knIe4er4LWYHl86dWX2MU/+ki9MvJIrsqWbpr6N1dWm51ZQYnFC/5ag==
Xnga+G0pGCYLGuO5z6sAIzK9mhWguSkKJp6khCpqJSK43J949y0GYafuu4MRDU9mzabsZFfAJLngxxCDc7lEfObDWdjWpx1LO0tJX/3LaiJnb246Kgog+Ws=
QuzEMwx+fzQpCU9BRyLtV7aXqA9WLIiOj3JymN2wxXnsQc36iYsTCUV258LOTCUU7vkqE2Ir0d3u7GxH21BkM3fr0R/7l7+PoHJNi0wS2B4q+WE=
