wliO9TfxHXnJ0a1PVPGp/lmHz+UkQV7k5jWwJxAMPiTMFfM+pdtDDhn2vHF0WeXl/NJBt2JAFq9vAJBryyuswM/GT6eMkyGiWGLMJjb5fQ==
NAd0fXSp9rkCBnmGNrQXwzh/PhK4I2L07B9dyWx5XoXxf5Ou1vjPsRkq1POZyju06fKKlM11G7YE7aafxEf5cg==
spakbTLFO0GUKjejnPa7DLKSqFRHfLeOg2c9j+DsmzK2EL+x09oMGAlb0ozoCXEf7fM/WmFlyMPK5GZH21BkM3fr1x/7lruPoHNNikwS2B4q+WE=
x9Iew3AWdk4Op5mW+lilPxoEduJws27G4P8CEITzLT0Uhd4BefMDOk5kbxWxhmRHIXb78CG+WsAVKfvS7IFW6zw7+XY=
BiKDDqpVoq33nrGDo4y93BoEduJws27G4PsAHoTzLT0Uhd4BefMDOk5kbxWxhmRHIXb78CG+WsAVKfvS7IFW6zw7+XY=
27GP2bgIPeoZJAQcIAdiCB+zeuFcYXO7qSFU1IL+N7/lO0xsmzyBLc3zQTied6XLxRuBfuE7AuPP/pZa4jo4+XM=
M09zdm1+DR7TayJNME7osaq8QfK3gQKuwwE0RA1gU2UQg7lYduc9S12LKd5Zi0ojhy7OuorKQPkL
HUgfl5bxC89e3yTPBf+5CzsWMbAbr7AOkb/ShCzLxXgcTS1gmyJlcPJ6qa9LcDjfjoHQTfkE
CeKqKeqQswQgs1vvNnbSBZq4SQRuvWa3D4NZMI6eOciT1JdANx42o7m7iJALVSKpkTx66rDT7magHwJwRFOt3VSl3iE5E4OajgRv9fEm5CfhVvvQ4d7aYFXJ+7IsIdYLfBv5Vg==
kD2fuo421heGAtB0DZQCbVOSURZFufdvIoru8MTRANy614f5W2p4c/Lwr/2YdvpD7UqdjibCDfrG6l8ibkn+NoT+xhd2v2GkbXfq5wuQFBNn68f/y9ZrbzDzvSo80gh+GvlR
iLvHgb4fiWKlIqJ2KP1F4lOSURZFufdvIoru8MTRANyh14f5W2p4c/Lwr/2YdvpD7UqdjibCDfrG6l8ibkn+NoT+xhd2v2GkbXfq5wuQFBNn68f/y9ZrbzDzvSo80gh+GvlR
LFAszjVKpA8u6FJyDez3Kxzdj6AkHhOnoWC+MRQMPiL9W6kvq9YCZF38q2F4dKvt8ZtFtUJMAK9vAJBryyuqx8/GT6eMkyGiWGLMJjb5fQ==
oapuOvIMafaKdIGteo8HGHMkihrestfG7N+XeEcm1pvJg0goe+3CEeGE+lLAaw7e0KfCSDRrTeUknd4ZSStjov48r02BngSfke57apBmOtglcTuKXBk2Mwwj+W4=
c6CzP/YYfPHgXKdUbv34WWeY23SGvlzbkusFgOa+Tk2ReQ6RxvDpAyMNTwyQi/26/Gdy8wPJq7upe1mF06qkiOcGPR7UMU6ngMIjtiT8hUaJkjT7qRK7HD2Kq1y97dveFNXGF3Qf+Vo=
AocMY33VJOf5f8AktcfI+SubhgbvrGDD3/8VCqoOL1IasUN3w7Aswx9rf6szt6P/WDOVGvSykM5C+Qk=
TEwWKImmPm6Q4HGfvjQrKmjhotZKJTvC8T0Nr8JAMB0YRGvJx9X1Vhjm2J+JCl+evAvCer4fXjG5mhSjebo7o83Cy0SthZsmpF1mzyQ3+WI=
amksZDcjLA+kRW+R6k6bZOPzo8be2KqMGzDejtfN4kXFxy09O3Yds53a6gcrcV8YaKfd3tS7gsdbhet/YccJ0WtGRCyPmo3qTL3OJwEptCJcUCWiIc5ET3Hee150tnuIhYG7+vzJ9mNsE/le
B7YS1TlgP0LX0l3m05+NWBQ2v/WeT6Ihi0OfDeY5sfgUDI2Ev5weiaN0FZG23+fhgCPpmCbHLUtIbnkQCWvao/fOvnr6KjD5ew==
DvbA1iYub/YM6O89f+C2ChQ2vPWeT6Ihi0OfDeY5sfgUDI2Ev5weiaN0FZG23+fhgCPpmCbHLUtIbXkQCWvao/fOvnr6KjD5ew==
iAP6Ykhk+Xt9cq79MI1dkAPkJKMRMTHm/nsGgZawOqqrYH9Tm2PdB9vzQTied6XLwxuBcOE7AuPP/pZa4jo4+XM=
QIMcabIrWxx6JfOeFO88IFpbZdVPFoKOe3noTERq1ZwBq+Wfo/elDz/A4IvbK7nj/4mfx3wTsQLoopzGRvkN
W5rlvEkjU61GVvqOsrqiL3S99hinrHffxshREP4ZPEkCu0N3w7Aswx9rfqkzsKb/VzOVGvSykM5C+Qk=
/DX+Ry3HoW+1lzTyUfJHM1Um0YdsLwGGHV++oZPHgL1aYFSbsKkBNOEzsAgn/OgBGmVEC+X7RSj6j+kLgaUl6GCz8YMTtlJqxiI0+X8=
RhEGI9riBRD5ITulIWWYpg0ZNZoQXZKAOzz7V0JI1ZhziaDR5tunDz/A4IvbK7zh/4Gax3MTsQLoopzGRvkN
9XoQiEC2iTT82Y4rMxkk4kIw+sV5QbnpEcppazMsPY0FO2bl92wn//bIYTAvWewpkjuzFzPw3KMPa2iJA/EWX+ezBbqkcsAuMvl5
Tk2cjIvkHV/YqvUjSmDI0Us0JipVZXloUeXtu1QXFbX8vudVPaTfPBZ6b4K2twtvj/yUIEAq+cWokHJgvXmXCVMa3XQs4bUMW0l7XEXzMWwrfGATPi0IIflo
1dwAqnAXSlVBHvoDYlqiqBxVMZURW5KdOzz7V0JI1ZhyiaDR5tunDz/A4IvbK7rn/4Gax3MTsQLoopzGRvkN
wSIL07wjgVGgWVxmQ0m6yFJD+fdLG7a3s4vZ/CTPkrjYyoQtqLJcjfesWdQOKujdYjxhjKXGyRNdGR5Ma1hgIx82JK40/774y0RejWcxPw4AdjgA5Sto8vbHdaObdwPIKcJ0q4kCuwkc2u4JHXJbTrSFhkdUD/lK
AyhWnGFYbOtbuPUaDRUCYhY3vKiGDf1mmVmHSugxtudXGq2knbs0iKN0FJG23eDrgSPpmCbHLUtPbXkaDGvVo/fOvnr6KjD5ew==
sp56VJ6udNFb90Ta/wVPZTYingKK5Yikr//MeFYykouUgkooe7nXFu/TtlqJfA7Z373fSmhqCPQ9h+hWPjtlt+M7o0yBngSfke57YZZmPt0lfjuKXBk2Mwwj+W4=
qurBX9Uqo+OobltWQioWzCYc7x4Xj/aO4fCevQeBv75gRviwhRtowpZ3tZP7x4N4SfK0G+kyuz95ai45fcLb/tS1Rvc0P/l6
eCSltB0kh6DjKWIv5vkoOrKSqFRHfMSOg2c9j5PsmzK2EMyx09oMGAlboYzoCXEf7fM/WmFlyMPK5GZH21BkM3fr1x/7k76Pr3NNikwS2B4q+WE=
QSxvOxQMpDusJ3srFxzVnhoEduJws27G4P8CEITzLT0Uhd4BefMDOk5kbxWxhmRHIXb78CG+X8UVJvvS7IFW6zw7+XY=
sFsV8gXOHUITNUc8hw5USRoEduJws27G4PsAHoTzLT0Uhd4BefMDOk5kbxWxhmRHIXb78CG+X8UVJvvS7IFW6zw7+XY=
TXwE3aiJlZse/xRwk4psJ2eY23SGvlyAx/ESi/yvY02nbDvQsZOJUSkNGlPtm+arsiVj/hn+uqC8eA3HwInwzcsEPR7UMU6ngMIjtiT8hUaJkjT7qRK7HDmKr1m94tveFNXGF3Qf+Vo=
d+2QYn0z1qapZzAh+wnOw7q1soOfC+Kzia8nH6JGKBUI272TsjFRbTbx9uvAm3fLllCZEFGGz7zUsgMoZUwY947t1BzLFFhKFdwNHIwJBXTbts005xthNOukMDveBXgZ+VA=
Zyp0g5ktRQTJ5Dv5jbi5zuPzo8be2KqMGzDejtfN4kXFxy09OnYds53a6gcrcV8YaKbd3tS7gsdbhet/YccJ0GtGRCyPmo3qTL3OIwg+syJcUCWiIc5ET3Hee1hxtn+NhY67+vzJ9mNsE/le
bm8uVZBNpClqt4J8ohAZl+Pzo8be2KqMGzDejtfN4kXFxy09O3Yds53a6gcrcV8YaKfd3tS7gsdbhet/YccJ0WtGRCyPmo3qTL3OIwg+syJcUCWiIc5ET3Hee1hxtn+NhY67+vzJ9mNsE/le
gUfkvagopf7cvSxwo/tyFx+zeuFcYXO7qSFU1IL+N7/lO0xsmzyBLc3zQTied6XLxRuBe+Q7DePP/pZa4jo4+XM=
wxxgDAVNCe3pamjYMyL5OGeY23SGvlzbkusFgOa+Tk2ReQ6RxvDpAyMNTwyQi/26/Gdy8wPJq7upe1mF06qkiOcGPR7UMU6ngMIjtiT8hUaJkjT7qRK7Gj2KqFm94tveFNXGF3Qf+Vo=
PYJCFInIK/qDRpMu6YMYFiubhgbvrGDD3/8VCqoOL1IasUN3w7Aswx9reasztKb/VzOVGvSykM5C+Qk=
RsOvZ0oLrhCPq4+s8IB7B2jhotZKJTvC8T0Nr8JAMB0YRGvJx9X1Vhjm2J+JCl+evAvCer4fXjG5mhSjebo7p8zCyEGtipsmpF1mzyQ3+WI=
SuhBAcxlUYDoTLZn1kZxuOPzo8be2KqMGzDejtfN4kXFxy09O3Yds53a6gcrcV8YaKfd3tS7gsdbhet/YccJ0WtGRCyPmo3qTL3OJwEptCJcUCWiIc5ET3Hee1F0tniNhY67+vzJ9mNsE/le
xDi+KdMb4wQaCUUrGbt6znS99hinrHffxshREP4ZPEkCu0N3w7Aswx9reKkztab/VzOVGvSykM5C+Qk=
4HM6Oi+Z5uJkFCU2X4VhPBxVMZURW5KdOzz7V0JI1ZhyiaDR5tunDz/A4IvbK7vg/4Wax3MTsQLoopzGRvkN
pCG1++Bhf8id4iUhQfRLslJD+fdLG7a3s4vZ/CTPkrjYyoQtqLJcjfesWdQOKujdYjxhjKXGyRNeGR5Ma1hgIx82JK40/774y0RejWcxPw4AdjgA5Sto8vbHdaObdwPIKcJ0q4kCuwsc2uoJHXJbTrSFhkdUD/lK
KBJwHTOFph3lp7VQfkywthY3vKiGDf1mmVmHSugxtudXGq2knbs0iKN0FJG23eDrgSPpmCbHLUtMbXkeDGvVo/fOvnr6KjD5ew==
/QKvneVDcR65jZZhZbBwojYingKK5oikr//MeFYykouUgkooe7nXFu/TtlqJfA7Z373fSmhqCPQ9h+hWPjtlt+M7o0yBngSfke57b5ZmOt0lfjuKXBk2Mwwj+W4=
lz+6eQm245B5QRwN5zKEYSYc7x4Xj/aO4fCevQeBv75gRviwhRtowpZ3tZP7x4N4SfK0G+kyuz15aio5fcLb/tS1Rvc0P/l6
ev4Bmv1OzSYdG90+vUZQnmjhotZKJTvC8T0Nr8JAMB0YR2vJx9X1Vhjm2J+JCl+evAvCer4fXjG5mhSjebo7pcnCzECtipsmpF1mzyQ3+WI=
IL8L7+VUdZOMD7wQnjVkrVoHMo0MXeGeczzsS1t/kYImnrPK/tGnDz/A4IvbK7Lj/4Gbx3MTsQLoopzGRvkN
T+Qow/iExS+azeWTUKeSmWjhotZKJTvC8T0Nr8JAMB0YRmvJx9X1Vhjm2J+JCl+evAvCer4fXjG5mhSjebo7os/CzUCtipsmpF1mzyQ3+WI=
W5lfw+szgYcL9BH1X68itOPzo8be2KqMGzDejtfN4kXFxy09OXYds53a6gcrcV8YaKbd3tS7gsdbhet/YccJ0WtGRCyPmo3qTL3OJwEptCJcUCWiIc5ET3Hee1Fwtn2MhY67+vzJ9mNsE/le
L9uDuCeajuxNd+xSkKp54w0ZNZoQXZKAOzz7V0JI1ZhziaDR5tunDz/A4IvbK7jj/4Kbx3MTsQLoopzGRvkN
W3/MIcPcqlNlK9F+G9FpekIw+sV5QbnpEcppazMsPY0FO2bl92wn//bIYTAvWewpkjuzFzPw3KMPa2yLA/IXX+ezBbqkcsAuMvl5
se46kc+GRKIalIxBZS7ZMks0JypVZXloUeXtu1QXFbX8vudVPaTfPBZ6b4K2twtvj/yUIEAq+cWokHJgvXmXCVMa3XQs4bUMW015XEbyMWwrfGATPi0IIflo
d7JXAqBDZ7tPAQTBkBabngLEkLF+BBin6Gz+dVZGOT+1Uu49oNdBdkv8q3dySOW4o8lQsXZbF69vAJBryyuuw8/CS6eDkyGiWGLMJjb5fQ==
l3BFYD/2n1z3fPwV5lPxeymNl7kFDfWhngF2FGDJyKZng2sqMIH+Jx/KlYR1yyyIu4R9sY6NKKtJk7F4TleVy7L+0bpVm51jP55GGtIaKPlj
RkKM4WmkjmvbV3lytc9RyCYc7x4Xj/aO4fCevQeBv75gRviwhRtowpZ2tZP7x4N4SfK0G+kyuz1/ai44fcLb/tS1Rvc0P/l6
IWO77kZyDECB0GMUJJqwg0s0JypVZXloUeXtu1QXFbX8vudVPaTfPBZ6b4K2twtvj/yUIEAq+cWokHJgvXmXCVMa3XQs4bUMW097XEbyMWwrfGATPi0IIflo
4YfGtFbdLoxXL3obR1GIamkAxr8OXA98z8O2SqkMzmm/LV/aiNpIBB2X6EYeyiUHA6sj3OEuxO+x/nt7txb+bEXuuxq8qXbDLDP5fg==
ApfnQdhXYDIqH6y3dpLG5LKSqFRHfMSOg2c9j5PsmzK2EMyx09oMGAlboYzoCXEf7fM/WmFlyMPK5GZH21BkM3fr1Rj7k7+Pr3NNikwS2B4q+WE=
3uGylAocmBqjzNshZV5AjBoEduJws27G4P8CEITzLT0Uhd4BefMDOk5kbxWxhmRHIXb78ia+X8QVJvvS7IFW6zw7+XY=
5t3j0uHE+ba4hUPFt0rduxoEduJws27G4PsAHoTzLT0Uhd4BefMDOk5kbxWxhmRHIXb78ia+X8QVJvvS7IFW6zw7+XY=
uHyNiV2STVK7z2fpTwbFC2eY23SGvlyAx/ESi/yvY02nbDvQsZOJUSkNGlPtm+arsiVj/hn+uqC8eA3HwInwzcsEPR7UMU6ngMIjtiT8hUaJkjT7qRK7Hj6Kr1i94tveFNXGF3Qf+Vo=
VSyRKXUPuKZmlQPcT7blz7q1soOfC+Kzia8nH6JGKBUI272TsjFRbTbx9uvAm3fLllCZEFGGz7zUsgMoZUwY947t1BzLFFhKFdwNHIwJBXTbtMo05xphNOukMDveBXgZ+VA=
LE4VijX+EgutE2UjWdiBh+Pzo8be2KqMGzDejtfN4kXFxy09OnYds53a6gcrcV8YaKbd3tS7gsdbhet/YccJ0GtGRCyPmo3qTL3OIwg+syJcUCWiIc5ET3Hee1p2tn+MhY67+vzJ9mNsE/le
J4QQI/bo6hgOw2s+a0iuLePzo8be2KqMGzDejtfN4kXFxy09OXYds53a6gcrcV8YaKbd3tS7gsdbhet/YccJ0WtGRCyPmo3qTL3OIwg+syJcUCWiIc5ET3Hee1p2tn+MhY67+vzJ9mNsE/le
B/G5d85wcSzTxJCNUXcvI+Pzo8be2KqMGzDejtfN4kXFxy09O3Yds53a6gcrcV8YaKfd3tS7gsdbhet/YccJ0WtGRCyPmo3qTL3OIwg+syJcUCWiIc5ET3Hee1p2tn+MhY67+vzJ9mNsE/le
6jtDvw3x9nn9AlvBXka0Xh+zeuFcYXO7qSFU1IL+N7/lO0xsmzyBLc3zQTied6XLxxyBe+U7DePP/pZa4jo4+XM=
T8o1Hcq3vBmuBp+9sT2mhLKSqFRJcsSOg2c9j5PsmzK2EMyx09oMGAlboYzoCXEf7fM/WmFlyMPK5GZH21BkM3fr0hv7mL+Pr3NNikwS2B4q+WE=
vQHKExGplJmMDx4CoyDGZRoEduJws27G4P8CEITzLT0Uhd4BefMDOk5kbxWxhmRHIXb79SW+VMQVJvvS7IFW6zw7+XY=
UUD2JE0LCRg1DQQZd+Zl3hoEduJws27G4PsAHoTzLT0Uhd4BefMDOk5kbxWxhmRHIXb79SW+VMQVJvvS7IFW6zw7+XY=
Mo/5e6fWK0PWN2Zn7m1Ul2eY23SGvlzbkusFgOa+Tk2ReQ6RxvDpAyMNTwyQi/26/Gdy8wPJq7upe1mF06qkiOcGPR7UMU6ngMIjtiT8hUaJkjT7qRK7GT2KpFi94tveFNXGF3Qf+Vo=
WaknXbFvrGSPozelUZzV0ePzo8be2KqMGzDejtfN4kXFxy09OnYds53a6gcrcV8YaKbd3tS7gsdbhet/YccJ0GtGRCyPmo3qTL3OIwg+syJcUCWiIc5ET3Hee111tnSMhY67+vzJ9mNsE/le
Jey0s1BHzuVxDZYJrH3+3rq1soOfC+Kzia8nH6JGKBUI272TsjFRbTbx9uvAm3fLllCZEFGGz7zUsgMoZUwY947t1BzLFFhKFdwNHIwJBXTbs8k07BphNOukMDveBXgZ+VA=
IAOW1Qm+4Z0Yh2LyF4FS2meY23SGvlyAx/ESi/yvY02nbDvQsZOJUSkNGlPtm+arsiVj/hn+uqC8eA3HwInwzcsEPR7UMU6ngMIjtiT8hUaJkjT7qRK7GT2KpFi94tveFNXGF3Qf+Vo=
SJhb+erUdhRUDtXif3RjuR+zeuFcYXO7qSFU1IL+N7/lO0xsmzyBLc3zQTied6XLwB+BcOU7DePP/pZa4jo4+XM=
UfHQmZAgQik5lWPbDItP1Kq8QfK3gQKuwwE0RA1gU2UQg7lYduc9S1iPKdBdi0Ujhy7OuorKQPkL
dgZB+/pDr9O5sWEtw6o1azsWMbAbr7AOkb/ShCzLxXgcTS1gmydhcPx+qaBLcDjfjoHQTfkE
oNH8qcoDeaVG1ptz6E+Tng0ZNZoQXZKAOzz7V0JI1ZhyiaDR5tunDz/A4IvbK7Pi/4ibx3MTsQLoopzGRvkN
TNuE9PdvqCLeBs7WkSLv+0Iw+sV5QbnpEcppazMsPY0FO2bl92wn//bIYTAuWewpkjuzFzPw3KMPa2eKA/gXX+ezBbqkcsAuMvl5
d1+DiNjP11kPBlYDTBEEREs0JipVZXloUeXtu1QXFbX8vudVPaTfPBZ6b4K2twtvj/yUIEAq+cWokHJhvXmXCVMa3XQs4bUMW0Z4XEzyMWwrfGATPi0IIflo
6NvxGUiirLlW4KdFGXdoXrKSqFRHfMSOg2c9j5PsmzK2EMyx09oMGAlboYzoCXEf7fM/WmFlyMPK5GZH21BkM3fr3xj7mL+Pr3NNikwS2B4q+WE=
JqGoolCHcSW6JRrTxNLb2BoEduJws27G4P8CEITzLT0Uhd4BefMDOk5kbxWxhmRHIXb7+Ca+VMQVJvvS7IFW6zw7+XY=
2D0nk/o+vjKl1e5GkwRtwBoEduJws27G4PsAHoTzLT0Uhd4BefMDOk5kbxWxhmRHIXb7+Ca+VMQVJvvS7IFW6zw7+XY=
wBBnyK0mAeRfqO3GqEfHaLq1soOfC+Kzia8nH6JGKBUI272TsjFRbTbx9uvAm3fLllCZEFGGz7zUsgMoZUwY947t1BzLFFhKFdwNHIwJBXTbvso07BphNOukMDveBXgZ+VA=
RPWrzmjmION6r22rIffORmeY23SGvlzbkusFgOa+Tk2ReQ6Rx/DpAyMNTwyQi/26/Gdy8wPJq7upe1mE06qkiOcGPR7UMU6ngMIjtiT8hUaJkjT7qRK7FD6KpFi94tveFNXGF3Qf+Vo=
w3i4a34cbCsW07HGt/jtr+Pzo8be2KqMGzDejtfN4kXFxy09OnYds53a6gcrcV8YaKbd3tS7gsdbhet/YccJ0GtGRCyPmo3qTL3OIwg+syJcUCWiIc5ET3Hee1B2tnSMhY67+vzJ9mNsE/le
sTFxVARTkvt/sFcVRJl6hmeY23SGvlzbkusFgOa+Tk2ReQ6RxvDpAyMNTwyQi/26/Gdy8wPJq7upe1mF06qkiOcGPR7UMU6ngMIjtiT8hUaJkjT7qRK7FD6KpFi94tveFNXGF3Qf+Vo=
UR2641aQjRQ/azRroIIf1h+zeuFcYXO7qSFU1IL+N7/lO0xsmzyBLc3zQTied6XLzRyBcOU7DePP/pZa4jo4+XM=
wVI7PVjnjMnRBDLVVUdjCWjhotZKJTvC8T0Nr8JAMB0YRGvJx9X1Vhjm2J+JCl+evAvCer4fXjG5mhSjebo7p83CxUCtipsmpF1mzyQ3+WI=
W/EsEK+1bbljyEOT5JQ3UGeY23SGvlzbkusFgOa+Tk2ReQ6RxvDpAyMNTwyQi/26/Gdy8wPJq7upe1mF06qkiOcGPR7UMU6ngMIjtiT8hUaJkjT7qRK7Gj2KpVi94tveFNXGF3Qf+Vo=
yfUey/dhfF0bPhNoQawJQCubhgbvrGDD3/8VCqoOL1IasUN3w7Aswx9reKszuaf/VzOVGvSykM5C+Qk=
jAA3yw0nJaQdgaWudZ4AcuPzo8be2KqMGzDejtfN4kXFxy09O3Yds53a6gcrcV8YaKfd3tS7gsdbhet/YccJ0WtGRCyPmo3qTL3OJwEptCJcUCWiIc5ET3Hee1F0tnWMhY67+vzJ9mNsE/le
lYZqMoFg4J2ePBslLxA0znS99hinrHffxshREP4ZPEkCu0N3w7Aswx9reKszuKT/VzOVGvSykM5C+Qk=
A/RPFs/ZyGm/l20912IBlhxVMZURW5KdOzz7V0JI1ZhyiaDR5tunDz/A4IvbK7ni/4iYx3MTsQLoopzGRvkN
FjuRe6Dr0gXTgU/NhCkO4coUnHwEhGoAvqQ8ATPG4ojMTQUSAYWxiMsx16bt8Qs6NIniB2MCUfTRU6AINxzYQcrF1ItVm7Voqm/ZC3uCdSDSEwEDg1YCKjYCJPlv
7ksQmWIrpeghWMGgAOZayKa34pOdnbqMHTvAjdrLh0jYx0tkZGVYtYLc0AcwbBJaIueJmJOlhM5B7et0ZaxOiX9NXzrIusikXbfoZl5rpWdDSyO8Ic5ET3Hee1F3tnWPhY67+vzJ9mNsE/le
wppIETfJCFGc4+gc5ZfgfVVV/HFKTCBvz4Awq+srwwCvQCln45NBYjjirOZW+R0=
DhRguN9vJmC0rhwmpvTLmKq8QfK3gQKuwwE0RA1gU2UQg7lYduc9S1WMKdhfi0Ujhy7OuorKQPkL
KIF9BtSSYJGmi5F9fJonCzsWMbAbr7AOkb/ShCzLxXgcTS1gmypicPR8qaBLcDjfjoHQTfkE
fziJvAK3Fs2DAQvCskxVi3R0dnVa7dnteHk40JrfOj4cbId70ThgAg+Sj8ruWlBd8Lx6SRlPublfAAuRJKEFGJwt7UCbCiKQdJzpQEtQeH8OIRAt+WQ=
0WPF9z5/DevVtt8g4Wjw9+XH5OLn6pdnXGfA76xiakGWxLTKY9mx1txo1yT7GD4knIe4er4LWYHl86dWX2MU/+ki9MvJIrskXrps6t1SW250ZQYnFC/5ag==
ufYBKdSWu6LUl2sOYhjeKTK9mhWguSkKJp6khCpqJSK43J949y0GYafuu4MRDU9mzabsZFfAJLngxxCDc7lEfObDWdjWpx1LNUxJWP/LZSNnbm46Kgog+Ws=
t/yy55ArI/0uvJVkb4li+baXqA9WLIiOj3JymN2wxXnsQc36iYsTCUV258LOTCUU7vkqE2Ir0d3u7GxH21BkM3fr3xj7kL2Pr3NNikwS2B4q+WE=
