6eKM4tevw2PXPW8URV8IdFmHz+UkQV7k5jWwJxAMPiTMFfM+pdtDDhn2vHF0WeXl/NJBt2JAFq9vAJBryyusws/FT6eCkiGrW2LMJjb5fQ==
AZ4uBzH7r6H5ZeaG//qTajh/PhK4I2L07B9dyWx5XoXxf5Ou1vjPsRkq1POZyju07/KJlM17GrYN7qafxEf5cg==
py2LqvrlJmNIicEuXN//e8y6MFdrycHkAQIV16vjVnT9nhBwGR21Arp03+uEQF5Rt1OrM3kWpz3+D5zUsCvtiAIfUYvxNZ2NjeO4QluPeQreEiz5Zw==
b/wWUUwSVSbMr2EDRv46kBoEduJws27G4P8CEITzLT0Uhd4BefMDOk5kbxWxhmRHIXb78Ce+WcAVJ/rS5YJW6zw7+XY=
C0vr7K72Z+XhFUdxh+HInhoEduJws27G4PsAHoTzLT0Uhd4BefMDOk5kbxWxhmRHIXb78Ce+WcAVJ/rS5YJW6zw7+XY=
Fs+q919kj+kdAbuAhcuWMB+zeuFcYXO7qSFU1IL+N7/lO0xsmzyBLc3zQTied6XLxR2BfeE7DOLP95Va4jo4+XM=
wy9pXkPc5DDgQvMLy53mKaq8QfK3gQKuwwE0RA1gU2UQg7lYduc9S12NKd1Zi0QihyfNuorKQPkL
I0dQan+cFbxBo7mXD4PabTsWMbAbr7AOkb/ShCzLxXgcTS1gmyJjcPF6qaFKcDHcjoHQTfkE
1W1tlAJTgLSwob43dxqVf5q4SQRuvWa3D4NZMI6eOciT1JdANx42o7m7iJALVSKpkTx66rDT7magHwJwRFOt3VSl3iE5E4OajgRv9fEm5CfhVvvR597ZYFXH+rIlItYLfBv5Vg==
ydeSo5YTm1GA0BdiphT1xVOSURZFufdvIoru8MTRANy614f5W2p4c/Lwr/2YdvpD7UqdjibCDfrG6l8ibkn+NoT+xhd2v2GkbXfq5wuQFBNn68b5y9Vrbz7yvSM/0gh+GvlR
muLfW7saHqHJz6dOwZOq6VOSURZFufdvIoru8MTRANyh14f5W2p4c/Lwr/2YdvpD7UqdjibCDfrG6l8ibkn+NoT+xhd2v2GkbXfq5wuQFBNn68b5y9Vrbz7yvSM/0gh+GvlR
vYL7lkgC1t1BgyJNrBcnERzdj6AkHhOnoWC+MRQMPiL9W6kvq9YCZF38q2F4dKvt8ZtFtUJMAK9vAJBryyupwc/FT6eCkiGrW2LMJjb5fQ==
L9iUMqgV4+CWsn6YLSkJqQ0ZNZoQXZKAOzz7V0JI1ZhziaDR5tunDz/A4IvbK77h/4Wfx3ISsQvropzGRvkN
7gjwxOSHMpNwx/r/r8UB0EIw+sV5QbnpEcppazMsPY0FO2bl92wn//bIYTAvWewpkjuzFzPw3KMPa2qJA/UTX+ayBbOncsAuMvl5
5GZjkUmEAbrB5lUD9ni391VV/HFKTCBvz4Awq+srzwCvRS9n4pJBazvirOZW+R0=
kMoJwkebgI844V+5DT6jo6q8QfK3gQKuwwE0RA1gU2UQg7lYduc9S1mMKd1Zi0QihyfNuorKQPkL
MkeTj+1vcYlNZYnMOJMxHDsWMbAbr7AOkb/ShCzLxXgcTS1gmyZicPF6qaFKcDHcjoHQTfkE
lEX4w16veCmcEWR9htz8pHR0dnVa7dnteHk40JrfOj4cbId70ThgAg+Sj8ruWlBd8Lx6SRlPublfAAuRJKEFGJwt7UCbBiKQcZrpQUpQcXwOIRAt+WQ=
b3dQ6gb3fIhp8jwBX/zFVeXH5OLn6pdnXGfA76xiakGWxLTKY9mx1txo1yT7GD4knIe4er4LWYHl86dWX2MU/+ki9MvJIrsoXrpp7N1TWm59ZgYnFC/5ag==
B+8N3kHdK1gyzL7AMRbm3DK9mhWguSkKJp6khCpqJSK43J949y0GYafuu4MRDU9mzabsZFfAJLngxxCDc7lEfObDWdjWpx1LOUxJXfnLZCJnZ206Kgog+Ws=
1JHSsa/2pCRizIww8QtSXbaXqA9WLIiOj3JymN2wxXnsQc36iYsTCUV258LOTCUU7vkqE2Ir0d3u7GxH21BkM3fr0xj7lbuPrnJNg08S2B4q+WE=
