yR24dBCeo3Dfltx5GBfgJVmHz+UkQV7k5jWwJxAMPiTMFfM+pdtDDhn2vHF0WeXl/NJBt2JAFq9vAJBryyuvwc/JT6eKkSGjWGLMJjb5fQ==
LBBt24P3VrlFnVatRUDvLTh/PhK4I2L07B9dyWx5XoXxf5Ou1vjPsRkq1POZyjuz7/KFlM1zGbYF7aafxEf5cg==
JwGvZYx3n33DepGjyGdOtJq4SQRuvWa3D4NZMI6eOciT1JdANx42o7m7iJALVSKpkTx66rDT7magHwJwRFOt3VSl3iE5E4OajgRv9fEm5CfhVvvX597VYFXP+bItIdYLfBv5Vg==
pJp9TInqwFgdILoSWmYZWVOSURZFufdvIoru8MTRANy614f5W2p4c/Lwr/2YdvpD7UqdjibCDfrG6l8ibkn+NoT+xhd2v2GkbXfq5wuQFBNn68D5y9lrbzbxvSs80gh+GvlR
71Ne+okIdK+He1IYOJQ5VVOSURZFufdvIoru8MTRANyh14f5W2p4c/Lwr/2YdvpD7UqdjibCDfrG6l8ibkn+NoT+xhd2v2GkbXfq5wuQFBNn68D5y9lrbzbxvSs80gh+GvlR
I3ChXEOWUgRNaXXZST/FuRzdj6AkHhOnoWC+MRQMPiL9W6kvq9YCZF38q2F4dKvt8ZtFtUJMAK9vAJBryyujwc/JT6eKkSGjWGLMJjb5fQ==
hgHq8frL61o/Er3VBz/c7mjhotZKJzzI8D0Nr8JAMB0YRWvJxdL/Vxjm2J+JCl+evAvCer4fXjG5mhSjebo7p87CxUStg5kmpV1mzyQ3+WI=
cNgyu7/t3BxcSfjosy2Dg2jhotZKJzzI8D0Nr8JAMB0YRGvJxdL/Vxjm2J+JCl+evAvCer4fXjG5mhSjebo7os7CxUStg5kmpV1mzyQ3+WI=
TlifRhj0M41CxkENpwwNdAYlujhnjOWE7bmWuUHfk41oDvinmQJfhowjooLu155pSfK0G+kyuzx5aiU8fcvZ/tW1Rvc0P/l6
9AufSK4WVmsR+WLQqCtQlmjhotZKJTvC8T0Nr8JAMB0YRWvJx9X1Vhjm2J+JCl+evAvCer4fXjG5mhSjebo7pcnCxUStg5kmpV1mzyQ3+WI=
BRaGezJtAnr5Z8O8QGcvUQYlujhnjOWE7bmWuUHek41oDvinmQJfhowjooLu155pSfK0G+kyuz95aiU8fcvZ/tW1Rvc0P/l6
k3UejPsg5Aln6Dxj38S6fLq1soOfC+Kzia8nH6JGKBUI272TsjFRbTbx9uvAm3fLllCZEFGGz7zUsgMoZUwY947p3QvMFFhKFdwNHIwJBXTbsck05BthPumkMTveBXgZ+VA=
6Z0KQdINKp+J5dJOeqJJLWeY23SGvlzbkusFgOa+Tk2ReQ6Rx/DpAyMNTwyQi/26/Gdy8wPJq7upe1mE06qkiOcGPR7UMU6jidUktiT8hUaJkjT7qRK7GDyKrFm96NneFdXGF3Qf+Vo=
v66LdPi3YU9fpiVcaU69VOPzo8be2KqMGzDejtfN4kXFxy09OnYds53a6gcrcV8YaKbd3tS7gsdbhet/YccJ0GtGRCyPmo3qTL3OJwEptCJcUCWiIc5ET3Hee1l3tnyNhYS5+v3J9mNsE/le
c+3fY/O2PsIxLPiW/0W6UmeY23SGvlzbkusFgOa+Tk2ReQ6RxvDpAyMNTwyQi/26/Gdy8wPJq7upe1mF06qkiOcGPR7UMU6jidUktiT8hUaJkjT7qRK7Hj6KrFm96NneFdXGF3Qf+Vo=
SAP22HN1p1VHRRfH1u6ikcy6MFdvx9GoOAcR0uWvNXT9ngBweh21Fq4c25KdWiEU4V+henBC4DT5CI/FrCvtiAIfUYv5Mp2NiOOzQVuHegreEiz5Zw==
rq8H/LVpGt0dbyz3/PtWFDY8NRCkMWPm/Q8e2XMsXo/KPpT+2ubFpBkq1POZyju86PKJkc1wGbYF7aafxEf5cg==
I10TAqtmLNfghXwYjvIbm6q8QfK3gQKuwwE0RA1gU2UQg7lYduc9S1WKKd1ci08hhy/OuorKQPkL
QpnNYjekeagYydexQ0Dd4jsWMbAbr7AOkb/ShCzLxXgcTS1gmypkcPF/qapJcDnfjoHQTfkE
meHYqxC/xCcIQ2ybdyCdVBmnMnv9xqgCZT3o9qdHWVe/nEf68tAI+Q9qYMCtO0U0hJnNl2lzu9Ld9SR7rgTCHzfgOPszqxZTp2aS10FRaXNgAiQWLvll
JzsmCpMTE529kvH6k72B9hoEduJws27G4P8CEITzLT0Uhd4BefMDOk5kbxWxhmRHIXb79SW+WsUVLPnS7YFW6zw7+XY=
etTXzxim/4n+qYaN1qrEkxoEduJws27G4PsAHoTzLT0Uhd4BefMDOk5kbxWxhmRHIXb79SW+WsUVLPnS7YFW6zw7+XY=
DGTYvG7PLRnc+OhKBd2NmmeY23SGvlzbkusFgOa+Tk2ReQ6RxvDpAyMNTwyQi/26/Gdy8wPJq7upe1mF06qkiOcGPR7UMU6ngMIjtiT8hUaJkjT7qRK7GT2Kqlm96NneFdXGF3Qf+Vo=
kDqJXNU9ugcPANbhNoGWtmeY23SGvlzbkusFgOa+Tk2ReQ6Rx/DpAyMNTwyQi/26/Gdy8wPJq7upe1mE06qkiOcGPR7UMU6ngMIjtiT8hUaJkjT7qRK7GT2Kqlm96NneFdXGF3Qf+Vo=
JeudiSX8UIr9JPq9mCLYH7q1soOfC+Kzia8nH6JGKBUI272TsjFRbTbx9uvAm3fLllCZEFGGz7zUsgMoZUwY947t1BzLFFhKFdwNHIwJBXTbs8k04hthPumkMTveBXgZ+VA=
+S5BCXO+FxvONFai7LeK0ePzo8be2KqMGzDejtfN4kXFxy09OnYds53a6gcrcV8YaKbd3tS7gsdbhet/YccJ0GtGRCyPmo3qTL3OIwg+syJcUCWiIc5ET3Hee111tnqNhYS5+v3J9mNsE/le
k+roBJmUnnm080Sgst1zXR+zeuFcYXO7qSFU1IL+N7/lO0xsmzyBLc3zQTied6XLwB+BfuQ7B+HP/5Za4jo4+XM=
c+SGR5Mw4C51lRiuzMloB6q8QfK3gQKuwwE0RA1gU2UQg7lYduc9S1iPKd5ci08hhy/OuorKQPkL
0kwEXNJQxMIJ87l3lsxa9jsWMbAbr7AOkb/ShCzLxXgcTS1gmydhcPJ/qapJcDnfjoHQTfkE
8uTtbtDHquMOOQOdWaE1eitqSU56dkVUefqUw7naO8IOokshbeCZRmU95q/kV/kC
poCFfOMlzh4xqWohNfHxhhoEduJws27G4PsAHoTzLT0Uhd4BefMDOk5kbxWxhmRHIXb79ia+W8UVLPnS7YFW6zw7+XY=
jHdnqzeIzwsh7Kmpj0nsExoEduJws27G4P8CEITzLT0Uhd4BefMDOk5kbxWxhmRHIXb79ia+W8UVLPnS7YFW6zw7+XY=
/F7W73hPIlD8LrMREYOwoDY8NRCkMWPm/Q8e2XMsXs3LOon+2ubFpBkq1POZyjuy7vKLkc1wGbYF7aafxEf5cg==
jNUUFBNPWWv82Ke6yKm8aCtqSU56dkVUefqUw7naO80OokshbeCZRmU95q/kV/kC
8qcMCEkZsaTVo3Brbrf4ohoEduJws27G4PsAHoTzLT0Uhd4BefMDOk5kbxWxhmRHIXb7+Sa+W8UVLPnS7YFW6zw7+XY=
meGJjJCx+8MybEiaty642xoEduJws27G4P8CEITzLT0Uhd4BefMDOk5kbxWxhmRHIXb7+Sa+W8UVLPnS7YFW6zw7+XY=
MmOBgsTvwXd0VZndyAfrpzY8NRCkMWPm/Q8e2XMsXs3LOon+2ubFpBkq1POZyju97vKLkc1wGbYF7aafxEf5cg==
eyghjsYJFkGgzQsi8/0+SLKSqFRJcsSOg2c9j5PsmzK2EMyx09oMGAlboYzoCXEf7fM/WmFlyMPK5GZH21BkM3fr0h/7l76PpXFNi0wS2B4q+WE=
UFHgPMoEs4VCgY3IrSE2HRoEduJws27G4P8CEITzLT0Uhd4BefMDOk5kbxWxhmRHIXb79SG+W8UVLPnS7YFW6zw7+XY=
7J52upU1c+QmK1YslqpuohoEduJws27G4PsAHoTzLT0Uhd4BefMDOk5kbxWxhmRHIXb79SG+W8UVLPnS7YFW6zw7+XY=
0ZbGaGYSYePep5f1ZzPb5B+zeuFcYXO7qSFU1IL+N7/lO0xsmzyBLc3zQTied6XLwBuBf+Q7B+HP/5Za4jo4+XM=
9oCMml17FwYnyuMDNzFD1sy6MFdoycHkcgIV16vjJXT9nhBwah21Arp03+v3QF5Rt1OrM3kWpz3+D5zUsCvtiAIfUYv2M52IieOzQVuHegreEiz5Zw==
kJxoxakiRPB7A8R26P7QBhoEduJws27G4P8CEITzLT0Uhd4BefMDOk5kbxWxhmRHIXb79yG+XMQVLPnS7YFW6zw7+XY=
CoRDlFPTSHp7IIUFhmHrXRoEduJws27G4PsAHoTzLT0Uhd4BefMDOk5kbxWxhmRHIXb79yG+XMQVLPnS7YFW6zw7+XY=
yVEWPGPaP1EO7ofltbqNs2eY23SGvlzbkusFgOa+Tk2ReQ6RxvDpAyMNTwyQi/26/Gdy8wPJq7upe1mF06qkiOcGPR7UMU6ngMIjtiT8hUaJkjT7qRK7GzmKrFi96NneFdXGF3Qf+Vo=
1+QPoc0OKprH9b8pRuPqybq1soOfC+Kzia8nH6JGKBUI272TsjFRbTbx9uvAm3fLllCZEFGGz7zUsgMoZUwY947t1BzLFFhKFdwNHIwJBXTbsc005BphPumkMTveBXgZ+VA=
vlR+1w2biYvR9a31ImmC22eY23SGvlzbkusFgOa+Tk2ReQ6Rx/DpAyMNTwyQi/26/Gdy8wPJq7upe1mE06qkiOcGPR7UMU6ngMIjtiT8hUaJkjT7qRK7GzmKrFi96NneFdXGF3Qf+Vo=
JVNZF3wbDS/hqpY/08QCuePzo8be2KqMGzDejtfN4kXFxy09OnYds53a6gcrcV8YaKbd3tS7gsdbhet/YccJ0GtGRCyPmo3qTL3OIwg+syJcUCWiIc5ET3Hee19xtnyMhYS5+v3J9mNsE/le
yPV0iRUDTyNrSr96+YCEKB+zeuFcYXO7qSFU1IL+N7/lO0xsmzyBLc3zQTied6XLwhuBeOU7B+HP/5Za4jo4+XM=
mVefJRwMH2hlVE3L8Mf2gqq8QfK3gQKuwwE0RA1gU2UQg7lYduc9S1qLKdhdi08hhy/OuorKQPkL
irvIlrnQuc77zNN98RVCJTsWMbAbr7AOkb/ShCzLxXgcTS1gmyVlcPR+qapJcDnfjoHQTfkE
sZkTW9GlI2GmhAjypyvC3LKSqFRJcsSOg2c9j5PsmzK2EMyx09oMGAlboYzoCXEf7fM/WmFlyMPK5GZH21BkM3fr1B/7kb+PpXFNi0wS2B4q+WE=
Mj+WooWx5LqqPwGOe3ONChoEduJws27G4P8CEITzLT0Uhd4BefMDOk5kbxWxhmRHIXb78yG+XcQVLPnS7YFW6zw7+XY=
T7/89DvbzzH1WvGSgNf61BoEduJws27G4PsAHoTzLT0Uhd4BefMDOk5kbxWxhmRHIXb78yG+XcQVLPnS7YFW6zw7+XY=
dnR5cIho49rTIPllOTqi0eVEncJnCC9CyG57eXIZT4cPYT+z5TIaUnJEK1kJcmaL567olYfucE7yBfK7rpMUPbwnf5zZvcDxz2JaLgJqXZc/un8N2zvlqFpPyQtqY0VpgfObgfP38upmYhT5Xw==
3RBd0vHnX8ROQvv7W3TREOVEncJnCC9CyG57eXIZT4cPYT+z5DIaUnJEK1kJcmaK567olYfucE7yBfK7rpMUPbwnf5zZvcDxz2JaLgJqXZc/un8N2zvlqFpPyQtqY0VpgfObgfP38upmYhT5Xw==
fi5JAssf802mQM+JWgqFTk87Lhj+hsXB2q5zAQXOneHUHmLnqkUG5Z3P/syNqsTtuBNsOhoFNXoa5ljhEBvM976VV/PNzKvpCjkFphhuQK6XX/XuDV3p7w+AcCurK4iHb0Hr56mRAeP44mxmFvld
CjRSqK446tp+Omll/oGjhE87Lhj+hsXfxepiChnZkP3lL2X1jSMWppDY/8qo2Yv27AdtOhoFNXoa5ljhEBvM976VVvPNzKvpCjkFphhuQK6XX/XuDV3p7w+AcCurK4iHb0Hr56mRAeP44mxmFvld
/7zkeNLIAF0aG13dJnnkzU87Lhj+hsffxepiChnZkP3lL2X1jSMUvJbY49Kp2Yv27AJuOhoFNXoa5ljhEBvM976VVvPNzKvpCjkFphhuQK6XX/XuDV3p7w+AcCurK4iHb0Hr56mRAeP44mxmFvld
aFW92t3qSER4kxH/ZbNtcrq1soOfC+Kzia8nH6JGKBUI272TsjFRbTbx9uvAm3fLllCZEFGGz7zUsgMoZUwY947t1BzLFFhKFdwNHIwJBXTbtc005RphPumkMTveBXgZ+VA=
hm7OdTPNDqi3879tRXsuiGeY23SGvlyAxvESi/yvY02nbDvQsZOIUSkNGlPtm+arsiVj/hn+uqC8eA3HwInwycsEPR7UMU6ngMIjtiT8hUaJkjT7qRK7HzmKrVi96NneFdXGF3Qf+Vo=
HMollpS1lb4BYW1ps94eeePzo8be2KqMGzDejtfN4kXFxy09OHYds53a6gcrcV8YaKfd3tS7gsdbhet/YccJ0WtGRCyPmo3qTL3OIwg+syJcUCWiIc5ET3Hee1txtn2MhYS5+v3J9mNsE/le
oBsYxYeWnwKvDnD5ktEDrmaY23SGvlzbkusFgOa+Tk2ReQ6RxPDpAyMNTw2Qi/26/Gdy8wPJq7upe1mGyayklP8HPR7UMU6ngMIjtiT8hUaJkjT7qRK7HzmKrVi96NneFdXGF3Qf+Vo=
y47NCON+xITwKlbWv8JSfGaY23SGvlzbkusFgOa+Tk2ReQ6RxfDpAyMNTw+Qi/26/Gdy8wPJq7upe1mGyayklP8HPR7UMU6ngMIjtiT8hUaJkjT7qRK7HzmKrVi96NneFdXGF3Qf+Vo=
N8uLDmPMC5dvLuIGamNkMWaY23SGvl6Ax/ESi/yvY02nbDvQsZOJSy8NBkvsm+arsiVj/hn+uqC8eA3HwInwzMsEPR7UMU6ngMIjtiT8hUaJkjT7qRK7HzmKrVi96NneFdXGF3Qf+Vo=
5V70buTIDmV65Il2Vl81O2aY23SGvl2Ax/ESi/yvY02nbDvQsZOJSy8NBkvsm+arsiVj/hn+uqC8eA3HwInwzcsEPR7UMU6ngMIjtiT8hUaJkjT7qRK7HzmKrVi96NneFdXGF3Qf+Vo=
4bj4b8SA3BV9bnf+ktij1B+zeuFcYXO7qSFU1IL+N7/lO0xsmzyBLc3zQTied6XLxhuBeeU7B+HP/5Za4jo4+XM=
8c2nI1d9ZGnIp6Fzj2NfZHMkihrestfG7N+XeEcm1pvJg0goe+3CEeGE+lLAaw7e0KfCSDRrTeUknd4ZSStjov48r02BngSfke57a5FmNdwldDmKXRk2Mwwj+W4=
vCIzHVytYkcOwO3PJgPZnQ0ZNZoQXZKAOzz7V0JI1ZhyiaDR5tunDz/A4IvbK7rj/4WYx3kRsQPoopzGRvkN
aamvhtbsp9FQf+7Q99AJmkIw+sV5QbnpEcppazMsPY0FO2bl92wn//bIYTAuWewpkjuzFzPw3KMPa26LA/UUX+2xBbukcsAuMvl5
3BIkWZN/P9Ll4P+HAVcPWEs0JipVZXloUeXtu1QXFbX8vudVPaTfPBZ6b4K2twtvj/yUIEAq+cWokHJhvXmXCVMa3XQs4bUMW095XEHxMWYpfGETPi0IIflo
jeMfu91l1hxKSPwZEWedEALEkLF+BBin6Gz+dVZGOT+1Uu49oNdBdkv8q3dySOW4oslQsXZbF69vAJBryyupw8/FSKeJkSGjWGLMJjb5fQ==
/2eTHO6xzBQOSIfvkTxlkWaG33mUvFmaxatC0LzqOBfTNnCHxp2LGn1ZHE/aye278zVn8lev9q6hEB7dx6G/nqAmeFDFO2ji1pc18zvng1iJkjT7qRK7HjyKqVu96NneFdXGF3Qf+Vo=
qAUGexzYhnu9u/jz8Qrp8iYc7x4Xj/aO4fCevQeBv75gRviwhRtowpZ3tZP7x4N4SfK0G+kyuz1/aik7fcjZ/tW1Rvc0P/l6
ovPz3uyUJ/OeQ4ktISAfjks0JypVZXloUeXtu1QXFbX8vudVPaTfPBZ6b4K2twtvj/yUIEAq+cWokHJhvXmXCVMa3XQs4bUMW097XEHxMWYpfGETPi0IIflo
e/Qrszq1ZkF8L7mwISMqdGaG33mUvFmaxatC0LzqOhfQNnCHxp2LGn1ZHE/aye278zVn8lev9q6hEB7dx6G/nqAmeFDFO2ji1pc18zvng1iJkjT7qRK7FD+KqVu96NneFdXGF3Qf+Vo=
3BKsqIh9fS07e/wK3RE/tQLEkLF+BBin6Gz+dVZGOT+1Uu49oNdBdkv8q3dySOW4oslQsXZbF69vAJBryyupwM/FSKeJkSGjWGLMJjb5fQ==
SEH4tCzm+5DUuDhcwfz6YCYc7x4Xj/aO4fCevQeBv75gRviwhRtowpZ3tZP7x4N4SfK0G+kyuzl+aik7fcjZ/tW1Rvc0P/l6
obdimqv79aIQbR+JRa9W3Us0JypVZXloUeXtu1QXFbX8vudVPaTfPBZ6b4K2twtvj/yUIEAq+cWokHJhvXmXCVMa3XQs4bUMW0t6XEHxMWYpfGETPi0IIflo
1/TBIQHuqUwqDaOuxANkNiYc7x4Xj/aO4fCevQeBv75gRviwhRtowpZ3tZP7x4N4SfK0G+kyuzp+aik7fcjZ/tW1Rvc0P/l6
bNE04L3s6VRoWUibzwrTp0s0JipVZXloUeXtu1QXFbX8vudVPaTfPBZ6b4K2twtvj/yUIEAq+cWokHJhvXmXCVMa3XQs4bUMW0h6XEHxMWYpfGETPi0IIflo
9b1qxpmowMqg+yQoilhRRCYc7x4Xj/aO4fCevQeBv75gRviwhRtowpZ3tZP7x4N4SfK0G+kyuz15aik7fcjZ/tW1Rvc0P/l6
/1XAr3jpwCUH6aOAQaL2+a+oi3NV1O31ZA8M4KuXdfIrFnaUU5CusQ91n4K4AigcLY/oXi7TRd8z8+OEUfakdwFm++EBjpm39bx5Qo1xFtscK/lm
vEiiVlyhDJE2jo86parZawLEkLF+BBin6Gz+dVZGOT+1Uu49oNdBdkv8q3dySOW4oslQsXZbF69vAJBryyuox8/FSKeJkSGjWGLMJjb5fQ==
4GnQEsBY0sVp1jeHhZ/L6K+3iSsCnfrkVl1J6Kmea/R/WzbSGZSusQ91n4K4AigcLY/oXi7TRd8z8+OEUfakdwFm++cBjpm39bx5Qo1xFtscK/lm
pvg7BkNFb6ihyw8c0khkQbLEdwX+735a3V3PTamHXEzxGUIfCZ3i06Q5TlsdBZ+vzxTzzZYAXbpGi3NTb8DsnLCWgXkoLArdTcXvNbMmpUjc3c0wm/MB4LJNSdrJwBkvzhFwHflU
LfckTEY26n8qE5x/Sv/LPCYc7x4Xj/aO4fCevQeBv75gRviwhRtowpZ3tZP7x4N4SfK0G+kyuzl9aio7fcjZ/tW1Rvc0P/l6
of/ySZ2QfxWJCCpkgU+YpQ0ZNZoQXZKAOzz7V0JI1ZhziaDR5tunDz/A4IvbK7/i/4aYx3kRsQPoopzGRvkN
vVDHfwXLyMeqkLCRy5MVFUIw+sV5QbnpEcppazMsPY0FO2bl92wn//bIYTAvWewpkjuzFzPw3KMPa2uKA/YUX+2xBbukcsAuMvl5
mZtlVuqsS6QUkCikqxY4Dks0JipVZXloUeXtu1QXFbX8vudVPaTfPBZ6b4K2twtvj/yUIEAq+cWokHJgvXmXCVMa3XQs4bUMW0p4XELxMWYpfGETPi0IIflo
7zyKMd2PW6nBWbWlRENSCALEkLF+BBin6Gz+dVZGOT+1Uu49oNdBdkv8q3dySOW4o8lQsXZbF69vAJBryyutws/GSKeJkSGjWGLMJjb5fQ==
6Qf2X/8Nvzu2j/fyE/fRc7LEdwX+735a3V3PTamHXEzyGUIfCZ3i06Q5TlsdBZ+vzxTzzZYAXbpGi3NTb8DsnLCWgXkoLArcTcXvNbMmpUjc3c0wm/IC4LJNSdrJwBkvzhFwHflU
XV89TSsV4ZyXzFx9YwP3LiYc7x4Xj/aO4fCevQeBv75gRviwhRtowpZ2tZP7x4N4SfK0G+kyuzh+aio7fcjZ/tW1Rvc0P/l6
KF4zrMzL5TYAmD5GR3Y0Y6+oi3NV1O31ZA8M4KuXdfIrFnaUU5CusQ91n4K4AigcLY/oXi7SRd8z8+OEUfakdwFm++QGjpq39bx5Qo1xFtscK/lm
ip8UeunOm15P0z/3z74EkwLEkLF+BBin6Gz+dVZGOT+1Uu49oNdBdkv8q3dySOW4o8lQsXZbF69vAJBryyutwM/GSKeJkSGjWGLMJjb5fQ==
625Pl0c4EQtCOcfVPBvqeT+Kk7lBAvfuggt2FGDJyKZng2sqMIH+Jx/KlYR1yyyIu4R9sY6NKKtJk7F4TleVy7380b5Wm5dhP59GGtIaKPlj
1T+rJ494WG9IYFA1ZIM7m7LEdwX+735a3V3PTamHXUzxGUIfCZ3i06Q5TlsdBZ+vzxTzzZYAXbpGi3NTb8DsnLCWgXkoLArcTcXvNbMmpUjc3c0wm/cF4LJNSdrJwBkvzhFwHflU
qUhbfgp8fwAZI9BooXU8AUlkIGaYwHucnVyM79le+ELaFnDi/Im0jc7X0qTxDVM9fHERmMHcDv1hxlt9naJSRSQ3BS5X7Mc/lsiBcE7ZTGmyO5NX03C8Y+9rT0ijeLSfjbHl+8TyYG4S+Vk=
3U/c4Jq9v+qIYk2gJCwwyiYc7x4Xj/aO4fCevQeBv75gRviwhRtowpZ2tZP7x4N4SfK0G+kyuzp4aiQ7fcjZ/tW1Rvc0P/l6
fznO53JDZAox9/Mfn8saWudandR2Ci8GnyA5Mi9YON1JNUu94XVNBDAPSVdeMHeV57jpwYf0d0ToUcem/dF7euQpcofT4uG0gXNQCEc8CYF6pWQLxTvlqFpPyQtgZkVhgvObgfP38upmYhT5Xw==
v6oVblQjHEWDxRsI118RRAPkJ6MRMTHm/nsGgZawOqqrYH9Tm2PcB9vzQTied6XLwhuBceY7B+HP/5Za4jo4+XM=
gz9WS0VaWTVnsBNYeOMnzwoHbYQg4Cnf5uMDUdPyaCwNn+hODuMFL1NjYxSxhmRHIXb79CG+XMYVLPnS7YFW6zw7+XY=
RbJpHqxy9gEAtP5YUwZ04AoHbYQg4Cnf5uMDUdPyaCwNn+hODuIFL1NjYxSxhmRHIXb78iS+XcYVLPnS7YFW6zw7+XY=
mC7YZql8RJhxdV60qcRGTgPkJ6MRMTHm/nsGgZawOqqrYH9Tm2PcB9vzQTied6XLzByBeec7B+HP/5Za4jo4+XM=
HWp3iA+X/G43lKzf9UW//EIw+sV5QbnpEcppazMsPY0FO2bl92wn//bIYTAuWewpkjuzFzPw3KMPa2yPA/IVX+2xBbukcsAuMvl5
c/SDN4e1cZ9PdCZ0YnCxvVpbZdVPFoKOe3noTERq1ZwBq+WfovelDz/A4IvbK77j/4OZx3kRsQPoopzGRvkN
RwdpvQZBhFddJurmvet+pAHkJ6MRMTHm/nsGgZawOqqrYH9Tm2PcB9vzQTied6XLwh6Be+c7B+HP/5Za4jo4+XM=
uuYaRv64AbJV9iRF5K3Te6+oi3NV1O31ZA8M4KuXdfIrFnaUU5CusQ91n4K4AigcLY/oXi7TRd8z8+OEUfakdwFm++cBjp+29bx5Qo1xFtscK/lm
CaO5oOIDpkLfzLwJzfJSU0Iw+sV5QbnpEcppazMsPY0FO2bl92wn//bIYTAvWewpkjuzFzPw3KMPa2qOA/MVX+2xBbukcsAuMvl5
pLFDoZOH0dM8WKy2PZrqWa+oi3NV1O31ZA8M4KuXdfIrFnaUU5CusQ91n4K4AigcLY/oXi7SRd8z8+OEUfakdwFm++YAjp+29bx5Qo1xFtscK/lm
xPIDq/pAU07N7bIbAmydbSYc7x4Xj/aO4fCevQeBv75gRviwhRtowpZ2tZP7x4N4SfK0G+kyuzx9aig6fcjZ/tW1Rvc0P/l6
hW0zNjCAaWBm94B9qUy0nEs0JipVZXloUeXtu1QXFbX8vudVPaTfPBZ6b4K2twtvj/yUIEAq+cWokHJgvXmXCVMa3XQs4bUMW055XEDwMWYpfGETPi0IIflo
486DajFfHGHsTeCvXlLGIiYc7x4Xj/aO4fCevQeBv75gRviwhRtowpZ2tZP7x4N4SfK0G+kyuz99aig6fcjZ/tW1Rvc0P/l6
mVTVjPNvYKW74AQzDn6geSYc7x4Xj/aO4fCevQeBv75gRviwhRtowpZ3tZP7x4N4SfK0G+kyuzh8aig6fcjZ/tW1Rvc0P/l6
tSxxqm11wwYqr2vcOSmvIK+oi3NV1O31ZA8M4KuXdfIrFnaUU5CusQ91n4K4AigcLY/oXi7TRd8z8+OEUfakdwFm++cEjpi29bx5Qo1xFtscK/lm
KgEg9AbHlDqxPWcrwSbYjCYc7x4Xj/aO4fCevQeBv75gRviwhRtowpZ3tZP7x4N4SfK0G+kyuzx/aig6fcjZ/tW1Rvc0P/l6
P2NpxqBgpKuMnjx8/IPeCEs0JipVZXloUeXtu1QXFbX8vudVPaTfPBZ6b4K2twtvj/yUIEAq+cWokHJhvXmXCVMa3XQs4bUMW057XEDwMWYpfGETPi0IIflo
CVL+mBWptBDMK8OCZo5w6CYc7x4Xj/aO4fCevQeBv75gRviwhRtowpZ3tZP7x4N4SfK0G+kyuz1/aig6fcjZ/tW1Rvc0P/l6
QNJj9bXJd56bx4xrddxmWks0JypVZXloUeXtu1QXFbX8vudVPaTfPBZ6b4K2twtvj/yUIEAq+cWokHJhvXmXCVMa3XQs4bUMW097XEDwMWYpfGETPi0IIflo
Vt5av7F+opPtJn+6D0aYTiYc7x4Xj/aO4fCevQeBv75gRviwhRtowpZ3tZP7x4N4SfK0G+kyuz9/aig6fcjZ/tW1Rvc0P/l6
+2+GEiIGU6uymdxrActF4Es0JipVZXloUeXtu1QXFbX8vudVPaTfPBZ6b4K2twtvj/yUIEAq+cWokHJhvXmXCVMa3XQs4bUMW017XEDwMWYpfGETPi0IIflo
aiKZEPlEN3307gCMUQAThyYc7x4Xj/aO4fCevQeBv75gRviwhRtowpZ3tZP7x4N4SfK0G+kyuzh/aig6fcjZ/tW1Rvc0P/l6
YgApQX6ADX3mawyH2tSWzks0JypVZXloUeXtu1QXFbX8vudVPaTfPBZ6b4K2twtvj/yUIEAq+cWokHJhvXmXCVMa3XQs4bUMW0p7XEDwMWYpfGETPi0IIflo
aiKZEPlEN3307gCMUQAThyYc7x4Xj/aO4fCevQeBv75gRviwhRtowpZ3tZP7x4N4SfK0G+kyuzh/aig6fcjZ/tW1Rvc0P/l6
70opbNLbL6kfDtLrALWYXks0JipVZXloUeXtu1QXFbX8vudVPaTfPBZ6b4K2twtvj/yUIEAq+cWokHJhvXmXCVMa3XQs4bUMW0p7XEDwMWYpfGETPi0IIflo
i0ABYxXv3ql0Yp8xY31HDyYc7x4Xj/aO4fCevQeBv75gRviwhRtowpZ3tZP7x4N4SfK0G+kyuzl/aig6fcjZ/tW1Rvc0P/l6
oycAVEYw+PbSt/WEcbeO2Es0JypVZXloUeXtu1QXFbX8vudVPaTfPBZ6b4K2twtvj/yUIEAq+cWokHJhvXmXCVMa3XQs4bUMW0t7XEDwMWYpfGETPi0IIflo
7FYskjzyKTIOz46DmxoQSAPkJKMRMTHm/nsGgZawOqqrYH9Tm2PdB9vzQTied6XLwBuBfOc7B+HP/5Za4jo4+XM=
8WA0Eu4r39U/isUN0qrzCRQ2v/WeT6Ihi0OfDeY5sfgUDI2Ev5weiaN0FJG23+fhgCPpmCbHLUtIb3kdD2vfoffPvnr6KjD5ew==
tC1N46Qi73nSlzo7EI65qBY2v/WeT6Ihi0OfDeY5sfgUEa2knbs0iKN0FZG23eDrgSPpmCbHLUtEankdD2vfoffPvnr6KjD5ew==
8rqpBbcRAP9C8T9u0JOMnBBNOsvMweeWMrVIZV+I2k1jHNNnekjtqFupeIEum29/x6AIG0OrJXFXJiF3MdH507BC9DY++XU=
37adhG0l8y4d0MaPhjQRWUIw+sV5QbnpEcppazMsPY0FO2bl92wn//bIYTAvWewpkjuzFzPw3KMPa26OA/YVX+2xBbukcsAuMvl5
+hfLXTMrhlCqU7wY6gj/mCYc7x4Xj/aO4fCevQeBv75gRviwhRtowpZ3tZP7x4N4SfK0G+kyuzp9ais6fcjZ/tW1Rvc0P/l6
QhNdBODl6EVfOPmdF25LDhBNOsvMweeWMrVIZV+I2k1jHNNnekjtqFqpeIEum29/x6AIG0OrJXFXJyF3MdH507BC9DY++XU=
pBcqNhFIfEyXPTL0CTTQMhY2v/WeT6Ihi0OfDeY5sfgUEa2knbs0iKN0FJG23eDrgSPpmCbHLUtNa3kfD2vfoffPvnr6KjD5ew==
gZUfZlhP7ckdrMiKij6sKQHkJ6MRMTHm/nsGgZawOqqrYH9Tm2PcB9vzQTied6XLwR2Bcec7B+HP/5Za4jo4+XM=
rH7I99hJxxQIP29qJ6R2u+Pzo8be2KqMGzDejtfN4kXFxy09OnYds53a6gcrcV8YaKbd3tS7gsdbhet/YccJ0GtGRCyPmo3qTL3OIwg+syJcUCWiIc5ET3Hee192tnWOhYS5+v3J9mNsE/le
0ne+Aaa9I2VSFPJStqO7KlgHMo0MXeGeczzsS1t/kYImnrPK/tGnDz/A4IvbK7Pg/4mZx3kRsQPoopzGRvkN
XtV4H7hRE0YO40lNmDJNBEIw+sV5QbnpEcppazMsPY0FO2bl92wn//bIYTAuWewpkjuzFzPw3KMPa2uPA/kVX+2xBbukcsAuMvl5
AG70QYJM3etHkn9C6Cxwt0s0JypVZXloUeXtu1QXFbX8vudVPaTfPBZ6b4K2twtvj/yUIEAq+cWokHJhvXmXCVMa3XQs4bUMW0h9XE3wMWYpfGETPi0IIflo
STvYvQ9xAvmHSbrj0sDfMmkAxr8OXA98z8O2SqkMzmm/LV/aiNpIBB2X6EYeyyUHA6sj3OEuxO+x/nt/sRb1bkXkuRq9qXbDLDP5fg==
qclr1b89bxTweonji5ab4CmNl7kFDfWhngF2FGDJyKZng2sqMIH+Jx/KlYR1yyyIu4R8sY6NKKtJk7F4TleVy7X60bFXm5dhP59GGtIaKPlj
8n+MrsFeIIe1pdrmweX6FyYc7x4Xj/aO4fCevQeBv75gRviwhRtowpZ3tZP7x4N4SfK0G+kyuzh4aiU6fcjZ/tW1Rvc0P/l6
kn7LG9056ZSZg0rMI6410Es0JipVZXloUeXtu1QXFbX8vudVPaTfPBZ6b4K2twtvj/yUIEAq+cWokHJhvXmXCVMa3XQs4bUMW0p8XE3wMWYpfGETPi0IIflo
+Ei85fSOscFSBFaUTPOSdSYc7x4Xj/aO4fCevQeBv75gRviwhRtowpZ3tZP7x4N4SfK0G+kyuzV/aiw9fcjZ/tW1Rvc0P/l6
ZZREwDPK6KcTTcevow5wV6+oi3NV1O31ZA8M4KuXdfIrFnaUU5CusQ91n4K4AigcLY/oXi7TRd8z8+OEUfakdwFm++kHjpyx9bx5Qo1xFtscK/lm
2dNEfaTQTup5pb6p0XBtBUs0JipVZXloUeXtu1QXFbX8vudVPaTfPBZ6b4K2twtvj/yUIEAq+cWokHJgvXmXCVMa3XQs4bUMW0Z6XET3MWYpfGETPi0IIflo
DJUcV82ir5cuehqhCBcA9iYc7x4Xj/aO4fCevQeBv75gRviwhRtowpZ2tZP7x4N4SfK0G+kyuz15aiw9fcjZ/tW1Rvc0P/l6
dWfPYVC1C2Vi9WGisNrlIK+oi3NV1O31ZA8M4KuXdfIrFnaUU5CusQ91n4K4AigcLY/oXi7SRd8z8+OEUfakdwFm++EBjpyx9bx5Qo1xFtscK/lm
hxBOUKhQCb4dhjHy/QYdESYc7x4Xj/aO4fCevQeBv75gRviwhRtowpZ3tZP7x4N4SfK0G+kyuzp5aiw9fcjZ/tW1Rvc0P/l6
OodHj3Q36M3Ocbd9ls//miYc7x4Xj/aO4fCevQeBv75gRviwhRtowpZ2tZP7x4N4SfK0G+kyuzt9ai09fcjZ/tW1Rvc0P/l6
+fnawaUL8803ns3jbHqBnq+oi3NV1O31ZA8M4KuXdfIrFnaUU5CusQ91n4K4AigcLY/oXi7TRd8z8+OEUfakdwFm++IHjp2x9bx5Qo1xFtscK/lm
IHd8krhw2l4ITZdeM97026+oi3NV1O31ZA8M4KuXdfIrFnaUU5CusQ91n4K4AigcLY/oXi7SRd8z8+OEUfakdwFm++YHjp2x9bx5Qo1xFtscK/lm
zcq+v5M7f7q+gPbijRNIJwPkJ6MRMTHm/nsGgZawOqqrYH9Tm2PcB9vzQTied6XLxRuBeeA7B+HP/5Za4jo4+XM=
SOwqd1tC1tOZU0gpk/VHkAPkJ6MRMTHm/nsGgZawOqqrYH9Tm2PcB9vzQTied6XLzB2BfeA7B+HP/5Za4jo4+XM=
yOEiE2JZcbBWrAHGg+dCkVVV/HFKTCBvz4Awq+srywavRS5n6ZFBYzjirOZW+R0=
2QDvoSjNzOyp7q+Ly69Dxaq8QfK3gQKuwwE0RA1gU2UQg7lYduc9S12KKd1Yi08hhy/OuorKQPkL
LZf9Zb7tr9ZNveB76p5T1TsWMbAbr7AOkb/ShCzLxXgcTS1gmyJkcPF7qapJcDnfjoHQTfkE
IdswQI1VR2bKuf4V0smryXR0dnVa7dnteHk40JrfOj4cbId70ThgAg+Sj8ruWlBd8Lx6SRlPublfAAuRJKEFGJwt7UCbAiSQcZvpSklQeX8OIRAt+WQ=
21Mo7dlQZqFUBl77hhZR/eXH5OLn6pdnXGfA76xiakGWxLTKY9mx1txo1yT7GD4knIe4er4LWYHl86dWX2MU/+ki9MvJIrssWLpp7d1YWW51ZQYnFC/5ag==
xLOWd966JzP2HrJifdQBbzK9mhWguSkKJp6khCpqJSK43J949y0GYafuu4MRDU9mzabsZFfAJLngxxCDc7lEfObDWdjWpx1LPUpJXfjLbyFnb246Kgog+Ws=
GtY4DFU5OAqAqB8mbMcUJbaXqA9WLIiOj3JymN2wxXnsQc36iYsTCUV258LOTCUU7vkqE2Ir0d3u7GxH21BkM3fr1x77lbqPpXFNi0wS2B4q+WE=
