5roR0ztSxBMbRjsJr4yQV1mHz+UkQV7k5jWwJxAMPiTMFfM+pdtDDhn2vHF0WeXl/NJBt2JAFq9vAJBryyuvx8/HSqeKkSGiWGLMJjb5fQ==
oUunfKjUCnYbVmLfGtItRDh/PhK4I2L07B9dyWx5XoXxf5Ou1vjPsRkq1POZyju86fKLkc1zGbYE7aafxEf5cg==
z8VwIeYiOZQId+C6p887LZq9XE0GoWSxAtEUauXbZ5LAn4oea1JgnOS6n5IZfXj4gHcg2K/WtjfiQDNNCmWtgl280yhUVJmDiRN86fEm5CfhVvvZ4d7bZVXP+bIsIdYLfBv5Vg==
YZ4NL+u343X1qihvIbEoUhoEduJws27G4P8CEITzLT0Uhd4BefMDOk5kbxWxhmRHIXb7+SG+W8UVL/nS7IFW6zw7+XY=
MiNQK+5a3QDmvp2uCuagNBoEduJws27G4PsAHoTzLT0Uhd4BefMDOk5kbxWxhmRHIXb7+SG+W8UVL/nS7IFW6zw7+XY=
nRsKT0PxCmPxz6lQJUHE8R+zeuFcYXO7qSFU1IL+N7/lO0xsmzyBLc3zQTied6XLzBuBf+Q7BOHP/pZa4jo4+XM=
WfVGUnbyCmejHdHluY7uBaq8QfK3gQKuwwE0RA1gU2UQg7lYduc9S1SLKd9ci0whhy7OuorKQPkL
8pwUni7gwLEEUtvnEWTMfTsWMbAbr7AOkb/ShCzLxXgcTS1gmytlcPN/qalJcDjfjoHQTfkE
m/Q7qq5b2r39REB1mU4Hipq4SQRuvWa3D4NZMI6eOciT1JdANx42o7m7iJALVSKpkTx66rDT7magHwJwRFOt3VSl3iE5E4OajgRv9fEm5CfhVvvZ4d7bZVXP+bIsIdYLfBv5Vg==
lmkSWB4yrq9W4Vm79GXR/lOSURZFufdvIoru8MTRANy614f5W2p4c/Lwr/2YdvpD7UqdjibCDfrG6l8ibkn+NoT+xhd2v2GkbXfq5wuQFBNn687/y9dubzbxvSo80gh+GvlR
2GtuIHgI1sgD7WeebR3H61OSURZFufdvIoru8MTRANyh14f5W2p4c/Lwr/2YdvpD7UqdjibCDfrG6l8ibkn+NoT+xhd2v2GkbXfq5wuQFBNn687/y9dubzbxvSo80gh+GvlR
pXti53BOGwzPvq3JrZqOvxzdj6AkHhOnoWC+MRQMPiL9W6kvq9YCZF38q2F4dKvt8ZtFtUJMAK9vAJBryyuqxs/HSqeKkSGiWGLMJjb5fQ==
aQlOP6DLQXdsgXFcYGVHoHMkihrestfG7N+XeEcm1pvJg0goe+3CEeGE+lLAaw7e0KfCSDRrTeUknd4ZSStjov48r02BngSfke57YZVmNd0ldzmKXBk2Mwwj+W4=
PqklHP8axT14n/Mqb8GnD8yDlVlA1NFUEzSqCRfcusFqhzOBdFsV6Mqv+QufxNWhsNNoAaMW4qqWwkT5Dw==
8ylXjr59VtIRSC9Z2Pe3qxQ2vPWeT6Ihi0OfDeY5sfgUDI2Ev5weiaN0FpG23+fhgCPpmCbHLUtOa3kRDGvcoffOvnr6KjD5ew==
2ehs2g+1q5W0p9Enc6ZEwFpbZdVPFoKOe3noTERq1ZwBq+Wfo/elDz/A4IvbK7Lh/4Gbx3oRsQLoopzGRvkN
DBIWqyFPihdF9tueEV0PCwPkJaMRMTHm/nsGgZawOqqrYH9Tm2PcB9vzQTied6XLxB2BeuU7BOHP/pZa4jo4+XM=
PH7wcXkI8OCSNXub0jaYpPaBMh7lsSgHi0zFR6SQUV3/H0AABpLvr6QvXUgKPcGwgELssoBZC6gKyVZhOubk1LCOnXBaY0TNWM7yNr0npUjc3c0wm/sD4LZOSdnJwBgvzhFwHflU
SCIbhywDhEn3JWCy7RL3bzY8NRCkMWPm/Q8e2XMsXo/KPpT+2ubFpBkq1POZyju97/KOkM1zGbYE7aafxEf5cg==
KVb9yn7XsopnCfpGLQOFsPaBMh7lsSgHi0zFR6SQUV3/H0AABpLvr6QvXUgKPcGwgELssoBZC6gKyVZhOubk1LCOnXBaY0TNWM7yNr0npUjc3c0wm/EC4LZOSdnJwBgvzhFwHflU
FvtkE/6xz+LuOpqszJ8MITY8NRCkMWPm/Q8e2XMsXo/KPpT+2ubFpBkq1POZyju37vKOkM1zGbYE7aafxEf5cg==
Z0OXayTqdxXXmLKiGYWKI/aBMh7lsSgHi0zFR6SQUV3/H0AABpLvr6QvXUgKPcGwgELssoBZC6gKyVZhOubk1LCOnXBaY0TNWM7yNr0npUjc3c0wm/cC4LZOSdnJwBgvzhFwHflU
0v7guDAtySqdT89gbXp2fDY8NRCkMWPm/Q8e2XMsXo/KPpT+2ubFpBkq1POZyjux7vKOkM1zGbYE7aafxEf5cg==
ONl7sq4RsCdbM4b9aCB8ClVV/HFKTCBvz4Awq+sryAevQitn6pFBYjjirOZW+R0=
lXr2UPEH099uctWu2Tp7Haq8QfK3gQKuwwE0RA1gU2UQg7lYduc9S16LKdpdi0whhy7OuorKQPkL
i71h54bZVseOnHLU8xvrTDsWMbAbr7AOkb/ShCzLxXgcTS1gmyFlcPZ+qalJcDjfjoHQTfkE
mrRb3O1YtRSk59X8EPSRCnR0dnVa7dnteHk40JrfOj4cbId70ThgAg+Sj8ruWlBd8Lx6SRlPublfAAuRJKEFGJwt7UCbASWQdp7pSUlQeH8OIRAt+WQ=
+tjS4rNhIflb0h+wPd9g5eXH5OLn6pdnXGfA76xiakGWxLTKY9mx1txo1yT7GD4knIe4er4LWYHl86dWX2MU/+ki9MvJIrsvWbpu6N1bWW50ZQYnFC/5ag==
nGUhzojxQMXC5lcsZ5i73jK9mhWguSkKJp6khCpqJSK43J949y0GYafuu4MRDU9mzabsZFfAJLngxxCDc7lEfObDWdjWpx1LPktJWv3LbCFnbm46Kgog+Ws=
jONolgDMyesTNQOzZZBekbaXqA9WLIiOj3JymN2wxXnsQc36iYsTCUV258LOTCUU7vkqE2Ir0d3u7GxH21BkM3fr1B/7kr+PpnFNikwS2B4q+WE=
