iApYsFB8FQ23xHyTQNv0l1mHz+UkQV7k5jWwJxAMPiTMFfM+pdtDDhn2vHF0WeXl/NJBt2JAFq9vAJBryyutwM/CT6eCkyGrW2LMJjb5fQ==
sczBkeSotHah/0Z0yOq5/Th/PhK4I2L07B9dyWx5XoXxf5Ou1vjPsRkq1POZyju97vKOlM17G7YN7qafxEf5cg==
2ZaMo5ovXj77mKdiEMP1ouvsyTELgqDMREof4rmtOKhgRyDoT4b250Iws72qNW1SPYzTGDSEWdMp4/yZUfakdwFm++kGjp6w9bd7QoVyFtscK/lm
TwjMfSJHV7/uUS5iMhyLYBoEduJws27G4P8CEITzLT0Uhd4BefMDOk5kbxWxhmRHIXb7+Sa+XsAVJ/vS5YJW6zw7+XY=
9bQrvSCqeuI+Gn45lNIlgRoEduJws27G4PsAHoTzLT0Uhd4BefMDOk5kbxWxhmRHIXb7+Sa+XsAVJ/vS5YJW6zw7+XY=
dIFr4p7r91ZZ4NRru9YE2B+zeuFcYXO7qSFU1IL+N7/lO0xsmzyBLc3zQTied6XLzByBeuE7DOPP95Va4jo4+XM=
aFPg/vHM8PQ5yVujOO375qq8QfK3gQKuwwE0RA1gU2UQg7lYduc9S1SMKdpZi0QjhyfNuorKQPkL
a/C2W3HCx11cWbPGmvdcdjsWMbAbr7AOkb/ShCzLxXgcTS1gmyticPZ6qaFLcDHcjoHQTfkE
xJ5Dyv6gnu25sqg+Q3Ym95q4SQRuvWa3D4NZMI6eOciT1JdANx42o7m7iJALVSKpkTx66rDT7magHwJwRFOt3VSl3iE5E4OajgRv9fEm5CfhVvvZ5t7eYFXH+7IlItYLfBv5Vg==
1RZx28kBIF3dHeEyHY++ulOSURZFufdvIoru8MTRANy614f5W2p4c/Lwr/2YdvpD7UqdjibCDfrG6l8ibkn+NoT+xhd2v2GkbXfq5wuQFBNn6874y9Jrbz7zvSM/0gh+GvlR
9ycO/ZwMJ/AiBfeBswAPN1OSURZFufdvIoru8MTRANyh14f5W2p4c/Lwr/2YdvpD7UqdjibCDfrG6l8ibkn+NoT+xhd2v2GkbXfq5wuQFBNn6874y9Jrbz7zvSM/0gh+GvlR
QgblQ0J3CdUz2WigYrnnvBzdj6AkHhOnoWC+MRQMPiL9W6kvq9YCZF38q2F4dKvt8ZtFtUJMAK9vAJBryyurx8/CT6eCkyGrW2LMJjb5fQ==
a/CImieaBGD419hhLibaW047Lhj+hsHC2q5zAQXOneHUHmLnqkUG5Z3P/syNqsTtuBNvOhoFNXoa5ljhEBvM976VV+nLzLfxCzkFphhuQK6XX/XuDV3p7w+AcCurK42Ab0jv56KTAev74mxmFvld
M7Ej1qFHiiRzs6Q/NXMcgF5Cv01iAHqF0ia31j4ss6NK3zlRnU+vyIU7FlZrha//16P00U1MICU6rTcjS53FaWGK15C0ntvk1SCAew5hTHB72IBmdfAVELxlXbgbfJJYXJL5mYsI4fTuaWAV+Vw=
rhxTm1BZukS986JuqV03sVgHMo8LV+CeczzsS1t/kYImnrPK/tGnDz/A4IvbK73g/4ifx3ITsQvropzGRvkN
3u9DUzJ2/J52iqKQcuAKm+Pzo8be2KqMGzDejtfN4kXFxy09OHYds53a6gcrcV8ZaKfd3tS7gsdbhet/YccJ0WtGRCyPmo3qTL3OIwg+syJcUCWiIc5ET3Hee1hxtnSIhY+7+vXK9mNsE/le
ARUn9qIHeyP1TN+PqiwBslkHMo8LV+CeczzsS1t/kYImnrPK/tGnDz/A4IvbK7vn/4ifx3ITsQvropzGRvkN
Y5mgVUGRGW+qhwekyF1yD2jhotZKJzzI8D0Nr8JAMB0YRWvJxdL/Vxjm2J+JCl+evAvCer4fXjG5mhSjebo7o8jCxESti5smrV5mzyQ3+WI=
9SlJMlLIFftLp/7OCycPDmjhotZKJzzI8D0Nr8JAMB0YRGvJxdL/Vxjm2J+JCl+evAvCer4fXjG5mhSjebo7oc3CxUSti5smrV5mzyQ3+WI=
7axo4UnOlmepjqOqn2Ucu087Lhj+hsXfxepiChnZkP3lL2X1jSMWppDY/8qo2Yv27AdtOhoFNXoa5ljhEBvM976VVvPNzKvpCjkFphhuRKeAWPXuDV3p7w+AcCurK42Hb0nv56KTAev74mxmFvld
jyeExqTZmZh0aqUkwunRl7q1soOfC+Kzia8nH6JGKBUI272TsjFRbTbx9uvAm3fLllCZEFGGz7zUsgMoZUwY947p3QvMFFhKFdwNHIwJBXTbscw07R5hNeukOTjeBXgZ+VA=
lSz3+dyi5tZSOJNpgN8neOPzo8be2KqMGzDejtfN4kXFxy09OHYds53a6gcrcV8YaKfd3tS7gsdbhet/YccJ0WtGRCyPmo3qTL3OJwEptCJcUCWiIc5ET3Hee1p3tnyNhYa6+vXK9mNsE/le
D86HX4bz4PSbHwOwkt58X2eY23SGvlzbkusFgOa+Tk2ReQ6Rw/DpAyMNTwyQiv26/Gdy8wPJq7upe1mF06qkiOcGPR7UMU6jidUktiT8hUaJkjT7qRK7HziKrFm96treHdbGF3Qf+Vo=
DCLGjLS1mXd0T3/yg/C18HMkihrestfG7N+XeEcm1pvJg0goe+3CEeGE+lLAaw7e0KfCSDRrTeUknd4ZSStjov48r02BngSfke57bpdmPd0ldjqKVRo2Mwwj+W4=
dTApXjA7NbDyLTVcazjRfuVEncJnCC9CyG57eXIZT4cPYT+z5DIaUnJEK1kJcmaK567olYfucE7yBfK7rpMUPbwnf5zZvcDxz2JaLgJqXZc/un8N2zvlqFpPyQtvYkVugPOZgvP/8epmYhT5Xw==
YTmkFd8nM3KDSYode46Hh1gHMo0MXeGeczzsS1t/kYImnrPK/tGnDz/A4IvbK73m/4aax3sSsQvropzGRvkN
JmzI/pStlI3nrL5wsyxG6uVEncJnCC9CyG57eXIZT4cPYT+z5TIaUnJEK1kJcmaL567olYfucE7yBfK7rpMUPbwnf5zZvcDxz2JaLgJqXZc/un8N2zvlqFpPyQthYkVugPOZgvP/8epmYhT5Xw==
vNb5AfsaX5wnqNEmZvYjgFkHMo0MXeGeczzsS1t/kYImnrPK/tGnDz/A4IvbK7Pm/4aax3sSsQvropzGRvkN
6T+iH3UxOHCRKyDweKZnN2jhotZKJTvC8T0Nr8JAMB0YRWvJx9X1Vhjm2J+JCl+evAvCer4fXjG5mhSjebo7rM3Cy0GtgpomrV5mzyQ3+WI=
oPdtSQ7fEvqQ7z6qcFVaA2jhotZKJTvC8T0Nr8JAMB0YRGvJx9X1Vhjm2J+JCl+evAvCer4fXjG5mhSjebo7p8zCy0GtgpomrV5mzyQ3+WI=
PXN+tvu5V5pDcF664FEVQOVEncJnCC9CyG57eXIZT4cPYT+z5DIaUnJEK1kJcmaK567olYfucE7yBfK7rpMUPbwnf5zZvcDxz2JaLgZjSpA/un8N2zvlqFpPyQtpZEVvgPOZgvP/8epmYhT5Xw==
9H9/BxLm6lYLikrYZtCizeVEncJnCC9CyG57eXIZT4cPYT+z5TIaUnJEK1kJcmaL567olYfucE7yBfK7rpMUPbwnf5zZvcDxz2JaLgZjSpA/un8N2zvlqFpPyQthZEVvgPOZgvP/8epmYhT5Xw==
ANKulU2M1F4Sjj+9Cm+7AnS99hi9qnfD3slREP8DOkkeo0J3w7Aswx9reagztKf/XzKVE/eykM5C+Qk=
DrkHQANUcxCAYV8KDGuflVUm0YdsLwGGHV++oZPHgL1aYFSbsKkbMuEvqAkn/OkbHGVYE+T7RSj6j+kLiaMl7GGz+YITv1FqxiI0+X8=
as/dRjruNiGiPVo/Ia60t3S99hinrHffxshREP4ZPEkCu0N3w7Aswx9rea8zt6f/XzKVE/eykM5C+Qk=
xkRSHAFvFPGcTpzNieq02RxVMZURW5KdOzz7V0JI1ZhyiaDR5tunDz/A4IvbK7rm/4ebx3sSsQvropzGRvkN
uMu33ZeymHtZLIcOtgecjBY3vr2GDf1mmVmHSugxtudXGq2knbs0iKN0FJG23eDrgSPpmCbHLUtJbHkQDWvdovfHvXr6KjD5ew==
03qKN6wbznbTVA2o5JzK91ok/N80XLK9EoZ9d3kiMoUENyXu92wn//bIYTAuWewpkjuzFzPw3KMPa2+PA/gXX++yBbOncsAuMvl5
gBoJDEhL7ZI0OH1H4jJxwkYcq+4JLy7DscwjpRboDeKmswN7r6hcZBDOUVEoBNqF7T1fXXMO1XA8hZ3YG53UONx2ufCKKKFUbskgNfl8
z4duQ8i6DhnyeWkl+euulyT1I5AO98UR8sE1MeqXuwtoA0bH2YKFEBhg6dMsDdoF5ZJeXTBXMdabvJuXYkj12JIJABGG24dP30BAS7srnKAfCTsHGxKRSwsiPAYm+W0=
Aq61CE2+zTeVJbPJvRaQjpxRyUIVlGAA8K8nECKH+o7WUUkCHIXyyIN3zq24oQ86NIniB2MCUfTRU6AINxzYQcrF1ItVm7Voqm/ZC3iHdSjSEwkCg18BKjYCJPlv
xFg271OYfYQz0ccBBAIIYi0QqiHREkUMChWLcQHjT4rsokqDw9feqwUzEwETkdit4MCBQ7SNQpVNcuYteJf5hsOcc6caSA3o+inYwc6bT79nIOjbI6sBMPegQLfT0tkb08IUdh75VQ==
HKFX2K22axecB9D2msMOqGjQwuRRD7T1gAF2WCePgu10mWsqMIH+Jx/KlYR1yyyIu4R8sY6NKKtJk7F4TleVy7D70bhWm5ViP5dFGtIaKPlj
74WxunLzuaCCKl9ZPgrjhyL+Lpca5sIR8sE1MeqXuwtoA0bH2YKFEBhg6dMsDdoF5ZJeXTBXMdabvJuXYkj12JIJABGG24dP30BAS7srn6MfATgHGxKRSwsiPAYm+W0=
pxJHqdRb9VUlsXBXqdmxxJxSyUIVlGAA8K8nECKH+o7WUUkCHIXyyIN3zq24oQ86NIniB2MCUfTRU6AINxzYQcrF1ItVm7Voqm/ZC32GdSnSEwkCg18BKjYCJPlv
E06hP6OJqZ9kjmj17X6ssS0QqiHREkUMChWLcQHjT4rvokqDw9feqwUzEwETkdit4MCBQ7SNQpVNcuYteJf5hsOcc6caSA3o+inYwc6bT79nIOjbI6sKMPehQLfT0tkb08IUdh75VQ==
VXeSVF9Uw2BmAMYD9ViOn2nQwuRRD7T1gAF2WCePgu10mWsqMIH+Jx/KlYR1yyyIu4R8sY6NKKtJk7F4TleVy7370blWm5ViP5dFGtIaKPlj
2kstKuR+/HWZq/tVzyUDPg5sYzgdZH8tV/7Bu1cfIfbquOITbOjNOx0vP4a2twtvj/yUIEAq+cWokHJhvXmXCVMa3XQs4bUMW0l5XEbxMWQqfGkQPi0IIflo
1SWHeOPymKyn5FV1YZoCFpxTyUIVlGAA8K8nECKH+o7WUUkCHIXyyIN3zq24oQ86NIniB2MCUfTRU6AINxzYQcrF1ItVm7Voqm/ZC3yGdSrSEwkCg18BKjYCJPlv
AI9qKGcmYPU1JiFm1xS4hS0QqiHREkUMChWLcQGjT4ruokqDw9feqwUzEwETkdit4MCBQ7SNQpVNcuYteJf5hsOcc6caSA3o+inYwc6bT79nIOjbI6sHMPeiQLfT0tkb08IUdh75VQ==
wnNZbVvzSnzvag5oIPVnLS0QqiHREkUMChWLcQHjT4ruokqDw9feqwUzEwETkdit4MCBQ7SNQpVNcuYteJf5hsOcc6caSA3o+inYwc6bT79nIOjbI6sHNveiQLfT0tkb08IUdh75VQ==
uLlZVz2VVLc5yU6yZnHfcVo47Mk0EPX7WM1ubXkiMoUENyXu92wn//bIYTAuWewpkjuzFzPw3KMPa2eOA/IUX++yBbOncsAuMvl5
lEhpZY9zVsR8hv1ZUw357hY3vKiGDf1mmVmHSugxtudXGq2knbs0iKN0FJG23eDrgSPpmCbHLUtPbXkeDmvdovfHvXr6KjD5ew==
C87Fg06KDos0iOSTRwQuEryrto6NCeepie1zQ+IDShsIh+nJ924xbT3ht/ufwDuJ1kSVbhbf27fPpEQIIAIJ/aiogkndUUdRE8INHIwJBXTbtck05RhhPOqkOTjeBXgZ+VA=
lrEk07ODyNfa2l/6XZ5muK+3iSsCnfrkVl1J6Kmea/R/WzbSGZSusQ91n4K4AigcLY/oXi7TRd8z8+OEUfakdwFm++IGjp229b56QoVyFtscK/lm
V7sysqTGbFU8a8FhSzEiY1ok/N80XLK9EoZ9d3kiMoUENyXu92wn//bIYTAuWewpkjuzFzPw3KMPa2mIA/EVX++yBbOncsAuMvl5
fhrIsjN/uYWNK92jIPH8V1ok/N80XLK9EoZ9d3kiMoUENyXu92wn//bIYTAuWewpkjuzFzPw3KMPa26OA/EVX++yBbOncsAuMvl5
ZudIhCIeXEqXaVWoeETHGUQNbcXexrHPLfJGbViXmUZjHNNnekjtqFqpeIEum29/x6AIG0OrJHZXISF3M9L527NC9DY++XU=
E3q8Mzcphlc2P3qvAJU/wFUm0YdsLwGGHV++oZPHgL1aYFSbsKkBNOEzsAgn/OgBGmVEC+X7RSj6j+kLiqcl6mOz+YITv1FqxiI0+X8=
1p/FeiKJzg99mOLcM9UDoHS99hinrHffxshREP8ZPEkCu0N3w7Aswx9rfqszs6X/XzKVE/eykM5C+Qk=
zJuXPb4m+Mmu52AGYYvdjhxVMZURW5KdOzz7V0JI1ZhziaDR5tunDz/A4IvbK7/j/4OZx3sSsQvropzGRvkN
MOw96+SfOmRutzIoqZIiDRY3vKiGDf1mmVmHSugxtudXGq2knbs0iKN0FZG23eDrgSPpmCbHLUtJbXkbD2vdovfHvXr6KjD5ew==
7SdxuO0YqWzR2xE7NDM4HLyrto6NCeepie1zQ+IDSRsIh+nJ924xbT3ht/ufwDuJ1kSVbhbf27fPpEQIIAIJ/aiogkjdUUdRE8INHIwJBXTbscw04BhhPOqkOTjeBXgZ+VA=
VQebBoyilwwL7Wdu9ozFUiYc7x4Xj/aO4fCevQeBv75gRviwhRtowpZ2tZP7x4N4SfK0G+kyuz19aik6fcra/t22Rvc0P/l6
cTpfV5Guw965AJMl/d0feBY3vr2GDf1mmVmHSugxtudXGq2knbs0iKN0FZG23eDrgSPpmCbHLUtMbnkdD2vdovfHvXr6KjD5ew==
Jy4166q6E9nToA+ltcc/Zryrto6NCeepie1zQ+IDShsLh+nJ924xbT3ht/ufwDuJ1kSVbhbf27fPpEQIIAIJ/aiogkjdUUdRE8INHIwJBXTbtM004RhhPOqkOTjeBXgZ+VA=
PkeFiIumMf5xy18WzXEdY1ok/N80XLK9EoZ9d3kiMoUENyXu92wn//bIYTAvWewpkjuzFzPw3KMPa2qPA/UVX++yBbOncsAuMvl5
gqOMvdx9br0wHc6MrpjwmiYc7x4Xj/aO4fCevQeBv75gRviwhRtowpZ2tZP7x4N4SfK0G+kyuzx4aik6fcra/t22Rvc0P/l6
eT5ZOmLlfffXIIzaVDxGiBY3vKiGDf1mmVmHSugxtudXGq2knbs0iKN0FZG23eDrgSPpmCbHLUtJankdD2vdovfHvXr6KjD5ew==
4lh1TpaiAmrZf5KSmKONQVok/N80XLK9EoZ9d3kiMoUENyXu92wn//bIYTAvWewpkjuzFzPw3KMPa2eOA/UVX++yBbOncsAuMvl5
lK7j8d01Lz9ri792Ndpb0iYc7x4Xj/aO4fCevQeBv75gRviwhRtowpZ2tZP7x4N4SfK0G+kyuz59aio6fcra/t22Rvc0P/l6
69gddfcMlcP1Oo1cyADUtxsGeoRzoG7B7+UfEtjyaCwNn+hODuIFL1NjYxSxhmRHIXb7+SW+WsYVLvrS5YJW6zw7+XY=
MzeSRWh3TbogX6hHvEB8g2eY23SGvlzbkusFgOa+Tk2ReQ6Rw/DpAyMNTwyQiv26/Gdy8wPJq7upe1mF06qkiOcGPR7UMU6ngMIjtiT8hUaJkjT7qRK7Hz2Kq1q96treHdbGF3Qf+Vo=
LcGtD1jnofEiGB+qsWzDKhXSBV815aIsZcOqsoSpXJPDzNq0HTYpfaa//rLdPaRdqw+W2mnKEbPC8R51bwzvL57IiWBmuXS5anvr5wuQFBNn68/7y9BqbzfyvSM/0gh+GvlR
fovhXkLy//aKfplgacPyUHS99gWnrHffxshREP4ZPEkCu0N3w7Aswx9rfq8zsKL/XzKVE/eykM5C+Qk=
HUDMxPTliKiyD4W00Dk4yBxVMZURW5KdOzz7V0JI1ZhyiaDR5tunDz/A4IvbK7zm/4Cex3sSsQvropzGRvkN
f1cLCsY5Iha6pyoS5VvLZEhkIGaYwHucnVyM79le+ELaFnDi/Im0jc7X0qTxDVM9fHERmMHcDv1hxlt9naJSRSQ3BS5X7Mc/lsiBcE7ZTGmyO5NX03C8Y+9rRkmjcbKfj7Ll88fyYG4S+Vk=
UDjgslsWo2yrDU7WQHlHsBxVMZURW5KdOzz7V0JI1ZhziaDR5tunDz/A4IvbK77m/4Gex3sSsQvropzGRvkN
hl/vtmCbryZFBy68F2JML9/4HU0e/zfpVM4be+/ZaoPKgosBYVht4Kfx2t1SF3bpjXEupLPA7mGvBR9yGFLozE2/6G5OAoWPkwNj9PEm5CfhVvvZ5d7YYVXO+rIlItYLfBv5Vg==
VLuxnnQNupck0wcFr9BTMeRandR2Ci8GnyA5Mi9YON1JNUu94XVNBDAPS1deMHeV57jpwYf0d0ToUcem/dF7euQpcofT4uG0gXNQCEc8CYF6pWQLxTvlqFpPyQtoZkVuhPOZgvP/8epmYhT5Xw==
lhg6mQNLiC/o+b3uCfulS+YoJypVIXMaPJkKR8vy2VQJI7gIL+yB4UK1fEs9i71IUj9hiwBVTU7cAyHC6++JSu4yPPl3
55zJc89ZZztsWjmNLH36dgoHbYQg4Cnf5uMDUdPyaCwNn+hODuIFL1NjYxSxhmRHIXb78iC+WsEVLvrS5YJW6zw7+XY=
xYD8BxfWwrNsR56zSxBhWGaY23SGvlzbkusFgOa+Tk2ReQ6Rw/DpAyMNTwyQiv26/Gdy8wPJq7upe1mF06qkiOcGPR7UMU6jidUktiT8hUaJkjT7qRK7GzyKpF296treHdbGF3Qf+Vo=
deLtCbQu/siHAWAw16g+PxxVMZURW5KdOzz7V0JI1ZhziaDR5tunDz/A4IvbK77h/4iex3sSsQvropzGRvkN
PTzTzvCUMGZ+VWLu1w4qLxY3v72GDf1mmVmHSugxtudXGq2knbs0iKN0FZG23eDrgSPpmCbHLUtPa3kQCGvdovfHvXr6KjD5ew==
aYXinBnuMjGMwhAbovPSmlok/N80XLK9EoZ9d3kiMoUENyXu92wn//bIYTAvWewpkjuzFzPw3KMPa2qJA/kSX++yBbOncsAuMvl5
/BL+WzWS7cCkAKrbO2J+Oryrto6NCeepie1zQ+IDSRsLh+nJ924xbT3ht/ufwDuJ1kSVbhbf27fPpEQIIAIJ/aiogkjdUUdRE8INHIwJBXTbtck05B5hPOqkOTjeBXgZ+VA=
RbqlVTTH+660w/yZ43FpryYc7x4Xj/aO4fCevQeBv75gRviwhRtowpZ2tZP7x4N4SfK0G+kyuzV/aiw8fcra/t22Rvc0P/l6
OZCph3y3YqEt5w+ti6T+tVn952DWJtcexmuzM2/grDww9kFZKAzKvM1lrxWzRmWoXH0NUJsTQUA1Kgk4yuDRjE7xMD35dA==
l4EZGC4KxamXqroVhmglGBY3v72GDf1mmVmHSugxtudXGq2knbs0iKN0FZG23eDrgSPpmCbHLUtJbnkZCWvdovfHvXr6KjD5ew==
ehx+vZf5X0SQ8rZo6cvAkyYc7x4Xj/aO4fCevQeBv75gRviwhRtowpZ2tZP7x4N4SfK0G+kyuz95ai08fcra/t22Rvc0P/l6
iQZ+7iWTd04zjAOHdCqP7GaY23SGvlzbkusFgOa+Tk2ReQ6Rw/DpAyMNTwyQiv26/Gdy8wPJq7upe1mF06qkiOcGPR7UMU6ngMIjtiT8hUaJkjT7qRK7GziKrVy96treHdbGF3Qf+Vo=
iXy1T0SrxUjF6Tzp+0fi0hsGeoRzoG7B7+UfEtjyaCwNn+hODuIFL1NjYxSxhmRHIXb79yS+WcAVLvrS5YJW6zw7+XY=
hASLFyCsFKJ4gD36JtCsX0Iw+sV5QbnpEcppazMsPY0FO2bl92wn//bIYTAvWewpkjuzFzPw3KMPa2iIA/YTX++yBbOncsAuMvl5
T7zifvjFUa4zkKkvBNo2/ORandR2Ci8GnyA5Mi9YON1JNUu94XVNBDAPSFdeMHeV57jpwYf0d0ToUcem/dF7euQpcofT4uG0gXNQCEc8CYF6pWQLxTvlqFpPyQtqYkVvhfOZgvP/8epmYhT5Xw==
KKjbpy/qC1Y0S87waHMvGK+oi3NV1O31ZA8M4KuXdfIrFnaUU5CusQ91n4K4AigcLY/oXi7SRd8z8+OEUfakdwFm++EFjpSw9b56QoVyFtscK/lm
JX8gePv+zGfNjuK1gwCkNSYc7x4Xj/aO4fCevQeBv75gRviwhRtowpZ2tZP7x4N4SfK0G+kyuzt9aiQ8fcra/t22Rvc0P/l6
JEYfoViCEohCMbu9SdpRiK+oinNV1O31ZA8M4KuXdfIrFnaUU5CusQ91n4K4AigcLY/oXi7SRd8z8+OEUfakdwFm++cFjpSw9b56QoVyFtscK/lm
JcegvkxSABtHbvk6D68ZrSYc7x4Xj/aO4fCevQeBv75gRviwhRtowpZ2tZP7x4N4SfK0G+kyuzV9aiQ8fcra/t22Rvc0P/l6
B5FLyWm3JCIUGRb4N1pTEq+oi3NV1O31ZA8M4KuXdfIrFnaUU5CusQ91n4K4AigcLY/oXi7SRd8z8+OEUfakdwFm++kFjpSw9b56QoVyFtscK/lm
nlkbr/yGyBSKoxkErpfytSYc7x4Xj/aO4fCevQeBv75gRviwhRtowpZ2tZP7x4N4SfK0G+kyuzt8aiQ8fcra/t22Rvc0P/l6
mprV2Q+kgd+Crlhqb38K7Q0ZNZoQXZKAOzz7V0JI1ZhyiaDR5tunDz/A4IvbK7jh/4mfx3sSsQvropzGRvkN
8MiMH99wtXrXJBtMXDnTJEIw+sV5QbnpEcppazMsPY0FO2bl92wn//bIYTAuWewpkjuzFzPw3KMPa2yJA/kTX++yBbOncsAuMvl5
Ebo3AtiSDrNyUcYNS1+UBryt5opLicJyFCB6mgMv3hlyWKVz67d5wSIeW+ffjYgVTig+JAoHPOiQnccKx2sxcFv8/mWX6f9GUA5YKNUzaPrm/lXL6y9DAPk6lAM5mjuDjGJO4e2jmgbt/uZvZBf5Qg==
awYSPwWsFW2WiuKZjOlVjBY3vr2GDf1mmVmHSugxtudXGq2knbs0iKN0FJG23eDrgSPpmCbHLUtPankbDGvcovfHvXr6KjD5ew==
byP1Sjt9CYu/jDW+yNI4E1ok/N80XLK9EoZ9d3kiMoUENyXu92wn//bIYTAuWewpkjuzFzPw3KMPa2uLA/QWX+6yBbOncsAuMvl5
duvPqVn5q5VdPyp546XhqyYc7x4Xj/aO4fCevQeBv75gRviwhRtowpZ3tZP7x4N4SfK0G+kyuzp9aig5fcva/t22Rvc0P/l6
/iSkP6OBzEWsLhGVmy/ibwPkJaMRMTHm/nsGgZawOqqrYH9Tm2PeB9vzQTied6XLwR+Bf+Q7BOLP95Va4jo4+XM=
rhhNSzLq9fym7Xp1P8DUbgLkJKMRMTHm/nsGgZawOqqrYH9Tm2PeB9vzQTied6XLxBqBeuY7BOLP95Va4jo4+XM=
eMu5V9aeNR/1ylXzYJdfZQ0ZNZoQXZKAOzz7V0JI1ZhyiaDR5tunDz/A4IvbK7nh/4OYx3oSsQvropzGRvkN
jUrZHS7YOyMzWkMVbIN/nkIw+sV5QbnpEcppazMsPY0FO2bl92wn//bIYTAuWewpkjuzFzPw3KMPa22JA/MUX+6yBbOncsAuMvl5
BY6G2z2sYkBin40EaS+gZks0JipVZXloUeXtu1QXFbX8vudVPaTfPBZ6b4K2twtvj/yUIEAq+cWokHJhvXmXCVMa3XQs4bUMW0x7XEfxMWUqfGkQPi0IIflo
/BZIE23+7yYuziA+FkBEfyYc7x4Xj/aO4fCevQeBv75gRviwhRtowpZ3tZP7x4N4SfK0G+kyuzR5ai87fcva/t22Rvc0P/l6
ExU8rBfnsFwiuZe4ESmhK0s0JipVZXloUeXtu1QXFbX8vudVPaTfPBZ6b4K2twtvj/yUIEAq+cWokHJhvXmXCVMa3XQs4bUMW0Z9XEfxMWUqfGkQPi0IIflo
pelvQXGc0OabI1a5sHEmYCYc7x4Xj/aO4fCevQeBv75gRviwhRtowpZ3tZP7x4N4SfK0G+kyuzR9aig7fcva/t22Rvc0P/l6
jjGRWnbwKv4v+8/oIPO6l1445oxmVqjoXt07PX0iMoUENyXu92wn//bIYTAuWewpkjuzFzPw3KMPa2+KA/QUX+6yBbOncsAuMvl5
EHfISR4VgXCGf1qdZ2JINXMe0b5aCk59ipTqQ7IMzmm/LV/aiNpIBB2X6EYeyyUHA6sj3OEuxO+x/nt7tBb4b0Xnuhq1qnbDLDP5fg==
kbnVzr+XNn6jDuw45yPs2Es0JipVZXloUeXtu1QXFbX8vudVPaTfPBZ6b4K2twtvj/yUIEAq+cWokHJhvXmXCVMa3XQs4bUMW014XEDxMWUqfGkQPi0IIflo
VhpDserKBnO4Un9ea4NaFyYc7x4Xj/aO4fCevQeBv75gRviwhRtowpZ3tZP7x4N4SfK0G+kyuzh8aig7fcva/t22Rvc0P/l6
yiPn8GIeMFa+aluNqqXFVEs0JypVZXloUeXtu1QXFbX8vudVPaTfPBZ6b4K2twtvj/yUIEAq+cWokHJhvXmXCVMa3XQs4bUMW0p4XEDxMWUqfGkQPi0IIflo
GYlz+UiYYNUSltIcgnl3GSYc7x4Xj/aO4fCevQeBv75gRviwhRtowpZ3tZP7x4N4SfK0G+kyuzR8aig7fcva/t22Rvc0P/l6
in9vCIIzPIcavniDQecPlks0JipVZXloUeXtu1QXFbX8vudVPaTfPBZ6b4K2twtvj/yUIEAq+cWokHJhvXmXCVMa3XQs4bUMW0Z4XEDxMWUqfGkQPi0IIflo
+Rni+6ETtIIuaSxsBVNM/CYc7x4Xj/aO4fCevQeBv75gRviwhRtowpZ3tZP7x4N4SfK0G+kyuzV8aig7fcva/t22Rvc0P/l6
0260exnjqp2ZOK7Xthrhwq+oi3NV1O31ZA8M4KuXdfIrFnaUU5CusQ91n4K4AigcLY/oXi7TRd8z8+OEUfakdwFm++kEjpi39b96QoVyFtscK/lm
tece7UWjYzKymiq9AIhxpCYc7x4Xj/aO4fCevQeBv75gRviwhRtowpZ3tZP7x4N4SfK0G+kyuz1/aig7fcva/t22Rvc0P/l6
pirQVwBOx5UCAgHi1NXupq+oinNV1O31ZA8M4KuXdfIrFnaUU5CusQ91n4K4AigcLY/oXi7TRd8z8+OEUfakdwFm++EHjpi39b96QoVyFtscK/lm
3vnocDj3IA9BYS9CMOhmRSYc7x4Xj/aO4fCevQeBv75gRviwhRtowpZ3tZP7x4N4SfK0G+kyuz9/aig7fcva/t22Rvc0P/l6
OTG/cLgVRyxHsE5G0JGLu0s0JipVZXloUeXtu1QXFbX8vudVPaTfPBZ6b4K2twtvj/yUIEAq+cWokHJhvXmXCVMa3XQs4bUMW017XEDxMWUqfGkQPi0IIflo
QOFvRnHZadg7erG1/hIXPk47Lhj+hsXB2q5zAQXOneHUHmLnqkUG5Z3P/syNqsTtuBNsOhoFNXoa5ljhEBvM976VV/PNzKvpCjkFphhuQK6XX/XuDV3p7w+AcCurK4KGb0fo56qSAev74mxmFvld
XA+I/6AvOv7TvX+wjS/KWk47Lhj+hsffxepiChnZkP3lL2X1jSMUvJbY49Kp2Yv27AJuOhoFNXoa5ljhEBvM976VVvPNzKvpCjkFphhuQK6XX/XuDV3p7w+AcCurK4mDb0jo56qSAev74mxmFvld
E9cWkGVvh7oiJW81ePynTE87Lhj+hsXB2q5zAQXOneHUHmLnqkUG5Z3P/syNqsTtuBNsOhoFNXoa5ljhEBvM976VV/PNzKvpCjkFphhuRKeAWPXuDV3p7w+AcCurK4iCb0jo56qSAev74mxmFvld
/SWuKH+QvmKKfwqdEqiA/087Lhj+hsffxepiChnZkP3lL2X1jSMUvJbY49Kp2Yv27AJuOhoFNXoa5ljhEBvM976VVvPNzKvpCjkFphhuRKeAWPXuDV3p7w+AcCurK46Bb0jo56qSAev74mxmFvld
wqSvirfVr2RHIR91bgvHTeP7Ce+2jRuzk1BXc0MzF0cTg7lYduc9S1mOKdFei0wihyfNuorKQPkL
OdAEl4sPdMBul7eCgp0tNgPkJ6MRMTHm/nsGgZawOqqrYH9Tm2PfB9vzQTied6XLzB2BceY7BOLP95Va4jo4+XM=
SPHiNW8Ab9Xy/9OcPRNg8QPkJaMRMTHm/nsGgZawOqqrYH9Tm2PfB9vzQTied6XLxhqBceY7BOLP95Va4jo4+XM=
Q/lgWZi+ASso8YttIH0nNQLkJ6MRMTHm/nsGgZawOqqrYH9Tm2PfB9vzQTied6XLwByBeOc7BOLP95Va4jo4+XM=
zEL1zHeBxXSQL5W0WZcKqALkJKMRMTHm/nsGgZawOqqrYH9Tm2PfB9vzQTied6XLwhqBeOc7BOLP95Va4jo4+XM=
GIRyXDWlXGf5RCy58OvaywLkJaMRMTHm/nsGgZawOqqrYH9Tm2PfB9vzQTied6XLwx6Beec7BOLP95Va4jo4+XM=
q/RhTcOJDwHmHzTvLjafSAPkJKMRMTHm/nsGgZawOqqrYH9Tm2PdB9vzQTied6XLxByBeuc7BOLP95Va4jo4+XM=
VBW+cfgBnH0Jt302ojG5aALkJaMRMTHm/nsGgZawOqqrYH9Tm2PdB9vzQTied6XLwBuBeuc7BOLP95Va4jo4+XM=
oMlr9LZIn46NVDt/cC6KVgLkJ6MRMTHm/nsGgZawOqqrYH9Tm2PeB9vzQTied6XLxRuBfOc7BOLP95Va4jo4+XM=
znjGNl5+Sf+UzXC8xdc9oQ0ZNZoQXZKAOzz7V0JI1ZhyiaDR5tunDz/A4IvbK7zm/4SZx3oSsQvropzGRvkN
kXwrUKACUEIX9vMxXNjhpEIw+sV5QbnpEcppazMsPY0FO2bl92wn//bIYTAuWewpkjuzFzPw3KMPa2iOA/QVX+6yBbOncsAuMvl5
UHo0p2eHhiL/NocXhdzI/0s0JypVZXloUeXtu1QXFbX8vudVPaTfPBZ6b4K2twtvj/yUIEAq+cWokHJhvXmXCVMa3XQs4bUMW0l8XEDwMWUqfGkQPi0IIflo
+EmYgQ2gXDbRszc2y+I8rCYc7x4Xj/aO4fCevQeBv75gRviwhRtowpZ3tZP7x4N4SfK0G+kyuzV4aig6fcva/t22Rvc0P/l6
AN42E4ZygbB3Uhc0LJ4oxUs0JipVZXloUeXtu1QXFbX8vudVPaTfPBZ6b4K2twtvj/yUIEAq+cWokHJhvXmXCVMa3XQs4bUMW0d8XEDwMWUqfGkQPi0IIflo
9ZT7tkQPTVE4iq3r1eulfEQNbcXexrHPLfJGbViXmUZjHNNnekjtqFqpeIEum29/x6AIG0OrK3NXJSF3MtL527NC9DY++XU=
WfNNXp0KylDccZCNG4CPbVUm0YdsLwGGHV++oZPHgL1aYFSbsKkBNOEzsAgn/OgBGmVEC+X7RSj6j+kLiqYl7WOz+IITv1FqxiI0+X8=
4AnKQ4c0Q6gJ/51HXaaR91Um0YdsLwGGHV++oZPHgL1aYFSbsKkBNOEzsAgn/OgBGmVEC+X7RSj6j+kLiqQl7WOz+IITv1FqxiI0+X8=
yDwVlVrVSt8S2H5rgfd8/gPkJaMRMTHm/nsGgZawOqqrYH9Tm2PeB9vzQTied6XLwRuBf+c7BOLP95Va4jo4+XM=
MyDDfkUYXTA+C+U+ONI26ALkJaMRMTHm/nsGgZawOqqrYH9Tm2PfB9vzQTied6XLzBqBf+c7BOLP95Va4jo4+XM=
xQh+GU9qJvApaAaQWDpXzAPkJaMRMTHm/nsGgZawOqqrYH9Tm2PdB9vzQTied6XLwR6BcOc7BOLP95Va4jo4+XM=
Kxfm6maimq1GfgUaifYzkhmnMnvwxuNNKyCi86NCFxuvnEf64tAY+Q9+dKipQi8u+9ybm2M6soaa/CN8vRXeHzfgOPszqxtRp2iR10JSaXtjAiQWLvll
75z2/A52HdJ2V7uzXtWhhTY8NRCkMWPm/Q8e2XMsXo/KPpT+2ubFpBkq1POZyju87/KEks1zGrYN7qafxEf5cg==
urXoBCmDzqg8NFQpPlkWM6q8QfK3gQKuwwE0RA1gU2UQg7lYduc9S1WNKdBfi0wihyfNuorKQPkL
oW6FEDtyUjUPdUK3C/p/fDsWMbAbr7AOkb/ShCzLxXgcTS1gmypjcPx8qalKcDHcjoHQTfkE
PfC5Dd3kg4B1XG41PN0FRAPkJaMRMTHm/nsGgZawOqqrYH9Tm2PeB9vzQTied6XLwxyBcec7BOLP95Va4jo4+XM=
BxCNjAIjzjgr2gihv7Bjch+k4WHLdZ1fgXW6NXOjpzww9kFZKAzKvc1lrxWzRmWoXH0NUJsbQEA3Kwk5yuDRjE7xMD35dA==
Sz91vvuL3A8kEHL4pcBzN2eY23SGvlzbkusFgOa+Tk2ReQ6Rw/DpAyMNTwyQiv26/Gdy8wPJq7upe1mF06qkiOcGPR7UMU6jidUktiT8hUaJkjT7qRK7GziKqV2969reHdbGF3Qf+Vo=
JF6ZDvtkklfaMBe1+yjLU3S99hinrHffxshREP8ZPEkCu0N3w7Aswx9rfKkztqL/XjKVE/eykM5C+Qk=
g9txTbaUUA7Ye2HbEynp6ZvBwwtAyfF0MROACBfcucFqhTSLdVsV6Mqv+QufxdWutNNoAqMf4aqWwkT5Dw==
OAIX3+VjagIbWG/tMowRTRY3v72GDf1mmVmHSugxtudXGq2knbs0iKN0FZG23eDrgSPpmCbHLUtMa3keCGvcovfHvXr6KjD5ew==
5FMFntyrUqbDLYoSsoTIiWeY23SGvlzbkusFgOa+Tk2ReQ6Rw/DpAyMNTwyQiv26/Gdy8wPJq7upe1mF06qkiOcGPR7UMU6ngMIjtiT8hUaJkjT7qRK7GjmKql2969reHdbGF3Qf+Vo=
eo1AtUsgj7Q0N6T1HAc6vGeY23SGvlyAxvESi/yvY02nbDvQsZOIUSkNGlPtm+arsiVj/hn+uqC8eA3HwInwycsEPR7UMU6jidUktiT8hUaJkjT7qRK7HTiKql2969reHdbGF3Qf+Vo=
O8088aMl6igsiPx812f2O7yrto6NCeepie1zQ+IDSRsLh+nJ924xbT3ht/ufwDuJ1kSVbhbf27fPpEQIIAIJ/aiogkjdUUdRE8INHIwJBXTbvss04x9hPeqkOTjeBXgZ+VA=
KJ9TMYS5B39oH6NXId1lNLyrto6NCeepie1zQ+IDShsKh+nJ924xbT3ht/ufwDuJ1kSVbhbf27fPpEQIIAIJ/aiogkjdUUdRE8INHIwJBXTbtsw04x9hPeqkOTjeBXgZ+VA=
zxcbhpTqiMqj5fI2Es3u/CYc7x4Xj/aO4fCevQeBv75gRviwhRtowpZ2tZP7x4N4SfK0G+kyuzt4ais9fcva/t22Rvc0P/l6
ek6MlC962EBN7b1ANdzgHLyt5opLicJyFCB6mgMv3hlyWKVz67d5wSIeWOffjYgVTig+JAoHPOiQnccKx2sxcFv8/mWX6f9GUA5YKNUzaPrm/lXL6y9DAPk6lAM5mjuGiGJE5e2jmgbt/uZvZBf5Qg==
MobV1Xxk0SGI/j61B7gqMuRandR2Ci8GnyA5Mi9YON1JNUu94XVNBDAPSFdeMHeV57jpwYf0d0ToUcem/dF7euQpcofT4uG0gXNQCEc8CYF6pWQLxTvlqFpPyQthZUVhhPOYgvP/8epmYhT5Xw==
aAzQVEoug9GWqxpfn+LBl0Iw+sV5QbnpEcppazMsPY0FO2bl92wn//bIYTAuWewpkjuzFzPw3KMPa2+OA/kSX+6yBbOncsAuMvl5
Ve+EtGw21GRDg3Rr1z1fkF1cv1tzAnqa0HLilnl86fk6nnge7lqsmtBhURcIi/C7xbK+lUxGPHcvrGMJUc6HBibTw5uviJzEkG6RcSgkGiVtnZ99c+4VELxlXbgbf5RYXZP5kYoI4fTuaWAV+Vw=
YB577hft2mUAcFSNhTC1GRXSBV815aIsZcOqsoGyXpPG2di0GC0rc6axqeiZfOZN6UbTjTXCCvXc911+bwzvL57IiWBmuXS5anvr5wuQFBNn68P4y9JrbzbyvSM/0gh+GvlR
TEUYwF8rbNM8Hw0tWeEtvwPkJaMRMTHm/nsGgZawOqqrYH9Tm2PZB9vzQTied6XLxh6Be+E7BOLP95Va4jo4+XM=
N1T+wpuZWHl9V1lA86ee1APkJ6MRMTHm/nsGgZawOqqrYH9Tm2PZB9vzQTied6XLxR+Bf+E7BOLP95Va4jo4+XM=
gKZDmYoZh3C/20CO4SJ4eFlbZdVPFoKOe3noTERq1ZwBq+WfoPelDz/A4IvbK7Lg/4Cax3kSsQvropzGRvkN
g3M9hYpS0i+v+SEesUyFMAPkJaMRMTHm/nsGgZawOqqrYH9Tm2PZB9vzQTied6XLxx+BcOQ7B+LP95Va4jo4+XM=
JEGKGco9wNq4CRG+FSBSuwPkJaMRMTHm/nsGgZawOqqrYH9Tm2PZB9vzQTied6XLzR2BcOQ7B+LP95Va4jo4+XM=
165TdrDICy6y6h3hTRy3i1pbZdVPFoKOe3noTERq1ZwBq+Wfp/elDz/A4IvbK7rn/4Kbx3kSsQvropzGRvkN
zPZJYXjSp7E6HCRv7Q21j1pbZdVPFoKOe3noTERq1ZwBq+Wfp/elDz/A4IvbK7jn/4Obx3kSsQvropzGRvkN
f9+H3YDheaBcciuE4J4U21pbZdVPFoKOe3noTERq1ZwBq+WfoPelDz/A4IvbK7zi/4Sbx3kSsQvropzGRvkN
4mJ3Vo7WQ3hawScbQMHqPRmnMnvxxuNNKyCi86NCFxuvnEf64tAY+Q9+dKipQi8u+9ybm2M6soaa/CN8vRXeHzfgOPszqxVSp2eT10FSaXtjAiQWLvll
K7k4AYRYOUXcXcWrZSKiiTY8NRCkMWPm/Q8e2XMsXo/KPpT+2ubFpBkq1POZyjuz7PKLkM1wGrYN7qafxEf5cg==
zi8LJoc3Eap077RMNVG2e6q8QfK3gQKuwwE0RA1gU2UQg7lYduc9S1qOKd9di08ihyfNuorKQPkL
Jnd5rEELdCm8C0wK7BeJ5zsWMbAbr7AOkb/ShCzLxXgcTS1gmyVgcPN+qapKcDHcjoHQTfkE
c9AtiWpNznBVHQUjEJgAaA0ZNZoQXZKAOzz7V0JI1ZhyiaDR5tunDz/A4IvbK7vg/4ibx3kSsQvropzGRvkN
myIojxlwTZrOXwzEPFE2gUIw+sV5QbnpEcppazMsPY0FO2bl92wn//bIYTAuWewpkjuzFzPw3KMPa2+IA/gXX+2yBbOncsAuMvl5
DPMxk5YuOR0YcSce4DZ74suUdyswOnV+0jViCH6Myk796BRFPg/1UDde26waKHGwrcLJH0QtLlADPAAPJ+L0Uvw7frSTMC7Rz5Wf4vjiqLxtr+h+bnPFP3OT42SRliTXwUb7xcUuHNc1XHoixZKWe1wL+UY=
ADwh6LmdCVuF84VkWg9KeuVbnolnQXxXy3JsaHQEKsNMMVnnpykTBGVCCgwJdWbeseirj4ugdkr0Ucem/dF7euQpcofT4uG0gXNQCEc8CIF6pWQLxTvlqFpPyQttZUVpgvObgvP/8epmYhT5Xw==
kOk3FLbdqtOncomh/zmL9+YoJypVIXMaPJkKR8vy2VQJI7gIL+yA4UK1fEs9i71IUj9hiwZVTUnaAyPC6++JSu4yPPl3
4fr7Or4eoGB/rumyUvQAgUIw+sV5QbnpEcppazMsPY0FO2bl92wn//bIYTAuWewpkjuzFzPw3KMPa2+PA/EUX+2yBbOncsAuMvl5
bDCEGUkWLH/U9nLhArgHuwPkJaMRMTHm/nsGgZawOqqrYH9Tm2PZB9vzQTied6XLxBqBeuY7B+LP95Va4jo4+XM=
7JMKrbqRwzeyKK6AYsC53APkJaMRMTHm/nsGgZawOqqrYH9Tm2PZB9vzQTied6XLxh6Be+Y7B+LP95Va4jo4+XM=
zHJfDR2dn4jzXM3ceoUCmg0ZNZoQXZKAOzz7V0JI1ZhziaDR5tunDz/A4IvbK7zg/4OYx3kSsQvropzGRvkN
dsgtX4SiwxOQuDX30oUDHUIw+sV5QbnpEcppazMsPY0FO2bl92wn//bIYTAvWewpkjuzFzPw3KMPa2iIA/MUX+2yBbOncsAuMvl5
zCkE/8u+UzhzI15LrHDDcFpbZNVPFoKOe3noTERq1ZwBq+WfoPelDz/A4IvbK7Pm/4SYx3kSsQvropzGRvkN
UjO1ATLZLZZIM+9+BUW5n7FO1TdzhE1VeQsX3yQZHSXOnwmGtkhucCjLftWjN51tYWzH9pCMk8HEtsOskV9xRERC9iXdhiclubJWTQgXaWYTXCPHCkgdCCppiKFeG79f12CYuxOr8xbH5jAXYVJJu4OCRFYO+UU=
Esuv8Iiwwb3rf1oE84qa5eYoJypVIXMaPJkKR8vy2VQJI7gIL+yA4UK1fEs9i71IUj9hiwlSTU7aAyPC6++JSu4yPPl3
2QbaGGRKqGNAs3uYuyQHT1pbZNVPFoKOe3noTERq1ZwBq+WfoPelDz/A4IvbK77i/4eYx3kSsQvropzGRvkN
9hhEHQi3aGLTZ5BbggyDbEIw+sV5QbnpEcppazMsPY0FO2bl92wn//bIYTAuWewpkjuzFzPw3KMPa2qOA/cUX+2yBbOncsAuMvl5
E4a0Mn9NNrafndh2d01dzl445oxmVqjoXt07PX0iMoUENyXu92wn//bIYTAuWewpkjuzFzPw3KMPa2aOA/cUX+2yBbOncsAuMvl5
Syh5eyojVoIELDyIfUeGRXMe0b5aCk59ipTqQ7IMzmm/LV/aiNpIBB2X6EYeyyUHA6sj3OEuxO+x/nt4tRb0b0Xkuhq1qnbDLDP5fg==
7jSZXvw5Ja2pMi7Y84zg9rDEcx7973tf3VPKVquJXkzwF0MfCYPg3edqTl0MDoyvzxTzgdFGF75Gi3NTb8DsnLCWgXkoLArdTcXvNbMmpUjc3c0wm/UE4LxNSdrKwBEszhFwHflU
7++2j2/ZT0GWmmuwgDRmYhXSBV815aIsZcOqsoGyXpPG2di0GC0rc6axqeiZfOZN6UbTjTXCCvXc911+bwzvL57IiWBmuXS5anvr5wuQFBNn6875y9BtbzXyvSM/0gh+GvlR
I4sI4Kn6HZKCL+1pAogdshY3vr2GDf1mmVmHSugxtudXGq2knbs0iKN0FJG23eDrgSPpmCbHLUtObnkaD2vfovfHvXr6KjD5ew==
3TgNL9nsA2aneLjCkav/mxn83F50QMr9rXRYS98QG/nWtLU+1m+7J0805PhgUunNqJhiGZ2h58GTUm2sTFklhNvA6+SmqIGuajSZSB7VGCn5YA==
gPgCPdv3fgsj3XWdPCo2GyYc7x4Xj/aO4fCevQeBv75gRviwhRtowpZ3tZP7x4N4SfK0G+kyuzh+ai46fcja/t22Rvc0P/l6
rL9ISiJYOgYMIVZ5fST+DhY3vKiGDf1mmVmHSugxtudXGq2knbs0iKN0FJG23eDrgSPpmCbHLUtOa3kaD2vfovfHvXr6KjD5ew==
WWIA752FNqNTP/bzNttmguacvBMLN56SxmU9kpyjzS2qBoXnwYJaVUx37Z7fTD8P7sh5QDZ5xNna+3tH21BkM3fr0h77kr2PpXJNg08S2B4q+WE=
x1v1DMJFfT5JRRaSgRBdyCYc7x4Xj/aO4fCevQeBv75gRviwhRtowpZ3tZP7x4N4SfK0G+kyuzx9ai86fcja/t22Rvc0P/l6
gbSVJr3FZ1JgRZOT++V9NudjeGsuwAbZkNDC2KIgUlK9u9GyTtcRhU8S0tWwNjhXTNaLt+Lqio63nFZ/TvdbypYSP1pWj3tHTxQkWODyKe2ouKK5HQEn4ZMyrUzMOeVk26GpBCLIwU5qFNnonnVYCflA
cEzfEmKQX0LbK0sf6NMNCuYoJypVIXMaPJkKR8vy2VQJI7gIL+yA4UK1fEs9i71IUj9hiwNWTU7bAyPC6++JSu4yPPl3
w3ZlS4qC/dAbOmbE9BLz/lpbZdVPFoKOe3noTERq1ZwBq+WfoPelDz/A4IvbK7ng/4aZx3kSsQvropzGRvkN
4jqJ+iaC06vgK7I0tSen0RmnMnvxxuNNKyCi86NCFxuvnEf64tAY+Q9+dKipQi8u+9ybm2M6soaa/CN8vRXeHzfgOPszqxpTp2iR10FSaXtjAiQWLvll
6k9An856IZ8SASAOxUpWGzY8NRCkMWPm/Q8e2XMsXo/KPpT+2ubFpBkq1POZyju97fKEks1wGrYN7qafxEf5cg==
VXxpzJ1h89ytcU/7IrwNi8y6MFdtycHkcgIV16vjJXT9nhBwah21Arp03+v3QF5Rt1OrM3kWpz3+D5zUsCvtiAIfUYvwNZ2Ai+OzQluPeQreEiz5Zw==
tsq9xFCDP9xqURQ/wS9tThoEduJws27G4P8CEITzLT0Uhd4BefMDOk5kbxWxhmRHIXb78ie+VMYVLPrS5YJW6zw7+XY=
wcKpCaIABMnQtRgEh9AI8hoEduJws27G4PsAHoTzLT0Uhd4BefMDOk5kbxWxhmRHIXb78ie+VMYVLPrS5YJW6zw7+XY=
dadiYkgdv84oXHpVkM+PaGaY23SGvl6Ax/ESi/yvY02nbDvQsZOJSy8NBkvsm+arsiVj/hn+uqC8eA3HwInwzMsEPR7UMU6ngMIjtiT8hUaJkjT7qRK7Hj+KpFq96NreHdbGF3Qf+Vo=
nm0V92HY7sif+LUYQK/zK2aY23SGvl2Ax/ESi/yvY02nbDvQsZOJSy8NBkvsm+arsiVj/hn+uqC8eA3HwInwzcsEPR7UMU6ngMIjtiT8hUaJkjT7qRK7Hj+KpFq96NreHdbGF3Qf+Vo=
0zHW/UzlPnSTG4Yc7DhGfk87Lhj+hsXB2q5zAQXOneHUHmLnqkUG5Z3P/syNqsTtuBNsOhoFNXoa5ljhEBvM976VV/PNzKvpCjkFphhuQK6XX/XuDV3p7w+AcCurK4mBb0jp56mSAev74mxmFvld
6IvkXM8WJgabgh2L0bY52U87Lhj+hsXfxepiChnZkP3lL2X1jSMWppDY/8qo2Yv27AdtOhoFNXoa5ljhEBvM976VVvPNzKvpCjkFphhuQK6XX/XuDV3p7w+AcCurK4mBb0jp56mSAev74mxmFvld
Xd6/q6auMqU0TiZ3bMrAy7q1soOfC+Kzia8nH6JGKBUI272TsjFRbTbx9uvAm3fLllCZEFGGz7zUsgMoZUwY947t1BzLFFhKFdwNHIwJBXTbtMs07BhhPuqkOTjeBXgZ+VA=
6tvw9CzkId0a2YdBHLOphuVEncJnCC9CyG57eXIZT4cPYT+z5DIaUnJEK1kJcmaK567olYfucE7yBfK7rpMUPbwnf5zZvcDxz2JaLgJqXZc/un8N2zvlqFpPyQtrZUVgg/ObgvP/8epmYhT5Xw==
5hqNyCmuppQ3AhZBGuRbO+VEncJnCC9CyG57eXIZT4cPYT+z5TIaUnJEK1kJcmaL567olYfucE7yBfK7rpMUPbwnf5zZvcDxz2JaLgJqXZc/un8N2zvlqFpPyQtrZUVgg/ObgvP/8epmYhT5Xw==
usLv16nvyhyxKVckzp6C5087Lhj+hsffxepiChnZkP3lL2X1jSMUvJbY49Kp2Yv27AJuOhoFNXoa5ljhEBvM976VVvPNzKvpCjkFphhuQK6XX/XuDV3p7w+AcCurK4mBb0jp56mSAev74mxmFvld
YGCuktwE9ZbRB1HQItURVGeY23SGvlyAxvESi/yvY02nbDvQsZOIUSkNGlPtm+arsiVj/hn+uqC8eA3HwInwycsEPR7UMU6ngMIjtiT8hUaJkjT7qRK7Hj+KpFq96NreHdbGF3Qf+Vo=
TsAMB/Hus6b4v1V977S0g+Pzo8be2KqMGzDejtfN4kXFxy09OHYds53a6gcrcV8YaKfd3tS7gsdbhet/YccJ0WtGRCyPmo3qTL3OIwg+syJcUCWiIc5ET3Hee1p3tnSOhYS6+vXK9mNsE/le
9eINYh2Og/52StPFA/jH1WaY23SGvlzbkusFgOa+Tk2ReQ6RxPDpAyMNTw2Qi/26/Gdy8wPJq7upe1mGyayklP8HPR7UMU6ngMIjtiT8hUaJkjT7qRK7Hj+KpFq96NreHdbGF3Qf+Vo=
PKjRWi29rOcbDxAMmmoit2aY23SGvlzbkusFgOa+Tk2ReQ6RxfDpAyMNTw+Qi/26/Gdy8wPJq7upe1mGyayklP8HPR7UMU6ngMIjtiT8hUaJkjT7qRK7Hj+KpFq96NreHdbGF3Qf+Vo=
xp1KyNktoa1QiP/C8N/RCx+zeuFcYXO7qSFU1IL+N7/lO0xsmzyBLc3zQTied6XLxx2BcOc7B+LP95Va4jo4+XM=
XhRiwegV1BIvDh8U1ntZuA0ZNZoQXZKAOzz7V0JI1ZhyiaDR5tunDz/A4IvbK7rj/4Kex3kSsQvropzGRvkN
G+/HJdD7PITCJTM2H3Kwy0Iw+sV5QbnpEcppazMsPY0FO2bl92wn//bIYTAuWewpkjuzFzPw3KMPa26LA/ISX+2yBbOncsAuMvl5
LbTNB2U+DuUWPJrxXqFz+0s0JipVZXloUeXtu1QXFbX8vudVPaTfPBZ6b4K2twtvj/yUIEAq+cWokHJhvXmXCVMa3XQs4bUMW095XEb3MWYqfGkQPi0IIflo
8utxw4x04FHwz1cB2hwIOSYc7x4Xj/aO4fCevQeBv75gRviwhRtowpZ3tZP7x4N4SfK0G+kyuzp9ai49fcja/t22Rvc0P/l6
8bluDD3gR7nT5uFqHP5OMUs0JypVZXloUeXtu1QXFbX8vudVPaTfPBZ6b4K2twtvj/yUIEAq+cWokHJhvXmXCVMa3XQs4bUMW0h5XEb3MWYqfGkQPi0IIflo
x+tof0HHmWcSuvLQ+6HbeyYc7x4Xj/aO4fCevQeBv75gRviwhRtowpZ3tZP7x4N4SfK0G+kyuzt9ai49fcja/t22Rvc0P/l6
ST/IZyqnIWefLz+hGKpXVks0JipVZXloUeXtu1QXFbX8vudVPaTfPBZ6b4K2twtvj/yUIEAq+cWokHJhvXmXCVMa3XQs4bUMW0l5XEb3MWYqfGkQPi0IIflo
LoZtUuOZuMp5/9836lYaCmaG33mUvFmaxatC0LzqORfWNnCHxp2LGn1ZHE/aye278zVn8lev9q6hEB7dx6G/nqAmeFDFO2ji1pc18zvng1iJkjT7qRK7Gz+Krl296NreHdbGF3Qf+Vo=
WkfRmme9q+FCjBxWWth6Xg0ZNZoQXZKAOzz7V0JI1ZhziaDR5tunDz/A4IvbK7Lj/4Oex3kSsQvropzGRvkN
tkTjrX8FC3wZJ1JMdQk1a0Iw+sV5QbnpEcppazMsPY0FO2bl92wn//bIYTAvWewpkjuzFzPw3KMPa2aLA/MSX+2yBbOncsAuMvl5
3EyIKBTGvqqEVRFw1RZt+yYc7x4Xj/aO4fCevQeBv75gRviwhRtowpZ3tZP7x4N4SfK0G+kyuzR8ai89fcja/t22Rvc0P/l6
oH22rVsMQYQj5Zbqq44VCrq1soOfC+Kzia8nH6JGKBUI272TsjFRbTbx9uvAm3fLllCZEFGGz7zUsgMoZUwY947t1BzLFFhKFdwNHIwJBXTbtsg04x9hPuqkOTjeBXgZ+VA=
JKOxeZZPUdyNdDGt1hHY22eY23SGvlyAxvESi/yvY02nbDvQsZOIUSkNGlPtm+arsiVj/hn+uqC8eA3HwInwycsEPR7UMU6ngMIjtiT8hUaJkjT7qRK7GTmKq1296NreHdbGF3Qf+Vo=
dkpi2b4s9BBwd8Zx7A2MMF9Cv01iAHqF0ya31j4ss6NK3zlRnU+vyIU7FlZrha//16L00E1MICU6rTcjS53FaWGK15C0ntvk1SCAew5lRWd82IBmdfAVELxlXbgbfpFYXJP5kooI4fTuaWAV+Vw=
NIB88zrzoe/V8/wN8J/UFEs0JypVZXloUeXtu1QXFbX8vudVPaTfPBZ6b4K2twtvj/yUIEAq+cWokHJhvXmXCVMa3XQs4bUMW0l7XEz3MWYqfGkQPi0IIflo
BsXxaUtWrClQMnp0xanKaiYc7x4Xj/aO4fCevQeBv75gRviwhRtowpZ3tZP7x4N4SfK0G+kyuzp5aiU9fcja/t22Rvc0P/l6
a0i/Yoxo8YV7tb+iQGndB0s0JypVZXloUeXtu1QXFbX8vudVPaTfPBZ6b4K2twtvj/yUIEAq+cWokHJhvXmXCVMa3XQs4bUMW0h9XE33MWYqfGkQPi0IIflo
UaZRxPHi2e2IiPu6YLC6FCYc7x4Xj/aO4fCevQeBv75gRviwhRtowpZ3tZP7x4N4SfK0G+kyuzt5aiU9fcja/t22Rvc0P/l6
hU19xYhKh3DXstSZs4WUUK+oi3NV1O31ZA8M4KuXdfIrFnaUU5CusQ91n4K4AigcLY/oXi7TRd8z8+OEUfakdwFm++cBjpWx9bx6QoVyFtscK/lm
FZLcbcYDXIAo5QSFxlR4GymNl7kFDfWhngF2FGDJyKZng2sqMIH+Jx/KlYR1yyyIu4R8sY6NKKtJk7F4TleVy7H60bFQm5diP5dFGtIaKPlj
6fpeOvOG9MeKJl7evGzniSYc7x4Xj/aO4fCevQeBv75gRviwhRtowpZ3tZP7x4N4SfK0G+kyuzl9aiw8fcja/t22Rvc0P/l6
XpeMQT4YYApmC6OxVzCxTUs0JipVZXloUeXtu1QXFbX8vudVPaTfPBZ6b4K2twtvj/yUIEAq+cWokHJhvXmXCVMa3XQs4bUMW0t5XET2MWYqfGkQPi0IIflo
6fpeOvOG9MeKJl7evGzniSYc7x4Xj/aO4fCevQeBv75gRviwhRtowpZ3tZP7x4N4SfK0G+kyuzl9aiw8fcja/t22Rvc0P/l6
8cPIDzf4Xcv+1Zg/21UCMUs0JypVZXloUeXtu1QXFbX8vudVPaTfPBZ6b4K2twtvj/yUIEAq+cWokHJhvXmXCVMa3XQs4bUMW0t5XET2MWYqfGkQPi0IIflo
AnJG39LH0XWua8Ekq96nQyYc7x4Xj/aO4fCevQeBv75gRviwhRtowpZ3tZP7x4N4SfK0G+kyuzp9aiw8fcja/t22Rvc0P/l6
qbxL/dJJWt+6n5lTInCRfa+oi3NV1O31ZA8M4KuXdfIrFnaUU5CusQ91n4K4AigcLY/oXi7TRd8z8+OEUfakdwFm++YFjpyw9bx6QoVyFtscK/lm
TedcqMWyZAY/MPCedzvBACYc7x4Xj/aO4fCevQeBv75gRviwhRtowpZ3tZP7x4N4SfK0G+kyuzt9aiw8fcja/t22Rvc0P/l6
Mga0uTZ86XSr77PA/z3MMUs0JypVZXloUeXtu1QXFbX8vudVPaTfPBZ6b4K2twtvj/yUIEAq+cWokHJhvXmXCVMa3XQs4bUMW0l5XET2MWYqfGkQPi0IIflo
DtcSfukGwl19IvOnTaiHKrLEdwX+735a3V3PTamHX0zxGUIfCZ3i06Q5TlsdBZ+vzxTzzZYAXbpGi3NTb8DsnLCWgXkoLArdTcXvNbMmpUjc3c0wm/ID4LRKSdrKwBEszhFwHflU
Nz3kCSCZinILbqVofhOXWSYc7x4Xj/aO4fCevQeBv75gRviwhRtowpZ3tZP7x4N4SfK0G+kyuzV5aiw8fcja/t22Rvc0P/l6
YJz5TUdcVG858D5sRYqcM0s0JypVZXloUeXtu1QXFbX8vudVPaTfPBZ6b4K2twtvj/yUIEAq+cWokHJhvXmXCVMa3XQs4bUMW0d9XET2MWYqfGkQPi0IIflo
NMPKPP6KgeV3hg70ThsIRwLEkLF+BBin6Gz+dVZGOT+1Uu49oNdBdkv8q3dySOW4oslQsXZbF69vAJBryyuqxs/AT6eJkiGrW2LMJjb5fQ==
qhCdyMqYRQ1YEoL0da4qFF9Cv01iAHqF0ya31j4ss6NK3zlRnU+vyIU7FlZrha//16L00E1MICU6rTcjS53FaWGK15C0ntvk1SCAew5hTHB72IBmdfAVELxlXbgbc5NYVpL5kooI4fTuaWAV+Vw=
3RxgjGcSbbDnVcsqksLsuV5Cv01iAHqF0ya31j4ss6NK3zlRnU+vyIU7FlZrha//16L00E1MICU6rTcjS53FaWGK15C0ntvk1SCAew5lRWd82IBmdfAVELxlXbgbfJJYVpL5kooI4fTuaWAV+Vw=
TEVoh3cu5+lP259c0aLkjq+oi3NV1O31ZA8M4KuXdfIrFnaUU5CusQ91n4K4AigcLY/oXi7SRd8z8+OEUfakdwFm++AAjp6w9bx6QoVyFtscK/lm
A/QXEXML2m4+HTCv77hLECmNl7kFDfWhngF2FGDJyKZng2sqMIH+Jx/KlYR1yyyIu4R9sY6NKKtJk7F4TleVy7H60bpRm5diP5dFGtIaKPlj
4rl5qbNRFCSXHlstinuLMyYc7x4Xj/aO4fCevQeBv75gRviwhRtowpZ2tZP7x4N4SfK0G+kyuzh9ai88fcja/t22Rvc0P/l6
iDqEJPfuNL1ntFKNzIR6U0s0JypVZXloUeXtu1QXFbX8vudVPaTfPBZ6b4K2twtvj/yUIEAq+cWokHJgvXmXCVMa3XQs4bUMW0p5XEf2MWYqfGkQPi0IIflo
b9GqPFQdjMfgLnrsNuS3jyYc7x4Xj/aO4fCevQeBv75gRviwhRtowpZ2tZP7x4N4SfK0G+kyuzt9ai88fcja/t22Rvc0P/l6
/pc6mict8XRIFPKmN58mkks0JipVZXloUeXtu1QXFbX8vudVPaTfPBZ6b4K2twtvj/yUIEAq+cWokHJgvXmXCVMa3XQs4bUMW0l5XEf2MWYqfGkQPi0IIflo
IH8Wyz15rUo01L1gwJZhMyYc7x4Xj/aO4fCevQeBv75gRviwhRtowpZ2tZP7x4N4SfK0G+kyuzx8ai88fcja/t22Rvc0P/l6
9lO89hSeRCrSaRhbi67Dn0s0JipVZXloUeXtu1QXFbX8vudVPaTfPBZ6b4K2twtvj/yUIEAq+cWokHJgvXmXCVMa3XQs4bUMW054XEf2MWYqfGkQPi0IIflo
WhTdhcM1IcP9BsgkSMeIAiYc7x4Xj/aO4fCevQeBv75gRviwhRtowpZ2tZP7x4N4SfK0G+kyuz58ai88fcja/t22Rvc0P/l6
kvHRZDppEuo1tWd8ZmxKH0s0JypVZXloUeXtu1QXFbX8vudVPaTfPBZ6b4K2twtvj/yUIEAq+cWokHJgvXmXCVMa3XQs4bUMW0x4XEf2MWYqfGkQPi0IIflo
a8vQV/l7r0v8pmz641NZwSYc7x4Xj/aO4fCevQeBv75gRviwhRtowpZ2tZP7x4N4SfK0G+kyuzh8ai88fcja/t22Rvc0P/l6
xHh8EWFq7oDRJwF/abYkv0s0JipVZXloUeXtu1QXFbX8vudVPaTfPBZ6b4K2twtvj/yUIEAq+cWokHJgvXmXCVMa3XQs4bUMW0p4XEf2MWYqfGkQPi0IIflo
qfyLHxnYk2sxS2yNFjddwSYc7x4Xj/aO4fCevQeBv75gRviwhRtowpZ2tZP7x4N4SfK0G+kyuzh/ai88fcja/t22Rvc0P/l6
i45J33bdW9wnF6pCguZK30s0JypVZXloUeXtu1QXFbX8vudVPaTfPBZ6b4K2twtvj/yUIEAq+cWokHJgvXmXCVMa3XQs4bUMW0p7XEf2MWYqfGkQPi0IIflo
50ohyAdjrcqjPLerCsjQNrLEdwX+735a3V3PTamHXEzxGUIfCZ3i06Q5TlsdBZ+vzxTzzZYAXbpGi3NTb8DsnLCWgXkoLArcTcXvNbMmpUjc3c0wm/MC4LdKSdrKwBEszhFwHflU
ROsdp/sfb3HYZWkfCuKfeiYc7x4Xj/aO4fCevQeBv75gRviwhRtowpZ3tZP7x4N4SfK0G+kyuzt4ai88fcja/t22Rvc0P/l6
KuT5i88dTMdo5C7z5vArkCYc7x4Xj/aO4fCevQeBv75gRviwhRtowpZ2tZP7x4N4SfK0G+kyuzl9aig8fcja/t22Rvc0P/l6
FVE8zWQ6vkByIBIdQX9LtVpbZdVPFoKOe3noTERq1ZwBq+WfoPelDz/A4IvbK7/m/4Sfx3kSsQvropzGRvkN
7CPpHgaQO8MsuGu5H3kSHLDEcx7973tf3VPKVquJXkzwF0MfCYPg3edqTl0MDoyvzxTzgdFGF75Gi3NTb8DsnLCWgXkoLArdTcXvNbMmpUjc3c0wm/cD4LFKSdrKwBEszhFwHflU
ohkdw2LLVt0xuWc0zt3DJ7yt5opLicJyFCB6mgMv3hlyWKVz67d5wSIeWOffjYgVTig+JAoHPOiQnccKx2sxcFv8/mWX6f9GUA5YKNUzaPrm/lXL6y9DAPk6lAM5mjuFjmJJ5O2gmgbt/uZvZBf5Qg==
Vpub4xPAUFz+JamTrjohYORandR2Ci8GnyA5Mi9YON1JNUu94XVNBDAPSFdeMHeV57jpwYf0d0ToUcem/dF7euQpcofT4uG0gXNQCEc8CYF6pWQLxTvlqFpPyQtuZEVuhfObgvP/8epmYhT5Xw==
Zt38rByZkwvVbe7tvAysnxXSBV815aIsZcOqsoGyXpPG2di0GC0rc6axqeiZfOZN6UbTjTXCCvXc911+bwzvL57IiWBmuXS5anvr5wuQFBNn68T6y9drbzXyvSM/0gh+GvlR
aUsPSvEIKHHftAlr3M+6jAPkJaMRMTHm/nsGgZawOqqrYH9Tm2PeB9vzQTied6XLxR6BceE7B+LP95Va4jo4+XM=
gymjcVfTJRRD3ImSMUq/zwLkJ6MRMTHm/nsGgZawOqqrYH9Tm2PeB9vzQTied6XLxR2BceE7B+LP95Va4jo4+XM=
R9AXFHPxL/miv5hDXgHAuMy6MFdtycHkcgIV16vjJXT9nhBwah21Arp03+v3QF5Rt1OrM3kWpz3+D5zUsCvtiAIfUYvzN52IiOOyQluPeQreEiz5Zw==
6sNcW42tyrDdo6267X/14BoEduJws27G4P8CEITzLT0Uhd4BefMDOk5kbxWxhmRHIXb78iW+XMUVLfrS5YJW6zw7+XY=
JxAqEooGkDbPwp/ARw5VMBoEduJws27G4PsAHoTzLT0Uhd4BefMDOk5kbxWxhmRHIXb78iW+XMUVLfrS5YJW6zw7+XY=
mRDnwjJSklmSjOJpBgC/pWaY23SGvl2Ax/ESi/yvY02nbDvQsZOJSy8NBkvsm+arsiVj/hn+uqC8eA3HwInwzcsEPR7UMU6ngMIjtiT8hUaJkjT7qRK7Hj2KrFm96dreHdbGF3Qf+Vo=
Vghj23sQMK0P0B/EuxW0f+Pzo8be2KqMGzDejtfN4kXFxy09OHYds53a6gcrcV8YaKfd3tS7gsdbhet/YccJ0WtGRCyPmo3qTL3OIwg+syJcUCWiIc5ET3Hee1p1tnyNhYW6+vXK9mNsE/le
dawh0ArpFID+HF1hde/WIE87Lhj+hsXB2q5zAQXOneHUHmLnqkUG5Z3P/syNqsTtuBNsOhoFNXoa5ljhEBvM976VV/PNzKvpCjkFphhuQK6XX/XuDV3p7w+AcCurK4mDb0Dq56iSAev74mxmFvld
9UBxMr/dfDFOVoDnSflJ0U87Lhj+hsXfxepiChnZkP3lL2X1jSMWppDY/8qo2Yv27AdtOhoFNXoa5ljhEBvM976VVvPNzKvpCjkFphhuQK6XX/XuDV3p7w+AcCurK4mDb0Dq56iSAev74mxmFvld
E0E8ioqW90ad+/ZesghqA+VEncJnCC9CyG57eXIZT4cPYT+z5DIaUnJEK1kJcmaK567olYfucE7yBfK7rpMUPbwnf5zZvcDxz2JaLgJqXZc/un8N2zvlqFpPyQtrZ0VogPOagvP/8epmYhT5Xw==
HncZUcP5ux1ff8JGoHOLlOVEncJnCC9CyG57eXIZT4cPYT+z5TIaUnJEK1kJcmaL567olYfucE7yBfK7rpMUPbwnf5zZvcDxz2JaLgJqXZc/un8N2zvlqFpPyQtrZ0VogPOagvP/8epmYhT5Xw==
lHRIwOi8LZCHuNtUlK0IMk87Lhj+hsffxepiChnZkP3lL2X1jSMUvJbY49Kp2Yv27AJuOhoFNXoa5ljhEBvM976VVvPNzKvpCjkFphhuQK6XX/XuDV3p7w+AcCurK4mDb0Dq56iSAev74mxmFvld
wLK4j2q59BxkJZJm5efnN2aY23SGvl6Ax/ESi/yvY02nbDvQsZOJSy8NBkvsm+arsiVj/hn+uqC8eA3HwInwzMsEPR7UMU6ngMIjtiT8hUaJkjT7qRK7Hj2KrFm96dreHdbGF3Qf+Vo=
YfuNfMnNfggxg5Iw1jC0VV5Cv01iAHqF0ya31j4ss6NK3zlRnU+vyIU7FlZrha//16L00E1MICU6rTcjS53FaWGK15C0ntvk1SCAew5hTHB72IBmdfAVELxlXbgbeJFYVJf5k4oI4fTuaWAV+Vw=
dIVlz7BJ2/8ekYtGDeOZ3WaY23SGvlzbkusFgOa+Tk2ReQ6RxfDpAyMNTw+Qi/26/Gdy8wPJq7upe1mGyayklP8HPR7UMU6ngMIjtiT8hUaJkjT7qRK7Hj2KrFm96dreHdbGF3Qf+Vo=
oQaAK++JebTOupN+QTYD1maY23SGvlzbkusFgOa+Tk2ReQ6RxPDpAyMNTw2Qi/26/Gdy8wPJq7upe1mGyayklP8HPR7UMU6ngMIjtiT8hUaJkjT7qRK7Hj2KrFm96dreHdbGF3Qf+Vo=
7niLnkdvoLRMd5S2plYgPB+zeuFcYXO7qSFU1IL+N7/lO0xsmzyBLc3zQTied6XLxx+BeOQ7BuLP95Va4jo4+XM=
FBB7ptU1jK5fRJsARQksjnS99hinrHffxshREP4ZPEkCu0N3w7Aswx9rfagzsKb/XDKVE/eykM5C+Qk=
nfEoIoWwsCs+jx0NCSEDklUm0YdsLwGGHV++oZPHgL1aYFSbsKkBNOEzsAgn/OgBGmVEC+X7RSj6j+kLjqQl6GCz+oITv1FqxiI0+X8=
L4valo6JTlqGK2Rp+vM70nS99hinrHffxshREP8ZPEkCu0N3w7Aswx9rfKgzsab/XDKVE/eykM5C+Qk=
KwbG30Ti7aZBVbPw31jQllUm0YdsLwGGHV++oZPHgL1aYFSbsKkBNOEzsAgn/OkBGmVEC+X7RSj6j+kLgKQl6WCz+oITv1FqxiI0+X8=
XBO+9qHl9o0fNqaESxtizlVV/HFKTCBvz4Awq+srwgavQipn6JJBazvirOZW+R0=
XgmG1gFev3qTXjlFcoqQ7qq8QfK3gQKuwwE0RA1gU2UQg7lYduc9S1SKKdpci04ihyfNuorKQPkL
E67fCOBneKgdjTcXlKaf8DsWMbAbr7AOkb/ShCzLxXgcTS1gmytkcPZ/qatKcDHcjoHQTfkE
NH/Kka9hDE2qrO7zI4JhGXR0dnVa7dnteHk40JrfOj4cbId70ThgAg+Sj8ruWlBd8Lx6SRlPublfAAuRJKEFGJwt7UCbAiGQd5/pS0pQcXwOIRAt+WQ=
wGIzMmdO9xx86TusHOL70OXH5OLn6pdnXGfA76xiakGWxLTKY9mx1txo1yT7GD4knIe4er4LWYHl86dWX2MU/+ki9MvJIrssXbpv6d1ZWm59ZgYnFC/5ag==
wtgOyEZKgFtBS6csFAU8sDK9mhWguSkKJp6khCpqJSK43J949y0GYafuu4MRDU9mzabsZFfAJLngxxCDc7lEfObDWdjWpx1LPU9JW/zLbiJnZ206Kgog+Ws=
eX4zO9lLEfT3aeDnNdGSFLaXqA9WLIiOj3JymN2wxXnsQc36iYsTCUV258LOTCUU7vkqE2Ir0d3u7GxH21BkM3fr1xv7k76PpHJNg08S2B4q+WE=
