qSuWLfLdvthU/4c1aO6HIFmHz+UkQV7k5jWwJxAMPiTMFfM+pdtDDhn2vHF0WeXl/NJBt2JAFq9vAJBryyupw8/JTqePkiGiWGLMJjb5fQ==
fKLS8d4OLfgyFkcRKKMONzh/PhK4I2L07B9dyWx5XoXxf5Ou1vjPsRkq1POZyjuw7fKFlc12GrYE7aafxEf5cg==
3mJiwBkK3prI2waQc+F4tZq4SQRuvWa3D4NZMI6eOciT1JdANx42o7m7iJALVSKpkTx66rDT7magHwJwRFOt3VSl3iE5E4OajgRv9fEm5CfhVvvU5d7VYVXK+rIsIdYLfBv5Vg==
QaRAKzbtO5Ktfha87Z8KPFOSURZFufdvIoru8MTRANy614f5W2p4c/Lwr/2YdvpD7UqdjibCDfrG6l8ibkn+NoT+xhd2v2GkbXfq5wuQFBNn68P7y9lqbzPyvSo80gh+GvlR
0ML2pnHPfgu8MZLDfbuE91OSURZFufdvIoru8MTRANyh14f5W2p4c/Lwr/2YdvpD7UqdjibCDfrG6l8ibkn+NoT+xhd2v2GkbXfq5wuQFBNn68P7y9lqbzPyvSo80gh+GvlR
SJKeQHZYkJCWhZZkkPsbRBzdj6AkHhOnoWC+MRQMPiL9W6kvq9YCZF38q2F4dKvt8ZtFtUJMAK9vAJBryyutw8/JTqePkiGiWGLMJjb5fQ==
L9IDitzXa6MG8HoS6Mqu0sy6MFdoycHkcgIV16vjJXT9nhBwah21Arp03+v3QF5Rt1OrM3kWpz3+D5zUsCvtiAIfUYv3Np2BjOO1QluGegreEiz5Zw==
+qPfhVkU6mlUgleAjFxLGxoEduJws27G4P8CEITzLT0Uhd4BefMDOk5kbxWxhmRHIXb79iS+VcEVKvrS7IFW6zw7+XY=
8bo5GlJE4dYD07X0CkqBFRoEduJws27G4PsAHoTzLT0Uhd4BefMDOk5kbxWxhmRHIXb79iS+VcEVKvrS7IFW6zw7+XY=
XWeX3LpQKE5mcfv98Eipwx+zeuFcYXO7qSFU1IL+N7/lO0xsmzyBLc3zQTied6XLwx6BceA7AeLP/pZa4jo4+XM=
sge9kf2gcsnxWsET1dGR+aq8QfK3gQKuwwE0RA1gU2UQg7lYduc9S1uOKdFYi0kihy7OuorKQPkL
yq/5r4ED8GTms9NDV+jHOjsWMbAbr7AOkb/ShCzLxXgcTS1gmyRgcP17qaxKcDjfjoHQTfkE
vFDnMmdhx0Ue/4IsIAwhGaq8QfK3gQKuwwE0RA1gU2UQg7lYduc9S1SMKdFYi0kihy7OuorKQPkL
/NdgtcGfakh8vnLBkTjhzzsWMbAbr7AOkb/ShCzLxXgcTS1gmyticP17qaxKcDjfjoHQTfkE
XfLj7s4b6EwmmU6ujN2Wv087Lhj+hsXfxepiChnZkP3lL2X1jSMWppDY/8qo2Yv27AdtOhoFNXoa5ljhEBvM976VVvPNzKvpCjkFphhuQK6XX/XuDV3p7w+AcCurK4KCb0Dv56+SAeL44mxmFvld
wwZJI2kBYT74S9ha2UW1uLq1soOfC+Kzia8nH6JGKBUI272TsjFRbTbx9uvAm3fLllCZEFGGz7zUsgMoZUwY947t1BzLFFhKFdwNHIwJBXTbv8g05B5hOOqkMDveBXgZ+VA=
JN5ldeicnuXIz84dcy+V61gHMo8LV+CeczzsS1t/kYImnrPK/tGnDz/A4IvbK7Li/4Cfx38SsQLoopzGRvkN
spMr8XqP6N38FhfPaWUKoOPzo8be2KqMGzDejtfN4kXFxy09OHYds53a6gcrcV8YaKfd3tS7gsdbhet/YccJ0WtGRCyPmo3qTL3OIwg+syJcUCWiIc5ET3Hee1x3tnyIhYK6+vzJ9mNsE/le
5Neo6cMDnzjiPkagqd098WeY23SGvlyAxvESi/yvY02nbDvQsZOIUSkNGlPtm+arsiVj/hn+uqC8eA3HwInwycsEPR7UMU6ngMIjtiT8hUaJkjT7qRK7GD+KrFy97treFNXGF3Qf+Vo=
2JVAjcga1XjPNd3TvK3QelkHMo8LV+CeczzsS1t/kYImnrPK/tGnDz/A4IvbK7/h/4Cfx38SsQLoopzGRvkN
UzqadwAULUfjSrgPYtzon2jhotZKJzzI8D0Nr8JAMB0YRWvJxdL/Vxjm2J+JCl+evAvCer4fXjG5mhSjebo7o87CzESthpompF1mzyQ3+WI=
nBBnb5M3zUkBJY00MKtvWmjhotZKJzzI8D0Nr8JAMB0YRGvJxdL/Vxjm2J+JCl+evAvCer4fXjG5mhSjebo7p8nCzESthpompF1mzyQ3+WI=
eBWtVTOdijmSXFEK9aAn67q1soOfC+Kzia8nH6JGKBUI272TsjFRbTbx9uvAm3fLllCZEFGGz7zUsgMoZUwY947p3QvMFFhKFdwNHIwJBXTbssw05B5hOOqkMDveBXgZ+VA=
UNP5uqdwiX0lhLfDkdPWCePzo8be2KqMGzDejtfN4kXFxy09OHYds53a6gcrcV8YaKfd3tS7gsdbhet/YccJ0WtGRCyPmo3qTL3OJwEptCJcUCWiIc5ET3Hee1p1tn2IhYK6+vzJ9mNsE/le
tNfPSFpCl2uiwXRM6WKpimeY23SGvlzbkusFgOa+Tk2ReQ6Rw/DpAyMNTwyQiv26/Gdy8wPJq7upe1mF06qkiOcGPR7UMU6jidUktiT8hUaJkjT7qRK7FD2KrVy97treFNXGF3Qf+Vo=
+K/ltuOh816fD7IZW8J4PGeY23SGvlzbkusFgOa+Tk2ReQ6Rw/DpAyMNTwyQiv26/Gdy8wPJq7upe1mF06qkiOcGPR7UMU6ngMIjtiT8hUaJkjT7qRK7FTyKrVy97treFNXGF3Qf+Vo=
TJbdXLm7eefI798IpN3+9My6MFdoycHkcgIV16vjJXT9nhBwah21Arp03+v3QF5Rt1OrM3kWpz3+D5zUsCvtiAIfUYv3NJ2JjeO1QluGegreEiz5Zw==
i+XphlxQCCqELVjPAkZc0xoEduJws27G4P8CEITzLT0Uhd4BefMDOk5kbxWxhmRHIXb79ia+XcAVKvrS7IFW6zw7+XY=
dxS/IwM2EsYuv+VoFuQIExoEduJws27G4PsAHoTzLT0Uhd4BefMDOk5kbxWxhmRHIXb79ia+XcAVKvrS7IFW6zw7+XY=
3PprlKUsUXFerRv2zXbAX2aY23SGvlzbkusFgOa+Tk2ReQ6RxPDpAyMNTw2Qi/26/Gdy8wPJq7upe1mGyayklP8HPR7UMU6ngMIjtiT8hUaJkjT7qRK7Gj6KrVy97treFNXGF3Qf+Vo=
C708d4Y7j8PL7pVQDKvgumaY23SGvlzbkusFgOa+Tk2ReQ6RxfDpAyMNTw+Qi/26/Gdy8wPJq7upe1mGyayklP8HPR7UMU6ngMIjtiT8hUaJkjT7qRK7Gj6KrVy97treFNXGF3Qf+Vo=
LTx/fEnHT/lc1er37AtWpU87Lhj+hsffxepiChnZkP3lL2X1jSMUvJbY49Kp2Yv27AJuOhoFNXoa5ljhEBvM976VVvPNzKvpCjkFphhuQK6XX/XuDV3p7w+AcCurK42Ab0Hv56+SAeL44mxmFvld
mgnlzWaQBS6vHQWYBSu8YuVEncJnCC9CyG57eXIZT4cPYT+z5TIaUnJEK1kJcmaL567olYfucE7yBfK7rpMUPbwnf5zZvcDxz2JaLgJqXZc/un8N2zvlqFpPyQtvZEVphfOdgvP28upmYhT5Xw==
lKKlh+ZHpHvKa2ePyFG0C2aY23SGvl2Ax/ESi/yvY02nbDvQsZOJSy8NBkvsm+arsiVj/hn+uqC8eA3HwInwzcsEPR7UMU6ngMIjtiT8hUaJkjT7qRK7Gj6KrVy97treFNXGF3Qf+Vo=
6RiGK4H4c4aMlCA20Qws0maY23SGvl6Ax/ESi/yvY02nbDvQsZOJSy8NBkvsm+arsiVj/hn+uqC8eA3HwInwzMsEPR7UMU6ngMIjtiT8hUaJkjT7qRK7Gj6KrVy97treFNXGF3Qf+Vo=
q06eLHkutMXqczT+mYzofU87Lhj+hsXB2q5zAQXOneHUHmLnqkUG5Z3P/syNqsTtuBNsOhoFNXoa5ljhEBvM976VV/PNzKvpCjkFphhuQK6XX/XuDV3p7w+AcCurK42Ab0Hv56+SAeL44mxmFvld
0/HTaYIb0jYE0AXvlz51VOVEncJnCC9CyG57eXIZT4cPYT+z5DIaUnJEK1kJcmaK567olYfucE7yBfK7rpMUPbwnf5zZvcDxz2JaLgJqXZc/un8N2zvlqFpPyQtvZEVphfOdgvP28upmYhT5Xw==
g7dFuHwp9p7+dTiN8jIkorq1soOfC+Kzia8nH6JGKBUI272TsjFRbTbx9uvAm3fLllCZEFGGz7zUsgMoZUwY947t1BzLFFhKFdwNHIwJBXTbsMo05R5hOOqkMDveBXgZ+VA=
S3ZHhompZ6NyaKTgSamqu+Pzo8be2KqMGzDejtfN4kXFxy09OHYds53a6gcrcV8YaKfd3tS7gsdbhet/YccJ0WtGRCyPmo3qTL3OIwg+syJcUCWiIc5ET3Hee152tn2IhYK6+vzJ9mNsE/le
POiQWelGlickdPqptirioh+zeuFcYXO7qSFU1IL+N7/lO0xsmzyBLc3zQTied6XLwxyBeeE7AeLP/pZa4jo4+XM=
CFk1/IHvy9kXkt7pvnK2nOPzo8be2KqMGzDejtfN4kXFxy09OHYds53a6gcrcV8YaKfd3tS7gsdbhet/YccJ0WtGRCyPmo3qTL3OIwg+syJcUCWiIc5ET3Hee1pxtn2IhYK6+vzJ9mNsE/le
dJD9/Jd4mtwNYKRTTdsAIWeY23SGvlyAxvESi/yvY02nbDvQsZOIUSkNGlPtm+arsiVj/hn+uqC8eA3HwInwycsEPR7UMU6ngMIjtiT8hUaJkjT7qRK7HjmKrVy97treFNXGF3Qf+Vo=
k4csH0w/x1KBChq+IF/jTLq1soOfC+Kzia8nH6JGKBUI272TsjFRbTbx9uvAm3fLllCZEFGGz7zUsgMoZUwY947t1BzLFFhKFdwNHIwJBXTbtM005R5hOOqkMDveBXgZ+VA=
yUkT9zC/6PF16+PP23UiYFkHMo8LV+CeczzsS1t/kYImnrPK/tGnDz/A4IvbK7nn/4Gfx38SsQLoopzGRvkN
8v8FYaroe0kv5M+UEvxoR087Lhj+hsXfxepiChnZkP3lL2X1jSMWppDY/8qo2Yv27AdtOhoFNXoa5ljhEBvM976VVvPNzKvpCjkFphhuQK6XX/XuDV3p7w+AcCurK4iHb0Hv56+SAeL44mxmFvld
BM405TItKg+71Cd+w5KaIlgHMo8LV+CeczzsS1t/kYImnrPK/tGnDz/A4IvbK7jn/4Gfx38SsQLoopzGRvkN
ozwKZiLDoJe3XrPcyx2HKGjhotZKJzzI8D0Nr8JAMB0YRWvJxdL/Vxjm2J+JCl+evAvCer4fXjG5mhSjebo7pcjCzUSthpompF1mzyQ3+WI=
ZZhNFp1A9eoaSf5QeUIrgWjhotZKJzzI8D0Nr8JAMB0YRGvJxdL/Vxjm2J+JCl+evAvCer4fXjG5mhSjebo7osjCzUSthpompF1mzyQ3+WI=
2bzF6WAoILgPcoW9ef0BfLq1soOfC+Kzia8nH6JGKBUI272TsjFRbTbx9uvAm3fLllCZEFGGz7zUsgMoZUwY947p3QvMFFhKFdwNHIwJBXTbtsg05h5hOOqkMDveBXgZ+VA=
EEs5wUCyCHlWYoLgSK7qkE87Lhj+hsHC2q5zAQXOneHUHmLnqkUG5Z3P/syNqsTtuBNvOhoFNXoa5ljhEBvM976VV+nLzLfxCzkFphhuRKeAWPXuDV3p7w+AcCurK4mBb0Lv56+SAeL44mxmFvld
LXxkVkawP1gcd4UiDNO0FuPzo8be2KqMGzDejtfN4kXFxy09OHYds53a6gcrcV8YaKfd3tS7gsdbhet/YccJ0WtGRCyPmo3qTL3OJwEptCJcUCWiIc5ET3Hee1B3tn6IhYK6+vzJ9mNsE/le
s/gW3ep1NLlYv41JsfleGg0ZNZoQXZKAOzz7V0JI1ZhyiaDR5tunDz/A4IvbK7Lg/4Kfx38SsQLoopzGRvkN
bOPknapGP4uKWWziG05iGUIw+sV5QbnpEcppazMsPY0FO2bl92wn//bIYTAuWewpkjuzFzPw3KMPa2aIA/ITX+uyBbqkcsAuMvl5
rF/ByThXnlHhiDEev83WUks0JipVZXloUeXtu1QXFbX8vudVPaTfPBZ6b4K2twtvj/yUIEAq+cWokHJhvXmXCVMa3XQs4bUMW0d6XEb2MWAqfGATPi0IIflo
V/i4sAy6ZCg9m67GhqOXGCYc7x4Xj/aO4fCevQeBv75gRviwhRtowpZ3tZP7x4N4SfK0G+kyuzp5ai48fc7a/tS1Rvc0P/l6
EuA3GuoU/IhKu2WwWzseoK+oi3NV1O31ZA8M4KuXdfIrFnaUU5CusQ91n4K4AigcLY/oXi7TRd8z8+OEUfakdwFm++YBjp6w9bp6QoxxFtscK/lm
nQ+a2HG8noztE+2efNgtOgLEkLF+BBin6Gz+dVZGOT+1Uu49oNdBdkv8q3dySOW4oslQsXZbF69vAJBryyujx8/CT6ePkiGiWGLMJjb5fQ==
Rnbf0OmbXljN9ppd1PsyAa+3iSsCnfrkVl1J6Kmea/R/WzbSGZSusQ91n4K4AigcLY/oXi7TRd8z8+OEUfakdwFm++EAjp6w9bp6QoxxFtscK/lm
Zil4W9syZBbDJ2IOjy3xR7LEdwX+735a3V3PTamHX0zxGUIfCZ3i06Q5TlsdBZ+vzxTzzZYAXbpGi3NTb8DsnLCWgXkoLArdTcXvNbMmpUjc3c0wm/sE4LZKSdzKwBgvzhFwHflU
tIxaDqnv6344vSm6o4k1+g0ZNZoQXZKAOzz7V0JI1ZhziaDR5tunDz/A4IvbK7ni/4Ofx38SsQLoopzGRvkN
EVv7UrWp/btwSa1F5VAgekIw+sV5QbnpEcppazMsPY0FO2bl92wn//bIYTAvWewpkjuzFzPw3KMPa22KA/MTX+uyBbqkcsAuMvl5
4naa31zWSwD7kzkO/Esz/q+oi3NV1O31ZA8M4KuXdfIrFnaUU5CusQ91n4K4AigcLY/oXi7SRd8z8+OEUfakdwFm++IEjp+w9bp6QoxxFtscK/lm
1r7doCv17aFQKowGc+cZ6ALEkLF+BBin6Gz+dVZGOT+1Uu49oNdBdkv8q3dySOW4o8lQsXZbF69vAJBryyuvws/DT6ePkiGiWGLMJjb5fQ==
DJ80VVshtFuoB7A4xpXvvD+Kk7lBAvfuggt2FGDJyKZng2sqMIH+Jx/KlYR1yyyIu4R9sY6NKKtJk7F4TleVy7P+0btRm5FiP55GGtIaKPlj
pqCf556XnNK13c04E4ON0LLEdwX+735a3V3PTamHXEzxGUIfCZ3i06Q5TlsdBZ+vzxTzzZYAXbpGi3NTb8DsnLCWgXkoLArcTcXvNbMmpUjc3c0wm/YD4LdKSdzKwBgvzhFwHflU
lsp1P6TY+v0IhT7RYXepViYc7x4Xj/aO4fCevQeBv75gRviwhRtowpZ2tZP7x4N4SfK0G+kyuzp/ai88fc7a/tS1Rvc0P/l6
O3y//OmktUKuKIyxiw9OA0s0JipVZXloUeXtu1QXFbX8vudVPaTfPBZ6b4K2twtvj/yUIEAq+cWokHJgvXmXCVMa3XQs4bUMW0h7XEf2MWAqfGATPi0IIflo
lTU0aM4tWArZ7JPJgYG4lgLEkLF+BBin6Gz+dVZGOT+1Uu49oNdBdkv8q3dySOW4o8lQsXZbF69vAJBryyujwc/DT6ePkiGiWGLMJjb5fQ==
Z4PrRsxtG0IKS/jhYxAdZ7LEdwX+735a3V3PTamHXEzyGUIfCZ3i06Q5TlsdBZ+vzxTzzZYAXbpGi3NTb8DsnLCWgXkoLArcTcXvNbMmpUjc3c0wm/sC4LdKSdzKwBgvzhFwHflU
8V+2Lv68ZYTfhRsJ+R6ZGiYc7x4Xj/aO4fCevQeBv75gRviwhRtowpZ3tZP7x4N4SfK0G+kyuzx4ai88fc7a/tS1Rvc0P/l6
Ehy+4SP70Z4W0xIWOAcQT6+oi3NV1O31ZA8M4KuXdfIrFnaUU5CusQ91n4K4AigcLY/oXi7TRd8z8+OEUfakdwFm++AAjp+w9bp6QoxxFtscK/lm
DJq3j00xChnzw7atas25UiYc7x4Xj/aO4fCevQeBv75gRviwhRtowpZ3tZP7x4N4SfK0G+kyuz94ai88fc7a/tS1Rvc0P/l6
+M2MEBQAEvcVEnHvXFCZEEs0JipVZXloUeXtu1QXFbX8vudVPaTfPBZ6b4K2twtvj/yUIEAq+cWokHJhvXmXCVMa3XQs4bUMW018XEf2MWAqfGATPi0IIflo
DtlL92TtNZiSuEhJcMmOj0Ycq+4JLy7DscwjpRboDeKmswN7r6hcZBDOUVEoBNqF7T1fXXMO1XA8hZ3YG5zRONFyufSKKKhXbskgNfl8
hq4p7aFfe+aLVdZ1dsY1TiT1I5AO98UR8sE1MeqXuwtoA0bH2YKFEBhg6dMsDdoF5ZJeXTBXMdabvJuXYkj12JIJABGG24dP30BAS7srkqMfBj8HHxKRQggiPAYm+W0=
67k3XJFg/nCPlEzEv9cCgD8nfW5Q6dGvYmk72JqfO39cJJV33WNnSgbb08PvUAxM8KZhSSgc6u0NFQ+lM7YFGJwt7UCbCyCQcprpTEpQeH8OIRAt+WQ=
dx7qHt/vcm+4CX/c/xivLCl2ulzeu9y14eDQY0U5youXhkolf7mEVqmZ/UmTfA7Z373fSmhqCPQ9h+hWPjtlt+M7o0yBngSfke57bZdmOtglcjqKXBk2Mwwj+W4=
ELMvj++czt9barMwZe+2jpxRyUIVlGAA8K8nECKH+o7WUUkCHIXyyIN3zq24oQ86NIniB2MCUfTRU6AINxzYQcrF1ItVm7Voqm/ZC3+DdS7VEw0Cg1YCKjYCJPlv
UPwBPMmqe3f/Q3K0QHy+K1o47Mk0EPX7WM1ubXkiMoUENyXu92wn//bIYTAuWewpkjuzFzPw3KMPa2aOA/YTX+uyBbqkcsAuMvl5
GUzZlfz+F/AxFN+tHN7lehY3vr2GDf1mmVmHSugxtudXGq2knbs0iKN0FJG23eDrgSPpmCbHLUtJb3kfCWvZovfOvnr6KjD5ew==
Ze4Gw+N3SEFmuPA7dHOU40Ucq+4JLy7DscwjpRboDeKmswN7r6hcZBDOUVEoBNqF7T1fXXMO1XA8hZ3YG5LQONNyufSKKKhXbskgNfl8
eDVz87xe8unA1WVBNSgjqRV8suVdU64F17eF9vOr10Q1FT+9/aC6ciZtVBrhXT01K4i+tXdZf9bw/ph4tQNo6saPFRsLn8OQWcpUU1mqO5ytEgQ0DRYalkQNJj8EJ/lS
/Y1FlBYAPdreMwOWQDRofpxSyUIVlGAA8K8nECKH+o7WUUkCHIXyyIN3zq24oQ86NIniB2MCUfTRU6AINxzYQcrF1ItVm7Voqm/ZC3mGdSHVEw0Cg1YCKjYCJPlv
7Y8ODipu9YFDzmqGXtFUHEpkJH2bwH6ZnVKJ9N5L+0LdDXr6+JK0lM/Zk/mlUQdpL3EEhZSQVbt4zQ4tmaJSRSQ3BS5X7Mc/lsiBcE7ZTGmyO5NX03C8Y+9rSkmjebOfi7Ll+sTyYG4S+Vk=
g1T3vIWfcb/AKdNvqK+qY1o47Mk0EPX7WM1ubXkiMoUENyXu92wn//bIYTAuWewpkjuzFzPw3KMPa2eJA/kTX+uyBbqkcsAuMvl5
51RpEEJ92H2YmW72J4FiCxY3vr2GDf1mmVmHSugxtudXGq2knbs0iKN0FJG23eDrgSPpmCbHLUtPbHkRCWvZovfOvnr6KjD5ew==
8XlBlC0Q8wOWRwuxz0ECA0Ycq+4JLy7DscwjpRboDeKmswN7r6hcZBDOUVEoBNqF7T1fXXMO1XA8hZ3YG5vVON1yufSKKKhXbskgNfl8
JiwnD9Kt3XD733QEZtmup0pkJH2bwH6ZnVKJ9N5L+0LeDXr6+JK0lM/Zk/mlUQdpL3EEhZSQVbt4zQ4tmaJSRSQ3BS5X7Mc/lsiBcE7ZTGmyO5NX03C8Y+9rR06jebOfi7Ll+sTyYG4S+Vk=
nERxjHAqGjrWaowDDWuwkVo47Mk0EPX7WM1ubXkiMoUENyXu92wn//bIYTAuWewpkjuzFzPw3KMPa2+LA/AWX+qyBbqkcsAuMvl5
k5bf/Z+RnE3rvxpP0bpK7BY3vr2GDf1mmVmHSugxtudXGq2knbs0iKN0FJG23eDrgSPpmCbHLUtJb3kYDGvYovfOvnr6KjD5ew==
3qEcHjpvVQMjqhaWn2ZQBkQcq+4JLy7DscwjpRboDeKmswN7r6hcZBDOUVEoBNqF7T1fXXMO1XA8hZ3YG5vQONR3ufWKKKhXbskgNfl8
ihr+n5yu3+xn3nW4rRu0LPbSpxvsmjk57pe/A2QTWt+9omEoZFAlm2jNHk2pYuIllLeVTgcsFx/myHFQHpmciSK7I7djMIyD/2tZa1Mxxj96MnVaFDIwDiL5aQ==
aov4DdksopuQVz6CtvHqVkpkJH2bwH6ZnVKJ9N5L+0LcDXr6+JK0lM/Zk/mlUQdpL3EEhZSQVbt4zQ4tmaJSRSQ3BS5X7Mc/lsiBcE7ZTGmyO5NX03C8Y+9rS0+jcbafirLl+sTyYG4S+Vk=
4osCmvN9m1zxBM40Iyybi5xTyUIVlGAA8K8nECKH+o7WUUkCHIXyyIN3zq24oQ86NIniB2MCUfTRU6AINxzYQcrF1ItVm7Voqm/ZC36HdSrQEwwCg1YCKjYCJPlv
Qlf5Te3xgjJwo0iC9v8EMUpkJH2bwH6ZnVKJ9N5L+0LcDXr6+JK0lM/Zk/mlUQdpL3EEhZSQVbt4zQ4tmaJSRSQ3BS5X7Mc/lsiBcE7ZTGmyO5NX03C8Y+9rRkmjcrafirLl+sTyYG4S+Vk=
r44/eTAEfPP3iuLeBpMboVo47Mk0EPX7WM1ubXkiMoUENyXu92wn//bIYTAuWewpkjuzFzPw3KMPa2yIA/IWX+qyBbqkcsAuMvl5
+1xokzxFdNd8udcwwu4NUVUm0YdsLwGGHV++oZPHgL1aYFSbsKkBNOEzsAgn/OgBGmVEC+X7RSj6j+kLgKMl6mCz/IITtlJqxiI0+X8=
e9MxwQ1azH15jK+cmvPAjEIw+sV5QbnpEcppazMsPY0FO2bl92wn//bIYTAuWewpkjuzFzPw3KMPa2iKA/MWX+qyBbqkcsAuMvl5
e3LZqBq1SL5UXUkjsNPAOUs0JipVZXloUeXtu1QXFbX8vudVPaTfPBZ6b4K2twtvj/yUIEAq+cWokHJhvXmXCVMa3XQs4bUMW0l4XEfzMWEqfGATPi0IIflo
kwB4L5pqBSZ1JgqQGcTf+yYc7x4Xj/aO4fCevQeBv75gRviwhRtowpZ3tZP7x4N4SfK0G+kyuzR8ai85fc/a/tS1Rvc0P/l6
wuHHAcYQylPGstRP1ngsTkhkIGaYwHucnVyM79le+ELaFnDi/Im0jc7X0qTxDVM9fHERmMHcDv1hxlt9naJSRSQ3BS5X7Mc/lsiBcE7ZTGmyO5NX03C8Y+9rT06jc7afirLl+sTyYG4S+Vk=
IVues1JflF5P56z8fFixCQ0ZNZoQXZKAOzz7V0JI1ZhziaDR5tunDz/A4IvbK7vj/4Sax34SsQLoopzGRvkN
iw+95daQdwFOKPtuEkCB7UIw+sV5QbnpEcppazMsPY0FO2bl92wn//bIYTAvWewpkjuzFzPw3KMPa2+LA/QWX+qyBbqkcsAuMvl5
02omVSUKHGbeWtfdYlehwuRandR2Ci8GnyA5Mi9YON1JNUu94XVNBDAPSVdeMHeV57jpwYf0d0ToUcem/dF7euQpcofT4uG0gXNQCEc8CYF6pWQLxTvlqFpPyQttZEVtgPOcgvP28upmYhT5Xw==
07M9CYxBv11b0IhyuI7Ra+RandR2Ci8GnyA5Mi9YON1JNUu94XVNBDAPSldeMHeV57jpwYf0d0ToUcem/dF7euQpcofT4uG0gXNQCEc8CYF6pWQLxTvlqFpPyQtgZEVtgPOcgvP28upmYhT5Xw==
22XmkhbWpngFIrtpkfnDc+RandR2Ci8GnyA5Mi9YON1JNUu94XVNBDAPS1deMHeV57jpwYf0d0ToUcem/dF7euQpcofT4uG0gXNQCEc8CYF6pWQLxTvlqFpPyQtqY0VtgPOcgvP28upmYhT5Xw==
sqWgAnaF5Q80oxEGa1ARjks0JipVZXloUeXtu1QXFbX8vudVPaTfPBZ6b4K2twtvj/yUIEAq+cWokHJhvXmXCVMa3XQs4bUMW0x4XELzMWEqfGATPi0IIflo
xTxr5yF2O1hvrxqQ4k6mXgLEkLF+BBin6Gz+dVZGOT+1Uu49oNdBdkv8q3dySOW4oslQsXZbF69vAJBryyuows/GSqeOkiGiWGLMJjb5fQ==
hIiMRcogasbKHqRlWRunCiYc7x4Xj/aO4fCevQeBv75gRviwhRtowpZ3tZP7x4N4SfK0G+kyuz94aio5fc/a/tS1Rvc0P/l6
aqby0AcW1WXTitHJJe/s3nMkihrestfG7N+XeEcm1pvJg0goe+3CEeGE+lLAaw7e0KfCSDRrTeUknd4ZSStjov48r02BngSfke57YZBmOt0lczqKXBk2Mwwj+W4=
OJ+NkXoyt7vZGhKzO9R6qBQ2v/WeT6Ihi0OfDeY5sfgUDI2Ev5weiaN0FpG23+fhgCPpmCbHLUtJa3kfDGvYovfOvnr6KjD5ew==
/4lcnzSOo2SdbgNaQJAfIAPkJ6MRMTHm/nsGgZawOqqrYH9Tm2PfB9vzQTied6XLzByBcOQ7AOLP/pZa4jo4+XM=
pa3X0CoD7rG24nSGdsV2ZgPkJKMRMTHm/nsGgZawOqqrYH9Tm2PdB9vzQTied6XLxx+BceQ7AOLP/pZa4jo4+XM=
KJ499Vl3C63f9BebukeyagPkJaMRMTHm/nsGgZawOqqrYH9Tm2PdB9vzQTied6XLzR6BceQ7AOLP/pZa4jo4+XM=
/KIabvdkgsJwsK3znh4s7VpbZdVPFoKOe3noTERq1ZwBq+Wfo/elDz/A4IvbK77g/4max34SsQLoopzGRvkN
YzScfCbgphcnArtrBbhfXBQ2vPWeT6Ihi0OfDeY5sfgUDI2Ev5weiaN0FpG23+fhgCPpmCbHLUtNb3kYDWvYovfOvnr6KjD5ew==
2vs5ylMrximoDm5bnTlWWRQ2v/WeT6Ihi0OfDeY5sfgUDI2Ev5weiaN0FZG23+fhgCPpmCbHLUtPbHkbDWvYovfOvnr6KjD5ew==
CBQRwLsJUeEbZBdcWSCEJOYoJypVIXMaPJkKR8vy2VQJI7gIL+yA4UK1fEs9i71IUj9hiwRXTUzZAyTC6+aKSu4yPPl3
sAowkpX3WGq1QHQAHekDC1Um0YdsLwGGHV++oZPHgL1aYFSbsKkBNOEzsAgn/OgBGmVEC+X7RSj6j+kLiaYl7GGz/IITtlJqxiI0+X8=
fW6hQ83xzfo0HtMjAmMJEwPkJaMRMTHm/nsGgZawOqqrYH9Tm2PeB9vzQTied6XLwx2BfeU7AOLP/pZa4jo4+XM=
PEx0+CBhq4WNMR+Q0+gfQQPkJaMRMTHm/nsGgZawOqqrYH9Tm2PeB9vzQTied6XLzRuBceU7AOLP/pZa4jo4+XM=
IKpGribZLlRph7CvRGfWkALkJaMRMTHm/nsGgZawOqqrYH9Tm2PeB9vzQTied6XLzRqBceU7AOLP/pZa4jo4+XM=
TIcj/7bshvLpTHq3MwXMvgLkJaMRMTHm/nsGgZawOqqrYH9Tm2PfB9vzQTied6XLzR2BeeY7AOLP/pZa4jo4+XM=
yeKkdCW+aMr5phHDU6X+1ALkJaMRMTHm/nsGgZawOqqrYH9Tm2PeB9vzQTied6XLwBuBeeY7AOLP/pZa4jo4+XM=
D/B1wFHgF54GrqD3J6UrgVpbZdVPFoKOe3noTERq1ZwBq+Wfo/elDz/A4IvbK7Lh/4WYx34SsQLoopzGRvkN
JOApADsHOMPEm9AMat1vpePzo8be2KqMGzDejtfN4kXFxy09OHYds53a6gcrcV8YaKfd3tS7gsdbhet/YccJ0WtGRCyPmo3qTL3OIwg+syJcUCWiIc5ET3Hee1lwtnuPhYO6+vzJ9mNsE/le
0+Vw1gxaLES9Q66oYMiPCloHMo0MXeGeczzsS1t/kYImnrPK/tGnDz/A4IvbK7rm/4eYx34SsQLoopzGRvkN
njXrGyRwaXuxPQ4l0Or6M2jhotZKJTvC8T0Nr8JAMB0YR2vJx9X1Vhjm2J+JCl+evAvCer4fXjG5mhSjebo7rcjCy0Oth5ompF1mzyQ3+WI=
nIhWfs2evrLv5ba+j6RQYePzo8be2KqMGzDejtfN4kXFxy09OHYds53a6gcrcV8YaKfd3tS7gsdbhet/YccJ0WtGRCyPmo3qTL3OJwEptCJcUCWiIc5ET3Hee111tnSPhYO6+vzJ9mNsE/le
01vjUmhhfgVykS7yEY5P6VpbZdVPFoKOe3noTERq1ZwBq+Wfo/elDz/A4IvbK7Lm/4iYx34SsQLoopzGRvkN
99lfj9qVyYU1aJk5UbwnBRQ2vPWeT6Ihi0OfDeY5sfgUDI2Ev5weiaN0FpG23+fhgCPpmCbHLUtPbHkRDmvYovfOvnr6KjD5ew==
qJby/bufq3Fv/LbFemLwx1pbZdVPFoKOe3noTERq1ZwBq+WfofelDz/A4IvbK7ni/4CZx34SsQLoopzGRvkN
gNOgVQqvBStv+UqIUNC0C0R3d07/Zj6lqF5dy25lSsqCHLf+hbvvshkq1POZyju97/KMks13GrYE7aafxEf5cg==
2op3HoAomCxV/qA6L/PwcFpbZdVMFoKOe3noTERq1ZwBq+WfovelDz/A4IvbK7Pg/4CZx34SsQLoopzGRvkN
yAM/aBK1AAwPeiDMz7RhB1pbZdVPFoKOe3noTERq1ZwBq+WfovelDz/A4IvbK7Pn/4CZx34SsQLoopzGRvkN
N1E3PxiWS9C0Xz4CjkSW/xJNOsvMweeWMrVIZV+I2lBDPPFAUEntqFupeIMpkW5/x6AIG0OrK3NXISF3NtL50rBC9DY++XU=
5jA2KTxyERVeWzWcoqs+Ow0ZNZoQXZKAOzz7V0JI1ZhziaDR5tunDz/A4IvbK7zg/4GZx34SsQLoopzGRvkN
D6Zms9IX8qV2E5wt/+6yp0Iw+sV5QbnpEcppazMsPY0FO2bl92wn//bIYTAvWewpkjuzFzPw3KMPa2iIA/EVX+qyBbqkcsAuMvl5
Z+JEOogD8MjRcHNYczfzlks0JipVZXloUeXtu1QXFbX8vudVPaTfPBZ6b4K2twtvj/yUIEAq+cWokHJgvXmXCVMa3XQs4bUMW0l6XEXwMWEqfGATPi0IIflo
gfHIN3EFlR27nwMPjs4bfCYc7x4Xj/aO4fCevQeBv75gRviwhRtowpZ2tZP7x4N4SfK0G+kyuzx5ai06fc/a/tS1Rvc0P/l6
bH4lnEP2mYkbWqL8SIt2Gks0JypVZXloUeXtu1QXFbX8vudVPaTfPBZ6b4K2twtvj/yUIEAq+cWokHJgvXmXCVMa3XQs4bUMW059XEXwMWEqfGATPi0IIflo
kDoNk5Ey+PVLi2nrvdG7TyYc7x4Xj/aO4fCevQeBv75gRviwhRtowpZ2tZP7x4N4SfK0G+kyuzx4ai06fc/a/tS1Rvc0P/l6
rDVbdoZ0rQWVhq8u2LIsM0s0JipVZXloUeXtu1QXFbX8vudVPaTfPBZ6b4K2twtvj/yUIEAq+cWokHJgvXmXCVMa3XQs4bUMW058XEXwMWEqfGATPi0IIflo
Wb2CJvmsi7HQF0KjTKKskbLEdwX+735a3V3PTamHX0zyGUIfCZ3i06Q5TlsdBZ+vzxTzzZYAXbpGi3NTb8DsnLCWgXkoLArcTcXvNbMmpUjc3c0wm/cB4LZMSd3KwBgvzhFwHflU
j3HTmJqcGaQdlu/c+1deHCYc7x4Xj/aO4fCevQeBv75gRviwhRtowpZ2tZP7x4N4SfK0G+kyuzp9ai46fc/a/tS1Rvc0P/l6
TxpE4p86trQasnh5PWaS2Es0JipVZXloUeXtu1QXFbX8vudVPaTfPBZ6b4K2twtvj/yUIEAq+cWokHJgvXmXCVMa3XQs4bUMW0h5XEbwMWEqfGATPi0IIflo
q1AcIk0qBZ4MZHjfqdaybSYc7x4Xj/aO4fCevQeBv75gRviwhRtowpZ2tZP7x4N4SfK0G+kyuzR9ai46fc/a/tS1Rvc0P/l6
3YoS5/CZ4cRMbiB2LTdVIUs0JipVZXloUeXtu1QXFbX8vudVPaTfPBZ6b4K2twtvj/yUIEAq+cWokHJgvXmXCVMa3XQs4bUMW0Z5XEbwMWEqfGATPi0IIflo
6ku5/dtyGQDuARalRniDOiYc7x4Xj/aO4fCevQeBv75gRviwhRtowpZ2tZP7x4N4SfK0G+kyuz98ai46fc/a/tS1Rvc0P/l6
i1vJhPVhM1oG6XtSIxAxKUs0JipVZXloUeXtu1QXFbX8vudVPaTfPBZ6b4K2twtvj/yUIEAq+cWokHJgvXmXCVMa3XQs4bUMW0h7XEbwMWEqfGATPi0IIflo
vjkJoHmwKM6RxZPdWMhd4yYc7x4Xj/aO4fCevQeBv75gRviwhRtowpZ2tZP7x4N4SfK0G+kyuzV/ai46fc/a/tS1Rvc0P/l6
/yesdzbF54aGSFZ1TV7COks0JipVZXloUeXtu1QXFbX8vudVPaTfPBZ6b4K2twtvj/yUIEAq+cWokHJgvXmXCVMa3XQs4bUMW0d7XEbwMWEqfGATPi0IIflo
WkcAzEIzfaXs0cW9IO++tSYc7x4Xj/aO4fCevQeBv75gRviwhRtowpZ2tZP7x4N4SfK0G+kyuzx+ai46fc/a/tS1Rvc0P/l6
XdRPyCU0Sx7/HKO1UK7Oeks0JipVZXloUeXtu1QXFbX8vudVPaTfPBZ6b4K2twtvj/yUIEAq+cWokHJgvXmXCVMa3XQs4bUMW056XEbwMWEqfGATPi0IIflo
Pz5zD4yplEfh1JzqYS8AiCYc7x4Xj/aO4fCevQeBv75gRviwhRtowpZ2tZP7x4N4SfK0G+kyuz1+ai46fc/a/tS1Rvc0P/l6
qLypV2K4WO2kWhLeX2nQtq+oi3NV1O31ZA8M4KuXdfIrFnaUU5CusQ91n4K4AigcLY/oXi7SRd8z8+OEUfakdwFm++EGjp629bt6QoxxFtscK/lm
vgBZFzbv/lTm3l5z6er6uyYc7x4Xj/aO4fCevQeBv75gRviwhRtowpZ2tZP7x4N4SfK0G+kyuz9+ai46fc/a/tS1Rvc0P/l6
dvUQjq1E88+xnpWA4yN09ks0JipVZXloUeXtu1QXFbX8vudVPaTfPBZ6b4K2twtvj/yUIEAq+cWokHJgvXmXCVMa3XQs4bUMW016XEbwMWEqfGATPi0IIflo
JYT/P9XwuSfCCIxrMkwzDRmnMnv1xuNNKyCi86NCFxuvnEf64tAY+Q9+dKipQi8u+9ybm2M6soaa/CN8vRXeHzfgOPszqxdSp2OR10ZSaXJgAiQWLvll
to3rLyj75klRE5/xOcAkzzY8NRCkMWPm/Q8e2XMsXo/KPpT+2ubFpBkq1POZyjux7PKPks13GrYE7aafxEf5cg==
NklDB7PaZQHE5Bksz4hCuaq8QfK3gQKuwwE0RA1gU2UQg7lYduc9S1iOKdtfi0gihy7OuorKQPkL
wplVRS6tKHyWTrIk4qVoITsWMbAbr7AOkb/ShCzLxXgcTS1gmydgcPd8qa1KcDjfjoHQTfkE
5h/6XmKb5ETnHyyikS3lTnS99hinrHffxshREP4ZPEkCu0N3w7Aswx9rfa8ztKX/WjKVGvSykM5C+Qk=
8996IW2nW6XA0o+EV5hqBxxVMZURW5KdOzz7V0JI1ZhyiaDR5tunDz/A4IvbK73n/4SZx34SsQLoopzGRvkN
o83vRmA+Oglr7Nb5Chkd7BY3vr2GDf1mmVmHSugxtudXGq2knbs0iKN0FJG23eDrgSPpmCbHLUtNankdD2vYovfOvnr6KjD5ew==
vM9QtmX8S6h6Q7kZQbrqDBn83F50QMr9rXRYS98QG/nWtLU+1m+7J0805PhgUunNqJhiGZ2h58GTUm2sTFklhNvA7OShqIGpajSQSx7VGCn5YA==
SCpjTHDDNweaMtQ2lAQuYSYc7x4Xj/aO4fCevQeBv75gRviwhRtowpZ3tZP7x4N4SfK0G+kyuz19aio6fc/a/tS1Rvc0P/l6
CbWyP/M0s+xdV2GsYXfpAxY3vKiGDf1mmVmHSugxtudXGq2knbs0iKN0FJG23eDrgSPpmCbHLUtLb3keD2vYovfOvnr6KjD5ew==
wJ2iUqAHXO7LilsR9u7RlOacvBMLN56SxmU9kpyjzS2qBoXnwYJaVUx37Z7fTD8P7sh5QDZ5xNna+3tH21BkM3fr1Rr7lr2PonJNikwS2B4q+WE=
aoYIWJL0xNMIPIadmxr7JSYc7x4Xj/aO4fCevQeBv75gRviwhRtowpZ3tZP7x4N4SfK0G+kyuzx/aio6fc/a/tS1Rvc0P/l6
ZeQiBq7BIcFFces0Z2Jt4lLsNjyvi7kCJGLn8bFYVAnj0B2mro4H5RkyNo3oFwkms9yDh2pI/ciK6ShhvhvfHzfgOPszqxdSp2eR10ZSaXJgAiQWLvll
RtflJ+dnGYv5IUn5n4CVVaCDqwL43CIko4u1GjBSE9mtuGhhNwBpnmLOSx2tYuIllLeVTgcsFx/myHFQHpmciSK7I7djMIyD/2tZaVM3xT96MnVaFDIwDiL5aQ==
DYEti62FhzKrYHdz93NkmFtieD8Qf2JgS/TY7xZWJ+bwsatAPKTIMR56b4K2twtvj/yUIEAq+cWokHJhvXmXCVMa3XQs4bUMW0d7XEPwMWEqfGATPi0IIflo
dVeTFgR/Z03vI9fh+73Ch61hLyZVIXMaPJkKR8vy2VQJI7gIL+yA4UK1fEs9i71IUj9hiwdUTU/bAyTC6+aKSu4yPPl3
jWU9ho9WL9XozjH1010cbRk4+rrIWeNmmVmHSugxtudXGq2knbs0iKN0FJG23eDrgSPpmCbHLUtEa3kfD2vYovfOvnr6KjD5ew==
1yNiMD53tr5SLDpr9iaNrAa5yFZpDs+ytmUWH84XG6qW8v861m+7J0805PhgUunNqJhiGZ2h58GTUm2sTFklhNvC6eSsqIGpajSQSx7VGCn5YA==
2ziae50R10sLa7a75eY0tyvSRHfEs1MF5GtsSA0WrVIDVTbLnFbLwj0zQl2vH/CEShXn0IFFex0LkZjOyfb/2vbN5qeuD8tCFpqvIjbXy4+P3NSAwMo55aiwsoE92dcpU/odFKxBdexbLDv8zRBxASpcoLO+TUgB+Ug=
0rkIQmpTMZUz1fehkXOF6iIe73WNHBxWV0uedRO3Dc2xrBfWgIyD4RR2EwwB38HktILGBa2GF8VJcuYteJf5hsOcc6caSA3o+inYwc6bT79nIOjbI6sHM/egRrfW0tkS0MIUdh75VQ==
IMautYrtOKsV9uRsftcauV5vfk+y2JCGmr53BQWclObPKzal63dVvZmM78aIjIvx7FY7fFkfOTQc4l61JQaftdHSDv3A16G2K3xLtxJIBfjCSbDxFlv37w+AcCurK4qCb0Du566SAeL44mxmFvld
mamuOco+jcUSQw8A/yjfslqp+nzIJtcexmuzM2/grDww9kFZKAzKvc1lrxWzRmWoXH0NUJsXQ0A0Kwk9yuDYj07xMD35dA==
Z5KRBKYo6ru3vR1nH8qv0eYoJypVIXMaPJkKR8vy2VQJI7gIL+yA4UK1fEs9i71IUj9hiwFUTUjcAyTC6+aKSu4yPPl3
WXArBUnkMKHBhd606HfD6WTe7Pc3e/fUUB4xoSj0ulWtjf/N8541APzVvegbrvLolIPZZQq4COeumcBF+Qw=
iSyqbBY/YEVSWG1Y5Bc/lRnq1lhuWsKxqntXGdtZT7uR8qx6kXGyIVN37/hgUunNqJhiGZ2h58GTUm2sTFklhNvH7eSmr4GpajSQSx7VGCn5YA==
6r6OR5fBYgie4QELiRsdrhnq1lhuWsKxqntXGdtZT7uR8qx6kXGyIVN37/hgUunNqJhiGZ2h58GTUm2sTFklhNvD6uSnr4GpajSQSx7VGCn5YA==
kiEHo4AB1HwPX8m/oXOIgFUm0YdsLwGGHV++oZPHgL1aYFSbsKkBNOEzsAgn/OgBGmVEC+X7RSj6j+kLiKMl62Sz/IITtlJqxiI0+X8=
oBaMM2mKO62KGaoup9RPUGeK6+oje/fUUB4xoSj0ulWtjf/N8541APzVvegbrvTokIPZZQq4COeumcBF+Qw=
CD5KZTLjXpTTnsvZcGvtPhxVMZURW5KdOzz7V0JI1ZhyiaDR5tunDz/A4IvbK7nj/4Wex34SsQLoopzGRvkN
Y17G+Amcs+bSQZUR4AKiwxY3vr2GDf1mmVmHSugxtudXGq2knbs0iKN0FJG23eDrgSPpmCbHLUtEb3kdCGvYovfOvnr6KjD5ew==
L5XIDGazcZBJvIvHoh+71EYcq+4JLy7DscwjpRboDeKmswN7r6hcZBDOUVEoBNqF7T1fXXMO1XA8hZ3YG57QONFzufWKKKhXbskgNfl8
Lc0VYyyIsSaxQkqSauq8lZi0JBAtmJf7KRAegbr5Kmjrx0YtMFGnWuw5mse7UmkU+UOoCD8M8CHyFYzLrSvtiAIfUYvwNZ2NjOO0QluGegreEiz5Zw==
JToQFQ8gT916C81l4h4ZHlo47Mk0EPX7WM1ubXkiMoUENyXu92wn//bIYTAuWewpkjuzFzPw3KMPa2uJA/USX+qyBbqkcsAuMvl5
SWA4dfhZYi5UGRL48BtUUBY3vr2GDf1mmVmHSugxtudXGq2knbs0iKN0FJG23eDrgSPpmCbHLUtFbXkdCGvYovfOvnr6KjD5ew==
qvPDzL2W/9aHt+LrHnPLy0Ucq+4JLy7DscwjpRboDeKmswN7r6hcZBDOUVEoBNqF7T1fXXMO1XA8hZ3YG5/SONFzufWKKKhXbskgNfl8
oiGgAUONNJsrvqn+LtNCp5i0JBAtmJf7KRAegbr5Kmjrx0YtMFGnWuw5mse7UmkU+UOoCD8M8CHyFYzLrSvtiAIfUYv5M52NjOO0QluGegreEiz5Zw==
P9PWSLCXbRCrGSIhoB0dmVo47Mk0EPX7WM1ubXkiMoUENyXu92wn//bIYTAuWewpkjuzFzPw3KMPa2+OA/USX+qyBbqkcsAuMvl5
m08aqNARREp6SgVN9qPWVBY3vr2GDf1mmVmHSugxtudXGq2knbs0iKN0FJG23eDrgSPpmCbHLUtIankdCGvYovfOvnr6KjD5ew==
+vN1E2vwzEW5+lVm+2ZWNUQcq+4JLy7DscwjpRboDeKmswN7r6hcZBDOUVEoBNqF7T1fXXMO1XA8hZ3YG5nRONJzufWKKKhXbskgNfl8
7brKmaK8ax/q+eDHNmlB+5i0JBAtmJf7KRAegbr5Kmjrx0YtMFGnWuw5mse7UmkU+UOoCD8M8CHyFYzLrSvtiAIfUYv2N52OjOO0QluGegreEiz5Zw==
ft2I08p4/lJtagYcSM1t1Fo47Mk0EPX7WM1ubXkiMoUENyXu92wn//bIYTAuWewpkjuzFzPw3KMPa2aLA/YSX+qyBbqkcsAuMvl5
l6gQKfhs+8YJyXkQAZCzMuYoJypVIXMaPJkKR8vy2VQJI7gIL+yA4UK1fEs9i71IUj9hiwNWTU7cAyTC6+aKSu4yPPl3
IZJQWnS+9oNU/N71aRp3m1Um0YdsLwGGHV++oZPHgL1aYFSbsKkBNOEzsAgn/OgBGmVEC+X7RSj6j+kLgKYl7mSz/IITtlJqxiI0+X8=
3ulYzYkk3tksUIUz8YapLhnq1lhuWsKxqntXGdtZT7uR8qx6kXGyIVN37/hgUunNqJhiGZ2h58GTUm2sTFklhNvH6+Sjr4GpajSQSx7VGCn5YA==
/pQQdRpaRcyyB0CVeQNo5Bnq1lhuWsKxqntXGdtZT7uR8qx6kXGyIVN37/hgUunNqJhiGZ2h58GTUm2sTFklhNvP7OSjr4GpajSQSx7VGCn5YA==
/2hvsl4lSHyQOuAS60xPkhnq1lhuWsKxqntXGdtZT7uR8qx6kXGyIVN37/hgUunNqJhiGZ2h58GTUm2sTFklhNvE6uSsr4GpajSQSx7VGCn5YA==
RG4U093oHZPEKJFTPZHt+jtw2o5yi04rTiArMQaqn/REBw0QypaR2CCqXLkAobvAqiGGSno+NPzQpm1IWlu05TjmIu79f3WgfLV9yBuLsQgdIxkFCphIBy45ACX5bA==
Ht+UWBPhO2TPVnpz6sh6YjY8NRCkMWPm/Q8e2XMsXo/KPpT+2ubFpBkq1POZyju17fKFlc13GrYE7aafxEf5cg==
nR8JwHluDsP+zBGI+SVtWqq8QfK3gQKuwwE0RA1gU2UQg7lYduc9S1yPKdFYi0gihy7OuorKQPkL
OsK9KagasBdtlo2VZe7pRDsWMbAbr7AOkb/ShCzLxXgcTS1gmyNhcP17qa1KcDjfjoHQTfkE
dzQSDZqd1TiYtxXfCaFzaRQ2v/WeT6Ihi0OfDeY5sfgUDI2Ev5weiaN0FpG23+fhgCPpmCbHLUtMbHkRCGvYovfOvnr6KjD5ew==
w+1x6mWpk3X6oazyg7MtnhQ2vPWeT6Ihi0OfDeY5sfgUDI2Ev5weiaN0FpG23+fhgCPpmCbHLUtPa3kRCGvYovfOvnr6KjD5ew==
YE3hTbLBnYvER+EUwfWl2RQ2vfWeT6Ihi0OfDeY5sfgUDI2Ev5weiaN0FpG23+fhgCPpmCbHLUtOankRCGvYovfOvnr6KjD5ew==
sX2VnduD/35h2uiyckWcZxU2vfWeT6Ihi0OfDeY5sfgUDI2Ev5weiaN0FpG23+fhgCPpmCbHLUtLb3kYCWvYovfOvnr6KjD5ew==
Y1BnS50zVAmgYQvjObGPpxQ2vfWeT6Ihi0OfDeY5sfgUDI2Ev5weiaN0FpG23+fhgCPpmCbHLUtObnkZCWvYovfOvnr6KjD5ew==
01U5lkYSrLk3LpFH6CkAKhnq1lhuWsKxqntXGdtZT7uR8qx6kXGyIVN37/hgUunNqJhiGZ2h58GTUm2sTFklhNvG7OSlroGpajSQSx7VGCn5YA==
DAJuVxQN9REzHMniToZEnhxVMZURW5KdOzz7V0JI1ZhyiaDR5tunDz/A4IvbK7rg/4Kfx34SsQLoopzGRvkN
16Swgv+xP63wMYy+KMK0U+Rje2stwAbZkNDA2KEgUlK9u9GyTtcRhU8S0tWwNjhXTNaLt+Lqio63nFZ/TvdbypYSP1pWj3tHTxQkWODyKe2ouKK5HQEn4ZMyrUzMOeVk26GtBCHOwUlqFNDrnnVYCflA
9FQBikVomzVdSJvkhuCMCuYoJypVIXMaPJkKR8vy2VQJI7gIL+yA4UK1fEs9i71IUj9hiwlXTU7dAyTC6+aKSu4yPPl3
/7oqwSkY43KjHPT8q6I4URnq1lhuWsKxqntXGdtZT7uR8qx6kXGyIVN37/hgUunNqJhiGZ2h58GTUm2sTFklhNvD6OSiroGpajSQSx7VGCn5YA==
DSCuCdSlV0vVUI71de1YXhQ2vfWeT6Ihi0OfDeY5sfgUDI2Ev5weiaN0FpG23+fhgCPpmCbHLUtIa3kfCWvYovfOvnr6KjD5ew==
LZd6im0V+CKrYgQzgcSCaBxVMZURW5KdOzz7V0JI1ZhyiaDR5tunDz/A4IvbK7zn/4ifx34SsQLoopzGRvkN
uujvevXaod3v/JE52xoekKypbgl46YjQu5rP3zA30kMxzTaljSxBzpFPpbtnLjHWKmRBJjlO20K9Um0vPNsYjL9AFqwdVYuf+4mg+5CS4zkdODgBJ0D5fpLOe709IvIFRDdlbjdsZ3+2yKGw7lmsqVI7c5dz8Bwjz2soCcPw1t+pssU6ZHKArvL5uQ==
jVjWsuiuRmvXHZZPYUHGvKznnQy6rVBd9yxXAmQ9I5KKxt03A8+90PVn78Jg9Bhq7xwpEKq8WLmM4JxmMp4EdqKEDRvPZZK8WOdGMnne6aBJeQlHNk5XbrC5m9jcXNj5njJ/+tYvO2dPdGQ4YJJpjajY4tmdYWeBkxLt7EyZpUTbgm2kpmsBamr0EAselZjp+aA=
Frjjp2hRYbNFqWmctJ3NZeYoJypVIXMaPJkKR8vy2VQJI7gIL+yA4UK1fEs9i71IUj9hiwhTTUrYAyfC6+aKSu4yPPl3
fU/nqniTUOJZHxyz3HlvxxQ2vfWeT6Ihi0OfDeY5sfgUDI2Ev5weiaN0FpG23+fhgCPpmCbHLUtFbnkbDGvbovfOvnr6KjD5ew==
Y2T88jRgella4h8KyhQNXRxVMZURW5KdOzz7V0JI1ZhyiaDR5tunDz/A4IvbK7/g/4Oax30SsQLoopzGRvkN
j7leNEZrT5RP6dSsujH2txY3vr2GDf1mmVmHSugxtudXGq2knbs0iKN0FJG23eDrgSPpmCbHLUtEbHkbDGvbovfOvnr6KjD5ew==
7e2s5Cqh26S41moELvaCNUQcq+4JLy7DscwjpRboDeKmswN7r6hcZBDOUVEoBNqF7T1fXXMO1XA8hZ3YG5/UONd3ufaKKKhXbskgNfl8
IBACic4AFAFgXXD9lmPplXDvM5tbsoZFpZwvKrie+RFvFkzW29GQHRhg6dMsDdoF5ZJeXTBXMdabvJuXYkj12JIJABGG24dP30BAS7srm6EfBDoHHRKRQggiPAYm+W0=
ipTwIMWQmCYGISJQhsehzFo47Mk0EPX7WM1ubXkiMoUENyXu92wn//bIYTAuWewpkjuzFzPw3KMPa22JA/QWX+myBbqkcsAuMvl5
nXx9oHX5VR2KyDdHv041LuYoJypVIXMaPJkKR8vy2VQJI7gIL+yA4UK1fEs9i71IUj9hiwdVTUzYAyfC6+aKSu4yPPl3
FFjKGa1z0DG+33I5+wGYgFUm0YdsLwGGHV++oZPHgL1aYFSbsKkBNOEzsAgn/OgBGmVEC+X7RSj6j+kLiqQl7GCz/4ITtlJqxiI0+X8=
8Wo6RBEcFbEthlAFIKTufBQ2vfWeT6Ihi0OfDeY5sfgUDI2Ev5weiaN0FpG23+fhgCPpmCbHLUtJbHkdDGvbovfOvnr6KjD5ew==
+SgnpS8Qiozy3erEbuWyUhxVMZURW5KdOzz7V0JI1ZhyiaDR5tunDz/A4IvbK7jh/4aax30SsQLoopzGRvkN
1/zPEzARRV1VJvo+JYIJc284ik3evdXn6v+ZJgQhzJGLylo4f/rEHu+f8RzDeA7Z373fSmhqCPQ9h+hWPjtlt+M7o0yBngSfke57aZFmOt0lcDqKXBk2Mwwj+W4=
NJm8U0bBlCel+6y2u85lh+YoJypVIXMaPJkKR8vy2VQJI7gIL+yA4UK1fEs9i71IUj9hiwdTTU7YAyfC6+aKSu4yPPl3
FlCzp8AzClAWTu+uZJABAFUm0YdsLwGGHV++oZPHgL1aYFSbsKkBNOEzsAgn/OgBGmVEC+X7RSj6j+kLi6Il7mCz/4ITtlJqxiI0+X8=
q/39B+QwpkexWP+LdhxM7BQ2vfWeT6Ihi0OfDeY5sfgUDI2Ev5weiaN0FpG23+fhgCPpmCbHLUtJb3kQDGvbovfOvnr6KjD5ew==
ad+9tGxVYV6l81YTiqZB+gPkJaMRMTHm/nsGgZawOqqrYH9Tm2PdB9vzQTied6XLxxqBcOQ7A+LP/pZa4jo4+XM=
QIwtdUV8WQEWIgZ2VFRlQxmnMnv9xqgCZT3o9qdHWVe/nEf68tAI+Q9qYMCtO0U0hJnNl2lzu9Ld9SR7rgTCHzfgOPszqxFWp2mS10VSaXJgAiQWLvll
VCX6Af7eIykv131/eglcgxoEduJws27G4P8CEITzLT0Uhd4BefMDOk5kbxWxhmRHIXb78iC+VcUVKPrS7IFW6zw7+XY=
qnG5zbhM5VhlhIhnaOnOgxoEduJws27G4PsAHoTzLT0Uhd4BefMDOk5kbxWxhmRHIXb78iC+VcUVKPrS7IFW6zw7+XY=
Nkx4oGNuIDSgaoXYnBPEsU87Lhj+hsXB2q5zAQXOneHUHmLnqkUG5Z3P/syNqsTtuBNsOhoFNXoa5ljhEBvM976VV/PNzKvpCjkFphhuQK6XX/XuDV3p7w+AcCurK4mGb0nq562SAeL44mxmFvld
TomHVRMLyZgeVv81Uy9M3k87Lhj+hsHC2q5zAQXOneHUHmLnqkUG5Z3P/syNqsTtuBNvOhoFNXoa5ljhEBvM976VV+nLzLfxCzkFphhuQK6XX/XuDV3p7w+AcCurK4mGb0nq562SAeL44mxmFvld
xIVZAreo2mfsiREyKMqFwuVEncJnCC9CyG57eXIZT4cPYT+z5DIaUnJEK1kJcmaK567olYfucE7yBfK7rpMUPbwnf5zZvcDxz2JaLgJqXZc/un8N2zvlqFpPyQtrYkVhgPOfgvP28upmYhT5Xw==
WmD2BxlSxhyHIIxR82/JjOVEncJnCC9CyG57eXIZT4cPYT+z5TIaUnJEK1kJcmaL567olYfucE7yBfK7rpMUPbwnf5zZvcDxz2JaLgJqXZc/un8N2zvlqFpPyQtrYkVhgPOfgvP28upmYhT5Xw==
/9gIPoZawfry2FKm2S+hik87Lhj+hsffxepiChnZkP3lL2X1jSMUvJbY49Kp2Yv27AJuOhoFNXoa5ljhEBvM976VVvPNzKvpCjkFphhuQK6XX/XuDV3p7w+AcCurK4mGb0nq562SAeL44mxmFvld
hiERJwFpEMEIvk5ISu84J7q1soOfC+Kzia8nH6JGKBUI272TsjFRbTbx9uvAm3fLllCZEFGGz7zUsgMoZUwY947t1BzLFFhKFdwNHIwJBXTbtMw07RthOuqkMDveBXgZ+VA=
iqW3TXKIRlBg1lLk68tnI+Pzo8be2KqMGzDejtfN4kXFxy09OHYds53a6gcrcV8YaKfd3tS7gsdbhet/YccJ0WtGRCyPmo3qTL3OIwg+syJcUCWiIc5ET3Hee1pwtnWNhYC6+vzJ9mNsE/le
ocvPHGoB+Ix15mLI53jc8GaY23SGvlzbkusFgOa+Tk2ReQ6RxPDpAyMNTw2Qi/26/Gdy8wPJq7upe1mGyayklP8HPR7UMU6ngMIjtiT8hUaJkjT7qRK7HjiKpVm97NreFNXGF3Qf+Vo=
6UpgQHHYI+yS5bJAK9KctGaY23SGvlzbkusFgOa+Tk2ReQ6RxfDpAyMNTw+Qi/26/Gdy8wPJq7upe1mGyayklP8HPR7UMU6ngMIjtiT8hUaJkjT7qRK7HjiKpVm97NreFNXGF3Qf+Vo=
xd24EjFO1OFzI3Ea66XCEmaY23SGvl6Ax/ESi/yvY02nbDvQsZOJSy8NBkvsm+arsiVj/hn+uqC8eA3HwInwzMsEPR7UMU6ngMIjtiT8hUaJkjT7qRK7HjiKpVm97NreFNXGF3Qf+Vo=
DSc6KjFx2gaBfWAno0H1/maY23SGvl2Ax/ESi/yvY02nbDvQsZOJSy8NBkvsm+arsiVj/hn+uqC8eA3HwInwzcsEPR7UMU6ngMIjtiT8hUaJkjT7qRK7HjiKpVm97NreFNXGF3Qf+Vo=
m8Nz9O6T42oZz6p6rFXzEh+zeuFcYXO7qSFU1IL+N7/lO0xsmzyBLc3zQTied6XLxxqBceQ7A+LP/pZa4jo4+XM=
6LuU/H4S7qt0pkf7xydmb6q8QfK3gQKuwwE0RA1gU2UQg7lYduc9S1+KKdFci0sihy7OuorKQPkL
HNFU6P/LJkR5dUZLO4WL1TsWMbAbr7AOkb/ShCzLxXgcTS1gmyBkcP1/qa5KcDjfjoHQTfkE
E3xEk9vyovA0q9/tDFozLmjhotZKJTvC8T0Nr8JAMB0YRWvJx9X1Vhjm2J+JCl+evAvCer4fXjG5mhSjebo7pc/CzECthJompF1mzyQ3+WI=
qHv7dzy8l2RiJPNZoJPMOmaY23SGvlzbkusFgOa+Tk2ReQ6RxvDpAyMNTw6Qi/26/Gdy8wPJq7upe1mEyayklP8HPR7UMU6ngMIjtiT8hUaJkjT7qRK7GzmKrFi97NreFNXGF3Qf+Vo=
Lyt8iV28T1o8uQ6M3nPsUiubhgbvrGDD3/8VCqoOL1IasUN3w7Aswx9reK8zsKf/WTKVGvSykM5C+Qk=
DQOH38pBoOfrgBzS9bp7/uLzo8be2KqMGzDejtfN4kXFxy09OnYds53a6gcrcV8aaKfd3tS7gsdbhet/YccJ0HFARDCXm43qTL3OJwEptCJcUCWiIc5ET3Hee1l1tn2MhYC6+vzJ9mNsE/le
SXVITByo1F+S+rjpUogsoA0ZNZoQXZKAITr7S1pJ1Zhyk6bR+sOmDz/A4IvbK7zj/4Gbx30SsQLoopzGRvkN
IIUQtM8noMupXOiIurf2m0Iw+sV5QbnpEcppazMsPY0FO2bl7Won4+7JYTAuQ+opjiOyFzPw3KMPa2iLA/EXX+myBbqkcsAuMvl5
4CDsFWPKs+DR0PLHx/lVIEk0JipVZXloUeXtu1QXFbX8vudVPaTfPBZ6b4K2twtvj/yUOkYq5d2pkHJhp3+XFUsb3XQs4bUMW0l5XEXyMWIqfGATPi0IIflo
P27XAFRndbB6/qQYW4HD/iYc7x4Xj/aO4fCevQeBv75gXP6wmQNpwpZ3r5X725t5SfK0G+kyuzx8ai04fcza/tS1Rvc0P/l6
L2uzBsZjjQE3H5Uu6pzH3Eo0JipVZXloUeXtu1QXFbX8vudVPaTfPBZ6b4K2twtvj/yUOkYq5d2pkHJhp3+XFUsb3XQs4bUMW054XEXyMWIqfGATPi0IIflo
fAxZruN5d2LFIY2MXGWG/xU2v/WeT6Ihi0OfDeY5sfgUDI2Ev5weiaN0FZG23+fhgCPpmCbHLUtJankaDWvbovfOvnr6KjD5ew==
yIoUcevI0zf9w5Gb1ozFa3S99hinrHffxshREP4ZPEkCu0N3w7Aswx9reqszs6f/WTKVGvSykM5C+Qk=
whewszLgg/Wli6ndMQiBQg42/cp6XL+wVsFycDowKcMCK2bl92wn//bIYTAuWewpkjuzFzPw3KMPa26KA/MXX+myBbqkcsAuMvl5
IpniJB/4fN1A08FhugZtbRzC4ctGJyjL0XNWsdMEKxFWVWnFkc/jJRuu2IiVE2japl/Va6sPQyC5mhSjebo7o83CyECthJompF1mzyQ3+WI=
5L3Uzm8GnnpoEZVSbHH/ABxVMZURW5KdOzz7V0JI1ZhyiaDR5tunDz/A4IvbK7vn/4Sbx30SsQLoopzGRvkN
31xSuaNNKRrVc1IrzqTHaeRje2suwAbZkNDB2KMgUlK9u9GyTtcRhU8S0tWwNjhXTNaLt+Lqio63nFZ/TvdbypYSP1pWj3tHTxQkWODyKe2ouKK5HQEn4ZMyrUzMOeVk266rBCLKwUpqFNDrnnVYCflA
vzn4flNlvS8n2mFwbvYCbOYoJypVIXMaPJkKR8vy2VQJI7gIL+yA4UK1fEs9i71IUj9hiwFUTU7ZAyfC6+aKSu4yPPl3
QRMKvF/coT45ahHFNEbhMRzC4ctGJyjL0XNWsdMEKxFWVWnFkc/jJRuu2IiVE2japl/Va6sPQyC5mhSjebo7o87CykCthJompF1mzyQ3+WI=
p/ugS7IxIHGx3i76mkDEThU2v/WeT6Ihi0OfDeY5sfgUDI2Ev5weiaN0FZG23+fhgCPpmCbHLUtIankfDWvbovfOvnr6KjD5ew==
mZknK+f+vcd/mhRmTYDRUBQ2v/WeT6Ihi0OfDeY5sfgUDI2Ev5weiaN0FZG23+fhgCPpmCbHLUtEbnkQDWvbovfOvnr6KjD5ew==
Q9UtMr+Xo4b8kbF0UWGkOcy6MFdpycHkcgIV16vjJXT9nhBwah21Arp03+v3QF5Rt1OrM3kWpz3+D5zUsCvtiAIfUYv5N52IiuO3QluGegreEiz5Zw==
eS22JheIHa2axnCsneHURxoEduJws27G4P8CEITzLT0Uhd4BefMDOk5kbxWxhmRHIXb7+CW+XMcVKPrS7IFW6zw7+XY=
fGpmMlOzVwkfn2XEVsD5oxoEduJws27G4PsAHoTzLT0Uhd4BefMDOk5kbxWxhmRHIXb7+CW+XMcVKPrS7IFW6zw7+XY=
3WQs+c9POnyK8noNMIU0/V9Cv01iAHqF0ia31j4ss6NK3zlRnU+uyIU7FlZrha//16H00U1MICU6rTcjS53FaWGKzZa0gsPl1SCAew5hTHB72IBmdfAVELxlXbgbcpFYVJX5looI6PfuaWAV+Vw=
OhKhKRNS5kF/kBT4HQbFSLq1soOfC+Kzia8nH6JGKBUI272TsjFRbTbx9uvAm3fLllCZEFGGz7zUsgMoZUwY947t1BzLFFhKFdwNHIwJBXTbvsk05BlhOuqkMDveBXgZ+VA=
FjyhGrYag5I63SdxyVc69uPzo8be2KqMGzDejtfN4kXFxy09O3Yds53a6gcrcV8YaKfd3tS7gsdbhet/YccJ0WtGRCyPmo3qTL3OIwg+syJcUCWiIc5ET3Hee1B1tnyPhYC6+vzJ9mNsE/le
taY8oHdWxP7avHELAyyqqmaY23SGvl2Ax/ESi/yvY02nbDvQsZOJSy8NBkvsm+arsiVj/hn+uqC8eA3HwInwzcsEPR7UMU6ngMIjtiT8hUaJkjT7qRK7FD2KrFu97NreFNXGF3Qf+Vo=
1veeXHDpxcBMLxe7p/+8quLzo8be2KqMGzDejtfN4kXFxy09OnYds53a6gcrcV8aaKfd3tS7gsdbhet/YccJ0HFARDCXm43qTL3OIwg+syJcUCWiIc5ET3Hee1B1tnyPhYC6+vzJ9mNsE/le
4vXjFTN33Wlk5RMGDmkMrB+zeuFcYXO7qSFU1IL+N7/lO0xsmzyBLc3zQTied6XLzR+BeOY7A+LP/pZa4jo4+XM=
n5pjE+l7B5uNuKKK1TlgWwPkJaMRMTHm/nsGgZawOqqrYH9Tm2PfB9vzQTied6XLwR6BeuY7A+LP/pZa4jo4+XM=
MWZJhSCAH/SKuHjIWZleDhQ2vPWeT6Ihi0OfDeY5sfgUDI2Ev5weiaN0FpG23+fhgCPpmCbHLUtNankaDmvbovfOvnr6KjD5ew==
1vBj1dDPGP+NOmq34MvHvHRsYy8Goo/8KDU43I+QLXBAMswhgDkrWF6NnobDHB57tehxShNa8LoRGRW1LKsFGJwt7UCbBiKQd53pTkpQeH8OIRAt+WQ=
ziEDZt65B8+FRCU75ae4MBoEduJws27G4P8CEITzLT0Uhd4BefMDOk5kbxWxhmRHIXb79Ca+X8cVKPrS7IFW6zw7+XY=
Px7ZrqFUCMP2fOYbsWqdthoEduJws27G4PsAHoTzLT0Uhd4BefMDOk5kbxWxhmRHIXb79Ca+X8cVKPrS7IFW6zw7+XY=
vwDwpt7YoELuiJx+xZN5wGaY23SGvl2Ax/ESi/yvY02nbDvQsZOJSy8NBkvsm+arsiVj/hn+uqC8eA3HwInwzcsEPR7UMU6ngMIjtiT8hUaJkjT7qRK7GD6Kr1u97NreFNXGF3Qf+Vo=
9pg6TgJkh0ogggQwI7MJVmaY23SGvl6Ax/ESi/yvY02nbDvQsZOJSy8NBkvsm+arsiVj/hn+uqC8eA3HwInwzMsEPR7UMU6ngMIjtiT8hUaJkjT7qRK7GD6Kr1u97NreFNXGF3Qf+Vo=
g2aOp8Iy/xaXFH7lyPiA8E87Lhj+hsXB2q5zAQXOneHUHmLnqkUG5Z3P/syNqsTtuBNsOhoFNXoa5ljhEBvM976VV/PNzKvpCjkFphhuQK6XX/XuDV3p7w+AcCurK4+Ab0Po562SAeL44mxmFvld
Cog7//0N3ia40W7gzp+xv7q1soOfC+Kzia8nH6JGKBUI272TsjFRbTbx9uvAm3fLllCZEFGGz7zUsgMoZUwY947t1BzLFFhKFdwNHIwJBXTbsso05xlhOuqkMDveBXgZ+VA=
ydKUdcHySASP2IMgFyAaguPzo8be2KqMGzDejtfN4kXFxy09OHYds53a6gcrcV8YaKfd3tS7gsdbhet/YccJ0WtGRCyPmo3qTL3OIwg+syJcUCWiIc5ET3Hee1x2tn+PhYC6+vzJ9mNsE/le
aZQsy884I7/eGU6Z0xSZ/eVEncJnCC9CyG57eXIZT4cPYT+z5DIaUnJEK1kJcmaK567olYfucE7yBfK7rpMUPbwnf5zZvcDxz2JaLgJqXZc/un8N2zvlqFpPyQttZEVrgvOfgvP28upmYhT5Xw==
TNBDJ1eGiBk97aqnIqIj+U87Lhj+hsHC2q5zAQXOneHUHmLnqkUG5Z3P/syNqsTtuBNvOhoFNXoa5ljhEBvM976VV+nLzLfxCzkFphhuQK6XX/XuDV3p7w+AcCurK4+Ab0Po562SAeL44mxmFvld
dDC6p87RJ6w3QSAu3APS1OVEncJnCC9CyG57eXIZT4cPYT+z5TIaUnJEK1kJcmaL567olYfucE7yBfK7rpMUPbwnf5zZvcDxz2JaLgJqXZc/un8N2zvlqFpPyQttZEVrgvOfgvP28upmYhT5Xw==
1FEteUE5uyd9iSV6uk0/fE87Lhj+hsffxepiChnZkP3lL2X1jSMUvJbY49Kp2Yv27AJuOhoFNXoa5ljhEBvM976VVvPNzKvpCjkFphhuQK6XX/XuDV3p7w+AcCurK4+Ab0Po562SAeL44mxmFvld
2/YEZCN7g2CNB4FtmUZp4GaY23SGvlzbkusFgOa+Tk2ReQ6RxfDpAyMNTw+Qi/26/Gdy8wPJq7upe1mGyayklP8HPR7UMU6ngMIjtiT8hUaJkjT7qRK7GD6Kr1u97NreFNXGF3Qf+Vo=
RWUsiBk9foQirL3amq8FxmaY23SGvlzbkusFgOa+Tk2ReQ6RxPDpAyMNTw2Qi/26/Gdy8wPJq7upe1mGyayklP8HPR7UMU6ngMIjtiT8hUaJkjT7qRK7GD6Kr1u97NreFNXGF3Qf+Vo=
AnRZI2EkNmIeiR2qHMVLDR+zeuFcYXO7qSFU1IL+N7/lO0xsmzyBLc3zQTied6XLwRyBe+Y7A+LP/pZa4jo4+XM=
knv5zB5OWyVuqOYn9EkmMKq8QfK3gQKuwwE0RA1gU2UQg7lYduc9S1mMKdtei0sihy7OuorKQPkL
qXPEMgY3f+TnEUArUqcE7zsWMbAbr7AOkb/ShCzLxXgcTS1gmyZicPd9qa5KcDjfjoHQTfkE
VedMIbuCwEEIMzGYtihX03S99hinrHffxshREP4ZPEkCu0N3w7Aswx9rfqgztKT/WTKVGvSykM5C+Qk=
W/L7erH3KbLbXxXceJAi3w42/cp6XL+wVsFycDowKcMCK2bl92wn//bIYTAuWewpkjuzFzPw3KMPa2qIA/QUX+myBbqkcsAuMvl5
U+2tKBsXFLXaDvxh/gvYahxVMZURW5KdOzz7V0JI1ZhyiaDR5tunDz/A4IvbK7Pj/4WYx30SsQLoopzGRvkN
ra7B3+OjCsd49sSIYmwAAiHXg++VBUYKClwt17tm46qiXTFmxYJuYOMACyNPSJaf0ojS0IBo6/I8HWFjL5wWFI/CW1wV64vsCXAoKxRvHwhqXgNgbDDrbRGqjxJ2h2sfD0y00IC6WZWowNLxfYm3udNqvUTscVXcWxobzAHB0ZKqzEBjfr2o8fm4
4dc711eEwGLNZWS7+pcxM2yLBmKH+EYA+HV3TREG5hNMCmyWxEfU3jUsUwrxTuLUGE/2itkGOUhJkdmflvbnxvDR66C8BIhRHpqvIjbXy4+P3NSAwMo55aiwsoE92dcpU/odFKxBdexbLDn8whFxAipcoLO+TUgB+Ug=
thgIxvc5Jb8x+JVGEVpsFuYoJypVIXMaPJkKR8vy2VQJI7gIL+yA4UK1fEs9i71IUj9hiwlXTU7aAyfC6+aKSu4yPPl3
hCpVM2clweGrm7DxUtHI7w42/cp6XL+wVsFycDowKcMCK2bl92wn//bIYTAuWewpkjuzFzPw3KMPa2yKA/YUX+myBbqkcsAuMvl5
u7y7+dVHlc5Y9zPMbTCuCxQ2v/WeT6Ihi0OfDeY5sfgUDI2Ev5weiaN0FZG23+fhgCPpmCbHLUtPa3kfDmvbovfOvnr6KjD5ew==
5BYYQaz581h8we5y4pCZmhQ2vPWeT6Ihi0OfDeY5sfgUDI2Ev5weiaN0FZG23+fhgCPpmCbHLUtKbnkQDmvbovfOvnr6KjD5ew==
tXfTolaN0rmZiA8F61/hGPbD+K+ovIYsE2bc6alqekDNmuiUKJPgx5cyki+CUGoIyN64eLkCGp34t+BIRlQN6eki9MvJIrsoXLpl691cWm50ZQYnFC/5ag==
BIFNK0wIGMTUrs2LdVqTnDY8NRCkMWPm/Q8e2XMsXo/KPpT+2ubFpBkq1POZyjuw7PKFk810GrYE7aafxEf5cg==
gffAORFVcWeR48eCeOGI0/bD+K+ovIYsE2bc6alqekDNmuiUKJPgx5cyki+CUGoIyN64eLkCGp34t+BIRlQN6eki9MvJIrsqXLpl691cWm50ZQYnFC/5ag==
ujm19jiArasA0y25mP5/wDY8NRCkMWPm/Q8e2XMsXo/KPpT+2ubFpBkq1POZyjuz7PKFk810GrYE7aafxEf5cg==
W+fndCTiB9PGBhiA8dO5a8y6MFdpycHkcgIV16vjJXT9nhBwah21Arp03+v3QF5Rt1OrM3kWpz3+D5zUsCvtiAIfUYv3NZ2BiuO3QluGegreEiz5Zw==
IjM76F1VJLE4XiYYOS+o0BoEduJws27G4P8CEITzLT0Uhd4BefMDOk5kbxWxhmRHIXb79ye+VccVKPrS7IFW6zw7+XY=
qvTsEw/B9jFmb0U9daa5RhoEduJws27G4PsAHoTzLT0Uhd4BefMDOk5kbxWxhmRHIXb79ye+VccVKPrS7IFW6zw7+XY=
Wk5dmH+fv7pVkmw9gAW20ePzo8be2KqMGzDejtfN4kXFxy09O3Yds53a6gcrcV8YaKfd3tS7gsdbhet/YccJ0WtGRCyPmo3qTL3OIwg+syJcUCWiIc5ET3Hee193tnWPhYC6+vzJ9mNsE/le
F6PuTLoPWf6KXKbr8wFEybq1soOfC+Kzia8nH6JGKBUI272TsjFRbTbx9uvAm3fLllCZEFGGz7zUsgMoZUwY947t1BzLFFhKFdwNHIwJBXTbscs07RlhOuqkMDveBXgZ+VA=
X48Ves53IYEFnqPmucOuFePzo8be2KqMGzDejtfN4kXFxy09OnYds53a6gcrcV8YaKbd3tS7gsdbhet/YccJ0GtGRCyPmo3qTL3OIwg+syJcUCWiIc5ET3Hee193tnWPhYC6+vzJ9mNsE/le
Xt6Hrxznphr9htV4POcBNmeY23SGvlzbkusFgOa+Tk2ReQ6Rx/DpAyMNTwyQi/26/Gdy8wPJq7upe1mE06qkiOcGPR7UMU6ngMIjtiT8hUaJkjT7qRK7Gz+KpVu97NreFNXGF3Qf+Vo=
S8K5N0R1oqzq8YNQAfOqGR+zeuFcYXO7qSFU1IL+N7/lO0xsmzyBLc3zQTied6XLwh2BceY7A+LP/pZa4jo4+XM=
SGXnS0/Cfpq2DNHCcwhXJhQ2vPWeT6Ihi0OfDeY5sfgUDI2Ev5weiaN0FpG23+fhgCPpmCbHLUtPbXkYD2vbovfOvnr6KjD5ew==
7qjSuPcDWe89k89y3ZBctVpbZdVPFoKOe3noTERq1ZwBq+WfoPelDz/A4IvbK7nm/4CZx30SsQLoopzGRvkN
5yPt8zzukpd15Ss/X02hAHS99hinrHffxshREP4ZPEkCu0N3w7Aswx9reqszsaX/WTKVGvSykM5C+Qk=
Pl8b5nMH/C3ejdTHZDwi+BxVMZURW5KdOzz7V0JI1ZhyiaDR5tunDz/A4IvbK7Pj/4GZx30SsQLoopzGRvkN
Tm0m8XqMP/gjkxZAGlTquOZdw3hukwgROBgJyCBbE3KUz0+AoFNoOXGVL8TzIJokeSXP54eJ3IPU4oexkVh0SUNQ/WbOjiclubJWTQgXaWYTXCPHCkgdCCppiKFeG79f12CYuxOr9BfH4TEXZVJJsoCCRFYO+UU=
3o3bj+YXEFNijAKBc1T46hY3vr2GDf1mmVmHSugxtudXGq2knbs0iKN0FJG23eDrgSPpmCbHLUtJankZD2vbovfOvnr6KjD5ew==
3lwXtah9yViTP0UrUw5yfkQcq+4JLy7DscwjpRboDeKmswN7r6hcZBDOUVEoBNqF7T1fXXMO1XA8hZ3YG5vRONZ0ufaKKKhXbskgNfl8
Klceg696ss+X3b5W1iACk3DvM5tbsoZFpZwvKrie+RFvFkzW29GQHRhg6dMsDdoF5ZJeXTBXMdabvJuXYkj12JIJABGG24dP30BAS7srnqIfAjkHHRKRQggiPAYm+W0=
301PUyy7qiypD4tM9QZqHVo47Mk0EPX7WM1ubXkiMoUENyXu92wn//bIYTAuWewpkjuzFzPw3KMPa2eKA/IVX+myBbqkcsAuMvl5
ba4PK5Q0raqTrFLXSLSnr+YoJypVIXMaPJkKR8vy2VQJI7gIL+yA4UK1fEs9i71IUj9hiwBVTUrbAyfC6+aKSu4yPPl3
VIxW3onx7FjQUG341CbOQA42/cp6XL+wVsFycDowKcMCK2bl92wn//bIYTAuWewpkjuzFzPw3KMPa2iJA/IVX+myBbqkcsAuMvl5
aOeefcgplSJi2tZ2aZi+BxQ2vfWeT6Ihi0OfDeY5sfgUDI2Ev5weiaN0FpG23+fhgCPpmCbHLUtIbXkbD2vbovfOvnr6KjD5ew==
jSdY37lr4sHkKSy6yGJ9uQPkJaMRMTHm/nsGgZawOqqrYH9Tm2PdB9vzQTied6XLzRuBe+c7A+LP/pZa4jo4+XM=
Z56+Lz30E+gXZbN6VHJJfRxVMZURW5KdOzz7V0JI1ZhyiaDR5tunDz/A4IvbK7jn/4SZx30SsQLoopzGRvkN
dIjtVq1ayrWHgXEyXW7LA/lrKpYbAozR0zbKi6HEx6Q15ALzyt2LfbVwQbDoUOOtdWMFCV4EbmodxePIxv3ZuAeCbC6FQcPaDPm6x5uSyZSZg0gIX0wQoVJVrMuNa40I4t8xi9TyPQwrI1dCO8aain5SDPlH
2CfP5EJ3uosPrcwUQuz8RVhMhgh+b5MSDbnJaCLDEh0+ZX+uXgpVPjdw5mprjLrJiXXHFCvgohRRBdf3j4nUkMzCr4GpmKyZq7AFlkYOr5UBEv4dUFcRFns8O9cCSBUYMolgUabbZ49/wCALmyt6Yb+FWUc9EnGCqKJcRgb5TQ==
IMdsVyHCtyZzWpQQUK4O1xY3vr2GDf1mmVmHSugxtudXGq2knbs0iKN0FJG23eDrgSPpmCbHLUtKbXkdD2vbovfOvnr6KjD5ew==
QzzyhsZPebej4f9s47/i3UQcq+4JLy7DscwjpRboDeKmswN7r6hcZBDOUVEoBNqF7T1fXXMO1XA8hZ3YG5LSONF0ufaKKKhXbskgNfl8
9tO2D7km8yNGA/8he9m2n1o47Mk0EPX7WM1ubXkiMoUENyXu92wn//bIYTAuWewpkjuzFzPw3KMPa2iOA/UVX+myBbqkcsAuMvl5
weOpigQR+CwMfc0x6xh8DRY3vKiGDf1mmVmHSugxtudXGq2knbs0iKN0FJG23eDrgSPpmCbHLUtOb3keD2vbovfOvnr6KjD5ew==
05CEL9nb4o2Xa5sAdHXEnzYingKK5oikr//MeFYykouUgkooe7nXFu/TtlqJfA7Z373fSmhqCPQ9h+hWPjtlt+M7o0yBngSfke57apRmOt4lcDqKXBk2Mwwj+W4=
hIGrWwn6NzSIRpdELTBXYiYc7x4Xj/aO4fCevQeBv75gRviwhRtowpZ3tZP7x4N4SfK0G+kyuzh8aio6fcza/tS1Rvc0P/l6
PKxizzkBAt/bSGlYB28hNQ42/cp6XL+wVsFycDowKcMCK2bl92wn//bIYTAuWewpkjuzFzPw3KMPa26JA/YVX+myBbqkcsAuMvl5
aHSOkuo1YGwMt8BIFZHCJRQ2vPWeT6Ihi0OfDeY5sfgUDI2Ev5weiaN0FpG23+fhgCPpmCbHLUtLb3kfD2vbovfOvnr6KjD5ew==
TljaYszru80A/qgYlEPmThQ2vfWeT6Ihi0OfDeY5sfgUDI2Ev5weiaN0FpG23+fhgCPpmCbHLUtNa3kfD2vbovfOvnr6KjD5ew==
iBYiqW79ZxDJ+qeqbSxVMwPkJaMRMTHm/nsGgZawOqqrYH9Tm2PcB9vzQTied6XLxB2BcOc7A+LP/pZa4jo4+XM=
EU7xkH64E4WJZ5nq8IWZCBQ2vPWeT6Ihi0OfDeY5sfgUDI2Ev5weiaN0FpG23+fhgCPpmCbHLUtObXkZCGvbovfOvnr6KjD5ew==
WFVR4wJ8yr0QMykYuOckKg4hYWaA0XSTkEOD/tNUvg2BHDa8qNK5hcfG37XvUAZ7LyJb04uMQ+I+kERhi+4QYGViIyYf7N8jn7rOPl7MR3SxNZJX03C8Y+9rSE+jcrKfibLl+sTyYG4S+Vk=
jy2gQtHceRaFOgyzgVK0TTY8NRCkMWPm/Q8e2XMsXo/KPpT+2ubFpBkq1POZyjuz6fKOlc10GrYE7aafxEf5cg==
Vno43unu0EezQk5f8GN5Cqq8QfK3gQKuwwE0RA1gU2UQg7lYduc9S1qLKdpYi0sihy7OuorKQPkL
TUzbRYzD8dKuHxfm3bQwjTsWMbAbr7AOkb/ShCzLxXgcTS1gmyVlcPZ7qa5KcDjfjoHQTfkE
zB5Q2b43c8t/SMjnG70ylwHlJusJc26h7GFFxIWrPIirZAxx3i2YK9nzQTied6XLxRqBe+A7A+LP/pZa4jo4+XM=
yY+edXxe1gaz4HM+IX9qqhxVMZURW5KdOzz7V0JI1ZhyiaDR5tunDz/A4IvbK77m/4Oex30SsQLoopzGRvkN
t24WLt4I3FqQGpGaV1IYARY3vr2GDf1mmVmHSugxtudXGq2knbs0iKN0FJG23eDrgSPpmCbHLUtEankbCGvbovfOvnr6KjD5ew==
+ssZJoI3s08BoBVQDEOqWUg1Jn4dKzojCb6YqQcTNPv4r6ZHIaiLcVY8JYa2twtvj/yUIEAq+cWokHJhvXmXCVMa3XQs4bUMW099XED3MWIqfGATPi0IIflo
vbbzKd//6CSo1stXhyzNqyYc7x4Xj/aO4fCevQeBv75gRviwhRtowpZ3tZP7x4N4SfK0G+kyuz59aik9fcza/tS1Rvc0P/l6
91Seiihhr8V9K10sccKcQV7icnXv2e1cNHz34+JUX0rx0Vixo4YH5RkyNo3oFwkms9yDh2pI/ciK6ShhvhvfHzfgOPszqxVRp2WW10VSaXJgAiQWLvll
Qgv3yBK094QXhMJB37ERXhY3vr2GDf1mmVmHSugxtudXGq2knbs0iKN0FJG23eDrgSPpmCbHLUtObHkdCGvbovfOvnr6KjD5ew==
pUinEC1MpntKp0D3xXlH3kYcq+4JLy7DscwjpRboDeKmswN7r6hcZBDOUVEoBNqF7T1fXXMO1XA8hZ3YG5LSONFzufaKKKhXbskgNfl8
sLjQP1eWg2NT7wv2rcKVp5i0JBAtmJf7KRAegbr5Kmjrx0YtMFGnWuw5mse7UmkU+UOoCD8M8CHyFYzLrSvtiAIfUYv1M52NjOO3QluGegreEiz5Zw==
VyJOQna/wNZEzvFXiHfJJWjQwuRRD7T1gAF2WCePgu10mWsqMIH+Jx/KlYR1yyyIu4R8sY6NKKtJk7F4TleVy7X60b1Qm5NiP55GGtIaKPlj
ZhXc8wPnUO3iikzFXjI23pi0JBAtmJf7KRAegbr5Kmjrx0YtMFGnWuw5mse7UmkU+UOoCD8M8CHyFYzLrSvtiAIfUYv3Mp2NjOO3QluGegreEiz5Zw==
wLcKh1gc7Ptg/QRpuCxOPWnQwuRRD7T1gAF2WCePgu10mWsqMIH+Jx/KlYR1yyyIu4R8sY6NKKtJk7F4TleVy7H/0b5Qm5NiP55GGtIaKPlj
bzYx0OwnE0dRuYMzGKfRkJi0JBAtmJf7KRAegbr5Kmjrx0YtMFGnWuw5mse7UmkU+UOoCD8M8CHyFYzLrSvtiAIfUYv4N52OjOO3QluGegreEiz5Zw==
plnUSxmSBwYJCDfDgbO3yFo47Mk0EPX7WM1ubXkiMoUENyXu92wn//bIYTAuWewpkjuzFzPw3KMPa2mJA/gSX+myBbqkcsAuMvl5
QRdC2wXBx5X31oyT7f0+j+Rje2stwATbkNDA2KEgUlK9u9GyTtcRhU8S0tWwNjhXTNaLt+Lqio63nFZ/TvdbypYSP1pWj3tHTxQkWODyKe2ouKK5HQEn4ZMyrUzMOeVk266oBC3PwUpqFNDrnnVYCflA
CNqmu39ACg6PSKzAH3sB6uYoJypVIXMaPJkKR8vy2VQJI7gIL+yA4UK1fEs9i71IUj9hiwdVTUHcAyfC6+aKSu4yPPl3
lFzassPHz3s2aZmo1yDMKBzC4ctGJyjL0XNWsdMEKxFWVWnFkc/jJRuu2IiVE2japl/Va6sPQyC5mhSjebo7oc7CxUWthJompF1mzyQ3+WI=
BZCcyTaYyhOaovVVy2tU2A42/cp6XL+wVsFycDowKcMCK2bl92wn//bIYTAuWewpkjuzFzPw3KMPa2+LA/ETX+myBbqkcsAuMvl5
RSQlf5teiLM5H8pjFQ5VgBQ2vfWeT6Ihi0OfDeY5sfgUDI2Ev5weiaN0FpG23+fhgCPpmCbHLUtIbnkcCWvbovfOvnr6KjD5ew==
C5ZI+Efh9PjrtIiM70LNgBJNOsvPweWUMrVIZV+I2lBDPPFAUEntqFipeIMpkW5/x6AIG0OrJHFXJCd3NdL50rBC9DY++XU=
IISA9z/ld2gHS/KQBV15OxxVMZURW5KdOzz7V0JI1ZhyiaDR5tunDz/A4IvbK77i/4afx30SsQLoopzGRvkN
LX6navtcu0+0Ja8xuyK8QW1V8A5VybvIq/SevQeBv75gRviwhRtowpZ3tZP7x4N4SfK0G+kyuz5/aio8fcza/tS1Rvc0P/l6
1NbfcQLMcyNr650gHJZayOYoJypVIXMaPJkKR8vy2VQJI7gIL+yA4UK1fEs9i71IUj9hiwlVTU7dAyfC6+aKSu4yPPl3
fXGRUs8qasowsLh7Uh1miidlPgmzMnS1ux4Y2HVjaMqGb5W7y//DsBkq1POZyju37vKKlM10GrYE7aafxEf5cg==
ZVjyyyqt1EhBrnttS4RMEIYP4wecQvYxt/w+NY+MT+/+yGkgxjkUeUp7C6drELRTh+viPqtWyy8R8t3qnFLoPjr5cQ==
guKpbwZo/pOXMwOPTi/YsR9DfISTz6fPIPJaaVOc2k1jHNNnekjtqFqpeIEum29/x6AIG0OrInNXJyd3NdL50rBC9DY++XU=
9bmbGmd4G/cvxPycOCxasx+p8mCfdp0Xxne3OGSjpzww9kFZKAzKvc1lrxWzRmWoXH0NUJsVQUAzKgk+yuDYj07xMD35dA==
3Ll/M/RyeaXsBe6z9WNThhJNOsvPweWUMrVIZV+I2lBDPPFAUEntqFipeIMpkW5/x6AIG0OrJnBXJyd3NdL50rBC9DY++XU=
1qIMB9DmEwzLq7/3dHPWoBzC4ctGJyjL0XNWsdMEKxFWVWnFkc/jJRuu2IiVE2japl/Va6sPQyC5mhSjebo7p8jCy0SthJompF1mzyQ3+WI=
QRzjImAE7jKYJ6bl2Z1oHXS99hinrHffxshREP4ZPEkCu0N3w7Aswx9req8ztKX/WDKVGvSykM5C+Qk=
BfnnmENim0dGVmF/5UshMf4tPm8Fa3oaIJ0BTIj52VQJI7gIL+yA4UK1fEs9i71IUj9hiwFXTU3bAybC6+aKSu4yPPl3
4k8EZyr4/Sb+zlg1LHeaOoYP4wecQvYxt/w+NY+MT+/+yGkgxjkUeUp7C6drELRTh+vmOqtVzS8Q8t3qnFLoPjr5cQ==
AaKTWKrNkOazf+Wfhd7hgd+y1cOWox+cxAcPqKBiyd2oiEIpXfEHsRPizXwMqUWU29QIlGH4IRvqxPCbXuU4Oflw
6Af5eAgI5wY1FzaLl6Oi+7KSqFRJcsSOg2c9j5PsmzK2EMyx09oMGAlboYzoCXEf7fM/WmFlyMPK5GZH21BkM3fr3h/7l72PoHJNikwS2B4q+WE=
U8f6q2rNb0qogsNUf3JddRoEduJws27G4P8CEITzLT0Uhd4BefMDOk5kbxWxhmRHIXb7+SG+W8YVKfrS7IFW6zw7+XY=
Nk7sArSLQR5FjAtqKLlMyRoEduJws27G4PsAHoTzLT0Uhd4BefMDOk5kbxWxhmRHIXb7+SG+W8YVKfrS7IFW6zw7+XY=
394nmhjkNlwHCzGaentugU87Lhj+hsffxepiChnZkP3lL2X1jSMUvJbY49Kp2Yv27AJuOhoFNXoa5ljhEBvM976VVvPNzKvpCjkFphhuQK6XX/XuDV3p7w+AcCurK4KHb0fp56ySAeL44mxmFvld
KwTJNOfwKKInnkc59o77j2aY23SGvlzbkusFgOa+Tk2ReQ6RxPDpAyMNTw2Qi/26/Gdy8wPJq7upe1mGyayklP8HPR7UMU6ngMIjtiT8hUaJkjT7qRK7FTmKq1q97dreFNXGF3Qf+Vo=
YMS492MFrUsWXjbZcJItKWaY23SGvlzbkusFgOa+Tk2ReQ6RxfDpAyMNTw+Qi/26/Gdy8wPJq7upe1mGyayklP8HPR7UMU6ngMIjtiT8hUaJkjT7qRK7FTmKq1q97dreFNXGF3Qf+Vo=
dxJlJaA87TLS2Z3NsF+x8Lq1soOfC+Kzia8nH6JGKBUI272TsjFRbTbx9uvAm3fLllCZEFGGz7zUsgMoZUwY947t1BzLFFhKFdwNHIwJBXTbv8004xhhO+qkMDveBXgZ+VA=
EZ5CAkWMnWY/AHulAmV3E087Lhj+hsHC2q5zAQXOneHUHmLnqkUG5Z3P/syNqsTtuBNvOhoFNXoa5ljhEBvM976VV+nLzLfxCzkFphhuQK6XX/XuDV3p7w+AcCurK4KHb0fp56ySAeL44mxmFvld
rf0GHdM/ZiyVPgy8L/5+yGaY23SGvl6Ax/ESi/yvY02nbDvQsZOJSy8NBkvsm+arsiVj/hn+uqC8eA3HwInwzMsEPR7UMU6ngMIjtiT8hUaJkjT7qRK7FTmKq1q97dreFNXGF3Qf+Vo=
k44m2ONrAhAudHzMRMu3VuVEncJnCC9CyG57eXIZT4cPYT+z5DIaUnJEK1kJcmaK567olYfucE7yBfK7rpMUPbwnf5zZvcDxz2JaLgJqXZc/un8N2zvlqFpPyQtgY0Vvg/OegvP28upmYhT5Xw==
RbtCXkWi74QZ4JlyIXTQVmaY23SGvl2Ax/ESi/yvY02nbDvQsZOJSy8NBkvsm+arsiVj/hn+uqC8eA3HwInwzcsEPR7UMU6ngMIjtiT8hUaJkjT7qRK7FTmKq1q97dreFNXGF3Qf+Vo=
Jb5d+AQmNWwRGgIobr36Xk87Lhj+hsXB2q5zAQXOneHUHmLnqkUG5Z3P/syNqsTtuBNsOhoFNXoa5ljhEBvM976VV/PNzKvpCjkFphhuQK6XX/XuDV3p7w+AcCurK4KHb0fp56ySAeL44mxmFvld
2XOEBZ0yOonMZvPKtlBH/uPzo8be2KqMGzDejtfN4kXFxy09OHYds53a6gcrcV8YaKfd3tS7gsdbhet/YccJ0WtGRCyPmo3qTL3OIwg+syJcUCWiIc5ET3Hee1FxtnuOhYG6+vzJ9mNsE/le
J8wVu5ILptUqeS4iL63PpeVEncJnCC9CyG57eXIZT4cPYT+z5TIaUnJEK1kJcmaL567olYfucE7yBfK7rpMUPbwnf5zZvcDxz2JaLgJqXZc/un8N2zvlqFpPyQtgY0Vvg/OegvP28upmYhT5Xw==
tNBqH+o+n0n1Q4T5CgFkph+zeuFcYXO7qSFU1IL+N7/lO0xsmzyBLc3zQTied6XLzBuBf+c7AuLP/pZa4jo4+XM=
f8V1vinb8xbJsBj3eNuVAqq8QfK3gQKuwwE0RA1gU2UQg7lYduc9S1SLKd9fi0oihy7OuorKQPkL
7tts31PZMyBz1x/WqOGYTzsWMbAbr7AOkb/ShCzLxXgcTS1gmytlcPN8qa9KcDjfjoHQTfkE
wXYulFKNN2SXh//NOrh/8My6MFdpycHkcgIV16vjJXT9nhBwah21Arp03+v3QF5Rt1OrM3kWpz3+D5zUsCvtiAIfUYv4N52Ai+O2QluGegreEiz5Zw==
QHiEAmNpzvxLiUMq9JmyhhoEduJws27G4P8CEITzLT0Uhd4BefMDOk5kbxWxhmRHIXb78CS+VMYVKfrS7IFW6zw7+XY=
n0lux+jt9acdDeRjm7Yp3hoEduJws27G4PsAHoTzLT0Uhd4BefMDOk5kbxWxhmRHIXb78CS+VMYVKfrS7IFW6zw7+XY=
ckLknSs3ZedzUvnwb4rFT+Pzo8be2KqMGzDejtfN4kXFxy09OnYds53a6gcrcV8YaKbd3tS7gsdbhet/YccJ0GtGRCyPmo3qTL3OIwg+syJcUCWiIc5ET3Hee1h0tnSOhYG6+vzJ9mNsE/le
DsrF4cFzRybqK5aR36aX2meY23SGvlzbkusFgOa+Tk2ReQ6Rx/DpAyMNTwyQi/26/Gdy8wPJq7upe1mE06qkiOcGPR7UMU6ngMIjtiT8hUaJkjT7qRK7HDyKpFq97dreFNXGF3Qf+Vo=
gwu+0pHZkV1sKtBGwmCQz2eY23SGvlzbkusFgOa+Tk2ReQ6RxvDpAyMNTwyQi/26/Gdy8wPJq7upe1mF06qkiOcGPR7UMU6ngMIjtiT8hUaJkjT7qRK7HDyKpFq97dreFNXGF3Qf+Vo=
9Q99U2238LfiDX1PU35Bk7q1soOfC+Kzia8nH6JGKBUI272TsjFRbTbx9uvAm3fLllCZEFGGz7zUsgMoZUwY947t1BzLFFhKFdwNHIwJBXTbtsg07BhhO+qkMDveBXgZ+VA=
QaYdMIsdYvpTLbzSGBs+IB+zeuFcYXO7qSFU1IL+N7/lO0xsmzyBLc3zQTied6XLxR6BcOc7AuLP/pZa4jo4+XM=
QkTXlybA4vlJoGfrD+psF6q8QfK3gQKuwwE0RA1gU2UQg7lYduc9S12OKdBfi0oihy7OuorKQPkL
zmCC4Y1BiN/v09AYSv8NxDsWMbAbr7AOkb/ShCzLxXgcTS1gmyJgcPx8qa9KcDjfjoHQTfkE
xHVVjvRSUEM55Ke0hwRVolVV/HFKTCBvz4Awq+sryQavSSln7JJBYjjirOZW+R0=
Ix41OwM8SLvF69Of0UNHzKq8QfK3gQKuwwE0RA1gU2UQg7lYduc9S1+KKdFfi0oihy7OuorKQPkL
41GyJRZ/UcH0nR+6/9BYkDsWMbAbr7AOkb/ShCzLxXgcTS1gmyBkcP18qa9KcDjfjoHQTfkE
DtRbXnOfEkm07sVTHkrIbnR0dnVa7dnteHk40JrfOj4cbId70ThgAg+Sj8ruWlBd8Lx6SRlPublfAAuRJKEFGJwt7UCbACSQfZzpT0pQeH8OIRAt+WQ=
Z2sET6PFLOd8r6wuvfFcAOXH5OLn6pdnXGfA76xiakGWxLTKY9mx1txo1yT7GD4knIe4er4LWYHl86dWX2MU/+ki9MvJIrsuWLpl6t1dWm50ZQYnFC/5ag==
T1nFocBheSrMyzSDd9HgYjK9mhWguSkKJp6khCpqJSK43J949y0GYafuu4MRDU9mzabsZFfAJLngxxCDc7lEfObDWdjWpx1LP0pJUf/LaiJnbm46Kgog+Ws=
9id+FwTSl5MjIEWmJtMj87aXqA9WLIiOj3JymN2wxXnsQc36iYsTCUV258LOTCUU7vkqE2Ir0d3u7GxH21BkM3fr1R77mb2PoHJNikwS2B4q+WE=
