xrWi6J3rQ0e7lzqn8wvNTVmHz+UkQV7k5jWwJxAMPiTMFfM+pdtDDhn2vHF0WeXl/NJBt2JAFq9vAJBryyupx8/ITqeKkiGkW2LMJjb5fQ==
ldtTEZrN4YgnCTbH0jfBmzh/PhK4I2L07B9dyWx5XoXxf5Ou1vjPsRkq1POZyjuy6fKElc1zGrYC7qafxEf5cg==
3xQsPEWcRsoi1HJR6FjCh5q4SQRuvWa3D4NZMI6eOciT1JdANx42o7m7iJALVSKpkTx66rDT7magHwJwRFOt3VSl3iE5E4OajgRv9fEm5CfhVvvZ4d7UYVXP+rIqItYLfBv5Vg==
g3gYnwOtbfdqSCGb98hJd1OSURZFufdvIoru8MTRANy614f5W2p4c/Lwr/2YdvpD7UqdjibCDfrG6l8ibkn+NoT+xhd2v2GkbXfq5wuQFBNn687/y9hqbzbyvSw/0gh+GvlR
p9gFKP3sT2vrKK3q+1l4CFOSURZFufdvIoru8MTRANyh14f5W2p4c/Lwr/2YdvpD7UqdjibCDfrG6l8ibkn+NoT+xhd2v2GkbXfq5wuQFBNn687/y9hqbzbyvSw/0gh+GvlR
lmTYCmvqgYA7NLoLvt3z7xzdj6AkHhOnoWC+MRQMPiL9W6kvq9YCZF38q2F4dKvt8ZtFtUJMAK9vAJBryyuqxs/ITqeKkiGkW2LMJjb5fQ==
uAlucS9T0F2QOHCAI6/v1wYlujhnjOWE7bmWuUHfk41oDvinmQJfhowjooLu155pSfK0G+kyuz18aiU9fcva/tK2Rvc0P/l6
gp3/GuyTEugGsPtRgTM79HMkihrestfG7N+XeEcm1pvJg0goe+3CEeGE+lLAaw7e0KfCSDRrTeUknd4ZSStjov48r02BngSfke57b5VmPNgldzqKWho2Mwwj+W4=
E4LKbc0YEGIoLKY1ZcGraCqbhgbvrGDD3/8VCqoOL1IasUN3w7Aswx9rfa4zt6P/XjKVHPeykM5C+Qk=
p8Q8/xkGbR6fqZSuZZAS2B9lrJ00CbD4VcB2PmQ3PpcfNxTmv2ww4+//JSp6Tv08giaiFzPw3KMPa2+LA/gTX+6yBbyncsAuMvl5
YbjnEnpjdkL1hATaEncdykMAtvEMcDyX5clm4lDjRP+puRF8t5hULBDZTUgfQMDR+ixKTW4f1XA8hZ3YG5jUONV3ufKKKK5UbskgNfl8
a70MVOuy23V+h7Twl52v/2jlu5YCY3+ekD0Nr8JAMB0YRHHPxc7nVhjm2J+JCl+evAvCer4fXjG5mhSjebo7pczCzkGtgJomol5mzyQ3+WI=
JEm21zat0Y8hcSCBPkLqr2jlu5YCY3+ekD0Nr8JAMB0YR3HPxc7nVhjm2J+JCl+evAvCer4fXjG5mhSjebo7pszCzkGtgJomol5mzyQ3+WI=
ZPLVjvmoIiduHAC8caohIFodNI8XT+GeczzsS1t/kYImnrPK/tGnDz/A4IvbK73i/4Kax3kSsQTropzGRvkN
Tq28JEJPyGJv6VOgwhyRAVgdNI8XT+GeczzsS1t/kYImnrPK/tGnDz/A4IvbK73i/4Kax3kSsQTropzGRvkN
kLthvEcsIb3APluqvl02AnS99hi9qnfD3slREP8DOkkeo0J3w7Aswx9reqszs6b/XTKVHPeykM5C+Qk=
RL4fEhzAqMKzTnaOw7stWxxVMZURW5KdITr7S1pJ1Zhzk6bR+sOmDz/A4IvbK77h/4Oax3kSsQTropzGRvkN
Bicr2eNiOOCbPe7QQ1ggiyhC1uNpsT8sFmoPUnbH698PDDSKhnrFzamAUjBnzzfly6s9BOwx1RxbV5oMBwNR1qoMxqB+/Sgx+Xg=
9bJsNRlF9q37XrRqZk/QvCYc7x4Xj/aO4fCevQeBv75gXP6wmQNpwpZ2r5X725t5SfK0G+kyuz19aig5fcja/tK2Rvc0P/l6
Mc/0Q3/vAet7gTNwHmvxjxsGeoRzoG7B7+UfEtjobiwRh+lODuIfKVN/exWxhmRHIXb79yW+WMUVLPrS6oJW6zw7+XY=
y33fJDqm1dp22GSA26mtLYnG1A1AyetyMQ+YCRfcudtshSiTdFsV6Mqv+QuaxNWssNNrAqMQ4aqWwkT5Dw==
EGPOpBUFTJfRkxrf4g1wZTggNR6wOXW1pgQe2Gl7acqGbo+9y+PbsRkq1POZyju06PKIkc1wGrYC7qafxEf5cg==
NTF5NU30ZQ0XMPzL0tuDXCcbyLUTRBVqm8D6XrVGwGa3LFOZg8BOBAGP6UYeyj8BA7c73eEuxO+x/nt5txb5bUXkuhq6qnbDLDP5fg==
mH95CwYzxXolGFfkKQxEZa6M4kztmTg/q5GkL2QQUsv+tGctIgFpiW/GSx2tYuIllLeVTh0qFwP+yXFQH4OaiT6jIrdjMIyD/2tZa1M2xj99MnVcFzIwDiL5aQ==
M8d1YUS+3TI0XaWGEQnjGlgHMo8LV+CeczzsS1t/kYImnrPK/tGnDz/A4IvbK7ng/4eax3kSsQTropzGRvkN
SSX6Tno8sPW7FHO2RbE0YwYlujhnjOWE7bmWuUHek41oDvinmQJfhowjooLu155pSfK0G+kyuzp+ais5fcja/tK2Rvc0P/l6
9zQ+M7FBTH1l9w+Hua/sYwYlujhnjOWE7bmWuUHdk41oDvinmQJfhowjooLu155pSfK0G+kyuzV+ais5fcja/tK2Rvc0P/l6
AASmJnmzkJP6RbrZiIXxpCibhgbvrGDD3/8VCqoOL1IasUN3w7Aswx9rea8zt6b/XTKVHPeykM5C+Qk=
eeQ6dIlqS1ehojsBez80+maY23SGvl2Ax/ESi/yvY02nbDvQsZOISy8NBkvsm+arsiVj/hn+uqC8eA3HwInwzMsEPR7UMU6jidUktiT8hUaJkjT7qRK7HT2KpFm96NreEtbGF3Qf+Vo=
2sYqJZs4HfUyVbbJpRuLqAYlujhnjOWE7bmWuUHck41oDvinmQJfhowjooLu155pSfK0G+kyuz95aiQ5fcja/tK2Rvc0P/l6
eZchdn9S7807gmQ4zo2SmWaY23SGvlzbkusFgOa+Tk2ReQ6RxPDpAyMNTw6Qi/26/Gdy8wPJq7upe1mFyayklP8HPR7UMU6jidUktiT8hUaJkjT7qRK7HDiKpFm96NreEtbGF3Qf+Vo=
N6Crn1xtMqcMTQKWD9wE8lG4sy2WYJ0axmuzM2/grCY29l1BKQzKvNdjrwmrR2WoXH0NUJsVREA8Lwk6yuDejE7xMD35dA==
YPvqmLXVZ6DcLaDl1IWGQVRDbouSjPeFKfJGbViXmUZ5GtN7YkntqFuzfoEyg25/x6AIG0OrInJXKSJ3MdL51LNC9DY++XU=
PpAZkngLLzRKzPxocjiWalVV/HFKTCBvz4Awq+srwgGvQCtn6ZJBZDvirOZW+R0=
hraOQFL6i0su2Vvw6chyX6q8QfK3gQKuwwE0RA1gU2UQg7lYduc9S1SNKdhdi08ihyjNuorKQPkL
Kn/XEPYEhtGrNuDPfZ7eXzsWMbAbr7AOkb/ShCzLxXgcTS1gmytjcPR+qapKcD7cjoHQTfkE
7cm3uNy1RlH7CXLavdqlPXR0dnVa7dnteHk40JrfOj4cbId70ThgAg+Sj8ruWlBd8Lx6SRlPublfAAuRJKEFGJwt7UCbCyOQdJ7pSkpQfnwOIRAt+WQ=
Hk0nixks3kC4EBcSlg/NHOXH5OLn6pdnXGfA76xiakGWxLTKY9mx1txo1yT7GD4knIe4er4LWYHl86dWX2MU/+ki9MvJIrslX7ps6N1YWm5yZgYnFC/5ag==
lJfYFA/SKPOCBEiwWfIGVjK9mhWguSkKJp6khCpqJSK43J949y0GYafuu4MRDU9mzabsZFfAJLngxxCDc7lEfObDWdjWpx1LNE1JWP3LbyJnaG06Kgog+Ws=
GiIHvUXeltwmXfMdoePiG7aXqA9WLIiOj3JymN2wxXnsQc36iYsTCUV258LOTCUU7vkqE2Ir0d3u7GxH21BkM3fr3hn7kL+PpXJNjE8S2B4q+WE=
