eJsDTURy0qj4r7qVGaevL1mHz+UkQV7k5jWwJxAMPiTMFfM+pdtDDhn2vHF0WeXl/NJBt2JAFq9vAJBryyupw8/ISqeJkiGqW2LMJjb5fQ==
IHuWq0ylFvys2jKCNEztRzh/PhK4I2L07B9dyWx5XoXxf5Ou1vjPsRkq1POZyjux7fKEkc1wGrYM7qafxEf5cg==
Lj87BSOzW9va5pnRo3O3OBmnMnv9xqgCZT2b9qdHWVfMnEf68tB7+Q9qYMCtOzY0hJnNl2lzu9Ld9SR7rgTCHzfgOPszqxZTp2iS10FSaXpjAiQWLvll
uw6TmQnlWnwhP5YlcgkEPBoEduJws27G4P8CEITzLT0Uhd4BefMDOk5kbxWxhmRHIXb79SW+VMUVLPrS5IJW6zw7+XY=
IKPeY+GppklKy3ASXUh7fhoEduJws27G4PsAHoTzLT0Uhd4BefMDOk5kbxWxhmRHIXb79SW+VMUVLPrS5IJW6zw7+XY=
puHaztkVfkzZML5mvqrSix+zeuFcYXO7qSFU1IL+N7/lO0xsmzyBLc3zQTied6XLwB+BcOQ7B+LP9pVa4jo4+XM=
ILlw56L6V5e853JyvkGjJqq8QfK3gQKuwwE0RA1gU2UQg7lYduc9S1iPKdBci08ihybNuorKQPkL
vVY4zDoWk0DripYlBXf0dzsWMbAbr7AOkb/ShCzLxXgcTS1gmydhcPx/qapKcDDcjoHQTfkE
S6SYUPWNjFA0kDJ4GaIQX5q4SQRuvWa3D4NZMI6eOciT1JdANx42o7m7iJALVSKpkTx66rDT7magHwJwRFOt3VSl3iE5E4OajgRv9fEm5CfhVvvV5d7UZVXM+rIkItYLfBv5Vg==
hgeToHPLt3yDsSoG6VZXqFOSURZFufdvIoru8MTRANy614f5W2p4c/Lwr/2YdvpD7UqdjibCDfrG6l8ibkn+NoT+xhd2v2GkbXfq5wuQFBNn68L7y9hubzXyvSI/0gh+GvlR
liWCQ/FGpwknRqncTviKAVOSURZFufdvIoru8MTRANyh14f5W2p4c/Lwr/2YdvpD7UqdjibCDfrG6l8ibkn+NoT+xhd2v2GkbXfq5wuQFBNn68L7y9hubzXyvSI/0gh+GvlR
RszdlXPOtOpSyqGaf10vVRzdj6AkHhOnoWC+MRQMPiL9W6kvq9YCZF38q2F4dKvt8ZtFtUJMAK9vAJBryyusw8/ISqeJkiGqW2LMJjb5fQ==
dHBt3QMjoZCDVVcKb/2Lm3MkihrestfG7N+XeEcm1pvJg0goe+3CEeGE+lLAaw7e0KfCSDRrTeUknd4ZSStjov48r02BngSfke57YJVmNN0ldDqKVBo2Mwwj+W4=
5gKnEwmRI7pi7tY6wpwdSk5YLophuCeQv7peQ8mxLT8WmcpOCpAnah0nTxaxhmRHIXb78CG+VMUVLPrS5IJW6zw7+XY=
KEhLzVXaLKYDyVA8BtXyrE5YLophuCeQv7peQ8mxLT8WmcpOCpAnah0nTxaxhmRHIXb7+CC+VMUVLPrS5IJW6zw7+XY=
oYTtGGSjEEcM9A7woEKNp3S99hinrHffxshREP8ZPEkCu0N3w7Aswx9rdqszuab/XTKVEveykM5C+Qk=
/mgdDQi7prDLOmMLXxzzDRxVMZURW5KdOzz7V0JI1ZhziaDR5tunDz/A4IvbK7ji/4max3kSsQrropzGRvkN
bLfqIeVk3aGaUhtiB3yZSmXehrgIBbnynQ01GG/Jm+YhyW8qMIH+Jx/KlYR1yyyIu4R9sY6NKKtJk7F4TleVy7P90bFUm5diP5ZFGtIaKPlj
jYekiRnBE7/X2deKt41ssf7B8gjrnTIjr42jSmQQWsHzoncpJxBt3XHGSx2tYuIllLeVTgcsFx/myHFQH5mciSK7I7djMIyD/2tZaFM5xj99MnVSFzIwDiL5aQ==
8BPshr55qDgEQKQI72KnEXWesbKis5JzNYCQfd0hCTzeAF5LVyeO4uO0hAEZGRboU+8SKyExl5pcWSpHKzK51KljWAhPLCFhovUcSx3LXcgy/0GL6BLtyHlDw8LLLinKDnIc+Vc=
nElPH11htUznwvP5orIGMQNb46QZaifbvMRtq1v6F+KmswN7r6hcZBDOUVEoBNqE7T1fXXMO1XA8hZ3YG5/RONV2ufKKKKBUbskgNfl8
ngUn+LzYLYoVwi9FjbQO7BY3vKiGDf1mmVmHSugxtudXGq2knbs0iKN0FZG23eDrgSPpmCbHLUtPbnkZDWvfovfGvXr6KjD5ew==
55YrYUcjkYoZQFpFKQ33iofxMAwxhJn2LgIVwqnxKjurgQxmI0unWuw5mse7UmkU+UOoCD8M8SHyFYzLrSvtiAIfUYv4Np2JieOzQluOeQreEiz5Zw==
L9xrnB29RB4PMgpkZ8+cilKtIHWyjLMAY3609qdSW0Ww0xHl7sZBrx0yNo3oFwkms9yDh2pI/ciL6ShhvhvfHzfgOPszqxRRp2GT10FSaXpjAiQWLvll
Dx8c/MVzhmvSFW+TyNKkAr2I6eO388x8Xi6C/6xuagyThafCN5/2nsEg3m2nET8uwJa4YKULaNK2pvVDW1cD6Oki9MvJIrstXrpt6N1YWm58ZgYnFC/5ag==
3Ng61LqeauhKO673RmLDdb/XpwO5nTRtvoy/GHdOQN67smctZANl3SKGDVepYuIllLeVTgcsFx/myHFQH5mciSK7I7djMIyD/2tYaFMxxz99MnVSFzIwDiL5aQ==
scbB3dRCVQIS/lodT/DnaSYc7x4Xj/aO4fCevQeBv75gRviwhRtowpZ2tZP7x4N4SfK0G+kyuzx5ai04fcja/ty2Rvc0P/l6
x3oSpfZ0++860E6nGxeZGBQ2v/WeT6Ihi0OfDeY5sfgUDI2Ev5weiaN0FZG23+fhgCPpmCbHLUtJankZDWvfovfGvXr6KjD5ew==
2hzzZCeI5I0j3g8qViH31E5YLophuCeQv7peQ8mxLT8WmcpOCpAnah0nTxaxhmRHIXb79SS+XsQVLPrS5IJW6zw7+XY=
7Cfc9zKV7zAHMsbb5ybpjE5YLophuCeQv7peQ8mxLT8WmcpOCpAnah0nTxaxhmRHIXb7+CG+XsQVLPrS5IJW6zw7+XY=
vs4KVdcFGLm0DjAuCKKgdOYoJypVIXMaPJkKR8vy2VQJI7gIL+yB4UK1fEs9i71IUj9hiwRUTUvZAyPC6+6JSu4yPPl3
JI8HP9GVbNdtP0eleIHYLVUm0YdsLwGGHV++oZPHgL1aYFSbsKkBNOEzsAgn/OkBGmVEC+X7RSj6j+kLj6Ml62Gz+4ITvlFqxiI0+X8=
/CeNaQHOlhot0ziEKN31uAoHbYQg4Cnf5uMDUdPyaCwNn+hODuIFL1NjYxSxhmRHIXb7+Sa+WcQVLPrS5IJW6zw7+XY=
Gm+LouxMVC73HaYTpBYx8XS99hinrHffxshREP4ZPEkCu0N3w7Aswx9rdq4ztaf/XTKVEveykM5C+Qk=
3zZsY5lvyyD+yeHJ7GfZ+Q42/cp6XL+wVsFycDowKcMCK2bl92wn//bIYTAuWewpkjuzFzPw3KMPa2qLA/YXX+2yBbKncsAuMvl5
JPc/V2orpdoPBJaHNUskWYqtzsOBv12R0wcPqKBiyd2oiEIpXfEHsRPizXwMqUWU29UNlGP6IR7qxPiYXuU4Oflw
ij2LrcCf7SCT4cfF5HvM3HYkNQrxP2O1ux4Y2HVjaMqGb5W7y//DsBkq1POZyjuw7fKEkM1wGrYM7qafxEf5cg==
N9aT2KfHb9EkIF9RflJJ3B+z/GfMdJFBgXW6NXOjpzww9kFZKAzKvc1lrxWzRmWoXH0NUJsbQEA8Lgk6yuDQjE7xMD35dA==
j+2fVNPqntM6YpGmMusaIBxVMZURW5KdOzz7V0JI1ZhyiaDR5tunDz/A4IvbK73h/4ibx3kSsQrropzGRvkN
7F70C0FBP/A/PVRM9mi9iDwU+w0XxKzIq/SevQeBv75gRviwhRtowpZ3tZP7x4N4SfK0G+kyuzl+aiQ4fcja/ty2Rvc0P/l6
cEzS1XnNICYOe7tjV1fgEg4/9cBiE6vyWdw7PX0iMoUENyXu92wn//bIYTAuWewpkjuzFzPw3KMPa2qPA/gXX+2yBbKncsAuMvl5
AkozrnBvQcwA0iOrs8w9encMirUv5iQqDGoPUnbH698PDDSQgHrZ1aiAUjF9yTf506o9BOwx1RxbX5oMDQJR1qoMyKB+/Sgx+Xg=
zpI6xhMeTM/0jGUQ/0UjqeYoJypVIXMaPJkKR8vy2VQJI7gIL+yA4UK1fEs9i71IUj9hiwBSTUHZAyPC6+6JSu4yPPl3
oc3IVIuowD4VUP3OiMNMNU5YLophuCeQv7peQ8mxLT8WmcpOCpAnah0nTxaxhmRHIXb78iS+XMcVLPrS5IJW6zw7+XY=
FnzbsLBSrhd0Yhu8YECB8FVV/HFKTCBvz4Awq+sryQOvRCln6ZJBajvirOZW+R0=
XtdRwWp7QgVfglO+hUQ3C6q8QfK3gQKuwwE0RA1gU2UQg7lYduc9S1+PKdxfi08ihybNuorKQPkL
DOK/nNNGzLvO1AQ9A7EpSzsWMbAbr7AOkb/ShCzLxXgcTS1gmyBhcPB8qapKcDDcjoHQTfkE
XUzEiAV3NJRyx7aBA0dLxHR0dnVa7dnteHk40JrfOj4cbId70ThgAg+Sj8ruWlBd8Lx6SRlPublfAAuRJKEFGJwt7UCbACGQcJzpSkpQcHwOIRAt+WQ=
z+tLBHMDMC42boFg1nYacuXH5OLn6pdnXGfA76xiakGWxLTKY9mx1txo1yT7GD4knIe4er4LWYHl86dWX2MU/+ki9MvJIrsuXbpo6t1YWm58ZgYnFC/5ag==
b5P/AJEwGJBT7yBHXey9NTK9mhWguSkKJp6khCpqJSK43J949y0GYafuu4MRDU9mzabsZFfAJLngxxCDc7lEfObDWdjWpx1LP09JXP/LbyJnZm06Kgog+Ws=
JeqQAKUU3lzA5sRuKpESkbaXqA9WLIiOj3JymN2wxXnsQc36iYsTCUV258LOTCUU7vkqE2Ir0d3u7GxH21BkM3fr1Rv7lL2PpXJNgk8S2B4q+WE=
