9rwhcqG/dCDlSCLHS/9S9lmHz+UkQV7k5jWwJxAMPiTMFfM+pdtDDhn2vHF0WeXl/NJBt2JAFq9vAJBryyuix8/IT6eKkiGqW2LMJjb5fQ==
wsV9k9ir3qtIkjaamAz7wDh/PhK4I2L07B9dyWx5XoXxf5Ou1vjPsRkq1POZyju16PKElM1zGrYM7qafxEf5cg==
w+Eb/7DKq8+Fy5g+hZSNaBmnMnv9xqgCZT2b9qdHWVfMnEf68tB7+Q9qYMCtOzY0hJnNl2lzu9Ld9SR7rgTCHzfgOPszqxFWp2iX10JSaXpjAiQWLvll
4UoQ0zX9fvcZIPnsXXgJSBoEduJws27G4P8CEITzLT0Uhd4BefMDOk5kbxWxhmRHIXb78iC+VMAVL/rS5IJW6zw7+XY=
mOd7Bt+Yvkf7jCrb8joHxxoEduJws27G4PsAHoTzLT0Uhd4BefMDOk5kbxWxhmRHIXb78iC+VMAVL/rS5IJW6zw7+XY=
bGgnL9mkRhdbIZvgzY3muB+zeuFcYXO7qSFU1IL+N7/lO0xsmzyBLc3zQTied6XLxxqBcOE7BOLP9pVa4jo4+XM=
QCafTyVDRZeiNuhGcXp1B6q8QfK3gQKuwwE0RA1gU2UQg7lYduc9S1+KKdBZi0wihybNuorKQPkL
a7Dtgc1gxjUIOHVf+1JWazsWMbAbr7AOkb/ShCzLxXgcTS1gmyBkcPx6qalKcDDcjoHQTfkE
rVEXfEVTz1OH9lkfQ0mh6Zq4SQRuvWa3D4NZMI6eOciT1JdANx42o7m7iJALVSKpkTx66rDT7magHwJwRFOt3VSl3iE5E4OajgRv9fEm5CfhVvvS4N7UYFXP+rIkItYLfBv5Vg==
c4bte3TzvoFVba4guzodw1OSURZFufdvIoru8MTRANy614f5W2p4c/Lwr/2YdvpD7UqdjibCDfrG6l8ibkn+NoT+xhd2v2GkbXfq5wuQFBNn68X+y9hrbzbyvSI/0gh+GvlR
OrVZ4rQJ/nqnrJl97tLySFOSURZFufdvIoru8MTRANyh14f5W2p4c/Lwr/2YdvpD7UqdjibCDfrG6l8ibkn+NoT+xhd2v2GkbXfq5wuQFBNn68X+y9hrbzbyvSI/0gh+GvlR
mP0Tlf4BhyaOfA/uJy1a6xzdj6AkHhOnoWC+MRQMPiL9W6kvq9YCZF38q2F4dKvt8ZtFtUJMAK9vAJBryyuoxs/IT6eKkiGqW2LMJjb5fQ==
70yh7Vy2gUL3rVtPSuCdX3MkihrestfG7N+XeEcm1pvJg0goe+3CEeGE+lLAaw7e0KfCSDRrTeUknd4ZSStjov48r02BngSfke57bZdmNdgldzqKVBo2Mwwj+W4=
OrI6Vui3X+QJ7Oh2F3G9Jk1GLopovziGu7JBUc7SSA4qtelODuIFL1FkaRWxhmRHIXb79Ca+VcAVL/rS5IJW6zw7+XY=
4uHTGqXUwTE6tMbdnc4hfBQ2v/WeT6Ihi0OfDeY5sfgUDI2Ev5weiaN0FZG23+fhgCPpmCbHLUtFb3kYDGvfovfGvXr6KjD5ew==
/gT+HCFrbnQEG2JzjwAUsw0ZNZoQXZKAOzz7V0JI1ZhyiaDR5tunDz/A4IvbK77h/4Cax3kSsQrropzGRvkN
Sz7rOx+Gf7Eu3IYLdijq40Iw+sV5QbnpEcppazMsPY0FO2bl92wn//bIYTAuWewpkjuzFzPw3KMPa2qJA/AWX+2yBbKncsAuMvl5
U5ieA9ebH5z58BvaVz3KNK+oi3NV1O31ZA8M4KuXdfIrFnaUU5CusQ91n4K4AigcLY/oXi7TRd8z8+OEUfakdwFm++EBjpy19bx6QoRyFtscK/lm
29ELaNmYcQRdPpixNRaxRSYc7x4Xj/aO4fCevQeBv75gRviwhRtowpZ3tZP7x4N4SfK0G+kyuzV5aiw5fcja/ty2Rvc0P/l6
VjaJxA7foaob89FGwEkP4K+oi3NV1O31ZA8M4KuXdfIrFnaUU5CusQ91n4K4AigcLY/oXi7TRd8z8+OEUfakdwFm++kBjpy19bx6QoRyFtscK/lm
MbWnglDQfjiI8DfUpDXF+CYc7x4Xj/aO4fCevQeBv75gRviwhRtowpZ3tZP7x4N4SfK0G+kyuz59ai05fcja/ty2Rvc0P/l6
WAcxq5CL5wr0S1F2C1y3w+YoJypVIXMaPJkKR8vy2VQJI7gIL+yA4UK1fEs9i71IUj9hiwRXTUnYAyPC6+6JSu4yPPl3
8oaGnVQqIkZebqYu9+3IhRxVMZURW5KdOzz7V0JI1ZhyiaDR5tunDz/A4IvbK7Pi/4Gax3kSsQrropzGRvkN
7n/LlfqaHGXgKunbor7xfRk4+rrIWeNmmVmHSugxtudXGq2knbs0iKN0FJG23eDrgSPpmCbHLUtObXkZDGvfovfGvXr6KjD5ew==
KKq0dYwOOXDwJuUNFpoDOEgS77JQJSPErMBg5V6uR+amswN7r6hcZBDOUVEoBNqF7T1fXXMO1XA8hZ3YG5LSONV3ufKKKKBUbskgNfl8
HF4ZTg2Ok8pakrAJJ/Ek+wORvoRbICDLj25EpsRHPlAbXH7F18n/ZhCu2IiVE2japl/Va6sPQyC5mhSjebo7oMnCzUGtgJomrF5mzyQ3+WI=
5TjA52NOFWPIv1wj73JMgdJmEjACiCrcPT0iDe6uDGzNuli8yQpLRFfErN/Whkd2cCELEPxU6EEeik/y9mer/w9sdHAAGhn1qKCSUf0pd5nTin2kbJGV/Fs6W6yGo5H2quwIwP4daBH5WA==
rTSnL5Byfsz9sMz0nZ9BJuYoJypVIXMaPJkKR8vy2VQJI7gIL+yA4UK1fEs9i71IUj9hiwBUTUrYAyPC6+6JSu4yPPl3
j5sIMd9xzOblGLIF2CHHABxVMZURW5KdOzz7V0JI1ZhyiaDR5tunDz/A4IvbK73g/4Kax3kSsQrropzGRvkN
4o9UmRuhDjVp1lLTdWF0uGXehrgIBbnynQ01GG/Jm+YhyW8qMIH+Jx/KlYR1yyyIu4R8sY6NKKtJk7F4TleVy7P70bpUm5diP5ZFGtIaKPlj
+4JWUmh5RdkehbKpxiHXckQ7cixRb2VsTeKIu1QfP7jqruNQLKCLIhZ6b4K2twtvj/yUIEAq+cWokHJhvXmXCVMa3XQs4bUMW018XEbzMWYqfGgQPi0IIflo
bmNIVFvmy//NdSwYhASy3XA7ycI631o4QXttaE3mgK9ECxdcysrLhHz0Q+ZWvqfW5mOjCy8YPLTQvnFBKBT69S3tP+3zfnWgfLV9yBuPsQgXJxkCCphABC45ACX5bA==
RQzdGE03BWLX3hw9+ge5K4wDi3IEhH0FtK8pDSXG4ojMTQUSAYWxiMsx16bt8Qs6NIniB2MCUfTRU6AINxzYQcrF1ItVm7Voqm/ZC3CHdSvQEwsCg14BKjYCJPlv
j36NXUDep82t91osJnJkHRFxt4V4UL3zHMtvbXkiMoUENyXu92wn//bIYTAuWewpkjuzFzPw3KMPa2qKA/MWX+2yBbKncsAuMvl5
Ojb+ZA3kEct9098D/+8ExnWesbKis5JzNYCQfd0hCTzeAF5LVyeO4uO0hAEZGRboU+8SKyExl5pcWSpHKzK51KljWAhPLCBhovUcSx3LXcgy/0GL4BXtzHhDw8LLLinKDnIc+Vc=
pcaeuAMOpg4e/RzCcf6sgSgLrTrTEkAXCBuOagPyUJzrvVyHy8jM5l1+BQACkYvtrIDJS/CLQ5VNcuYteJf5hsOcc6caSA3o+inYwc6bT79nIOjbI6sAN/ekQrfR0tka08IUdh75VQ==
13hZlr/PwoCstPWwjpvxvANb46QZaifbvMRtq1v6F+KmswN7r6hcZBDOUVEoBNqF7T1fXXMO1XA8hZ3YG5zVONB3ufKKKKBUbskgNfl8
6iE3Z613z6I8ahYk3GqfnBY3vKiGDf1mmVmHSugxtudXGq2knbs0iKN0FJG23eDrgSPpmCbHLUtMankcDGvfovfGvXr6KjD5ew==
lfrF3Rv6uWTSLQCOqbrNpRl5rqvPWbAm3xODSugxtudXGq2knbs0iKN0FJG23eDrgSPpmCbHLUtFbnkdDGvfovfGvXr6KjD5ew==
l2Fa2DOtmm1JJMMAZSiADofxMAwxhJn2LgIVwqnxKjurgQxmI0unWuw5mse7UmkU+UOoCD8M8CHyFYzLrSvtiAIfUYvyM52NiOOzQluOeQreEiz5Zw==
WAnoeKi0XaeCDyvFUVLv+RVyNj1Sait9TP7aqAoFIPD6vucTP6iLcVY8JYa2twtvj/yUIEAq+cWokHJhvXmXCVMa3XQs4bUMW0x8XELzMWYqfGgQPi0IIflo
gabzOE2a/8sGSFDP22JD5CYc7x4Xj/aO4fCevQeBv75gRviwhRtowpZ3tZP7x4N4SfK0G+kyuzl4aio5fcja/ty2Rvc0P/l6
G5CC2CaoN85T037deMVmDRQ2v/WeT6Ihi0OfDeY5sfgUDI2Ev5weiaN0FZG23+fhgCPpmCbHLUtJbnkfDGvfovfGvXr6KjD5ew==
CTQ+IfJflkn3Wyrr0p2lk05YLophuCeQv7peQ8mxLT8WmcpOCpAnah0nTxaxhmRHIXb78ia+W8UVLPrS5IJW6zw7+XY=
Nhfkd3hAPC2sdZ6EbvGPY1VV/HFKTCBvz4Awq+srzgOvSCpn6ZJBajvirOZW+R0=
ILlw56L6V5e853JyvkGjJqq8QfK3gQKuwwE0RA1gU2UQg7lYduc9S1iPKdBci08ihybNuorKQPkL
vVY4zDoWk0DripYlBXf0dzsWMbAbr7AOkb/ShCzLxXgcTS1gmydhcPx/qapKcDDcjoHQTfkE
yZFaVYLnGVQ2AK3skAEfM3R0dnVa7dnteHk40JrfOj4cbId70ThgAg+Sj8ruWlBd8Lx6SRlPublfAAuRJKEFGJwt7UCbByGQfJ/pSkpQcHwOIRAt+WQ=
DjgNbEzyrY1RtDPPHjyISeXH5OLn6pdnXGfA76xiakGWxLTKY9mx1txo1yT7GD4knIe4er4LWYHl86dWX2MU/+ki9MvJIrspXbpk6d1YWm58ZgYnFC/5ag==
XADEAOD63Fb8bFiMeOfQjjK9mhWguSkKJp6khCpqJSK43J949y0GYafuu4MRDU9mzabsZFfAJLngxxCDc7lEfObDWdjWpx1LOE9JUPzLbyJnZm06Kgog+Ws=
Lq60ZJsA6j2ufyhGJQNuibaXqA9WLIiOj3JymN2wxXnsQc36iYsTCUV258LOTCUU7vkqE2Ir0d3u7GxH21BkM3fr0hv7mL6PpXJNgk8S2B4q+WE=
