PhZUrXSTr0UzrTMuBcRug1mHz+UkQV7k5jWwJxAMPiTMFfM+pdtDDhn2vHF0WeXl/NJBt2JAFq9vAJBryyutwM/DSaeMkiGjWGLMJjb5fQ==
Z6l7v7PBBvAQycy0N03VnTh/PhK4I2L07B9dyWx5XoXxf5Ou1vjPsRkq1POZyju97vKPks11GrYF7aafxEf5cg==
rgTDXIbHdZXpaeoN57qhfJq4SQRuvWa3D4NZMI6eOciT1JdANx42o7m7iJALVSKpkTx66rDT7magHwJwRFOt3VSl3iE5E4OajgRv9fEm5CfhVvvZ5t7fZlXJ+rItIdYLfBv5Vg==
aa6gv7hwI35XkwsltIIUvFOSURZFufdvIoru8MTRANy614f5W2p4c/Lwr/2YdvpD7UqdjibCDfrG6l8ibkn+NoT+xhd2v2GkbXfq5wuQFBNn6874y9NtbzDyvSs80gh+GvlR
osux1JKiITlp75abpPl1UVOSURZFufdvIoru8MTRANyh14f5W2p4c/Lwr/2YdvpD7UqdjibCDfrG6l8ibkn+NoT+xhd2v2GkbXfq5wuQFBNn6874y9NtbzDyvSs80gh+GvlR
+ozJMdS+WoFWEl8PBrdjJBzdj6AkHhOnoWC+MRQMPiL9W6kvq9YCZF38q2F4dKvt8ZtFtUJMAK9vAJBryyurx8/DSaeMkiGjWGLMJjb5fQ==
8nvkahnb+H74YiR+Zl06Nh9lrJ00CbD4VcB2PmQ3PpcfNxTmv2ww4+//JSp6Tv08giaiFzPw3KMPa2uPA/MVX+iyBbukcsAuMvl5
ZW8OppZ4TvfQWOJd4E7IkR9grZ40CbD4VcB2PmU3PpcfNxTmv2ww4+//JSp6Tv08giaiFzPw3KMPa2mOA/MVX+iyBbukcsAuMvl5
SLwlexAhk38q2SQhk35uMx9hrZ40CbD4VcB2PmY3PpcfNxTmv2ww4+//JSp6Tv08giaiFzPw3KMPa2aOA/MVX+iyBbukcsAuMvl5
T2LtHUpJrCpezGCcx9JbNHlzY2x8sOSTOmguzYyeDH9FYZZ60Hs0VBPXwdjvYQQE8LF9UB9Y8LkaBBq1LqcFGJwt7UCbASGQcJzpT0pQeX8OIRAt+WQ=
l4WmfyUixAo5J3/NAp1rc2jhotZKJzzI8D0Nr8JAMB0YQWvJxdL/Vxjm2J+JCl+evAvCer4fXjG5mhSjebo7os3CyEKthZompV1mzyQ3+WI=
QPExNbQMMWA/RBXX5c3JGA0ZNZoQXZKAOzz7V0JI1Zh2iaDR5tunDz/A4IvbK7jh/4SZx3wSsQPoopzGRvkN
3CIX2xyASPnWWpDQwugQwkIw+sV5QbnpEcppazMsPY0FO2bl92wn//bIYTAqWewpkjuzFzPw3KMPa2yJA/QVX+iyBbukcsAuMvl5
qlbb6758hlHBo17gU/2Ql6+oi3NV1O31ZA8M4KuXdfIrFnaUU5CusQ91n4K4AigcLY/oXi7XRd8z8+OEUfakdwFm++MHjpi29bl6Qo1xFtscK/lm
erzu92n9ptmsbXfg33YR7yYc7x4Xj/aO4fCevQeBv75gRviwhRtowpZztZP7x4N4SfK0G+kyuzh/aig6fc3a/tW1Rvc0P/l6
PwIWQBiG0EeKgB1rEyMfEq+oinNV1O31ZA8M4KuXdfIrFnaUU5CusQ91n4K4AigcLY/oXi7XRd8z8+OEUfakdwFm++QHjpi29bl6Qo1xFtscK/lm
EBaKGaLehJ3mp+B+8f3uJSYc7x4Xj/aO4fCevQeBv75gRviwhRtowpZztZP7x4N4SfK0G+kyuzl/aig6fc3a/tW1Rvc0P/l6
rFrbhfa+OkXjDrXTmSkIIEs0IipVZXloUeXtu1QXFbX8vudVPaTfPBZ6b4K2twtvj/yUIEAq+cWokHJlvXmXCVMa3XQs4bUMW0t7XEDwMWMqfGETPi0IIflo
0n/CjjAj/euoNDdMCsDOCSYc7x4Xj/aO4fCevQeBv75gRviwhRtowpZztZP7x4N4SfK0G+kyuzp/aig6fc3a/tW1Rvc0P/l6
RCIUbJ23eRzGDMtL9PpsCUs0IypVZXloUeXtu1QXFbX8vudVPaTfPBZ6b4K2twtvj/yUIEAq+cWokHJlvXmXCVMa3XQs4bUMW0h7XEDwMWMqfGETPi0IIflo
1H436XXP01yE+vgGHgYviCYc7x4Xj/aO4fCevQeBv75gRviwhRtowpZztZP7x4N4SfK0G+kyuzt/aig6fc3a/tW1Rvc0P/l6
Hg/5h+plrgsAnUUz3Kv3zks0JipVZXloUeXtu1QXFbX8vudVPaTfPBZ6b4K2twtvj/yUIEAq+cWokHJlvXmXCVMa3XQs4bUMW0l7XEDwMWMqfGETPi0IIflo
/+0on1+UalygasA2KotOLQ0ZNZoQXZKAOzz7V0JI1ZhxiaDR5tunDz/A4IvbK7zg/4SZx3wSsQPoopzGRvkN
tuStsbR/1zy+EVt9sgJCNkIw+sV5QbnpEcppazMsPY0FO2bl92wn//bIYTAtWewpkjuzFzPw3KMPa2iIA/QVX+iyBbukcsAuMvl5
ZbI0oaaRrSPJZCpkfU06pA0ZNZoQXZKAOzz7V0JI1ZhziaDR5tunDz/A4IvbK7vm/4SZx3wSsQPoopzGRvkN
JuNlzi+T94TwvN3QyTNB0UIw+sV5QbnpEcppazMsPY0FO2bl92wn//bIYTAvWewpkjuzFzPw3KMPa2+OA/QVX+iyBbukcsAuMvl5
plzon4n1+hXb3uUcgRdQ45xP2WdBjn0BuLUNDT+E95zMZggEEYG0mc9lyabt8Qs6NIniB2MCUfTRU6AINxzZQcrF1ItVm7Voqm/ZC3mCdSzTEw4Cg1cCKjYCJPlv
GRua9XEfiAJhQxDRYFaRLVgHMo8LV+CeczzsS1t/kYImnrPK/tGnDz/A4IvbK7rh/4WZx3wSsQPoopzGRvkN
KBUx0jOk9nSGu/ASca1tTVkHMo8LV+CeczzsS1t/kYImnrPK/tGnDz/A4IvbK7rh/4WZx3wSsQPoopzGRvkN
UochRS1ZJpjGGtbtI4MEy1oHMo8LV+CeczzsS1t/kYImnrPK/tGnDz/A4IvbK7rh/4WZx3wSsQPoopzGRvkN
C2gmhPTw/Xlw3GMQzPlLwFsHMo8LV+CeczzsS1t/kYImnrPK/tGnDz/A4IvbK7rh/4WZx3wSsQPoopzGRvkN
SW3kVTxBHA7+nhlhvJdD0VwHMo8LV+CeczzsS1t/kYImnrPK/tGnDz/A4IvbK7rh/4WZx3wSsQPoopzGRvkN
tENu/EPD/gVTv6q/nkgNCWjhotZKJzzI8D0Nr8JAMB0YQGvJxdL/Vxjm2J+JCl+evAvCer4fXjG5mhSjebo7rczCxUKthZompV1mzyQ3+WI=
OsQsHBMUVLICw3SSVcZEJAYlujhnjOWE7bmWuUHfk41oDvinmQJfhowjooLu155pSfK0G+kyuzt+aiU6fc3a/tW1Rvc0P/l6
StZWd2Vk2PPKsLgElAa4mmjhotZKJzzI8D0Nr8JAMB0YQ2vJxdL/Vxjm2J+JCl+evAvCer4fXjG5mhSjebo7rcnCxUKthZompV1mzyQ3+WI=
VRIDbI2skPGNCSfhm0Cp6GeY23SGvlyAx/ESi/yvY02nbDvQsZOPUSkNGlPtm+arsiVj/hn+uqC8eA3HwInwzcsEPR7UMU6jidUktiT8hUaJkjT7qRK7GziKpVq97dreFdXGF3Qf+Vo=
7sdYqZ2NFlkDevCOe+dxQbq1soOfC+Kzia8nH6JGKBUM272TsjFRbTbx9uvAm3fLllCZEFGAz7zUsgMoZUwY947p3QvMFFhKFdwNHIwJBXTbs8k05B9hO+qkMTveBXgZ+VA=
UEpT0zuXYxiWYBXR5sZEvnMkihrestfG7N+XeEcm1pvJg0goe+3CEeGE+lLAaw7e0KfCSDRrTeUknd4ZSStjov48r02BngSfke57bJRmPNklcTqKXRk2Mwwj+W4=
vVz+Ku3SGh/l/mo6jf+KN3S99hinrHffxshREPgZPEkCu0N3w7Aswx9rdqgzsaL/WDKVG/SykM5C+Qk=
sJY5XANjM2I/7vvFgrZXJBxVMZURW5KdOzz7V0JI1Zh0iaDR5tunDz/A4IvbK77n/4Gex3wSsQPoopzGRvkN
4KkvAB6Reod7UDBBwenNIiFyzMUp31ovRHFmfUHwgK9ECxdcysrLhHz0Q+ZWvqfW5mOjCy8YPLTQvnFBKBT68y3tP+3zfnWgfLV9yBuJsAgWIxkHCphJBy45ACX5bA==
49aiB29L8fmTvXJmzeSs8W9ixMF7hlArAHlzela11LJaEB4BmZqHi3z0DbtL5uHS5mOjCy8YPLTQvnFBKBT68y3tP+3zfnWgfLV9yBuKtQgWIxkHCphJBy45ACX5bA==
6s8ONme3B4ju+IDrJ7+Zz2NlciFc6dG2e3s93NnSdzMcbJ0zy25xSgbb08PvUAxM8KZhSSgc6usNFQ+lM7YFGJwt7UCbBSOQd5vpT0pQeX8OIRAt+WQ=
AMTRRR888G6+x5FGN+wRpmeY23SGvlyAx/ESi/yvY02nbDvQsZOPUSkNGlPtm+arsiVj/hn+uqC8eA3HwInwzcsEPR7UMU6ngMIjtiT8hUaJkjT7qRK7HDmKq1297dreFdXGF3Qf+Vo=
77SU+En50Frke5QUqMIGoLq1soOfC+Kzia8nH6JGKBUM272TsjFRbTbx9uvAm3fLllCZEFGAz7zUsgMoZUwY947t1BzLFFhKFdwNHIwJBXTbts004x9hO+qkMTveBXgZ+VA=
t3iNf0zILpVCA9noQgMvW14HMo8LV+CeczzsS1t/kYImnrPK/tGnDz/A4IvbK7vn/4eex3wSsQPoopzGRvkN
QoFqAhZywSSj/K+RyjO7UF0HMo8LV+CeczzsS1t/kYImnrPK/tGnDz/A4IvbK7rn/4eex3wSsQPoopzGRvkN
AG6XSAxdbPf9VUlkPx3SYiqbhgbvrGDD3/8VCqoOL1IasUN3w7Aswx9rfa8zt6L/WDKVG/SykM5C+Qk=
eCO2bsJAbbgfrKWM16vYL2jhotZKJzzI8D0Nr8JAMB0YQmvJxdL/Vxjm2J+JCl+evAvCer4fXjG5mhSjebo7oMjCy0WthZompV1mzyQ3+WI=
FNAmnKwZAje7KyRgfgi4ZWjhotZKJzzI8D0Nr8JAMB0YTWvJxdL/Vxjm2J+JCl+evAvCer4fXjG5mhSjebo7o8jCy0WthZompV1mzyQ3+WI=
HTprvDX/NUVNkDTDPzX71Lq1soOfC+Kzia8nH6JGKBUB272TsjFRbTbx9uvAm3fLllCZEFGBz7zUsgMoZUwY947p3QvMFFhKFdwNHIwJBXTbv8k07B9hO+qkMTveBXgZ+VA=
I2ynMwtuJGkoLZyqCkEyaAYlujhnjOWE7bmWuUHek41oDvinmQJfhowjooLu155pSfK0G+kyuzl8aiQ9fc3a/tW1Rvc0P/l6
hG4cN7YDQ+FhLXqHh5tpL2eY23SGvlyAx/ESi/yvY02nbDvQsZOOUSkNGlPtm+arsiVj/hn+uqC8eA3HwInwzMsEPR7UMU6jidUktiT8hUaJkjT7qRK7Hz+KpF297dreFdXGF3Qf+Vo=
mcfYh3oexLfb9efCupG3lA0ZNZoQXZKAOzz7V0JI1Zh1iaDR5tunDz/A4IvbK73n/4iex3wSsQPoopzGRvkN
4HDEco7j7z7oMyFGWfA3uEIw+sV5QbnpEcppazMsPY0FO2bl92wn//bIYTApWewpkjuzFzPw3KMPa2mPA/gSX+iyBbukcsAuMvl5
s/+emdUoDYzlDEP1TvwRFks0JipVZXloUeXtu1QXFbX8vudVPaTfPBZ6b4K2twtvj/yUIEAq+cWokHJmvXmXCVMa3XQs4bUMW0h9XEz3MWMqfGETPi0IIflo
NbB5Q9Natfc5WvzhZYzUcWaG33mUvFmaxatC0LzqOBfTNnCHxp2LGn1ZHE/aye278zVn8lev9q6hEB7dx6G/nqAmeFDFO2ji1pA18zvng1iJkjT7qRK7HT2KpV297dreFdXGF3Qf+Vo=
X2NyGgxKLMxNLnnSdR2g2xn83F50QMr9rXRYS98QG/nWtLU+1m+7J0805PhgUunNqJhiHp2h58GTUm2sTFklhNvD6OStr4GrajSRSx7VGCn5YA==
WLbHbOPNawnORWpKdepgRiYc7x4Xj/aO4fCevQeBv75gRviwhRtowpZwtZP7x4N4SfK0G+kyuzR8aiU9fc3a/tW1Rvc0P/l6
ZFU/TnNgVjbqjobEpIyN0ks0JipVZXloUeXtu1QXFbX8vudVPaTfPBZ6b4K2twtvj/yUIEAq+cWokHJmvXmXCVMa3XQs4bUMW0Z7XE33MWMqfGETPi0IIflo
UsJOJAzQxFRkxSkKivQ0UyYc7x4Xj/aO4fCevQeBv75gRviwhRtowpZwtZP7x4N4SfK0G+kyuzx+aiU9fc3a/tW1Rvc0P/l6
qAyNTfcLLD1/AieEe5nBAK+oi3NV1O31ZA8M4KuXdfIrFnaUU5CusQ91n4K4AigcLY/oXi7URd8z8+OEUfakdwFm++AGjpWx9bl6Qo1xFtscK/lm
/vbBjj9cNeUblb5xp/DPhq+3iSsCnfrkVl1J6Kmea/R/WzbSGZSusQ91n4K4AigcLY/oXi7URd8z8+OEUfakdwFm++UGjpWx9bl6Qo1xFtscK/lm
IEpvw6YVRIdUu8MUZF1FRgLEkLF+BBin6Gz+dVZGOT+1Uu49oNdBdkv8q3dySOW4pclQsXZbF69vAJBryyutwM/JTqeMkiGjWGLMJjb5fQ==
Nrj47wZrnY88/ULAjd1Q8bLEdwX+735a3V3PTamHXEzxGUIfCZ3i06Q5TlsdBZ+vzxTzzZYAXbpGi3NTb8DsnLCWgXkoLAraTcXvNbMmpUjc3c0wm/AF4L1LSd/KwBkvzhFwHflU
gvyHCgZF2wpN4xgJv1mWA+acvBMLN56SxmU9kpyjzS2qBoXnwYJaVUx37Z7fTD8P7sh5QDF5xNna+3tH21BkM3fr0h77mbqPoHJNi0wS2B4q+WE=
tritU/uV/ShemfLkiK3weyYc7x4Xj/aO4fCevQeBv75gRviwhRtowpZwtZP7x4N4SfK0G+kyuzt4aiU9fc3a/tW1Rvc0P/l6
QTfFul764LKCpZLuBhDfXq+oi3NV1O31ZA8M4KuXdfIrFnaUU5CusQ91n4K4AigcLY/oXi7URd8z8+OEUfakdwFm++IFjpyw9bl6Qo1xFtscK/lm
yS0Pv79k47vt4EkvF3uKoiYc7x4Xj/aO4fCevQeBv75gRviwhRtowpZwtZP7x4N4SfK0G+kyuz99aiw8fc3a/tW1Rvc0P/l6
pBwyOI2jC+acW/STlwnNR0s0JipVZXloUeXtu1QXFbX8vudVPaTfPBZ6b4K2twtvj/yUIEAq+cWokHJmvXmXCVMa3XQs4bUMW015XET2MWMqfGETPi0IIflo
kTpFPFeWgQs127cUqGguQQLEkLF+BBin6Gz+dVZGOT+1Uu49oNdBdkv8q3dySOW4pclQsXZbF69vAJBryyuvw8/AT6eMkiGjWGLMJjb5fQ==
6VSDqJwblfNvAMgDoI8Oxw0ZNZoQXZKAOzz7V0JI1Zh6iaDR5tunDz/A4IvbK7ri/4Cfx3wSsQPoopzGRvkN
5KCCb/eEr9zvD0dmwc+aa0Iw+sV5QbnpEcppazMsPY0FO2bl92wn//bIYTAmWewpkjuzFzPw3KMPa26KA/ATX+iyBbukcsAuMvl5
H+iJZToOSGR5CLosfyMnYK+oi3NV1O31ZA8M4KuXdfIrFnaUU5CusQ91n4K4AigcLY/oXi7bRd8z8+OEUfakdwFm++EEjpyw9bl6Qo1xFtscK/lm
i7q91BS3vliko4K8VLN1ibLEdwX+735a3V3PTamHXUzxGUIfCZ3i06Q5TlsdBZ+vzxTzzZYAXbpGi3NTb8DsnLCWgXkoLArVTcXvNbMmpUjc3c0wm/ID4LRKSd/KwBkvzhFwHflU
c9dHGqFx4U19aAgYwlR+HALEkLF+BBin6Gz+dVZGOT+1Uu49oNdBdkv8q3dySOW4qslQsXZbF69vAJBryyuqwc/AT6eMkiGjWGLMJjb5fQ==
bZzzYj9O9ZIJLj4Hbd967z+Kk7lBAvfuggt2FGDJyKZng2sqMIH+Jx/KlYR1yyyIu4R0sY6NKKtJk7F4TleVy7b90bhRm5JiP59GGtIaKPlj
hS0axKRGke1YSs9yvJVBPCYc7x4Xj/aO4fCevQeBv75gRviwhRtowpZwtZP7x4N4SfK0G+kyuzh+aiw8fc3a/tW1Rvc0P/l6
MF97JP7/4bv6m4zh3VowOmXehrgIBbnynQ01GG/Jm+YhyW8qMIH+Jx/KlYR1yyyIu4R7sY6NKKtJk7F4TleVy7L+0blRm5JiP59GGtIaKPlj
pCawKCHJjFE09ua4nENu9iFyzMUp31ovRHFmfUHwgK9ECxdcysrLhHz0Q+ZWvqfW5mOjCy8YPLTQvnFBKBT68i3tP+3zfnWgfLV9yBuDswgVIhkHCphJBy45ACX5bA==
W0pCLgJIsho27xMo0W2l729ixMF7hlArAHlzela11LJaEB4BmZqHi3z0DbtL5uHS5mOjCy8YPLTQvnFBKBT68i3tP+3zfnWgfLV9yBuOtQgVIhkHCphJBy45ACX5bA==
0FCXiMi2HJ3QaFqZqFKTUQNb46QZaifbvMRtq0v2AeKmswN7r6hcZBDOUVEoBNqC7T1fXXMO1XA8hZ3YG5LVONVyufeKKKlXbskgNfl8
CY7wtUbOnCDqBQmVCr1P4xY3vKiGDf1mmVmHSugxtudXGq2knbs0iKN0E5G23eDrgSPpmCbHLUtJb3kaCWvaovfPvnr6KjD5ew==
flPeYDpHjMKZhXjwFPoUTHg/ywPDst3nr//MeFYykouUgkooe7nXFu/TtlqJfA7Z373fSmhqCPQ9h+hWPjxlt+M7o0yBngSfke57a5dmPtglcTqKXRk2Mwwj+W4=
36CEEbkTVeGdjdnxo4nEfSYc7x4Xj/aO4fCevQeBv75gRviwhRtowpZwtZP7x4N4SfK0G+kyuzp/ai48fc3a/tW1Rvc0P/l6
uUuZKr09vWDAQiT9rACwrUlkIGaYwHucnVyM79le+ELaFnDi/Im0jc7X0aTxDVM9fHERmMHcDv1hxlt9naJSRSQ3BS5X7Mc/lsiBcEnZTGmyO5NX03C8Y+9rTUijc7OfiLLl+8TyYG4S+Vk=
Q701kxNJFkJ6jq6WSpIo3SYc7x4Xj/aO4fCevQeBv75gRviwhRtowpZ/tZP7x4N4SfK0G+kyuzt+ai88fc3a/tW1Rvc0P/l6
orYaelN97lvmddTP2dTWbuRandR2Ci8GnyA5Mi9YON1JNUu94XVNBDAPSVdeMHeV57jpwYf0d0ToUcem/dF7euQpcofT4uG0gXNQCEc8AIF6pWQLxTvlqFpPyQtqZ0VshfOegvP38upmYhT5Xw==
G9vNMWNvKrvyFeAkrP0wCF445oxmVqjoXt07PX0iMoUENyXu92wn//bIYTAmWewpkjuzFzPw3KMPa2uIA/QTX+iyBbukcsAuMvl5
TWK/w+NKdIubq6D+OS8TmnMe0b5aCk59ipTqQ7IMzmm/LV/aiNpIBB2X6EYewyUHA6sj3OEuxO+x/nt+thb4aEXhuhq9qXbDLDP5fg==
1nh19D8e12QktodQ2Wz1h+dandR2Ci8GnyA5Mi9YON1JNUu94XVNBDAPSVdeMHeV57jpwYf0d0ToUcem/dF7euQpcofT4uG0gXNQCEc8AIF6pWQLxTvlqFpPyQtvZ0VthfOegvP38upmYhT5Xw==
IJt7HqoQhawHtgOCGU12WLyt5opLicJyFCB6mgMv3hlyWKVz67d5wSIeWeffjYgVTig+JAoHPOiQnccKx2sxcFv8/mWX6f9GUA5YKNUzaPrm91XL6y9DAPk6lAM5mjuMjWJJ5O2lmgbl/eZvZBf5Qg==
wa8l0hmLhQgRVqaqaM7I71tbZtVPFoKOe3noTERq1ZwBq+WfovelDz/A4IvbK7nn/4Wfx3wSsQPoopzGRvkN
3cJLS3yS9pNKOiy8CX54lGjQw+VZX6Wv3FFnW2mHgv8hyW8qMIH+Jx/KlYR1yyyIu4R0sY6NKKtJk7F4TleVy7b80b5Rm5JiP59GGtIaKPlj
rmO3axUl5f7w5YOzPADAOOYoJypVIXMaPJkKR8vy2VQJI7gIL+yI4UK1fEs9i71IUj9hiwdUTU7dAybC6+eKSu4yPPl3
aEZXm2I5g9Z7/Ae3xP7zIhQ2v/WeT6Ihi0OfDeY5sfgUEa2knbs0iKN0HJG23eDrgSPpmCbHLUtJa3keCWvaovfPvnr6KjD5ew==
jLuNMTnrsyplS1zPudw5ExxVMZURW5KdOzz7V0JI1Zh6iaDR5tunDz/A4IvbK7nj/4efx3wSsQPoopzGRvkN
IC9tTIhJfzGKTUSoYXRirhxVMZURW5KdOzz7V0JI1Zh6iaDR5tunDz/A4IvbK7vh/4efx3wSsQPoopzGRvkN
5RdKSFxPMii8bSvERlRZYRY3vr2GDf1mmVmHSugxtudXGq2knbs0iKN0HJG23eDrgSPpmCbHLUtIbXkfCWvaovfPvnr6KjD5ew==
zKv9GMnX1N5oHqRDKpcYRYnG1A1AyfF0MROACBfcsMFqhTSLdVsV6Mqv+Quew9WvtdNuAqMX4qqWwkT5Dw==
If4o8EFoNQ3x+9GrtVZP6lVV/HFKTCBvz4Awq+sryQOvSC9n7JJBYzjirOZW+R0=
d3qVybqiUEv2fbBLZTJAVKq8QfK3gQKuwwE0RA1gU2UQg7lYduc9S1+PKdBZi0oihy/OuorKQPkL
dMB/jCu0kOCrHtvxGlPbJDsWMbAbr7AOkb/ShCzLxXgcTS1gmyBhcPx6qa9KcDnfjoHQTfkE
di3wLt5MkP7pg4hD+PoMT3R0dnVa7dnteHk40JrfOj4cbId70ThgAg+Sj8ruWlBd8Lx6SRlPublfAAuRJKEFGJwt7UCbACGQfJrpT0pQeX8OIRAt+WQ=
7gy8d8hHbmAZLTWZCVxco+XH5OLn6pdnXGfA76xiakGWxLTKY9mx1txo1yT7GD4knIe4er4LWYHl86dWX2MU/+ki9MvJIrsuXbpk7N1dWm51ZQYnFC/5ag==
3p8zLNLW2473P2HAkHI0IDK9mhWguSkKJp6khCpqJSK43J949y0GYafuu4MRDU9mzabsZFfAJLngxxCDc7lEfObDWdjWpx1LP09JUPnLaiJnb246Kgog+Ws=
5+vj0jHPolrcKVd4rcJ/cLaXqA9WLIiOj3JymN2wxXnsQc36iYsTCUV258LOTCUU7vkqE2Ir0d3u7GxH21BkM3fr1Rv7mLuPoHJNi0wS2B4q+WE=
